# Penalty:  50230.93946380867
117
86 5
47 75
55 10
54 51
13 22
35 40
28 70
7 79
91 58
66 93
88 83
75 2
7 20
41 35
32 67
60 5
68 43
92 44
0 16
4 43
16 95
47 94
76 58
56 26
28 6
9 63
89 20
19 48
71 29
62 90
96 35
25 25
71 64
43 90
81 97
93 19
7 86
38 43
70 80
62 96
82 0
46 20
28 76
78 27
97 47
20 29
22 55
38 25
46 9
63 33
12 14
34 72
48 42
12 53
86 50
16 87
66 85
17 72
81 58
18 61
55 85
96 99
98 0
95 78
52 60
27 1
32 92
1 98
3 5
54 66
93 76
2 69
0 35
2 50
98 15
25 91
79 4
96 92
52 68
70 58
20 37
37 58
62 22
81 35
91 65
8 96
33 9
99 29
78 82
75 65
77 11
56 35
23 38
33 55
10 71
78 42
72 97
31 17
76 67
53 15
37 88
37 70
8 33
39 50
58 64
22 13
87 27
68 20
55 91
53 31
69 38
22 70
28 55
35 36
85 67
39 76
22 79
