# Penalty: 36115.257170140896
109
0 51
81 48
71 47
28 76
56 37
78 34
46 66
5 37
96 88
44 84
41 42
7 37
20 31
39 99
46 13
6 4
35 19
99 22
36 48
63 20
46 98
57 43
87 41
26 0
13 30
96 46
26 91
19 52
66 48
60 71
14 83
30 91
22 62
94 2
37 78
52 5
57 1
73 55
50 44
96 41
77 9
32 41
11 52
52 53
4 13
38 54
79 0
1 62
59 86
36 56
12 1
91 1
71 32
84 26
84 90
85 67
4 88
34 34
16 62
71 62
8 97
57 26
3 55
94 63
26 38
61 5
3 18
19 17
46 10
26 22
94 56
89 23
80 20
88 9
98 74
50 89
35 70
66 24
43 31
84 69
66 42
13 45
61 64
72 94
61 9
28 6
70 76
56 86
42 69
19 76
33 75
71 4
17 97
21 3
21 67
53 10
57 53
5 79
32 8
74 23
65 93
13 77
53 67
49 30
35 40
34 81
88 61
13 15
13 24
