# Penalty: 123892.75316178447
196
44 91
93 50
71 29
16 93
37 6
99 63
20 93
11 14
6 48
12 98
61 27
51 89
27 34
41 33
46 84
51 98
41 42
99 29
6 20
99 93
13 35
79 90
44 47
33 47
99 47
79 44
57 41
5 12
48 47
93 79
20 40
49 55
37 99
26 7
40 6
12 54
13 19
99 22
14 51
13 83
41 99
55 61
96 99
70 4
63 20
85 50
53 91
5 69
84 36
5 78
83 89
20 51
80 35
64 48
94 98
72 61
64 57
79 21
72 15
30 98
35 94
22 5
63 77
27 56
34 71
91 4
30 61
71 44
28 73
19 70
58 19
41 12
6 54
6 63
16 65
78 58
36 61
99 44
68 93
12 79
4 84
59 84
49 61
78 51
44 83
93 42
54 5
99 37
64 15
56 11
66 98
63 81
20 21
14 69
49 45
15 43
57 58
98 4
29 51
47 29
98 13
43 77
78 99
72 58
34 41
82 5
85 40
84 17
92 64
77 75
78 83
50 12
93 19
35 11
19 79
99 78
48 69
30 42
73 77
86 71
91 67
68 99
40 28
61 5
27 21
41 20
99 71
70 35
47 33
98 81
19 26
5 27
83 29
63 60
30 90
68 19
86 64
12 5
75 61
58 75
75 6
42 58
99 55
69 84
93 14
79 15
70 46
5 93
19 37
21 56
82 20
21 65
77 72
33 57
89 34
42 69
28 79
83 79
33 75
93 89
40 62
5 40
75 29
65 91
48 75
63 73
49 19
35 20
72 69
21 12
86 86
82 98
54 27
22 86
36 85
56 33
28 81
14 27
28 26
5 33
19 96
7 6
33 34
93 57
58 72
51 5
63 41
82 54
93 84
56 99
54 47
94 28
5 99
61 34
26 12
33 27
