# Penalty: 35551.96972051356
103
47 62
88 54
70 82
96 88
97 65
72 75
10 54
2 50
20 31
48 47
53 98
68 68
60 85
50 29
27 45
11 37
16 88
64 27
56 23
12 29
21 41
49 57
4 34
30 98
87 77
99 42
82 35
16 99
54 83
26 2
59 91
81 93
50 26
78 42
96 96
35 89
82 85
2 95
50 1
94 13
79 27
92 46
64 8
42 42
3 7
33 60
50 76
70 24
98 6
33 5
43 70
56 43
25 74
88 32
68 90
74 51
83 63
58 9
80 18
61 69
19 72
63 51
98 81
68 10
72 19
86 18
77 79
97 27
75 61
91 35
77 45
29 69
40 78
26 24
26 88
78 71
58 13
4 76
42 60
28 6
33 75
11 72
73 1
63 18
68 32
98 33
94 60
7 86
17 8
65 57
9 4
37 20
64 37
22 86
9 13
79 65
46 80
32 26
49 94
35 40
61 77
56 99
70 46
