# Penalty: 40308.81383590451
116
70 55
71 20
6 91
81 94
45 74
72 36
98 55
7 99
34 83
9 63
20 93
17 21
23 34
97 47
69 40
81 78
44 38
7 19
99 38
81 32
2 96
89 79
53 34
75 65
9 74
85 75
17 87
24 65
26 7
98 23
35 92
47 57
76 10
20 42
78 29
84 54
75 85
50 95
16 17
56 62
10 40
83 0
62 32
83 64
21 89
65 67
87 98
78 49
18 7
96 94
31 1
27 49
33 99
83 48
38 25
38 34
59 84
43 11
28 96
64 61
45 2
8 56
3 5
52 53
66 52
96 7
47 47
27 44
44 94
94 43
4 70
33 51
16 53
65 12
99 78
10 21
17 45
95 28
96 66
24 59
25 3
85 17
79 68
54 2
2 28
91 60
31 18
61 7
75 70
42 67
52 77
51 17
2 85
57 30
26 79
35 27
81 24
86 84
72 94
33 66
17 79
65 18
62 22
61 66
45 79
9 4
63 39
37 20
49 12
51 48
16 27
67 84
1 56
37 77
92 22
60 81
