# Penalty: 34950.31663415966
107
42 2
1 49
40 41
2 2
3 86
78 34
32 12
68 11
9 90
96 88
16 13
70 48
7 74
89 70
35 99
39 26
27 70
73 37
14 33
19 41
20 24
92 19
56 32
23 84
23 38
64 48
13 76
7 5
30 98
82 99
14 10
87 43
0 32
8 54
78 88
92 87
44 74
33 83
50 99
34 48
10 90
2 22
22 0
11 98
3 60
66 98
24 0
18 48
10 10
45 41
26 70
88 76
73 11
17 52
71 87
32 34
77 66
25 99
57 42
61 3
96 55
98 70
1 18
17 91
21 70
23 21
66 56
97 64
4 46
53 15
52 77
93 78
80 93
63 62
65 25
34 56
73 72
51 35
58 59
80 59
86 20
72 94
98 3
0 8
76 73
85 85
63 0
22 56
80 52
63 18
87 12
72 32
42 62
74 78
60 24
82 61
49 12
38 21
16 18
91 5
53 85
47 32
91 41
14 38
28 37
7 63
21 62
