# Penalty: 38958.63287797901
113
90 97
16 93
79 42
5 1
46 48
50 91
13 17
98 85
34 3
28 60
53 98
56 30
37 81
46 4
78 36
41 26
84 6
64 64
99 95
20 79
25 45
93 8
19 4
76 56
34 96
68 61
25 29
55 8
33 42
2 91
96 46
25 38
8 43
34 25
46 54
94 2
8 63
11 59
95 40
0 68
18 46
25 6
49 70
10 90
17 50
71 30
38 91
4 77
6 49
79 0
98 77
76 19
31 60
83 52
23 65
3 7
94 61
61 3
94 70
45 34
44 78
98 54
61 69
69 82
60 79
19 72
10 69
73 70
54 66
40 12
45 63
65 41
15 86
64 88
74 10
17 31
91 44
21 56
84 23
86 29
53 35
30 67
88 2
19 12
88 66
33 11
88 11
33 75
46 69
9 29
67 55
97 13
68 96
61 48
62 22
70 5
42 53
54 45
31 52
68 16
0 83
35 31
62 24
67 20
78 84
70 89
92 22
83 83
28 92
9 24
3 47
49 14
69 47
