# Penalty: 32972.818246138304
101
7 99
93 13
3 31
23 98
0 23
31 56
51 34
49 16
16 95
57 41
2 50
85 20
69 51
99 86
98 32
53 27
9 21
78 38
69 35
7 51
57 70
4 43
64 57
26 82
87 77
22 5
99 51
2 45
83 9
43 64
41 76
38 4
98 27
33 35
99 35
38 25
64 86
32 48
85 63
40 95
78 33
15 4
73 55
18 64
64 15
94 59
94 4
85 1
52 7
79 55
1 71
87 56
16 14
59 49
77 66
75 48
59 6
23 19
70 15
33 69
44 23
54 55
45 61
86 71
23 67
86 16
52 48
38 40
89 76
84 37
5 27
19 90
82 18
61 80
30 19
93 32
40 60
10 89
26 24
67 7
12 80
70 76
17 70
50 82
9 11
22 38
39 54
94 42
68 23
72 69
81 90
72 41
89 91
17 35
75 86
46 80
53 67
28 10
47 96
21 53
32 83
