# Penalty: 36390.94711122251
110
44 36
82 29
54 77
53 23
27 68
83 67
56 28
56 92
60 83
7 74
91 55
85 48
81 96
20 31
62 46
97 31
82 58
26 53
48 1
22 46
50 38
75 37
95 70
52 99
44 40
35 37
37 1
5 60
71 97
34 87
34 96
41 83
25 20
16 17
24 85
35 30
99 42
29 38
44 8
40 56
23 6
52 5
18 0
82 3
17 50
3 5
68 49
13 46
12 26
7 39
49 54
78 90
26 61
15 70
73 2
67 19
3 25
1 55
52 73
34 52
2 90
84 37
33 7
27 30
10 78
65 23
63 5
77 52
68 83
39 22
0 40
26 86
72 19
14 75
59 10
86 91
98 56
47 81
88 9
35 70
93 87
63 53
10 89
7 20
86 20
58 68
16 32
89 80
70 76
89 34
9 11
46 60
30 21
68 5
3 34
5 95
82 13
29 71
83 51
12 64
72 23
35 47
39 93
72 41
95 9
74 62
74 80
0 76
58 38
49 69
