# Penalty: 42223.52029753685
115
35 88
59 0
7 81
0 51
10 61
42 11
64 41
92 24
39 51
83 30
15 69
14 49
29 68
87 64
1 97
0 44
97 31
37 26
4 23
23 91
23 45
83 96
50 93
25 82
46 34
39 83
7 30
29 27
66 46
5 23
80 90
78 38
83 98
7 5
50 40
79 76
96 46
48 24
90 39
55 29
96 12
3 37
61 51
62 16
8 45
56 9
88 44
45 57
22 0
91 54
73 82
3 60
10 65
24 64
78 99
18 66
53 63
45 4
20 14
60 59
16 44
52 18
18 59
68 17
37 48
0 29
10 39
30 51
75 4
23 30
47 79
73 43
96 75
73 52
36 97
75 34
86 18
3 11
89 78
97 91
28 13
52 77
82 11
58 41
54 4
66 88
31 11
55 23
61 73
89 89
17 15
19 85
49 10
32 33
49 83
21 21
62 22
70 69
70 23
28 72
59 87
82 70
0 83
76 29
96 38
68 98
70 62
67 84
82 54
76 13
46 64
9 24
69 93
28 37
94 46
