# Penalty: 36217.773095979974
108
10 52
20 38
31 56
52 33
13 35
81 87
44 47
2 96
37 8
53 89
2 50
8 66
92 17
24 65
13 10
47 48
88 86
93 45
37 1
16 97
71 97
92 10
76 56
49 39
20 33
69 17
78 29
96 92
35 85
87 68
10 95
11 39
99 42
76 49
99 51
62 32
92 76
43 64
87 98
4 36
50 97
45 0
99 35
42 56
66 50
55 95
73 64
28 50
25 97
34 32
42 24
75 39
17 52
31 14
85 49
58 62
78 19
14 25
43 79
1 18
0 29
68 81
45 70
67 3
6 81
77 13
3 9
6 44
8 72
19 72
82 64
54 11
87 72
95 85
75 70
28 13
2 67
46 12
58 50
61 55
31 84
26 33
59 67
70 12
28 70
61 82
64 99
82 4
74 21
49 65
15 81
61 11
24 56
47 39
93 36
66 83
57 25
81 83
7 24
95 27
17 10
31 91
56 90
28 19
92 22
56 99
54 47
74 89
