# Penalty: 34055.83089241536
107
25 23
90 42
33 54
47 16
20 29
19 9
56 28
53 96
60 99
15 78
36 55
53 80
76 45
2 50
14 33
92 99
98 78
99 22
62 76
8 50
2 98
49 48
34 96
57 61
92 83
48 58
37 92
66 18
50 86
16 63
97 60
96 37
93 56
66 48
2 54
20 99
50 15
43 64
15 2
90 5
8 91
17 39
5 64
10 8
81 68
76 26
11 98
94 59
24 0
69 32
98 13
98 86
77 20
94 15
61 67
87 31
16 44
69 80
67 92
59 42
66 38
89 12
29 92
94 8
61 14
33 62
98 17
5 27
82 73
3 11
33 46
75 6
23 87
44 73
33 18
63 53
47 44
67 62
12 71
70 3
67 71
84 87
80 13
58 13
89 89
79 54
78 98
63 46
49 1
82 68
74 94
40 71
68 87
52 36
7 77
70 5
28 72
42 16
3 36
30 32
49 30
80 63
79 31
37 86
84 48
40 2
41 31
