# Penalty: 35786.55924171807
105
89 68
21 80
45 65
56 10
35 42
87 25
37 70
39 97
34 28
20 38
46 20
4 48
79 26
13 90
4 2
30 48
44 47
56 76
53 34
28 14
28 87
46 13
50 38
7 76
16 24
16 97
62 39
49 48
78 93
95 8
44 88
99 33
31 17
20 26
71 44
57 54
43 0
20 99
77 41
6 54
18 62
79 78
16 74
94 48
71 28
74 54
85 54
66 50
37 14
23 79
18 0
18 9
91 45
64 6
49 27
77 9
56 75
55 24
33 3
26 61
22 48
43 61
87 31
42 81
50 94
99 23
73 77
98 63
8 72
98 72
34 36
1 11
79 68
5 27
12 14
86 91
59 83
64 97
85 10
63 44
79 70
65 25
21 65
81 24
67 16
13 45
61 18
65 64
9 11
65 82
5 95
15 8
7 86
12 82
70 14
83 17
51 12
65 75
93 91
74 87
61 68
56 99
47 96
32 10
60 90
