# Penalty: 39995.3641595308
83
55 57
68 91
5 10
20 38
17 94
14 40
27 34
35 81
79 81
35 99
30 48
2 96
48 93
53 98
29 43
51 73
65 72
41 72
9 92
13 74
96 99
2 25
2 89
71 97
63 93
23 29
48 58
23 93
32 71
8 25
8 98
56 71
28 64
62 96
38 96
2 54
67 86
77 96
35 87
19 45
30 63
21 82
38 43
5 18
78 97
13 16
55 97
19 77
19 22
2 79
8 49
3 62
77 75
35 48
10 67
57 81
37 57
17 54
13 32
33 62
10 60
24 68
50 87
32 29
32 93
5 20
27 87
74 83
29 78
59 67
46 78
5 40
53 83
19 60
61 75
19 87
10 84
48 68
13 77
44 52
37 77
83 83
5 44
