# Penalty: 36882.476365372604
112
90 24
76 43
71 38
7 99
48 45
54 40
14 86
91 34
0 78
61 27
41 97
32 39
95 77
35 35
90 44
2 41
62 92
3 33
32 69
41 81
99 22
32 96
62 30
11 46
83 7
0 55
56 32
15 9
24 76
71 81
62 87
22 23
99 60
92 85
15 2
1 67
87 52
18 62
78 58
31 1
59 54
76 33
24 53
35 62
73 64
64 6
47 54
73 18
94 50
59 13
84 97
6 49
73 48
89 10
83 61
75 57
98 61
24 2
59 97
34 43
98 88
71 71
2 26
11 38
12 67
31 80
80 73
33 7
41 75
70 99
10 78
65 78
45 63
99 98
54 11
75 98
61 53
70 1
10 53
33 64
47 26
80 93
18 54
17 31
17 40
40 5
97 11
12 16
43 49
84 87
80 22
46 78
32 24
49 19
24 84
86 77
26 99
70 23
28 17
47 94
51 76
46 71
40 0
7 6
86 70
7 24
26 37
56 90
65 68
93 29
17 92
40 57
