# Penalty: 40256.26438809407
110
49 87
53 69
30 0
17 67
56 83
17 12
83 67
56 37
82 56
92 88
78 34
13 72
96 33
70 48
43 94
99 38
96 60
86 31
34 94
97 95
60 76
4 87
37 35
8 96
41 44
54 8
48 95
71 42
54 90
20 88
94 71
85 77
14 35
41 37
62 69
27 47
39 76
30 61
50 79
44 8
83 91
18 53
61 88
15 2
6 63
75 87
24 14
27 95
59 45
99 81
20 28
92 23
69 85
78 97
99 74
99 19
45 48
10 26
45 2
38 27
66 43
30 56
77 18
87 47
47 93
61 37
25 81
86 5
62 20
36 65
11 45
29 90
77 20
96 55
59 15
91 40
31 80
94 8
13 50
47 24
79 59
33 80
45 54
51 33
45 63
77 61
84 21
61 53
69 20
68 3
33 18
31 75
13 63
93 80
11 8
73 56
86 13
7 77
7 22
58 70
0 56
74 78
83 99
68 34
64 67
67 75
27 66
46 73
68 73
27 41
