# Penalty: 39757.58663476444
115
16 29
7 99
83 67
46 48
83 12
63 98
20 38
14 86
19 82
32 12
9 26
41 24
80 40
13 72
71 86
37 81
2 68
83 87
40 6
95 79
47 2
2 34
16 88
20 15
19 59
48 58
26 64
12 56
43 34
27 47
19 43
62 23
93 56
62 87
71 44
74 15
61 79
59 27
16 1
11 96
57 93
57 47
23 24
78 24
27 79
90 7
99 74
1 14
36 36
99 46
29 33
78 17
78 26
87 93
79 9
87 56
25 72
31 5
85 40
3 53
17 52
23 1
97 14
55 81
72 97
64 29
43 79
87 49
64 65
36 58
39 20
80 55
63 51
54 66
6 19
95 30
60 8
42 58
41 77
79 61
73 54
90 70
92 98
77 72
56 22
99 57
28 70
47 37
49 65
17 42
58 61
95 25
26 99
5 79
47 94
74 78
46 7
88 77
51 21
68 71
63 2
0 83
57 16
3 45
5 42
65 93
12 66
49 30
35 95
53 85
89 84
31 91
37 22
69 38
61 43
