# Penalty: 40070.97068472801
113
13 88
4 64
39 33
7 99
81 48
17 12
5 74
46 57
23 98
67 98
69 40
96 24
39 81
24 44
37 8
30 66
99 65
32 60
4 32
29 61
46 77
50 93
38 73
67 54
13 28
24 37
20 15
2 98
62 30
63 84
16 42
30 4
97 42
35 67
71 72
1 28
0 94
14 1
74 61
38 41
17 73
36 52
81 29
29 22
34 18
80 12
82 46
59 20
1 60
44 10
87 45
15 59
36 36
44 19
73 64
64 61
25 79
65 44
94 59
9 55
52 7
59 86
15 6
18 57
18 66
73 84
52 64
93 19
8 24
68 17
67 3
86 71
94 8
20 89
3 18
78 94
36 88
55 46
59 99
65 78
73 6
39 77
61 53
89 23
28 13
98 74
63 7
80 77
52 70
22 29
83 15
45 95
74 21
79 29
86 77
12 73
86 86
26 99
53 83
61 75
55 34
92 47
35 22
49 21
51 48
7 15
18 24
0 3
91 87
3 84
68 9
6 9
96 31
