# Penalty: 37827.005266149514
110
58 56
13 88
45 10
71 29
81 39
34 28
32 76
67 43
31 56
46 84
42 32
62 10
53 16
44 47
90 99
16 95
2 41
62 28
56 30
34 94
37 99
79 10
98 41
62 85
16 42
2 52
56 32
23 93
37 92
5 32
55 8
22 5
48 24
37 3
20 26
43 64
20 44
96 12
53 41
58 92
1 67
18 7
96 94
76 24
65 33
36 61
2 93
11 41
74 45
48 90
85 54
30 63
2 56
10 8
95 67
59 47
25 42
54 23
92 7
4 22
78 90
79 0
45 41
0 18
45 50
0 82
10 28
58 62
43 70
24 11
40 10
12 3
80 64
75 4
42 1
65 5
27 85
59 99
68 19
85 35
37 50
38 24
3 75
61 71
80 84
17 77
0 6
79 70
74 19
82 20
76 98
95 14
24 27
40 78
95 78
86 84
12 80
89 80
73 38
89 34
19 12
46 78
59 14
88 59
46 62
70 53
51 48
81 92
47 5
9 70
