# Penalty: 40627.29751938881
111
86 72
19 46
56 92
14 31
9 81
97 47
11 23
44 20
49 89
27 52
71 86
7 37
76 54
54 33
34 94
4 23
4 87
84 6
88 22
62 30
71 97
0 0
6 52
40 63
4 43
60 41
79 85
20 90
20 35
3 37
92 94
55 47
46 29
51 6
49 43
85 8
97 92
57 56
64 43
34 39
18 64
44 37
82 39
29 33
11 61
35 55
14 96
78 99
65 10
15 6
87 1
25 17
1 80
76 28
17 52
37 0
31 14
89 10
59 15
98 61
84 53
24 11
78 46
30 24
87 58
56 70
83 63
61 60
3 73
87 88
38 6
29 3
76 32
40 12
77 61
91 60
3 57
80 75
70 74
31 57
26 15
26 88
70 3
80 68
89 80
80 22
33 66
46 60
74 21
49 74
35 20
81 26
95 25
33 41
10 57
78 91
65 2
17 17
9 13
40 46
42 80
71 6
60 88
32 90
49 21
68 34
59 53
18 24
28 74
93 75
28 92
