# Penalty: 37298.09275979136
112
16 29
76 43
83 67
83 85
97 47
51 25
23 43
13 72
24 17
66 32
7 65
99 29
90 99
34 12
2 50
5 76
74 20
37 35
23 36
1 90
16 88
62 85
28 80
69 81
56 96
3 35
70 34
22 60
99 51
28 9
76 67
0 66
37 94
15 2
26 66
44 90
36 52
91 52
33 99
83 75
23 88
40 58
1 14
95 67
99 83
73 64
18 9
37 44
27 51
22 73
85 56
32 4
98 4
24 0
16 51
12 99
98 68
98 13
10 37
86 5
92 73
61 12
87 40
54 55
8 33
77 50
73 13
51 40
6 17
37 66
20 25
86 89
80 18
60 70
87 33
80 27
34 27
63 51
79 13
54 11
75 98
44 0
63 53
46 67
29 23
89 16
93 7
1 52
42 14
0 17
10 82
65 18
21 58
38 19
67 55
78 9
61 2
58 70
37 20
47 94
51 76
60 24
49 58
19 96
40 73
61 41
36 78
56 26
28 74
19 80
2 82
51 41
