# Penalty: 40465.79861896264
113
1 86
70 55
81 30
16 93
72 36
62 90
35 51
7 99
34 83
28 12
82 47
2 57
32 67
74 27
9 26
41 88
99 38
22 10
53 34
34 30
56 94
97 49
97 58
27 36
82 15
25 27
54 72
5 60
91 75
12 20
49 48
51 20
79 67
64 57
13 85
90 94
91 4
84 93
51 13
83 91
58 37
21 52
19 36
36 61
15 50
98 2
88 83
59 47
33 37
99 92
75 46
37 16
15 98
98 68
15 6
18 66
63 1
73 11
18 75
45 4
91 65
61 3
54 55
95 28
12 76
4 72
92 20
44 62
82 9
68 19
12 60
40 76
70 1
50 80
35 61
96 13
68 12
76 89
25 87
77 63
2 94
26 79
67 62
40 23
23 71
81 33
69 77
89 34
56 86
18 47
33 75
5 40
29 7
21 58
77 74
97 22
93 64
72 41
61 75
9 4
47 39
32 90
35 22
7 79
24 95
95 27
0 49
28 65
55 27
67 84
14 29
0 76
77 42
