# Penalty: 39271.07616272759
83
72 73
7 26
78 77
54 77
23 25
28 85
7 74
15 32
47 64
61 63
16 40
2 50
14 79
6 41
9 74
3 88
9 19
22 46
9 83
37 99
96 99
55 61
56 69
44 49
28 62
20 33
31 42
20 42
67 93
4 98
0 30
19 98
88 97
50 79
83 91
52 94
36 43
48 90
38 89
80 85
1 60
6 56
59 93
31 67
11 98
37 62
29 33
23 90
49 54
10 65
15 70
31 69
22 75
3 18
33 53
15 56
24 68
66 86
57 83
17 47
12 60
3 11
41 68
1 4
44 73
65 71
42 94
12 16
10 46
19 85
68 78
40 80
13 93
26 99
36 76
91 94
11 92
51 69
14 29
74 89
60 99
74 98
32 92
