# Penalty: 34282.27786573946
104
44 36
90 42
18 90
53 96
42 75
31 38
39 51
75 72
92 88
6 48
32 85
43 85
71 86
74 48
47 9
17 14
75 65
92 26
50 20
37 99
50 38
55 52
35 28
63 29
66 9
67 93
58 35
99 88
2 27
25 38
5 53
37 67
30 6
85 61
69 19
68 72
96 85
17 57
71 92
64 86
52 5
78 33
4 93
15 4
6 1
60 2
80 14
66 61
87 56
99 21
35 82
45 50
70 49
3 62
17 61
80 62
60 59
23 74
29 99
61 67
87 31
94 79
80 80
98 6
30 24
57 81
45 6
57 90
67 3
46 44
47 79
79 68
31 0
11 40
53 15
33 64
45 93
63 44
82 11
65 25
26 15
86 75
36 19
88 2
1 6
64 53
2 78
45 58
15 72
66 35
61 75
13 22
49 30
7 88
73 33
37 13
46 64
9 79
83 28
14 93
89 41
95 57
44 27
13 24
