# Penalty: 39412.765821472334
114
53 69
10 98
59 9
98 55
53 96
31 93
56 92
21 55
14 49
97 65
60 46
21 9
49 89
98 48
34 94
78 36
92 35
97 58
52 44
42 43
16 88
0 37
99 40
2 98
53 27
93 72
85 13
48 58
55 36
42 18
81 64
98 80
33 24
61 49
87 13
87 77
71 26
2 91
66 48
62 96
20 35
98 0
92 94
76 24
73 7
71 92
84 49
78 97
6 1
79 71
44 83
91 54
25 97
22 73
76 53
66 52
5 84
35 64
53 72
63 19
52 55
75 2
66 63
50 30
47 40
36 49
34 61
67 3
3 64
37 75
21 24
40 37
26 38
27 76
33 7
75 77
8 17
46 1
73 61
33 89
73 70
28 47
17 56
80 57
13 52
44 73
19 19
93 32
17 95
49 17
35 27
14 4
67 71
72 85
12 80
58 77
34 31
47 37
60 31
95 25
93 0
56 15
45 15
72 96
0 1
40 0
21 78
0 58
88 70
31 45
14 38
0 21
13 15
35 79
