# Penalty: 40594.41131841666
113
12 68
47 62
56 74
81 39
93 13
31 93
88 8
42 75
14 49
49 16
16 13
41 97
43 94
55 59
79 90
7 28
62 28
16 40
19 66
37 17
92 81
14 97
77 46
16 70
25 18
16 33
55 15
91 66
40 27
36 75
56 87
65 1
60 23
20 51
9 85
96 37
8 34
36 50
54 10
27 56
62 23
99 42
38 32
57 45
38 41
59 91
66 84
76 24
90 23
99 26
52 39
38 89
11 4
68 65
10 8
98 75
1 14
99 19
54 51
91 45
96 96
70 56
0 89
77 64
71 39
85 65
55 24
23 35
79 0
13 82
31 14
11 54
72 97
69 80
87 95
25 1
24 11
40 65
84 74
41 57
84 46
55 37
85 81
69 48
50 53
33 64
46 12
92 52
26 88
3 68
89 16
61 73
78 98
28 79
10 18
49 1
27 98
2 78
63 9
63 18
26 26
6 23
81 90
95 89
70 23
47 30
42 80
46 71
66 37
45 90
23 32
75 15
68 9
