# Penalty: 44217.6347416612
115
7 72
76 43
83 3
19 64
46 48
40 50
4 30
83 30
86 56
59 39
60 46
38 46
86 95
37 99
55 43
90 83
71 79
44 40
64 73
34 78
56 96
43 62
4 25
87 41
83 89
64 2
42 36
16 17
30 98
7 78
44 97
27 56
37 67
71 99
29 93
20 35
21 98
92 94
59 91
70 36
81 66
8 27
48 81
25 40
30 54
78 24
32 11
97 46
77 9
14 14
4 13
61 19
50 83
27 26
6 58
71 60
30 86
54 53
40 8
38 84
21 86
18 32
50 76
6 51
93 19
21 49
26 63
65 85
73 68
40 65
89 67
84 37
24 4
0 4
93 76
68 74
3 66
59 1
90 52
39 43
47 26
61 25
54 59
51 35
26 79
10 0
89 34
34 40
79 72
76 82
75 29
46 78
26 72
12 55
12 64
95 80
86 77
97 86
36 12
19 5
47 21
9 4
46 7
74 87
32 26
52 93
77 58
21 69
56 8
7 88
59 71
37 22
9 15
19 80
69 93
