# Penalty: 39507.33477957746
116
90 88
35 33
74 34
34 19
59 18
53 32
57 84
43 94
99 38
2 32
34 67
44 47
65 45
79 44
45 76
28 5
20 86
29 34
34 85
37 81
32 60
28 23
54 42
9 19
67 36
9 28
23 45
99 22
16 15
99 86
99 31
93 45
2 98
71 97
39 37
75 67
46 70
47 41
71 8
96 46
83 55
82 35
45 16
76 58
68 54
4 82
4 36
1 67
1 76
91 52
10 97
17 48
99 99
68 38
17 66
11 4
66 68
62 82
3 5
39 89
10 65
33 76
59 49
76 83
12 1
91 1
31 14
61 3
75 2
94 15
24 11
87 58
64 1
48 78
92 66
89 21
99 71
82 64
37 96
62 61
66 22
82 18
53 15
47 8
33 0
15 58
25 60
67 96
40 5
3 50
43 31
51 99
3 68
12 80
70 76
82 41
85 3
80 86
30 76
31 41
88 11
40 53
65 82
40 62
40 25
53 74
53 28
60 88
86 79
95 91
7 33
53 94
46 55
74 16
54 56
26 67
