# Penalty: 36865.302292233755
105
26 85
56 74
81 39
7 35
8 64
37 79
95 50
13 72
12 52
49 71
79 90
70 11
2 41
62 37
68 50
97 31
49 0
32 14
27 54
16 42
30 4
92 10
69 26
21 41
83 25
96 19
96 83
34 53
90 30
13 94
8 43
56 7
71 35
85 61
40 38
41 3
55 29
87 98
25 13
59 45
96 39
60 64
78 79
10 8
42 86
64 6
22 73
94 59
22 18
32 50
98 4
79 0
43 13
87 1
22 48
81 15
85 33
12 58
46 90
22 68
31 80
3 73
64 95
78 39
1 20
73 70
75 43
66 40
53 15
94 65
42 67
24 6
0 6
39 52
17 86
74 19
51 26
14 4
89 89
60 31
65 91
63 73
58 52
77 65
53 83
72 96
39 93
46 62
60 88
38 67
78 48
13 22
52 38
51 48
33 98
88 52
20 27
37 22
23 32
47 96
9 79
28 28
17 37
44 27
86 8
