# Penalty: 41692.52737369428
118
44 91
61 52
90 42
56 83
71 47
30 82
97 47
38 62
60 37
86 56
44 84
72 66
75 99
6 11
54 6
53 71
87 18
2 96
8 66
68 50
83 87
86 49
33 22
99 95
13 37
74 41
18 94
7 94
34 78
2 52
97 88
47 84
15 46
69 90
18 51
50 86
4 52
27 1
84 38
59 27
4 45
41 94
18 7
87 70
16 83
90 96
12 6
94 57
5 73
77 34
4 29
18 0
27 33
25 79
32 41
3 5
38 54
98 68
24 64
87 1
1 80
16 78
0 91
75 2
38 47
80 80
84 99
43 70
54 55
40 65
57 99
58 64
78 12
61 5
54 11
33 46
41 4
59 74
33 0
17 22
45 38
10 80
46 12
45 56
73 72
66 88
40 14
35 27
3 59
49 26
31 84
77 17
47 19
88 11
32 15
26 8
80 52
67 0
52 45
68 96
95 25
26 99
87 85
18 40
76 66
74 32
40 9
51 39
72 16
21 14
26 28
86 79
96 74
48 52
3 38
50 98
51 41
32 92
