# Penalty: 37158.5917742165
107
4 9
71 29
67 77
81 39
74 55
37 70
56 83
20 93
56 37
19 18
9 81
96 24
27 43
99 38
88 38
55 68
41 51
16 40
29 34
41 81
70 50
71 79
99 95
11 37
82 88
2 52
31 51
96 28
64 57
71 17
81 82
44 97
82 90
70 70
71 35
47 68
46 45
55 56
62 71
25 86
27 49
73 25
52 5
59 20
99 74
65 99
60 57
94 59
6 95
10 1
24 64
25 8
33 21
96 89
78 53
30 95
36 56
3 62
33 5
6 51
10 76
87 58
40 65
31 71
53 31
10 60
24 4
17 56
86 73
50 53
30 65
33 9
90 15
57 12
51 90
40 5
84 5
60 38
94 49
77 8
95 78
52 70
98 3
45 95
82 68
38 65
86 13
67 64
40 25
58 6
81 90
56 88
46 53
28 81
74 87
74 32
78 48
94 99
60 97
51 39
87 23
56 26
9 15
65 13
19 25
41 22
61 43
