# Penalty: 33669.52320516477
104
25 23
67 77
91 71
68 48
83 76
77 90
77 35
92 88
23 98
61 91
90 81
99 93
25 89
81 32
34 21
9 1
60 21
73 3
99 22
6 77
55 61
99 40
2 34
30 50
44 49
48 31
7 51
92 37
6 61
4 43
86 60
55 54
64 2
47 4
34 89
83 18
1 67
23 49
16 65
18 7
17 57
71 92
4 11
28 75
43 57
84 49
3 5
49 45
38 54
50 19
41 16
98 68
79 0
24 64
64 36
17 34
73 66
83 34
48 76
40 8
3 53
2 97
29 81
66 63
64 29
33 60
98 6
23 37
81 54
59 33
45 98
10 21
76 21
73 13
11 29
67 21
38 49
33 7
54 39
98 81
11 86
94 47
70 65
58 75
59 83
93 23
36 35
32 40
52 70
33 75
69 52
12 82
39 93
27 18
85 23
60 97
16 82
42 73
83 83
74 80
91 96
54 47
13 15
41 31
