# Penalty: 41243.503937940906
115
90 97
59 9
53 23
39 24
64 87
62 35
0 51
12 89
83 30
0 78
41 42
25 34
36 64
92 72
20 40
67 27
60 94
94 96
96 81
25 18
11 37
2 34
16 33
30 59
30 4
75 76
77 48
4 43
25 75
96 46
27 1
93 1
0 48
83 73
89 86
40 56
68 72
50 97
2 29
56 18
94 2
40 86
66 50
48 44
29 95
76 60
59 84
35 7
1 5
1 14
54 51
48 74
45 2
31 67
17 50
20 76
66 43
22 18
3 69
61 1
10 1
10 65
79 0
34 50
73 11
45 59
86 5
89 10
50 67
80 80
64 29
84 44
17 91
99 32
56 61
30 51
11 47
78 30
93 12
34 45
62 70
54 11
52 4
36 17
61 80
42 21
93 32
91 53
86 66
81 24
59 3
70 67
70 12
98 58
42 14
9 11
28 24
74 85
86 50
38 10
40 80
26 90
81 90
49 58
0 19
14 54
3 63
70 62
7 88
7 33
48 52
69 38
51 32
41 31
51 41
