110
32 8
4 88
35 40
39 99
37 78
77 9
78 34
61 5
20 31
61 64
5 37
94 56
84 90
57 26
37 55
21 1
14 84
84 26
71 62
28 6
8 97
69 25
43 31
26 38
17 97
3 18
56 86
22 62
98 74
96 41
3 55
52 5
72 94
34 81
88 9
57 43
87 58
19 78
53 67
6 8
72 46
57 1
65 93
26 22
50 28
16 60
4 78
42 71
82 66
49 10
50 89
34 46
19 52
72 31
79 48
13 23
29 91
80 20
94 2
93 89
96 24
1 62
52 46
79 0
12 1
86 73
0 46
87 41
64 70
56 88
45 63
19 67
63 46
34 16
93 0
67 3
96 46
7 33
47 96
3 11
29 93
36 56
34 78
71 77
88 24
97 66
52 8
22 5
13 77
32 37
72 25
54 52
11 30
11 46
43 11
58 9
34 72
69 42
54 41
28 39
10 12
11 52
70 58
39 46
44 88
19 16
49 16
29 75
59 20
61 52
