111
81 32
11 11
90 63
9 36
1 82
21 56
41 81
90 96
26 19
46 66
75 47
12 1
1 20
92 30
16 65
84 69
34 43
4 31
13 55
21 10
85 40
37 99
46 12
60 44
62 24
74 89
82 13
67 74
12 80
32 35
53 94
93 87
1 60
32 96
46 60
91 47
73 8
49 1
54 39
6 1
4 91
73 59
25 28
99 76
37 58
77 31
55 63
3 75
83 85
3 51
65 84
49 89
26 87
47 36
83 74
66 56
81 98
90 18
70 41
60 13
7 89
5 66
30 4
91 1
41 19
75 2
66 99
31 76
36 61
46 78
94 57
0 4
57 1
16 97
40 1
62 28
17 34
2 27
21 63
24 0
50 84
32 28
55 43
77 17
56 8
73 99
19 81
4 43
53 28
92 79
75 50
24 43
28 58
85 32
75 74
56 24
6 54
31 9
16 90
70 53
58 78
81 24
77 81
85 58
42 84
54 28
11 59
63 56
75 39
82 63
59 39
