107
34 79
26 35
1 66
11 45
52 47
44 93
41 79
49 17
5 86
89 3
19 68
69 91
98 55
11 28
39 62
52 7
28 26
21 61
31 41
63 89
51 90
31 31
3 5
21 8
89 34
74 74
67 5
73 57
96 78
87 19
97 93
51 35
54 53
16 84
84 40
78 93
89 62
69 45
1 73
59 27
89 70
9 51
31 84
30 63
78 29
48 42
67 63
62 20
65 78
23 25
47 87
45 72
58 20
20 51
64 59
44 38
79 52
80 68
79 83
40 22
19 30
42 53
20 44
26 99
42 1
19 10
29 99
64 2
0 83
88 9
7 26
81 98
49 1
4 68
15 4
98 61
94 86
74 36
64 74
57 1
72 98
80 7
45 63
34 16
69 51
28 79
60 74
54 38
74 29
29 46
13 27
9 81
70 12
86 77
49 23
16 63
34 81
11 34
89 83
70 76
28 15
67 48
55 26
49 10
71 68
59 47
58 11
