196
71 29
16 93
90 42
6 48
50 91
41 42
97 58
55 61
96 99
22 5
78 58
36 61
98 13
82 5
40 8
77 75
10 21
63 5
35 27
65 91
23 43
15 70
98 81
40 76
56 33
35 95
81 98
7 6
62 76
9 90
71 42
89 21
5 27
28 24
55 8
8 54
63 60
19 72
74 21
83 83
50 27
99 40
98 4
50 97
79 6
98 61
25 42
34 76
66 98
36 58
82 57
35 92
37 6
56 76
99 76
4 70
56 43
19 96
13 22
99 93
4 98
28 26
5 42
92 37
82 75
15 6
57 58
56 24
71 22
71 37
99 22
38 42
81 91
19 75
40 57
20 93
30 6
52 7
13 26
96 37
49 76
56 26
21 58
34 23
70 5
75 41
63 59
4 77
93 57
40 61
80 98
98 73
56 99
41 97
65 82
50 42
7 37
86 22
89 5
31 77
21 60
51 23
77 60
7 11
4 63
75 37
26 99
90 99
71 99
93 76
68 76
41 92
98 52
11 98
72 57
21 52
48 58
40 23
26 92
56 92
12 75
71 12
56 11
91 25
60 42
20 27
16 42
77 81
41 26
70 60
87 42
13 12
93 61
50 82
35 73
35 11
51 61
98 25
92 92
74 14
30 58
4 84
15 57
72 83
13 37
19 21
92 83
56 81
35 81
82 61
42 46
75 27
94 14
19 83
74 91
23 37
49 11
28 11
14 60
56 46
86 37
30 61
71 92
93 68
41 82
78 68
35 38
91 52
65 27
63 11
83 12
14 81
56 67
14 52
41 33
40 12
19 12
77 52
26 37
65 22
65 37
86 29
50 33
38 49
82 68
63 52
40 72
62 72
70 52
48 49
31 84
72 68
30 68
49 73
31 49
84 52
