116
93 93
44 26
28 64
27 95
53 7
50 91
89 10
48 49
25 24
16 95
14 51
36 45
97 13
58 91
37 20
31 53
31 13
71 42
1 80
49 72
94 59
74 76
32 79
96 37
73 57
75 91
72 6
70 22
21 8
6 65
2 43
55 1
88 57
78 42
23 79
59 76
78 91
91 72
53 22
33 60
53 96
13 19
17 47
32 4
82 18
50 27
94 65
17 86
22 34
42 90
43 57
62 30
66 94
26 86
47 17
22 14
38 81
57 82
25 53
1 98
96 33
3 7
73 0
7 24
2 50
94 2
95 78
90 97
75 57
80 27
99 40
49 1
7 80
63 42
6 9
11 96
99 22
37 1
42 96
46 41
6 48
88 75
26 99
12 1
12 71
63 51
58 2
87 93
94 49
47 66
1 93
40 42
82 5
28 70
21 1
60 24
68 91
63 39
21 44
34 94
79 15
32 24
10 60
42 44
47 5
90 31
31 69
7 88
68 78
88 48
43 22
22 75
68 34
83 87
38 9
15 63
