111
49 17
47 74
79 56
97 58
64 2
8 41
22 73
44 38
25 93
48 93
60 37
18 57
3 57
87 40
69 17
5 12
32 96
85 29
14 74
81 13
47 63
75 48
0 49
18 45
26 67
78 28
36 86
68 83
86 73
87 98
7 90
21 14
64 63
37 22
42 5
29 40
6 29
63 85
11 4
38 56
73 2
54 57
95 86
7 82
44 23
90 55
41 97
68 30
67 73
58 6
44 81
16 40
69 40
10 65
86 66
32 12
37 66
49 34
84 46
70 9
74 68
17 85
37 75
63 27
98 13
68 98
83 94
1 3
89 12
34 41
93 31
33 5
9 24
83 83
98 70
26 22
58 55
0 44
2 80
88 5
26 99
50 40
42 58
96 24
89 88
79 0
27 56
10 14
41 90
94 63
49 12
60 83
10 64
69 48
79 68
9 81
42 73
16 20
11 39
78 31
53 43
42 14
26 46
83 73
80 46
89 21
74 21
49 53
21 37
27 64
82 55
