102
58 9
72 75
77 45
42 42
68 68
33 60
46 80
27 43
9 4
96 96
96 27
55 24
58 95
10 54
26 2
48 62
40 78
64 8
20 31
75 52
35 89
81 68
65 57
54 83
15 70
37 20
16 99
81 93
92 46
79 27
3 7
53 98
16 88
62 25
73 1
28 5
12 29
31 96
56 42
35 40
99 38
86 18
9 13
52 1
4 76
23 73
52 27
85 61
77 77
62 79
32 26
68 10
50 94
89 30
26 88
49 74
16 8
64 37
70 20
58 90
63 18
61 69
76 63
98 81
2 50
89 12
4 34
96 64
4 96
33 5
96 88
42 58
98 6
47 24
27 41
19 72
81 83
49 57
93 61
81 35
96 33
25 25
7 87
25 70
9 39
60 47
76 42
73 88
31 80
79 13
48 47
89 78
73 84
71 29
71 44
92 37
42 73
90 53
53 15
20 81
74 19
77 72
