117
26 69
49 70
33 87
50 41
46 62
45 2
9 72
78 29
65 66
70 50
10 56
90 57
61 82
53 14
25 60
82 38
16 46
16 93
77 9
12 1
28 26
13 24
99 40
92 92
76 99
93 13
29 45
94 70
56 35
13 92
34 25
1 55
70 9
60 89
37 1
4 74
31 67
67 73
83 85
91 3
74 25
7 92
29 97
61 2
21 41
31 80
52 62
16 77
66 34
87 40
39 10
31 30
55 56
41 79
55 27
49 8
34 80
24 31
64 18
18 7
3 5
5 40
99 22
3 20
98 68
82 75
76 95
1 98
48 45
50 91
4 30
99 51
30 6
93 25
9 4
49 25
0 49
31 48
72 45
85 7
65 91
23 98
89 67
1 64
83 91
94 41
1 81
6 48
25 47
49 17
67 84
81 24
46 71
79 50
12 9
44 86
46 55
31 69
72 30
40 25
44 40
13 28
63 52
16 63
9 11
31 84
89 14
31 57
31 42
65 25
84 29
40 21
25 75
75 34
40 52
24 84
41 77
