117
28 94
83 0
25 3
24 64
42 67
92 22
44 38
31 18
26 79
65 18
49 12
72 36
59 84
27 44
83 64
4 70
24 59
63 39
47 57
81 24
7 99
86 84
97 47
9 4
67 66
4 26
45 2
21 21
50 93
8 56
78 49
42 75
9 74
94 43
95 79
78 81
50 19
24 36
48 45
16 95
71 20
98 55
65 54
71 93
34 83
56 35
52 77
29 51
9 63
84 17
17 79
2 85
75 65
61 7
86 71
69 40
17 45
76 11
75 70
18 53
87 99
3 5
99 24
28 1
5 23
94 99
31 98
95 7
0 94
58 62
40 21
99 38
68 85
54 2
98 74
11 41
24 6
0 58
44 94
40 36
58 77
82 55
7 19
9 94
83 94
94 70
65 12
63 60
78 34
40 23
37 77
93 27
35 92
14 26
63 34
23 43
84 49
15 6
52 55
32 68
61 19
35 27
43 11
79 70
19 89
58 70
27 51
43 83
13 20
73 55
56 28
78 29
90 80
24 92
91 58
55 45
83 74
