101
3 2
16 29
62 35
64 70
13 90
35 20
42 73
21 56
48 88
79 74
96 49
51 97
44 36
50 20
79 50
70 11
76 90
33 97
29 36
16 18
14 35
61 80
71 39
52 61
34 41
83 61
74 82
86 29
96 94
36 58
31 82
8 56
78 45
61 14
87 98
63 64
37 17
17 84
89 65
49 43
67 30
33 51
47 82
28 96
81 67
32 26
87 49
66 86
44 51
62 26
44 92
19 48
23 33
41 86
88 11
96 33
98 68
1 5
9 72
96 83
79 13
6 50
33 7
7 88
96 26
81 98
66 97
36 67
81 83
21 73
64 46
94 46
79 30
43 11
98 61
16 92
59 15
45 35
62 45
86 18
36 52
15 63
11 41
53 67
71 30
73 65
17 25
59 82
81 45
42 14
89 76
66 50
42 58
62 30
75 15
70 89
47 26
79 61
26 48
88 50
56 26
