111
19 30
22 50
84 74
63 20
12 67
89 89
82 7
51 37
68 76
41 94
45 54
28 76
63 4
40 11
97 28
7 51
18 97
97 59
38 32
9 74
37 69
6 58
50 22
17 81
15 57
68 96
4 30
80 27
63 57
22 4
7 8
97 4
52 78
79 0
22 20
47 94
85 54
80 37
62 42
9 90
13 35
29 97
95 48
48 47
85 63
61 69
28 26
73 0
62 26
93 12
12 75
5 92
23 42
89 3
94 65
39 19
29 62
14 51
70 16
3 5
96 33
62 94
92 94
37 1
43 77
44 93
62 96
70 58
46 62
77 95
25 91
77 79
0 74
92 81
22 13
46 7
0 51
10 96
82 18
43 79
87 43
47 28
59 95
53 62
28 4
94 3
55 11
28 35
12 14
88 64
25 82
68 67
0 67
22 57
88 48
83 80
10 23
72 32
67 9
62 85
43 63
22 73
13 90
63 11
31 11
78 64
13 20
16 42
52 93
55 19
73 11
