110
3 73
29 89
2 96
61 77
97 2
43 9
23 43
80 27
85 65
94 48
84 95
56 39
5 22
95 20
22 8
57 96
61 50
16 60
16 93
82 13
93 29
32 8
47 24
28 24
78 49
65 18
3 0
58 1
1 67
52 73
96 88
36 50
98 70
78 93
20 44
78 36
15 6
25 93
49 89
38 34
93 86
57 24
72 70
56 70
14 49
28 83
81 89
55 88
49 52
54 6
32 30
92 17
66 90
73 24
83 58
50 40
56 17
39 83
35 23
60 65
2 39
18 64
33 59
1 98
0 24
64 2
99 38
99 97
6 1
88 2
0 94
31 99
39 8
10 21
18 75
91 65
33 75
43 55
17 39
99 22
99 81
68 55
62 35
7 99
73 11
67 73
12 75
66 98
5 37
49 1
7 17
98 13
34 94
94 57
49 72
16 99
17 54
50 24
76 88
56 40
49 87
79 58
16 64
31 16
63 9
51 62
31 49
70 65
47 15
41 17
