114
71 29
16 82
79 50
12 9
95 12
36 63
54 55
86 75
23 27
97 92
65 1
66 81
56 31
7 69
75 20
44 71
2 10
86 91
68 64
38 41
96 48
11 50
43 4
35 90
86 29
91 65
20 93
73 4
19 65
11 43
59 79
90 12
58 46
17 3
46 19
81 81
29 38
76 60
97 53
29 97
3 59
53 62
28 60
99 69
10 21
62 22
18 75
78 38
0 46
2 70
79 13
43 55
69 44
89 84
28 75
64 75
69 29
61 53
87 40
2 98
58 96
27 1
31 20
78 99
49 4
50 98
96 33
43 79
94 6
14 27
34 0
29 19
54 38
5 42
47 15
35 44
20 44
0 12
98 90
79 96
3 81
97 58
79 0
22 60
37 90
37 60
96 75
64 10
61 90
10 90
3 18
92 22
33 75
44 38
2 54
94 93
82 5
20 38
58 9
69 95
91 56
58 55
58 70
32 11
63 38
20 53
11 12
20 27
49 87
81 28
82 55
65 16
43 47
15 59
