106
95 78
46 77
78 46
52 31
61 30
93 92
7 86
50 51
95 25
24 53
28 13
52 9
70 12
95 3
78 95
70 70
7 46
31 76
16 86
95 18
80 11
85 74
43 66
96 10
21 42
66 24
89 17
1 67
11 4
60 97
35 27
43 11
65 80
73 55
27 58
99 97
88 48
49 82
26 91
26 3
94 33
64 2
98 2
89 69
3 55
78 29
58 64
16 97
87 98
7 77
50 42
85 54
32 23
93 82
73 63
73 35
33 66
58 72
80 54
90 6
80 64
7 20
41 92
2 36
1 98
45 2
9 11
0 83
54 46
29 42
28 8
6 51
17 27
16 71
51 24
63 9
93 36
58 48
31 81
22 60
28 26
77 79
39 42
49 66
67 31
60 6
25 89
33 7
41 86
95 27
39 46
65 64
99 81
7 58
22 38
23 81
50 69
22 53
18 11
89 27
56 39
16 68
39 57
28 18
59 15
39 36
