106
49 94
53 25
15 79
10 94
52 60
57 43
62 79
89 25
3 64
34 89
78 42
95 4
49 2
40 45
46 25
25 99
67 57
36 79
59 9
16 69
39 58
47 92
60 48
27 85
3 18
83 81
16 40
71 97
77 9
27 1
85 63
28 17
3 0
90 42
35 40
86 86
74 23
21 56
95 22
2 25
61 1
37 20
25 36
10 10
96 37
95 71
3 53
59 27
24 61
4 88
32 5
42 41
31 80
3 7
84 71
52 18
60 88
40 69
16 93
68 14
67 38
50 45
87 34
1 34
0 79
83 98
80 5
97 53
28 21
0 94
68 95
78 58
7 33
85 1
53 1
22 25
43 77
24 53
4 45
94 59
70 80
19 76
75 39
59 42
69 24
37 5
18 6
70 8
52 7
37 24
26 94
53 84
34 62
9 50
18 21
87 54
48 24
9 24
33 56
10 41
41 88
44 28
59 23
22 16
44 17
59 16
