110
17 32
60 28
42 53
89 64
38 76
51 55
98 13
40 1
41 92
73 6
96 32
21 53
2 28
14 71
80 96
25 36
69 33
88 38
46 33
49 68
31 79
13 24
18 7
74 74
58 11
59 91
66 54
93 80
97 95
10 97
97 58
3 75
32 94
37 13
1 13
13 56
90 97
65 82
35 31
96 39
33 68
86 79
93 20
6 39
26 86
67 16
6 65
53 91
31 58
59 60
81 90
37 24
10 16
66 90
16 48
44 77
31 43
39 61
59 20
4 96
57 1
98 2
3 0
82 54
26 99
77 22
42 16
9 81
81 39
88 0
55 1
98 61
74 55
54 38
59 75
6 54
34 8
2 91
78 37
83 7
37 99
54 53
82 62
99 29
20 24
36 51
26 5
6 90
76 17
21 76
44 36
82 70
86 94
54 76
96 47
37 92
21 58
29 74
52 29
81 63
21 91
28 24
67 7
92 28
50 44
68 23
37 83
25 13
47 60
28 68
