107
10 10
16 13
4 4
42 62
58 59
78 88
84 85
1 18
28 37
42 3
77 66
31 84
47 32
92 19
14 90
20 69
93 78
92 8
31 98
16 19
89 70
26 71
34 56
73 11
78 34
17 52
53 85
58 4
94 44
51 35
79 55
72 32
11 98
14 35
7 74
32 12
96 55
72 94
57 41
53 15
96 88
68 11
39 38
66 50
74 78
86 11
23 38
44 74
38 21
3 86
99 66
22 60
66 56
4 25
45 41
71 87
23 81
87 23
20 27
2 50
37 99
53 96
27 1
1 3
98 4
52 77
6 54
1 34
72 35
61 60
63 0
3 59
93 88
24 54
95 63
8 89
68 26
87 43
47 15
0 8
73 70
21 1
62 96
25 99
64 15
80 93
4 43
28 19
35 37
56 30
73 50
78 72
10 76
81 96
19 43
78 55
16 91
9 65
16 6
41 31
13 37
36 47
5 8
81 62
62 22
18 45
83 78
