109
54 53
80 20
96 41
8 27
4 65
71 7
73 64
95 78
35 37
28 76
38 93
7 6
56 19
62 84
25 8
13 93
89 84
82 57
32 43
2 11
61 59
48 27
94 2
8 43
69 42
41 7
92 22
37 99
22 73
3 73
51 37
4 47
33 53
42 75
78 86
67 4
4 88
18 23
61 69
72 30
90 46
86 7
80 66
12 44
40 13
30 97
60 4
15 4
82 2
62 76
4 21
77 30
25 91
38 43
20 44
88 72
41 66
95 10
64 28
75 14
66 17
96 99
97 62
4 96
80 93
6 63
24 0
92 39
41 22
24 61
46 75
40 0
97 58
19 96
7 81
21 60
53 54
70 49
95 29
47 37
2 32
48 22
1 50
44 7
23 59
0 88
63 73
80 71
75 40
59 6
55 37
31 81
50 52
30 4
30 59
87 22
7 59
10 81
34 90
8 32
53 69
38 44
73 77
77 9
14 31
70 61
88 11
31 64
17 50
