116
62 83
37 19
96 12
24 30
71 42
73 64
32 92
97 38
93 82
30 45
56 20
89 58
5 59
66 63
63 44
83 14
32 10
79 42
82 92
37 28
22 39
65 75
16 93
36 61
9 24
15 4
7 77
54 4
97 98
42 80
31 1
65 25
88 66
4 23
54 46
96 30
59 97
13 74
74 1
28 61
31 95
74 21
7 90
94 48
9 19
21 46
77 85
28 72
2 29
25 4
4 68
57 74
27 54
19 21
83 27
34 67
19 60
65 33
0 1
98 0
45 46
6 39
0 94
59 3
0 6
98 6
99 86
73 59
99 22
98 65
49 63
47 43
61 80
7 99
42 1
80 16
49 19
94 50
99 80
92 98
0 83
37 86
12 58
70 5
39 35
43 65
82 65
90 42
97 58
64 57
26 88
47 83
53 10
68 25
90 83
89 21
11 48
79 57
19 78
25 13
52 29
37 39
92 95
40 8
90 33
89 12
68 10
95 73
75 36
43 58
72 75
17 30
56 35
82 57
37 48
81 48
