109
84 42
27 51
4 30
24 11
28 92
24 66
83 83
73 13
4 47
50 44
63 66
50 22
20 35
96 98
78 98
58 83
38 96
31 71
6 54
35 20
98 38
38 43
53 69
75 79
23 82
69 94
32 41
85 91
88 62
58 6
66 42
18 7
86 11
73 61
11 89
55 61
43 77
47 37
65 12
94 72
59 91
12 62
72 36
4 18
23 45
56 15
25 20
47 52
34 81
23 28
36 60
68 89
63 68
52 50
76 90
14 53
36 50
1 3
4 96
33 5
7 77
49 0
91 57
53 94
80 14
4 34
0 8
69 46
2 93
69 30
98 91
40 20
27 1
3 62
94 61
79 61
49 5
4 81
84 21
57 98
8 32
51 28
38 89
90 76
71 1
82 45
7 24
16 77
21 60
63 46
60 76
37 67
79 64
74 98
74 19
8 38
30 45
50 13
67 16
33 75
46 60
78 81
62 35
40 10
25 38
63 53
78 53
21 45
23 56
