111
50 51
25 42
57 92
5 3
96 40
11 54
55 47
31 69
94 72
58 66
56 26
78 83
72 6
61 84
95 66
98 83
41 49
48 38
91 78
1 80
32 22
13 22
71 31
89 10
28 94
16 77
33 4
74 64
16 27
11 61
37 77
81 39
41 92
56 16
20 7
96 31
79 0
9 81
40 12
77 79
3 51
81 30
89 62
33 52
47 28
18 53
67 68
20 79
37 87
66 27
63 42
70 89
83 21
28 10
90 87
22 89
63 74
55 59
98 0
55 8
98 15
90 99
98 47
5 27
0 83
19 96
32 32
3 45
38 67
74 46
63 5
37 99
62 90
91 56
21 1
78 99
8 29
96 93
89 15
33 47
45 6
15 61
71 22
25 27
79 61
18 46
12 11
48 44
46 98
95 77
70 62
87 31
7 12
41 23
74 15
33 43
10 45
30 61
66 37
31 22
48 59
81 36
31 84
62 80
28 68
64 15
92 22
79 68
56 35
26 48
81 24
