115
62 22
23 65
7 33
92 10
46 54
19 76
3 47
61 69
88 66
2 91
45 34
91 44
67 20
67 62
86 9
69 82
46 49
33 75
16 85
83 52
30 67
25 47
90 97
34 96
40 12
13 15
70 5
83 25
29 31
55 5
65 41
30 50
21 5
94 2
28 92
58 77
18 48
34 3
17 31
32 24
78 36
73 70
49 65
37 81
46 4
74 21
56 28
78 42
54 43
97 13
54 66
25 40
21 56
68 16
33 39
1 67
56 99
71 97
95 82
5 0
0 83
99 51
52 92
95 78
99 93
6 50
3 7
93 36
77 81
17 96
98 63
77 1
13 22
61 3
37 90
28 6
71 92
63 50
4 75
89 21
96 46
94 70
52 73
40 23
92 3
8 41
22 73
62 24
69 53
80 86
17 15
10 90
89 28
45 70
27 56
10 65
35 31
76 58
62 89
31 14
56 35
21 80
52 13
46 73
67 66
71 26
77 10
75 47
10 57
40 51
24 30
89 12
12 73
15 50
31 60
