105
68 10
61 78
52 20
64 48
85 41
97 58
40 89
10 23
22 62
70 25
88 13
90 90
6 86
82 58
7 43
86 29
34 72
96 83
58 72
39 27
2 18
12 75
17 32
50 74
27 77
95 21
76 10
75 38
80 18
72 94
3 60
39 46
37 8
8 96
59 47
56 90
23 38
9 8
92 74
54 27
76 69
34 92
95 91
18 62
97 51
7 79
28 23
16 94
79 95
49 52
68 74
75 54
92 10
27 29
28 67
56 67
63 32
83 89
35 80
67 66
49 41
2 50
41 97
58 9
62 94
25 95
2 34
98 67
28 12
94 36
43 12
83 74
3 55
33 55
44 36
34 96
96 26
79 48
60 26
7 70
8 38
79 33
30 61
57 56
32 39
31 77
26 17
50 90
43 19
73 14
61 71
75 48
17 23
90 59
28 54
77 84
57 41
71 26
16 85
64 43
82 50
74 79
46 78
66 86
81 37
