114
21 14
88 2
59 92
49 32
68 17
13 37
68 76
29 93
4 91
52 13
85 60
89 95
33 67
53 81
2 45
7 30
13 10
71 95
51 92
56 17
78 83
78 45
10 76
93 76
93 29
24 52
31 29
43 64
94 2
26 99
8 54
31 14
74 21
63 66
60 37
93 54
37 48
6 5
27 77
9 85
13 30
82 2
67 4
87 39
93 85
15 2
73 77
47 28
41 92
66 34
95 64
23 33
68 92
55 8
84 49
61 77
2 38
16 18
56 83
43 20
44 47
93 19
63 60
3 69
33 5
8 96
2 54
29 49
99 44
93 93
44 99
28 67
49 2
26 86
3 73
46 67
0 21
95 77
25 68
46 52
85 4
41 31
60 99
4 89
88 61
75 45
78 92
23 94
55 52
8 45
18 2
46 75
18 61
86 92
99 48
78 6
47 37
34 94
31 18
62 28
31 77
17 34
12 14
58 68
9 49
84 54
43 59
53 91
58 61
56 19
22 18
68 83
35 90
62 84
