103
12 80
73 55
32 83
96 32
83 9
16 14
32 48
64 86
85 63
19 90
46 16
78 33
52 48
17 35
63 6
94 59
28 10
53 27
53 82
31 70
94 42
3 31
33 35
40 95
25 38
81 90
58 66
99 86
2 47
16 65
86 16
23 98
75 48
85 1
48 97
68 14
40 64
24 64
15 4
52 7
71 35
37 6
75 86
4 43
79 55
10 89
94 4
41 26
9 21
43 54
64 57
70 76
81 37
41 76
31 56
1 71
7 99
99 38
86 71
67 5
0 21
90 90
56 39
9 50
22 5
97 47
47 81
83 17
31 20
49 23
58 57
99 24
16 72
91 75
50 38
16 95
62 81
78 38
68 23
24 54
58 54
7 11
5 27
93 32
55 8
25 23
91 56
70 71
26 80
90 16
39 63
41 42
86 79
72 40
34 26
64 15
75 61
49 65
21 71
22 18
89 21
46 64
69 53
