115
51 19
83 39
56 3
17 17
76 26
55 61
25 36
79 72
96 83
32 91
48 87
3 38
43 35
68 41
10 8
67 7
52 13
60 28
96 99
80 93
87 54
1 82
33 62
94 6
96 24
10 67
35 15
72 57
94 70
6 50
0 6
28 81
59 91
77 2
95 55
61 67
38 96
20 84
18 68
83 21
30 20
58 37
39 72
79 55
14 40
83 87
9 6
92 11
18 93
77 39
56 50
77 64
40 14
16 22
94 81
25 75
40 25
79 47
2 98
29 51
99 31
25 2
98 0
56 86
3 60
54 66
5 97
73 6
75 98
8 23
26 99
32 35
56 99
4 43
94 59
18 0
52 0
73 72
40 66
71 1
99 9
1 27
58 22
3 88
22 60
35 42
50 40
92 26
77 17
94 43
78 81
51 4
2 50
20 38
15 4
41 86
11 98
67 24
18 76
25 23
44 51
92 77
35 71
61 21
9 28
58 6
92 48
68 32
24 68
50 29
64 52
69 21
87 71
18 11
67 13
