89
16 70
5 23
53 60
18 57
34 94
89 91
60 94
34 78
27 29
35 55
7 14
2 33
66 89
57 66
26 89
11 56
15 16
36 61
14 91
24 38
56 86
76 95
29 96
2 82
35 39
4 48
27 54
10 65
52 75
31 82
17 30
38 47
26 70
16 49
8 98
72 76
44 97
10 76
83 89
52 55
4 93
37 99
33 73
20 23
64 71
74 87
41 81
11 38
10 21
34 65
9 69
59 79
3 44
45 56
25 77
48 63
26 62
18 69
92 96
0 17
3 7
0 63
67 64
14 97
32 32
1 38
72 94
0 76
49 78
6 91
68 96
20 38
83 96
23 97
56 79
5 32
26 39
45 93
8 85
67 79
26 54
51 71
49 87
41 88
19 89
41 71
17 61
16 76
11 44
