108
70 3
20 8
71 80
71 31
42 73
67 95
85 7
62 72
53 72
13 90
38 96
94 41
52 48
31 57
40 2
68 57
15 30
64 29
28 29
74 19
95 78
6 63
87 56
3 9
46 18
2 45
99 22
60 97
89 78
9 85
4 27
86 38
23 14
37 86
36 63
80 73
97 53
71 37
58 57
62 8
56 32
14 79
17 94
31 18
56 79
12 11
9 71
81 13
52 40
22 96
75 58
46 64
48 90
7 23
55 21
69 65
49 82
90 94
29 45
55 1
75 95
17 48
35 40
32 79
3 64
95 62
2 99
47 24
41 97
27 1
64 4
92 26
1 60
46 5
30 24
10 42
1 80
77 75
79 55
48 47
0 19
33 98
67 36
86 29
65 91
15 6
0 87
40 7
90 83
13 60
70 13
44 41
54 64
13 24
70 48
55 9
47 37
72 28
47 67
62 64
80 88
37 33
78 47
40 12
86 68
60 80
22 14
63 60
