113
13 22
66 50
37 3
59 85
28 96
17 48
44 91
91 54
83 87
61 9
33 61
7 76
8 54
54 57
85 60
23 29
91 97
16 74
31 82
72 96
49 89
69 79
51 96
94 15
22 7
93 34
38 43
82 0
68 27
94 70
7 13
53 3
89 0
54 29
85 19
86 71
28 13
42 58
78 38
9 85
97 53
70 16
14 44
67 68
25 67
18 28
93 21
95 82
44 97
86 54
48 12
24 76
53 81
80 86
34 93
18 64
60 94
59 71
88 80
98 0
44 27
13 94
1 59
2 28
71 44
2 43
0 78
1 13
54 42
33 42
43 64
18 7
65 12
92 39
71 35
43 6
70 60
76 95
8 28
29 32
52 73
9 79
2 52
94 4
48 36
77 17
28 89
91 95
99 75
60 97
50 51
33 73
49 74
99 42
27 49
10 59
71 64
87 23
52 18
33 18
97 60
77 79
56 36
63 18
91 58
65 57
74 27
14 22
82 45
64 63
94 65
79 61
39 88
