101
4 3
12 7
28 24
64 69
83 88
36 38
19 7
9 16
8 41
43 11
8 96
12 69
79 4
37 83
49 60
14 49
29 84
14 79
67 1
50 23
73 92
48 47
54 66
16 24
23 40
20 96
25 20
16 15
66 48
90 46
99 97
28 64
75 19
88 69
70 69
58 8
10 64
35 95
96 90
44 31
33 46
73 77
31 7
14 84
57 38
12 57
39 89
88 86
3 18
64 57
28 46
15 2
57 54
20 31
29 95
37 15
81 77
29 36
99 29
85 48
65 93
4 99
90 21
60 23
99 51
50 93
52 7
28 67
7 99
98 81
4 32
1 84
46 73
8 49
73 54
94 36
75 13
0 8
53 32
92 96
22 0
5 95
67 5
27 58
52 13
73 86
22 79
44 38
45 23
38 54
66 63
57 47
28 23
19 74
20 90
17 47
7 6
24 23
17 52
35 30
19 17
