112
16 31
65 23
44 36
47 81
68 5
24 66
74 80
46 60
3 57
97 31
44 8
68 49
32 35
5 29
26 53
49 54
16 17
35 30
58 38
75 37
13 46
12 64
34 52
97 58
5 95
89 80
50 97
81 96
95 9
32 87
52 5
75 57
33 7
52 75
90 35
9 72
83 12
56 90
9 78
83 3
95 70
23 6
67 19
7 35
83 89
79 50
52 29
59 82
35 70
23 32
7 24
74 25
13 72
82 58
84 37
22 46
13 26
35 47
1 5
34 96
18 0
71 97
10 89
61 3
67 73
99 42
28 72
28 87
87 95
50 38
88 9
52 20
0 87
40 1
63 53
94 52
1 41
8 9
78 65
92 88
6 61
73 2
52 77
52 0
89 18
71 81
32 23
39 96
1 80
60 44
19 87
72 19
76 95
50 72
1 31
17 50
40 23
85 65
40 57
73 42
82 27
39 38
43 79
25 22
17 72
90 48
58 70
41 39
23 28
57 15
7 39
24 64
