113
90 42
9 90
50 91
41 42
2 50
71 42
48 58
52 18
10 21
88 62
0 70
32 22
72 94
70 21
92 22
30 59
32 90
92 90
30 6
70 65
0 6
49 74
70 1
88 2
28 74
52 2
50 38
11 46
0 85
71 86
10 65
89 78
0 21
29 38
10 1
70 58
40 21
89 34
62 22
40 89
89 10
91 54
70 78
42 58
59 38
40 1
58 2
88 70
8 38
41 74
2 94
8 54
62 94
9 74
2 38
58 58
30 46
1 14
31 14
68 30
31 82
70 10
28 30
62 74
31 66
70 50
8 30
12 14
12 82
50 27
0 63
2 30
50 51
52 66
49 10
0 78
49 82
60 31
40 10
61 82
60 46
58 66
40 67
38 34
40 82
62 10
42 50
90 97
92 26
29 97
90 46
8 98
50 97
89 82
92 17
31 1
3 0
41 97
2 54
9 6
73 16
27 52
69 38
68 74
2 45
11 61
62 90
50 42
37 16
58 17
40 25
53 32
61 53
