108
88 9
39 43
38 96
68 85
94 52
4 90
73 26
63 16
55 63
13 37
89 80
11 52
5 22
4 4
16 69
85 63
61 82
68 98
41 33
71 33
92 39
13 94
63 61
26 66
13 89
12 12
65 69
45 6
32 81
87 95
28 12
73 1
96 33
43 66
23 32
75 46
47 15
57 34
7 74
6 48
70 8
90 28
24 47
47 37
73 66
16 29
58 57
31 75
62 24
21 58
39 74
11 84
81 37
12 64
58 72
66 34
17 47
23 81
90 97
41 97
30 6
89 12
11 4
98 68
83 98
32 96
83 78
98 95
40 58
0 32
50 91
40 21
3 7
98 72
25 27
0 63
85 1
91 48
5 27
66 41
53 87
40 3
88 27
85 48
21 21
36 63
32 37
83 85
88 68
70 62
57 42
53 18
5 12
24 96
9 47
33 59
70 57
77 95
32 36
92 83
16 79
20 15
75 31
55 76
27 54
27 74
10 27
28 85
