108
10 15
8 54
16 73
55 74
74 88
69 68
21 13
96 48
78 38
0 76
96 94
73 8
11 91
52 31
44 7
77 64
49 62
96 82
59 83
74 80
21 5
17 59
89 21
34 81
20 38
59 47
37 22
35 37
92 4
39 93
97 60
81 37
5 97
62 28
2 27
34 71
68 11
79 95
35 46
52 77
19 89
17 43
88 63
96 34
9 58
64 96
10 8
77 22
89 91
95 55
61 59
11 73
77 79
27 44
91 43
43 70
26 79
73 51
84 25
20 51
75 70
68 85
98 0
52 5
45 2
3 5
75 2
4 43
27 1
35 29
53 98
50 44
53 23
99 22
93 75
2 58
1 23
1 80
16 95
33 62
26 22
96 19
68 17
4 34
41 22
18 0
54 59
42 44
34 66
78 58
78 36
26 90
44 86
4 88
35 41
54 64
46 12
11 39
90 10
28 66
69 55
56 86
80 86
77 70
19 82
11 79
62 79
84 79
