112
62 52
30 59
53 28
7 35
34 19
32 28
17 56
52 5
70 8
2 96
23 91
37 74
51 91
84 57
39 51
67 2
24 43
60 89
68 55
4 53
22 61
90 97
21 76
89 78
58 70
19 12
99 22
84 27
5 27
8 96
62 24
95 82
77 81
34 8
82 0
78 42
42 95
15 76
43 66
38 25
91 49
69 17
94 30
8 43
52 75
61 60
52 40
86 71
31 75
80 15
59 81
27 37
8 87
33 53
12 62
15 84
24 51
48 62
98 0
3 5
26 99
52 9
19 8
1 20
0 78
78 97
99 45
69 40
1 60
41 90
52 0
99 62
16 27
31 1
84 42
80 75
56 96
99 78
0 37
47 34
75 2
34 94
62 39
76 58
46 3
45 50
32 27
54 19
80 90
19 96
93 34
62 79
4 27
63 43
4 68
22 27
69 60
83 81
45 57
19 72
65 27
77 66
11 42
37 66
22 18
53 81
58 9
78 49
52 66
39 18
22 46
11 36
