113
22 72
62 35
77 77
18 11
40 25
60 88
25 93
3 64
4 36
79 52
38 72
45 88
73 68
21 3
61 46
85 42
84 89
2 28
53 80
11 28
4 50
21 83
69 81
4 96
64 2
40 8
83 15
20 44
46 57
96 74
26 99
63 7
62 24
4 87
79 4
28 28
86 22
47 8
19 60
50 95
88 70
81 30
34 23
56 72
10 4
33 40
72 62
36 2
93 64
17 20
54 95
77 31
13 77
33 95
31 72
70 14
25 13
29 8
98 7
38 56
96 37
44 40
3 0
78 97
95 89
55 61
88 0
96 41
2 10
45 25
60 97
18 51
50 40
55 1
2 32
20 99
99 81
70 53
66 31
79 92
93 19
40 76
90 46
62 16
70 50
19 29
54 51
73 77
11 59
69 93
92 24
38 45
18 4
44 17
70 8
92 39
77 68
28 87
28 67
77 24
13 43
19 24
61 80
46 67
77 61
78 9
79 85
61 69
29 36
47 13
18 13
84 80
33 18
