111
28 18
37 60
40 41
23 33
4 13
15 81
58 19
47 22
73 77
53 94
34 94
5 42
94 61
95 86
91 44
1 80
56 35
63 64
9 17
68 86
27 43
41 17
16 27
87 1
75 39
19 1
32 76
9 96
95 80
4 47
93 12
92 96
78 29
55 45
21 55
38 94
50 3
3 7
62 92
38 45
82 55
70 71
16 92
90 30
34 7
73 29
7 32
32 24
37 85
19 7
89 88
48 45
54 11
21 95
60 24
13 12
83 73
27 34
21 84
72 0
2 62
47 79
95 27
47 64
1 98
76 54
20 51
77 9
57 1
0 76
75 24
17 74
91 65
63 60
71 44
74 89
3 0
32 67
1 27
56 86
11 59
92 37
99 86
32 70
50 60
0 17
31 16
23 34
79 59
47 96
67 9
62 96
63 44
79 88
58 75
32 90
47 28
42 7
8 28
24 9
47 92
14 91
62 79
44 51
25 27
86 22
25 75
8 39
58 13
36 43
26 91
