114
43 13
53 45
84 3
16 27
18 53
3 11
26 85
60 96
70 75
86 72
37 63
73 46
46 3
55 56
23 25
16 10
37 53
11 63
68 66
92 35
91 54
74 25
78 95
38 28
55 81
11 46
98 81
39 93
98 2
56 35
16 97
24 2
89 27
33 43
11 72
2 52
34 83
49 74
73 57
9 4
31 9
95 66
97 22
68 32
62 81
18 41
33 56
86 10
48 58
44 36
31 20
13 19
80 57
88 31
28 96
62 41
58 62
83 53
23 43
82 22
48 53
47 65
64 2
63 5
7 99
7 79
71 97
99 53
50 97
7 26
50 20
3 46
31 68
66 17
1 67
80 80
95 78
58 0
42 5
38 36
26 78
1 14
71 37
23 93
18 63
8 31
40 0
75 91
53 36
40 21
52 73
75 6
73 72
16 94
32 90
28 26
27 58
76 42
54 51
16 82
88 64
64 72
33 51
42 73
84 37
59 30
28 25
81 48
29 36
55 47
38 52
70 50
43 66
48 45
