109
89 67
10 1
26 28
96 11
90 79
9 90
48 58
24 53
51 37
68 14
13 73
85 26
33 3
35 37
51 57
4 77
59 23
39 55
56 54
23 15
71 42
4 30
34 94
63 73
51 92
99 95
46 73
76 95
9 52
64 2
52 18
93 32
73 66
21 69
35 88
93 5
11 34
7 14
74 19
66 50
17 50
94 72
37 22
96 90
53 76
75 86
98 35
36 71
68 30
41 94
49 14
29 11
83 15
59 34
81 37
13 79
21 58
78 76
36 65
53 70
44 47
84 83
77 29
12 64
32 57
46 79
91 52
59 95
2 49
98 0
79 0
25 95
52 0
33 0
2 29
89 50
14 0
28 37
92 94
73 61
44 20
50 39
56 91
75 4
19 85
94 61
92 20
99 79
18 7
79 4
90 35
28 74
68 66
59 17
86 51
13 24
88 68
44 24
92 22
59 42
44 88
33 46
87 44
44 9
76 11
57 72
21 63
53 30
55 61
