201
63 5
92 92
4 63
3 14
13 88
71 29
90 42
29 32
6 48
50 91
97 58
36 48
30 4
98 0
43 64
78 58
79 0
77 75
93 19
51 35
72 94
63 60
21 63
28 79
35 95
7 33
93 76
46 14
61 75
21 48
9 90
71 42
22 5
3 5
86 16
0 70
70 21
89 34
28 24
65 91
90 97
82 60
49 30
43 79
5 29
28 94
50 97
98 74
82 0
58 57
46 7
1 48
28 64
7 86
69 38
99 38
61 14
70 76
22 20
98 15
99 53
24 0
53 30
43 57
6 1
43 72
66 98
63 57
87 93
35 94
46 0
2 29
99 76
4 70
28 48
94 0
7 99
34 30
2 54
28 70
82 77
51 41
92 15
79 61
62 72
67 2
44 15
2 33
87 37
28 47
98 68
68 17
47 79
0 85
43 0
28 15
21 67
6 54
28 85
56 94
43 50
75 98
66 42
23 30
0 18
12 1
77 22
13 92
99 42
84 42
13 70
28 6
44 31
58 72
99 22
67 57
43 47
93 57
99 89
21 45
45 9
7 18
82 73
5 44
2 96
77 4
65 20
24 98
46 63
74 42
48 47
58 79
0 74
58 0
37 79
99 31
2 89
44 24
23 33
21 55
23 15
0 44
78 72
94 7
22 75
82 53
66 35
47 56
22 94
77 82
49 24
94 70
92 26
63 51
26 39
93 86
83 7
28 60
55 88
5 75
12 14
71 88
67 9
52 72
75 36
94 49
38 15
17 30
49 87
12 7
20 86
37 72
54 39
76 26
38 7
67 72
11 51
12 67
82 64
36 54
35 32
35 87
53 9
84 89
58 53
84 27
54 24
18 23
78 51
43 39
58 64
12 46
17 79
64 26
34 23
58 45
54 15
13 35
36 41
12 60
73 65
