111
2 56
3 94
91 67
27 38
32 82
2 21
93 59
94 78
3 28
81 35
64 70
22 57
49 82
44 15
63 43
26 5
4 6
44 8
30 30
18 73
61 82
9 68
32 6
9 20
64 2
86 16
96 41
60 17
66 97
3 73
56 33
20 93
91 3
33 66
61 62
90 83
39 93
71 86
87 38
62 9
19 48
41 86
3 62
40 25
19 10
4 84
23 83
71 9
20 15
12 58
28 74
32 25
56 12
32 17
39 51
4 43
92 94
4 1
78 55
55 61
60 97
7 99
89 10
55 43
71 24
44 97
75 98
41 0
92 88
73 64
90 31
54 66
20 40
73 0
74 80
36 47
2 91
48 32
54 51
89 76
0 17
73 55
89 25
11 37
90 91
14 0
54 82
50 27
24 55
29 91
34 74
89 71
24 32
81 51
79 15
58 77
56 92
10 5
18 59
58 52
55 24
82 20
52 77
40 36
88 67
43 76
79 82
47 24
62 92
11 52
79 74
