116
84 51
76 85
38 85
29 32
92 81
3 11
61 7
42 7
81 19
2 36
17 80
96 92
38 36
52 0
83 77
4 96
48 58
22 5
66 61
53 81
30 59
99 42
91 3
53 34
96 18
8 64
3 18
21 21
34 94
8 41
94 57
33 60
56 88
16 97
64 52
68 67
5 81
23 44
77 97
63 24
23 75
89 21
4 43
46 12
89 66
2 26
18 15
92 88
41 63
23 53
36 20
76 67
47 92
52 7
88 11
38 48
53 19
12 11
30 8
13 21
84 36
69 40
99 36
98 0
79 0
7 99
11 59
32 90
54 39
99 62
53 97
1 69
58 77
99 86
32 96
70 16
84 44
37 28
12 0
99 26
81 99
28 79
53 28
80 82
61 82
99 53
57 58
37 13
8 49
84 33
45 43
4 84
83 60
23 60
62 37
62 92
0 8
95 84
31 75
46 73
42 1
80 27
73 59
47 28
29 51
68 76
54 46
53 89
14 33
91 51
27 13
54 11
23 84
60 73
47 24
75 70
