109
11 79
23 67
55 67
88 72
84 16
31 31
58 21
93 28
40 89
7 35
68 89
12 11
88 47
75 2
30 61
3 66
74 27
92 12
43 36
62 79
66 22
78 80
88 32
34 15
69 42
84 95
70 58
4 43
28 92
0 6
13 26
50 42
56 94
31 2
91 95
96 77
93 54
2 54
59 38
7 28
34 65
92 8
63 59
4 75
9 3
36 96
28 25
80 69
58 79
74 12
66 37
95 84
37 23
77 87
79 48
64 52
8 15
63 71
4 96
52 5
57 1
20 95
25 42
60 97
97 47
91 1
27 49
98 62
7 58
38 70
9 90
44 49
67 5
24 2
2 43
35 88
62 96
99 17
7 73
31 67
40 10
48 49
4 27
19 52
69 20
88 64
19 82
90 17
25 10
34 46
59 7
59 64
74 32
47 79
19 30
0 19
59 36
78 49
55 61
35 40
59 42
19 41
19 19
81 39
70 67
67 11
84 24
38 57
55 54
