114
58 77
90 35
73 4
58 52
18 77
20 47
66 64
82 20
56 24
56 92
9 6
75 43
25 11
43 41
97 11
27 54
54 59
99 22
56 30
24 41
85 40
60 86
40 76
3 51
99 88
7 21
40 4
2 70
79 2
74 23
40 82
28 19
74 71
23 82
48 58
60 97
46 12
14 36
94 48
3 64
60 39
77 61
70 8
44 20
43 50
70 46
64 23
89 23
49 76
17 56
45 34
76 54
68 74
33 54
73 57
55 43
64 34
83 94
8 96
98 63
30 97
99 97
83 87
6 1
14 97
94 5
30 4
63 5
98 57
9 28
46 3
78 93
7 81
83 76
25 72
56 99
97 38
61 7
81 98
4 93
28 39
19 97
76 1
33 75
34 19
24 57
89 69
71 24
49 60
8 77
94 53
9 53
63 92
58 75
99 29
22 13
79 19
73 77
28 10
42 67
82 7
58 79
58 57
83 61
51 35
40 10
62 19
82 45
48 82
73 64
55 56
34 64
84 31
57 67
