117
38 54
24 38
30 47
18 7
61 69
28 94
64 6
53 98
28 23
94 31
38 8
66 30
3 82
62 94
73 57
58 6
61 60
34 25
31 0
95 91
3 7
9 26
95 14
50 29
88 55
6 56
88 72
77 97
54 51
19 96
44 91
73 0
80 16
4 34
21 56
9 72
68 78
75 39
94 46
10 10
68 98
15 41
16 79
87 90
65 36
69 51
43 55
28 6
73 8
52 1
45 40
56 71
94 83
43 17
26 30
83 79
52 55
42 46
22 18
36 39
4 97
0 49
25 71
42 70
1 67
37 86
99 38
98 17
0 87
88 63
82 31
65 21
72 94
34 94
27 56
43 0
62 79
49 21
8 34
6 49
81 16
90 48
18 73
18 0
57 36
73 63
44 79
18 91
88 7
58 9
36 63
84 40
11 34
11 18
10 76
62 90
26 88
79 70
74 23
58 13
30 39
26 62
33 15
81 48
10 67
68 89
79 63
48 45
21 8
26 46
53 83
64 59
37 15
65 8
71 72
33 54
24 34
