115
75 34
88 44
9 24
28 13
92 24
83 96
89 78
8 45
18 66
55 29
66 88
24 31
76 13
4 23
46 34
85 68
70 23
96 38
74 81
3 37
49 83
0 83
45 57
66 50
45 4
19 85
23 47
7 5
34 88
2 52
28 70
61 60
91 53
39 28
49 77
95 91
71 44
86 18
9 81
61 18
70 69
22 13
96 75
96 46
18 55
73 50
41 85
50 19
51 64
0 29
89 89
82 11
70 62
58 41
55 21
80 29
15 69
14 49
80 86
78 38
80 77
61 52
12 40
57 1
2 96
43 49
64 97
25 91
24 0
73 2
0 63
53 3
97 13
49 93
31 28
43 64
1 14
65 80
24 70
96 28
38 46
30 13
7 20
72 96
87 98
38 98
94 46
24 64
46 25
6 65
70 18
18 46
0 44
24 22
46 44
85 71
56 86
52 9
25 82
79 97
9 29
81 53
86 29
28 37
27 54
58 77
40 12
63 40
55 10
61 25
64 72
30 34
9 61
19 16
90 38
