117
71 44
25 19
2 15
79 13
32 90
99 93
80 84
35 44
75 61
61 11
18 50
16 76
97 76
60 66
55 32
10 33
32 24
79 31
73 81
66 50
28 83
63 55
30 4
60 97
7 99
94 4
48 82
10 8
92 35
11 48
7 77
82 64
40 3
98 65
7 30
28 65
2 93
36 39
63 27
63 81
85 8
25 91
70 1
24 4
3 46
5 72
48 69
65 91
26 46
89 80
89 14
81 41
54 64
37 70
63 44
36 51
3 39
72 94
77 22
63 73
32 15
54 55
18 89
97 58
99 38
41 99
55 1
3 5
90 97
51 26
50 97
0 63
96 19
31 68
98 0
1 80
63 5
47 81
8 98
35 99
18 0
0 23
80 79
47 16
66 99
71 29
85 61
51 35
8 54
32 28
32 74
78 46
17 20
9 95
29 47
12 69
67 7
65 82
98 8
55 47
92 23
10 21
32 92
8 45
25 29
83 76
91 53
56 37
80 83
51 90
71 33
26 39
25 84
70 58
63 89
38 75
62 35
