113
76 38
20 64
0 32
3 5
94 15
80 80
23 43
48 47
31 7
47 19
40 71
36 99
64 89
9 68
13 13
80 86
81 30
27 53
44 15
3 21
9 90
91 52
28 26
58 72
59 3
82 60
28 79
60 31
2 39
47 94
44 42
97 53
26 94
78 22
40 0
5 65
60 63
79 68
93 87
66 41
20 31
60 94
82 45
85 11
43 84
8 54
78 93
53 21
5 79
7 10
63 39
31 48
49 2
35 67
52 69
78 53
87 93
13 22
32 37
15 61
68 30
31 57
38 14
71 33
99 31
7 99
75 4
92 0
22 5
26 99
99 95
2 96
5 37
97 46
63 54
62 79
70 14
99 22
29 22
0 60
89 68
65 97
86 5
92 37
33 0
0 49
55 57
29 32
64 15
47 24
88 75
93 21
40 78
40 52
63 81
55 8
57 54
15 46
56 39
73 58
22 22
58 89
37 84
38 54
37 22
23 47
91 47
62 10
53 25
55 47
77 87
72 53
81 41
