111
67 20
90 42
52 64
30 56
50 94
17 22
94 24
46 39
78 58
32 79
56 5
7 57
94 73
19 30
98 15
61 73
23 84
67 45
55 24
25 53
40 79
41 42
16 68
57 51
42 91
77 75
83 98
16 99
78 5
0 91
4 42
1 23
94 2
95 80
26 15
75 41
61 67
34 94
42 58
86 22
3 53
16 88
26 30
87 40
99 74
10 21
56 35
91 53
38 99
72 50
7 96
63 17
46 79
88 75
14 51
32 39
23 90
82 33
53 69
85 86
10 1
68 90
1 80
45 4
95 57
47 20
29 7
68 94
94 6
92 96
2 36
1 8
22 5
79 13
99 38
79 68
32 24
71 35
12 73
59 95
36 58
71 15
37 6
4 17
36 24
97 25
38 74
52 42
8 58
16 93
45 57
75 57
52 11
16 77
92 89
7 33
62 26
68 67
27 73
78 38
47 30
25 95
16 11
61 11
31 46
45 64
40 14
71 26
86 60
40 48
15 88
