90
83 76
79 90
80 45
80 97
83 35
92 8
26 10
61 43
28 42
83 28
95 84
78 64
71 88
88 80
16 27
52 7
51 24
79 2
17 45
16 11
54 39
53 19
82 13
82 55
16 19
84 23
73 96
69 34
76 16
70 46
0 6
97 55
67 71
98 6
48 22
93 61
51 37
73 70
68 10
16 35
91 30
11 6
76 54
92 92
28 15
52 13
57 49
88 75
71 79
85 45
60 28
67 54
73 86
87 49
72 27
87 18
83 71
75 60
81 64
20 51
1 14
99 29
33 11
52 0
4 30
90 99
45 39
0 1
98 45
99 12
23 43
98 81
57 1
28 26
8 34
18 4
84 0
68 17
50 44
98 69
91 3
65 64
45 29
68 21
83 7
38 32
78 49
79 6
80 86
60 24
