97
98 2
88 50
33 39
87 90
2 3
49 6
13 76
54 31
14 54
95 78
9 11
64 2
79 6
20 92
42 96
29 65
75 30
19 17
25 36
40 1
55 43
82 59
3 54
45 24
7 1
10 65
15 43
45 40
67 37
23 50
93 32
65 91
4 98
61 60
48 75
70 21
34 19
28 76
4 20
76 54
94 57
34 8
62 83
66 52
73 68
25 82
60 26
84 17
37 17
4 10
75 19
81 38
26 46
73 59
31 33
78 47
44 58
37 99
60 99
81 96
77 74
48 58
75 2
92 22
55 8
96 88
40 91
80 90
54 76
57 1
57 93
52 24
94 11
80 80
46 67
27 58
19 80
90 34
28 24
60 44
53 98
37 81
22 61
90 27
61 67
72 94
43 66
84 53
37 21
67 6
69 28
28 92
38 56
58 52
49 10
45 34
71 44
