110
69 44
44 88
50 37
49 52
25 23
8 96
98 70
49 19
10 80
68 91
53 67
34 67
18 44
1 22
53 83
31 18
66 31
91 76
31 42
16 31
53 89
40 25
43 48
59 76
63 44
82 5
3 60
18 64
29 91
67 13
34 3
76 73
81 35
94 6
95 86
75 88
0 30
91 65
46 18
86 11
12 75
73 50
68 69
25 49
50 91
83 67
8 40
60 7
10 56
33 33
71 31
59 93
54 46
34 14
61 59
18 34
79 17
68 83
71 39
40 55
15 2
96 48
99 29
96 99
2 96
28 85
88 50
90 33
10 12
11 95
37 73
92 88
2 50
30 6
67 5
95 14
7 15
76 65
42 67
49 17
10 65
53 98
27 49
99 22
88 45
27 79
53 74
66 98
83 82
33 40
38 64
5 27
56 35
25 25
12 60
79 48
17 81
84 18
40 21
8 32
73 59
44 72
46 36
91 59
40 10
23 22
39 40
83 74
31 25
60 88
