117
9 17
74 82
44 37
17 8
56 40
70 8
30 59
87 41
16 95
37 88
3 64
67 62
89 69
78 95
31 13
68 2
6 23
63 51
28 87
83 78
43 49
6 48
9 79
94 26
46 8
25 47
43 77
5 40
59 34
94 59
24 68
68 78
90 96
78 46
2 7
65 12
4 32
41 22
58 57
42 64
95 75
66 31
27 71
12 83
37 13
17 32
14 51
20 88
39 35
16 24
84 90
41 8
71 49
34 72
33 48
17 71
32 79
94 4
59 93
81 24
91 1
44 95
94 43
15 2
52 73
44 97
66 98
84 26
24 32
98 68
1 69
52 7
73 66
39 29
93 91
62 28
20 99
58 72
76 9
48 57
30 4
96 33
35 95
23 49
84 97
87 49
59 81
9 64
13 88
71 29
41 42
91 65
46 14
74 78
69 12
26 53
24 24
51 90
58 66
75 63
42 55
15 17
79 34
18 64
32 32
58 46
13 32
74 34
49 19
83 74
19 83
74 19
63 62
18 55
16 40
83 85
67 55
