114
67 18
51 87
75 42
54 37
62 51
91 52
42 14
21 76
20 93
79 2
15 52
92 84
33 29
40 78
58 8
12 96
79 90
31 95
49 7
35 70
73 66
89 67
7 37
9 6
45 52
2 21
26 4
96 46
11 59
59 34
23 32
50 95
93 12
68 67
97 85
41 44
52 75
50 29
98 65
34 12
68 3
23 44
47 60
20 68
72 51
83 83
60 88
16 9
40 8
22 60
14 40
29 86
98 55
56 55
82 73
31 71
56 19
95 77
88 56
36 64
60 64
3 75
99 29
84 27
4 96
98 6
75 98
0 60
74 19
78 36
2 96
0 10
99 37
18 7
35 27
60 97
57 1
67 73
44 97
9 78
91 12
86 99
13 22
73 11
29 49
39 28
45 93
76 83
52 71
81 48
14 91
46 45
31 49
18 20
35 91
4 87
69 29
49 10
66 49
12 61
50 80
93 40
19 87
62 26
23 34
77 72
44 30
50 70
64 10
28 60
69 57
82 75
29 36
44 86
