96
25 14
16 26
7 13
16 78
76 20
4 57
3 4
29 4
21 83
28 19
51 90
68 89
14 99
96 30
24 63
53 5
74 25
1 21
11 53
13 90
19 71
19 10
11 20
97 58
94 2
73 64
89 76
60 44
56 22
52 66
99 38
82 60
1 69
93 23
53 98
94 8
67 64
59 27
69 83
86 82
20 51
91 60
66 40
56 12
90 45
61 67
81 24
25 93
86 8
66 95
9 72
28 74
88 54
13 3
59 51
13 26
59 95
81 32
75 84
64 12
9 63
58 76
19 21
17 68
83 71
30 98
71 3
4 96
27 51
79 5
1 80
95 78
75 48
51 83
98 8
1 29
28 29
63 5
99 53
4 93
31 86
74 97
98 73
99 42
84 40
28 10
8 95
68 48
76 56
14 95
66 35
91 17
19 89
81 17
12 61
18 19
