114
3 5
43 40
17 48
86 16
49 83
34 83
87 56
52 64
56 24
28 19
66 79
12 32
17 67
98 4
94 63
79 63
7 11
35 48
3 80
23 25
51 76
86 3
26 75
41 89
64 67
83 39
30 4
99 38
58 9
59 47
83 96
81 81
5 96
97 78
74 32
58 32
28 24
51 48
80 14
22 7
20 40
36 41
52 13
19 80
55 97
81 84
98 48
76 54
68 17
43 33
75 94
44 60
73 37
89 38
91 63
70 78
69 55
60 87
37 53
33 13
37 33
18 15
71 83
2 50
26 99
11 96
2 47
99 22
3 26
64 2
3 0
76 99
96 91
34 68
49 4
2 58
9 79
95 7
49 68
61 98
58 40
7 0
34 91
7 20
4 87
83 32
64 8
79 6
99 18
75 57
27 56
10 69
49 25
18 4
66 39
13 22
86 84
54 68
28 30
27 49
37 83
91 44
64 16
34 23
52 57
87 93
19 30
88 48
61 48
60 82
44 40
13 15
60 55
28 42
