113
45 2
91 56
2 85
67 85
7 40
22 73
67 5
38 43
95 27
70 58
74 20
96 78
53 45
52 11
91 33
84 91
96 60
10 84
3 18
45 70
89 10
76 43
3 62
47 94
28 28
29 45
61 67
7 99
22 60
69 93
3 7
51 24
82 75
28 83
98 8
51 85
46 61
57 39
63 60
30 61
98 72
97 42
2 27
60 43
79 75
13 90
45 54
36 36
54 91
85 48
4 93
10 75
20 94
66 30
45 30
37 72
53 68
47 39
82 64
30 8
82 5
21 23
4 45
1 60
6 1
99 88
30 1
26 99
89 25
73 2
52 0
5 22
21 43
74 22
97 10
72 94
28 79
50 97
82 2
28 21
99 26
88 90
12 42
78 58
69 38
99 51
18 62
67 9
66 98
36 24
51 97
30 46
84 40
43 8
84 25
61 58
12 67
76 67
94 59
35 84
28 67
99 17
11 28
53 85
27 51
37 67
74 32
12 51
68 48
37 51
84 57
84 36
43 55
