112
29 27
65 54
36 48
94 72
90 94
37 8
50 28
49 83
21 63
28 79
92 17
84 33
8 81
10 27
70 86
75 69
18 51
83 96
19 19
37 77
40 13
54 42
26 45
41 35
55 8
87 54
96 33
13 92
50 95
69 42
6 54
4 36
65 18
40 60
66 96
70 76
12 16
80 22
99 24
94 60
67 61
56 12
25 36
18 66
87 42
30 10
44 43
49 23
12 62
33 68
76 43
33 51
14 24
46 16
33 39
98 2
71 3
95 78
52 75
8 98
91 1
99 97
21 1
23 94
3 73
47 92
3 51
55 1
74 18
3 18
99 51
74 76
55 65
69 46
89 7
37 1
93 81
2 88
3 43
64 2
75 61
25 84
12 9
90 69
51 57
51 35
31 1
89 23
53 83
80 7
77 38
90 62
10 47
18 77
48 64
89 88
25 25
56 24
59 80
43 83
18 83
80 91
30 61
49 6
61 91
22 10
40 23
29 51
83 10
18 36
59 76
85 78
