111
4 65
51 52
29 51
29 95
87 97
36 42
2 50
65 78
28 24
53 15
90 31
44 91
52 0
2 93
92 46
56 24
16 35
29 13
78 71
44 40
76 82
46 27
31 69
93 78
98 6
74 25
66 43
59 95
5 15
95 61
61 67
15 70
20 93
96 24
44 84
9 3
9 50
9 32
98 93
45 2
81 24
60 88
97 40
67 54
49 57
36 76
87 58
89 14
0 60
51 25
16 5
14 40
19 60
36 31
26 84
97 34
61 36
53 83
19 25
73 0
4 96
73 8
75 97
96 99
30 4
5 95
10 78
34 60
72 52
0 30
97 73
97 58
33 5
72 28
81 81
58 2
83 9
61 80
30 59
55 63
76 43
51 41
79 61
20 86
37 8
65 97
10 65
35 84
22 9
8 45
14 99
75 43
81 89
25 34
63 18
63 60
25 75
92 73
63 82
59 45
70 65
34 19
12 60
82 50
24 45
44 34
59 27
19 66
74 36
44 17
75 86
