89
95 35
94 2
28 15
37 26
95 28
26 94
66 26
28 6
58 93
93 73
55 73
27 59
96 46
37 3
84 38
54 0
11 52
86 71
87 1
28 83
56 26
94 54
95 22
28 0
61 29
84 24
3 73
17 36
74 86
53 94
9 83
27 51
25 36
35 84
72 14
93 7
12 91
84 55
46 24
26 72
59 86
61 36
91 65
19 60
85 48
19 83
49 83
83 17
48 58
95 91
3 7
2 34
64 70
44 49
2 56
29 99
76 95
2 27
57 3
4 91
28 21
74 55
27 43
87 98
18 2
28 67
19 98
50 41
50 91
1 80
99 38
8 41
78 36
19 25
62 18
79 7
65 91
40 18
13 76
94 17
43 83
28 92
18 51
25 10
89 23
20 42
62 79
37 90
25 82
