119
33 62
38 6
66 28
39 71
20 38
40 89
78 47
2 41
6 1
44 42
88 4
61 64
62 11
27 54
46 12
40 34
55 73
74 26
37 80
52 62
95 78
92 22
11 61
12 16
71 88
93 93
97 53
2 89
94 70
93 34
69 97
71 79
25 31
7 70
13 89
47 27
5 41
28 92
90 26
87 51
67 57
20 46
79 78
44 51
22 66
44 22
82 95
63 21
81 24
28 64
53 43
86 41
11 54
56 25
29 76
81 35
21 51
30 4
94 2
10 21
56 88
22 5
45 2
7 86
98 68
82 7
0 6
56 79
56 94
4 25
79 63
22 93
44 97
2 36
2 91
53 4
90 7
76 62
71 41
20 36
96 46
2 52
68 10
9 6
36 47
32 21
60 64
97 11
47 28
45 63
7 81
37 81
94 65
71 83
78 45
47 23
90 19
43 42
66 19
45 94
17 61
19 83
47 79
86 75
8 36
62 89
37 12
37 58
23 43
76 53
12 26
79 11
90 35
45 54
28 66
18 51
8 45
26 61
29 54
