106
57 25
13 35
93 36
82 64
55 95
42 56
51 34
3 9
70 80
76 49
78 29
61 55
10 52
31 91
2 67
34 32
95 85
7 24
53 89
46 64
75 70
92 76
54 47
59 67
45 2
99 51
28 13
92 10
27 52
2 50
12 67
65 14
74 89
96 92
93 25
25 97
32 82
23 32
17 52
75 39
34 12
76 55
2 29
8 72
93 45
43 79
89 18
23 37
37 5
89 86
48 47
8 36
23 65
50 64
42 24
80 82
13 26
8 42
9 90
67 3
71 97
18 9
2 96
82 3
56 99
74 21
52 9
28 72
57 31
10 97
96 33
58 79
50 97
57 49
12 11
42 49
6 75
89 98
73 11
99 42
85 67
34 87
43 72
43 8
58 62
3 18
23 56
84 49
28 17
66 98
62 32
74 64
13 80
77 19
58 14
65 82
33 57
42 37
90 75
17 72
69 49
77 11
17 34
81 91
50 40
56 90
