116
88 6
93 29
2 83
95 14
58 9
14 51
34 72
71 26
56 30
56 72
42 55
28 14
30 93
94 71
77 11
96 41
62 82
36 8
19 45
27 66
69 5
80 22
44 16
82 29
78 45
56 99
3 11
63 53
2 36
75 98
79 74
97 56
9 90
47 92
56 35
9 72
18 4
4 20
30 29
80 54
78 91
54 53
61 3
37 77
52 77
97 51
20 90
27 56
61 60
66 98
87 81
63 36
93 36
69 69
85 63
47 82
71 84
85 14
42 67
39 38
43 0
93 89
3 51
10 21
37 99
12 1
3 73
41 31
19 72
8 98
99 86
36 48
43 11
2 41
13 19
2 89
57 51
59 20
12 57
28 0
80 45
25 36
76 1
52 0
42 51
25 75
17 91
97 19
4 58
28 20
8 41
53 15
70 76
87 1
62 92
24 51
62 38
93 21
63 75
40 82
37 15
59 15
74 60
61 30
32 83
9 51
89 52
47 57
27 60
72 41
45 39
62 69
17 77
43 19
70 12
52 20
