111
36 40
47 92
13 90
92 90
7 70
46 61
87 23
2 50
61 67
51 35
71 33
74 91
34 76
66 49
89 51
41 97
67 75
30 41
72 23
18 98
26 79
51 85
45 36
70 55
78 48
22 5
4 23
86 70
37 6
22 58
87 4
61 16
3 66
42 57
14 32
3 86
56 99
29 34
87 43
83 85
26 8
20 94
48 19
7 54
27 64
50 51
58 77
87 58
78 26
30 15
53 94
35 84
84 81
13 44
57 56
13 79
82 55
56 83
28 85
43 86
3 5
70 1
46 3
99 86
93 27
88 8
7 1
10 21
70 8
71 97
2 96
99 74
98 96
95 12
5 29
82 75
93 36
31 60
2 98
7 69
33 18
67 16
90 97
1 14
36 34
28 56
94 70
63 60
42 14
83 96
3 75
67 77
20 24
46 53
80 8
28 75
12 54
43 76
83 39
9 13
77 79
70 58
22 73
41 31
92 81
83 32
52 66
14 20
39 51
12 61
31 64
