107
70 3
65 93
96 37
14 42
59 42
90 5
84 48
48 58
67 71
89 89
25 23
50 86
33 46
29 92
76 26
94 15
97 60
67 62
8 47
33 54
84 87
66 18
38 91
87 31
69 80
81 11
6 63
3 11
28 72
8 91
47 16
37 1
56 35
12 71
82 68
11 98
19 9
96 88
33 62
14 38
68 87
48 26
23 87
79 33
2 54
75 6
94 8
40 71
17 32
64 36
80 63
80 95
19 96
53 80
3 36
62 76
41 31
18 0
49 1
53 96
42 16
2 98
82 53
63 53
22 0
7 74
99 80
97 62
32 31
98 13
5 27
34 94
48 47
18 48
49 16
99 28
7 5
43 64
64 15
60 97
90 97
18 64
63 64
34 87
63 44
34 16
84 78
70 8
91 52
98 15
2 47
64 47
14 80
79 23
58 62
46 78
39 51
79 68
54 11
72 93
88 43
64 30
92 79
75 46
88 11
59 27
54 46
