106
38 67
92 90
50 40
54 70
31 20
95 4
46 73
52 18
39 93
23 98
70 23
94 65
74 55
9 60
85 31
31 44
81 92
96 10
26 73
60 6
78 85
36 88
45 63
30 83
2 39
10 10
56 88
42 3
94 48
66 38
25 4
76 67
99 93
51 24
2 54
92 25
54 96
15 91
16 21
25 51
15 70
54 46
74 82
94 56
47 25
72 16
89 4
77 97
69 66
35 46
13 34
30 61
94 38
41 10
46 52
87 98
51 82
81 11
47 15
94 17
67 88
0 92
26 3
66 1
8 54
98 81
8 96
29 36
78 40
98 63
6 19
10 39
79 55
79 70
19 76
99 32
74 32
71 97
25 23
75 4
32 92
31 5
15 54
94 97
15 81
54 72
5 27
35 31
39 88
70 60
89 48
66 17
89 21
24 55
89 82
26 15
47 89
76 97
89 66
46 21
63 73
33 51
23 88
89 55
34 76
79 62
