107
65 12
40 57
63 96
11 2
58 22
55 61
92 22
34 94
76 67
4 98
49 6
92 81
21 69
25 29
8 30
61 38
35 44
13 85
43 8
35 85
67 70
46 31
14 43
53 15
97 38
28 6
95 65
80 93
19 96
79 55
36 63
43 79
9 15
17 54
59 95
55 46
75 29
65 7
96 30
8 38
91 49
40 64
34 11
76 78
2 21
79 34
25 47
8 96
45 46
61 84
39 88
24 63
2 38
55 31
21 23
7 83
23 86
82 65
43 16
68 40
20 15
35 70
36 50
48 53
87 1
0 58
91 1
95 82
13 0
99 53
80 16
67 0
40 31
98 13
18 62
49 1
54 94
80 88
2 50
81 24
10 78
35 97
37 26
70 58
89 5
18 46
51 76
72 4
55 55
65 91
24 4
90 37
64 22
25 69
75 70
28 85
24 44
56 86
45 70
70 23
71 86
61 5
44 26
21 70
51 41
36 34
33 79
