114
66 42
82 77
41 42
24 64
3 11
92 15
25 29
29 95
40 62
44 14
73 55
72 89
29 22
76 31
74 72
31 85
8 41
3 60
61 1
14 91
92 39
91 56
47 83
60 24
97 78
25 44
45 2
86 16
68 96
47 39
14 97
8 31
40 68
56 80
14 12
66 48
85 8
94 72
94 48
83 32
65 18
78 95
33 4
42 37
42 98
14 67
80 14
54 2
98 6
57 49
34 65
62 87
70 70
49 68
83 54
33 18
13 24
75 39
57 93
59 38
72 4
29 75
39 52
21 21
85 81
64 36
3 75
18 0
93 93
23 44
93 32
49 17
2 39
8 56
3 0
98 54
7 75
27 1
1 16
64 65
29 97
18 59
99 24
24 39
0 60
60 99
41 22
49 65
65 9
89 75
6 15
67 63
25 60
18 90
56 33
81 37
17 39
42 58
29 24
92 69
75 48
58 70
47 23
84 22
49 53
39 77
68 80
29 13
46 73
83 40
66 45
32 34
37 13
68 40
