110
84 73
61 55
37 94
42 25
92 33
42 35
20 42
4 23
40 69
4 91
43 50
7 6
76 35
61 74
94 70
47 94
24 86
34 21
68 67
32 27
86 16
70 8
4 43
81 90
30 6
65 93
96 48
96 90
80 52
55 9
7 99
85 8
9 83
66 36
27 69
50 91
36 48
69 51
67 71
49 30
63 7
95 3
68 89
25 95
52 70
95 57
7 50
89 94
32 79
79 4
40 12
81 28
30 52
98 8
58 46
32 87
87 86
78 13
56 86
36 56
72 86
15 95
34 33
40 85
1 67
19 21
3 73
60 31
2 39
40 1
6 58
14 21
99 67
54 51
79 55
21 63
93 23
57 24
21 48
72 94
45 70
92 39
64 52
95 64
49 9
19 43
75 71
13 27
56 99
41 97
10 76
87 1
34 17
69 28
85 48
37 33
32 94
84 40
45 61
65 86
89 7
22 37
40 16
78 17
49 35
78 86
56 78
69 61
34 23
34 42
