114
12 11
20 44
17 31
82 73
59 36
80 18
99 33
26 85
7 71
97 64
61 20
80 33
33 23
27 56
15 6
80 9
74 61
47 45
33 83
40 28
27 49
67 33
65 78
61 1
4 98
96 48
96 90
49 68
96 7
31 67
56 86
0 19
4 87
91 88
89 48
22 5
73 77
37 86
91 65
63 9
49 55
4 76
89 1
97 80
12 27
83 39
51 37
3 11
21 1
56 15
32 32
74 84
90 16
20 79
25 34
73 13
56 26
71 26
43 0
4 47
66 61
72 93
24 64
56 88
99 95
66 52
99 29
41 92
9 56
36 6
44 47
42 67
80 93
9 28
95 16
56 83
80 0
11 91
81 57
12 49
52 5
34 94
94 72
90 33
66 41
31 49
85 48
12 67
76 1
52 20
21 12
8 34
63 53
89 73
78 17
27 60
64 69
94 57
26 79
23 27
12 46
48 76
43 55
65 84
41 39
5 17
74 41
22 73
90 24
25 22
25 42
37 64
79 24
16 52
