110
35 31
71 94
6 48
32 38
81 35
64 4
2 96
19 21
21 3
56 94
63 55
96 23
74 79
4 4
33 91
76 19
5 73
43 7
70 60
17 38
49 51
40 48
78 48
7 17
44 40
52 73
33 73
99 93
88 64
91 1
2 32
61 20
95 80
67 75
73 4
28 6
15 58
81 20
11 81
30 66
51 35
87 41
71 90
89 75
66 29
17 48
13 22
40 67
8 6
67 79
85 55
28 24
4 25
55 45
16 70
39 33
77 64
75 29
79 72
17 97
96 99
53 94
37 99
98 17
18 98
67 3
34 83
52 75
40 1
6 1
85 1
81 96
96 32
98 56
1 63
56 22
3 0
52 70
37 8
21 53
94 38
70 45
9 90
55 50
59 27
37 81
45 98
96 10
40 55
20 21
37 16
8 41
0 16
93 47
25 96
65 91
65 12
20 42
26 81
58 70
36 40
44 25
59 40
19 25
62 60
26 88
55 61
11 32
68 83
13 10
