106
65 75
44 88
16 74
49 48
74 54
26 61
64 6
89 67
93 91
40 14
16 24
87 31
95 8
15 8
13 45
9 79
65 82
46 20
28 87
4 2
4 48
33 3
49 94
56 10
77 41
49 27
42 67
65 25
33 45
13 99
57 54
77 9
81 24
80 71
98 72
34 36
86 91
50 38
13 90
3 9
89 25
6 54
85 56
60 69
39 93
74 87
34 28
12 82
21 65
59 84
18 36
85 10
56 22
62 39
65 64
24 51
61 18
21 80
42 81
50 12
57 74
66 17
94 48
59 99
3 29
21 8
96 33
42 60
78 97
5 95
23 98
31 18
18 0
96 26
98 63
40 2
66 48
41 44
80 82
71 33
90 46
50 99
37 70
80 66
5 9
65 93
80 16
25 25
10 67
73 48
5 83
34 5
34 41
56 33
19 60
59 90
65 48
13 17
25 75
78 26
50 75
74 76
33 51
73 13
46 13
25 11
