113
50 27
15 46
41 79
24 73
5 37
73 77
77 9
30 6
61 7
5 79
58 50
90 55
70 33
42 67
40 1
35 92
65 66
90 5
44 25
20 34
49 69
59 30
69 13
12 1
90 31
4 98
33 51
96 94
20 88
28 24
69 51
92 24
8 56
94 59
74 89
46 3
59 86
52 50
4 7
23 56
75 46
99 29
9 83
74 25
41 85
88 86
75 67
82 5
29 34
4 45
21 14
23 49
23 77
49 54
83 28
44 77
34 58
71 3
59 78
62 23
29 87
60 39
70 18
98 0
95 78
3 62
57 98
96 99
80 93
13 22
91 52
93 76
1 77
4 95
26 99
41 97
46 12
90 44
72 96
12 16
28 16
90 71
41 42
90 97
18 62
51 94
3 68
97 16
96 70
35 40
84 49
24 66
42 69
13 37
47 19
81 98
68 83
39 51
13 92
8 45
57 58
91 79
86 20
40 25
50 42
84 40
62 14
13 77
89 91
27 58
49 62
56 77
30 51
