112
98 2
11 4
8 96
92 92
56 76
50 9
12 80
88 75
83 15
5 42
3 57
73 50
27 40
41 87
26 10
80 7
83 91
61 46
50 72
22 29
23 52
13 88
13 13
46 63
72 59
93 32
31 69
51 24
69 31
94 50
50 91
67 84
47 30
89 69
25 97
6 58
33 2
32 25
1 14
38 54
78 47
70 10
70 67
95 73
28 76
54 39
4 79
84 27
58 13
86 11
16 35
29 86
99 84
61 69
65 18
51 85
92 19
23 84
39 17
20 12
87 63
99 35
76 99
60 99
8 98
54 2
0 21
38 47
54 46
72 84
7 73
22 64
3 0
88 48
99 26
42 2
21 44
34 94
16 29
89 91
38 32
68 23
72 76
45 54
94 43
26 2
30 59
49 17
63 51
14 95
8 47
84 35
46 65
87 72
21 28
47 39
42 9
2 89
76 35
31 76
80 14
22 20
89 84
12 51
38 42
56 66
91 32
43 9
61 82
56 28
38 27
40 76
