104
11 11
71 41
85 67
17 43
44 16
21 54
30 10
6 61
87 41
48 49
67 75
67 9
14 95
70 58
23 27
44 65
43 81
22 79
7 15
41 39
19 62
24 47
11 28
14 51
89 10
92 92
64 93
42 96
92 35
73 11
23 98
98 57
95 82
10 80
49 21
66 41
2 32
61 77
78 58
52 60
15 4
70 1
32 32
94 41
66 34
77 74
40 75
7 76
12 99
62 83
82 0
56 43
30 59
8 47
91 51
62 62
44 29
7 65
77 43
40 52
53 34
51 86
21 39
96 99
98 13
49 6
75 98
82 18
90 97
60 99
99 26
25 83
74 19
82 75
4 91
40 6
80 91
45 59
17 32
27 90
89 59
59 19
39 44
3 55
38 25
37 67
60 65
8 36
48 44
84 28
34 75
66 83
71 46
77 9
13 83
67 66
40 60
86 51
33 44
11 59
55 50
70 76
52 66
71 61
