108
55 67
10 73
30 58
91 40
75 37
63 66
63 55
39 29
95 9
95 77
40 75
25 13
2 19
23 47
93 88
78 24
43 24
60 45
36 63
64 78
46 67
64 50
31 34
5 40
72 96
44 91
1 3
82 62
49 6
17 96
63 21
30 4
90 97
96 46
87 1
96 28
26 91
0 50
81 57
47 48
4 66
9 25
65 91
15 48
55 29
88 73
20 27
30 48
72 85
56 83
95 55
55 21
40 67
78 93
21 56
13 19
87 31
62 60
28 22
46 73
73 64
32 69
67 5
7 99
41 99
10 1
82 5
70 21
42 5
41 90
25 84
59 6
6 48
75 2
12 67
71 22
18 0
40 1
48 98
40 21
39 51
99 38
16 84
88 55
5 33
83 81
46 25
50 44
62 83
86 11
79 54
24 39
13 24
31 84
21 51
35 29
54 52
56 76
61 36
73 66
30 50
58 13
15 41
78 13
50 30
45 60
13 35
48 63
