110
45 58
92 18
4 7
86 17
22 18
19 96
56 99
16 40
30 59
84 95
73 70
12 73
69 44
40 16
91 36
38 95
38 35
4 58
52 64
20 33
22 12
36 65
45 48
47 87
2 47
52 53
44 92
28 28
38 58
70 21
93 76
85 54
52 1
55 19
73 77
69 38
72 93
37 8
1 67
53 81
12 1
95 84
19 69
34 80
94 43
60 38
82 7
43 24
42 80
21 23
65 86
57 88
33 15
67 3
4 98
0 30
87 1
94 59
99 92
4 88
3 18
23 43
99 38
75 59
76 36
23 88
97 16
82 99
90 61
52 18
3 75
55 65
53 34
21 3
8 49
8 91
38 33
76 19
93 32
21 76
35 95
73 66
95 3
97 53
19 48
88 83
52 8
75 46
58 72
37 74
15 91
76 24
45 33
73 86
18 24
49 17
27 43
93 12
12 64
68 71
53 71
91 44
27 76
29 91
29 51
23 25
10 18
86 68
16 33
28 18
