107
68 64
85 24
32 95
1 78
96 18
36 61
81 48
77 9
52 20
49 85
54 4
54 39
5 15
9 52
9 97
76 3
65 62
32 74
34 52
95 12
48 29
53 75
66 22
77 58
67 54
96 46
72 83
13 30
31 11
87 94
6 61
31 80
12 80
30 45
6 10
45 57
60 90
61 7
2 47
69 35
84 88
19 46
87 30
38 41
39 93
30 63
4 89
68 78
83 56
92 22
31 84
13 87
58 54
75 91
21 56
64 74
44 44
83 20
24 84
25 74
98 72
98 0
33 5
26 26
98 63
96 99
15 2
47 24
99 40
3 62
69 99
8 25
53 5
63 39
83 66
47 92
27 1
49 72
2 41
66 98
69 2
21 10
23 34
92 39
49 8
14 95
70 18
9 63
48 69
67 33
80 82
51 26
47 87
29 89
99 28
42 29
78 45
54 11
29 49
68 67
16 92
16 72
88 11
63 27
62 83
21 80
56 79
