107
23 32
4 34
70 14
61 53
35 37
68 74
52 77
33 11
18 2
34 78
62 32
30 58
76 90
48 2
44 27
16 11
70 55
70 25
23 47
47 85
35 27
36 51
62 80
88 75
88 9
7 79
1 7
90 28
91 53
8 51
41 97
64 4
76 47
85 1
17 91
83 73
14 72
19 28
53 28
59 47
11 50
4 25
98 65
37 74
57 92
91 86
78 36
38 20
49 53
37 68
22 79
62 24
80 13
8 42
69 68
29 32
41 79
77 3
56 84
79 83
57 40
75 19
20 38
49 65
66 85
95 25
98 0
1 80
93 36
72 98
91 58
91 95
7 57
38 5
11 4
56 99
61 1
0 72
95 80
52 62
95 9
1 35
15 57
43 11
38 43
37 90
83 98
77 29
85 48
0 63
65 62
46 99
23 53
44 36
89 80
32 81
46 20
66 47
90 19
83 64
41 59
68 30
44 44
83 43
64 77
47 74
19 42
