110
94 2
21 21
11 37
27 51
8 44
65 91
37 86
49 21
66 41
53 74
81 28
94 43
47 32
25 84
29 33
37 58
15 10
56 47
58 16
46 77
14 33
36 31
40 64
77 75
42 1
4 89
97 85
92 68
14 66
58 62
26 99
60 97
10 1
89 18
4 82
6 17
90 58
22 69
48 47
47 94
62 92
87 34
6 1
61 75
90 85
25 11
48 6
21 76
25 91
55 56
30 54
72 93
10 25
44 84
13 55
36 10
41 39
30 23
60 54
28 74
50 79
54 64
35 79
67 1
87 1
65 16
10 99
82 18
96 33
99 51
76 67
3 73
0 17
99 95
91 3
81 96
52 0
62 32
99 66
6 48
97 49
78 38
71 60
64 23
21 8
95 78
37 99
29 36
20 84
98 8
1 40
81 3
81 24
10 67
56 39
33 48
66 24
19 93
6 9
26 33
82 66
22 51
31 67
61 82
44 27
82 11
37 94
56 32
22 59
35 84
