112
12 50
27 96
19 77
82 0
87 24
42 92
91 57
3 50
83 81
57 56
65 82
51 39
96 96
11 11
39 68
18 62
94 48
70 14
93 16
93 74
74 76
19 55
90 7
9 45
5 27
0 83
55 8
25 29
28 6
72 36
46 12
92 39
9 4
44 77
36 37
67 29
3 60
9 79
67 73
38 95
89 66
75 93
52 43
95 1
55 14
24 21
46 67
16 84
24 46
4 15
31 70
10 65
16 40
36 52
53 98
81 96
12 98
61 58
0 30
98 89
1 80
33 5
90 31
40 23
73 0
66 98
52 5
19 96
87 54
20 27
92 24
98 70
35 44
0 65
28 8
70 7
75 29
67 47
65 91
51 48
37 86
52 73
95 16
46 20
7 30
75 7
43 0
60 88
87 58
24 70
21 1
68 23
30 22
45 88
54 51
9 24
82 64
2 56
39 44
16 88
75 81
27 62
42 60
27 86
43 86
77 35
24 37
24 55
8 50
10 78
37 13
17 12
