112
65 64
95 80
91 43
58 36
68 83
7 86
20 40
75 46
25 25
12 62
87 97
39 82
73 24
24 81
30 5
75 63
36 34
51 31
20 84
80 39
15 4
36 63
82 9
36 99
68 96
8 41
21 63
6 63
42 58
60 48
40 5
89 18
56 21
2 94
12 25
52 90
92 35
49 65
43 48
71 15
95 11
73 31
23 46
3 73
65 84
24 93
87 57
20 27
51 39
59 93
78 95
19 12
67 48
21 55
17 31
69 39
14 55
72 53
67 0
80 80
45 4
3 0
97 95
2 26
7 99
96 33
88 64
77 0
44 84
96 82
41 20
1 40
11 4
99 38
9 79
61 7
6 56
86 2
71 65
17 99
4 19
43 67
51 24
44 91
18 0
90 74
21 61
5 47
65 78
21 21
91 52
79 15
41 33
25 40
52 97
45 55
9 90
56 33
61 69
4 34
21 71
81 30
9 19
64 54
30 15
73 78
27 49
84 46
54 39
26 31
17 40
10 53
