113
49 47
20 95
82 98
82 40
82 5
33 18
53 94
80 71
51 17
7 5
91 21
15 69
67 32
40 89
41 35
80 86
31 11
74 62
68 2
2 8
82 23
49 87
49 34
40 10
38 28
5 97
36 65
23 34
98 72
97 55
65 93
63 64
21 80
34 58
5 72
14 23
89 56
61 17
89 71
30 43
49 71
35 1
76 21
59 45
78 51
34 87
58 4
26 44
70 25
26 72
95 64
71 74
50 40
74 10
70 53
27 80
31 33
99 93
8 43
98 4
0 63
4 91
99 19
95 91
0 4
91 1
0 76
52 0
15 52
2 20
64 97
18 8
19 97
80 89
87 41
64 72
45 63
93 4
49 96
15 57
31 1
46 1
49 19
94 48
33 50
74 56
6 78
42 72
98 13
80 80
72 41
67 9
95 84
92 28
98 63
29 18
70 95
12 8
56 24
48 40
55 81
16 88
74 69
87 29
50 9
64 84
83 12
89 64
57 35
72 80
92 13
58 16
79 63
