110
21 59
78 49
20 53
84 63
48 45
89 34
46 78
99 51
67 7
13 81
23 97
25 11
67 67
66 52
38 49
73 6
66 36
40 34
94 76
28 65
13 64
76 76
59 58
68 96
90 97
4 43
45 4
92 17
20 35
6 96
22 5
83 94
35 97
16 20
44 72
4 58
17 80
61 86
61 14
82 53
32 30
14 97
77 17
15 28
50 51
54 11
18 11
49 69
68 82
2 91
38 86
61 3
36 52
7 30
67 59
21 64
55 88
74 42
31 70
25 49
33 46
72 59
27 25
3 0
98 13
93 32
56 30
74 32
53 94
97 47
76 1
3 9
95 82
4 47
44 15
2 81
5 63
24 0
71 33
53 98
92 28
86 79
29 81
4 32
77 11
51 26
94 48
7 79
91 70
52 5
60 97
34 19
43 54
94 36
74 79
8 43
62 26
82 64
53 69
85 17
36 71
28 13
66 43
12 75
70 11
59 79
20 37
44 77
78 26
21 76
