165
34 96
96 61
90 42
66 61
51 35
55 8
86 84
14 49
32 37
1 16
37 77
16 20
96 26
30 54
73 6
56 83
81 62
32 39
49 96
78 47
73 68
9 15
90 30
31 27
88 70
94 55
23 42
48 87
9 90
96 99
98 0
40 8
0 70
70 21
71 97
50 51
18 75
24 0
3 0
1 34
71 42
79 0
94 15
26 99
15 57
53 28
0 85
71 86
90 99
22 75
40 12
54 68
18 0
37 70
0 53
0 31
48 45
64 2
95 78
56 99
96 46
49 30
79 15
94 6
0 74
25 93
72 32
40 1
16 33
71 90
24 4
2 89
22 72
9 0
56 66
66 48
63 5
32 22
41 97
8 54
0 19
95 82
96 24
88 0
71 79
16 15
32 60
55 23
96 45
54 51
88 62
0 4
6 50
56 88
46 1
33 75
7 35
96 94
41 92
78 99
78 26
73 47
49 68
32 52
7 86
31 16
46 5
49 23
65 68
72 17
48 66
15 65
56 45
89 21
31 1
67 84
96 37
26 37
25 20
87 93
8 31
17 84
33 70
81 37
6 65
24 55
66 43
66 27
89 15
16 5
81 57
0 39
64 11
39 51
80 82
31 5
81 41
47 12
64 94
24 87
8 4
7 20
56 79
88 57
38 36
24 52
38 20
55 33
7 75
56 53
80 94
8 39
32 81
49 76
23 30
64 24
39 61
65 78
39 44
90 37
66 58
25 15
24 60
64 32
16 42
