112
46 78
92 85
59 97
44 47
74 32
18 62
75 57
89 23
26 37
70 1
8 47
32 96
40 5
76 73
47 94
33 64
93 29
49 71
59 13
17 31
32 39
86 70
70 66
3 33
1 67
31 80
90 44
18 9
75 97
59 51
82 5
33 7
10 78
12 16
62 30
74 50
77 92
50 51
89 10
64 6
65 77
95 77
7 6
20 94
84 49
49 19
87 98
33 68
25 85
78 21
21 24
69 36
62 87
17 40
39 62
69 70
85 61
78 42
44 62
41 75
7 99
2 52
47 28
98 13
41 97
12 1
0 72
32 24
99 95
0 21
33 0
99 62
17 55
48 45
26 99
2 39
53 30
16 84
62 92
33 46
40 0
99 55
55 13
92 88
70 21
98 17
63 51
25 1
12 67
89 34
68 96
9 24
88 77
94 50
24 47
54 36
25 16
48 69
69 77
70 23
41 86
56 92
36 31
9 55
79 55
22 77
8 36
84 73
62 28
86 88
11 46
42 60
