107
83 34
52 32
16 18
23 40
33 96
72 63
22 95
64 21
12 67
51 48
84 93
33 64
68 78
44 9
22 5
95 25
38 96
67 57
87 44
46 63
92 98
13 28
55 40
55 76
35 88
92 30
60 49
6 52
97 62
56 93
45 2
32 22
27 56
99 95
12 75
98 47
27 80
1 27
71 42
3 60
82 64
74 27
20 37
89 19
89 89
83 74
18 55
94 45
31 4
35 55
10 20
61 67
22 73
23 91
98 40
67 29
11 48
97 86
18 68
74 71
9 64
64 2
87 1
7 90
6 1
47 24
60 97
61 1
36 39
3 5
7 86
69 93
94 6
28 21
46 78
0 83
94 70
65 12
49 6
1 20
52 48
76 93
78 45
94 15
67 18
44 93
7 37
52 68
24 6
37 63
1 80
28 79
67 60
2 54
35 31
45 48
7 8
67 42
27 58
59 27
87 49
33 9
18 52
56 63
90 42
55 17
63 60
