107
79 90
28 30
48 31
27 94
39 68
0 91
75 67
62 92
66 41
31 7
85 38
96 80
92 7
63 22
60 65
33 62
30 40
52 49
40 85
19 15
52 63
38 55
10 76
15 46
75 6
0 48
48 11
94 2
7 20
5 97
85 54
92 17
44 97
92 72
62 87
97 88
25 83
4 67
32 22
21 63
64 48
24 4
47 91
59 13
15 40
59 72
59 32
42 14
98 8
13 12
17 93
40 46
20 38
75 50
16 86
16 30
35 74
65 38
96 99
77 75
81 35
94 57
81 96
96 23
17 61
98 72
62 94
3 11
77 17
52 5
96 46
79 57
77 81
44 29
33 0
78 22
36 61
5 40
32 90
18 55
98 61
10 82
13 22
70 10
61 82
35 29
81 81
70 57
16 67
31 14
45 70
56 92
75 39
53 16
49 53
37 13
35 79
84 90
70 50
90 62
87 45
25 77
55 81
22 22
28 62
43 22
64 82
