110
75 59
83 25
5 20
25 95
47 45
89 12
4 98
3 64
41 90
49 67
78 97
96 76
65 2
39 10
56 18
63 91
38 41
59 38
44 3
71 56
34 82
89 72
12 80
11 46
97 47
3 0
65 75
21 31
27 54
18 75
90 31
74 21
98 4
73 6
63 36
81 79
31 14
2 52
13 24
42 58
18 53
31 73
64 54
56 74
99 15
46 22
82 60
95 82
71 81
46 56
11 72
48 36
16 33
74 52
12 64
70 27
58 62
58 27
54 46
78 69
96 99
41 97
56 90
20 8
10 95
73 0
88 0
31 29
94 32
5 27
21 10
11 48
16 97
40 1
58 6
79 43
87 94
8 80
32 38
34 94
33 60
74 76
89 16
72 91
74 18
36 21
1 67
41 86
89 78
19 80
75 41
48 66
27 48
89 21
21 23
85 36
63 18
61 82
69 44
44 44
17 45
54 64
68 17
63 44
78 79
30 82
36 45
69 37
55 59
81 81
