110
70 71
12 86
43 0
92 83
80 52
77 81
71 84
39 51
63 7
89 27
71 24
35 90
42 66
2 25
22 42
46 12
87 34
13 47
79 42
89 93
33 53
68 77
11 4
97 60
22 20
82 9
18 66
53 87
60 39
4 96
37 86
62 24
54 55
4 47
1 4
19 81
40 8
37 99
82 60
13 21
68 3
30 38
53 77
94 25
33 5
67 18
28 81
68 87
86 79
73 54
34 64
11 94
13 30
58 63
54 22
77 94
62 90
85 50
44 79
67 66
0 70
96 99
94 2
3 62
38 32
54 40
98 17
28 13
10 65
0 19
2 41
95 82
84 99
45 34
95 50
26 66
73 3
7 86
71 33
88 66
64 48
43 70
49 55
20 27
40 1
4 36
44 20
19 69
70 9
78 26
51 70
38 54
23 32
91 58
34 71
4 75
69 89
52 17
53 33
15 57
83 42
89 89
79 61
64 38
27 74
83 78
62 74
27 56
56 28
83 74
