114
14 28
40 21
21 3
57 97
61 63
7 10
6 61
78 47
77 64
93 21
84 93
60 37
2 78
40 10
80 16
81 41
49 53
43 29
87 82
12 71
54 65
51 22
33 75
17 96
32 96
99 99
98 65
97 44
34 55
62 22
50 93
45 4
98 15
72 96
11 50
78 31
17 89
42 38
93 60
30 4
66 48
52 73
87 98
70 16
41 92
7 6
3 21
44 47
1 67
93 32
32 19
80 11
35 87
92 71
72 32
80 86
61 53
85 66
44 19
86 51
98 0
2 96
79 0
4 43
65 80
27 37
9 26
8 43
21 71
65 95
25 0
26 43
7 99
42 3
50 95
70 71
61 13
24 27
17 65
96 50
38 58
2 50
43 77
95 78
24 11
23 98
50 97
5 81
96 93
70 63
19 46
77 26
51 38
80 93
26 90
68 7
55 69
59 45
52 7
76 56
4 36
19 58
5 73
76 71
88 32
56 88
46 60
52 22
22 15
71 37
84 86
87 27
46 12
67 64
