110
36 65
32 89
69 20
46 73
92 88
59 45
11 61
79 59
95 62
16 26
84 22
38 27
91 40
54 8
58 70
27 95
17 67
94 71
87 47
56 83
38 74
86 31
85 77
68 73
85 67
49 81
78 34
8 96
27 47
95 7
11 45
62 37
7 22
4 87
87 98
47 96
44 54
61 14
37 35
64 63
86 13
78 97
23 86
71 42
99 38
14 49
56 88
74 78
12 32
96 55
34 94
66 43
96 32
18 53
83 87
47 89
70 53
69 85
70 48
30 4
15 2
45 2
34 19
69 5
9 11
15 70
99 93
86 5
45 50
42 35
2 52
7 77
59 20
99 14
22 29
39 9
30 69
98 70
44 27
44 42
14 14
63 93
33 71
64 70
77 22
3 64
41 96
27 42
99 83
43 66
80 16
63 53
79 60
55 35
23 17
65 78
49 72
89 78
34 65
92 23
86 56
23 83
67 37
47 35
33 57
31 80
74 87
49 76
34 81
62 78
