99
26 79
76 24
54 27
71 60
38 60
22 68
32 37
73 78
55 70
74 16
23 30
64 39
78 61
70 26
24 4
91 46
83 80
67 44
36 20
20 58
38 47
60 63
79 31
31 27
35 55
59 34
67 55
65 64
41 88
8 27
1 70
99 53
18 75
33 7
16 20
81 76
37 76
48 17
23 43
16 26
40 57
87 18
64 15
84 36
55 63
39 23
26 75
59 47
79 20
75 70
64 22
45 62
34 65
58 56
7 99
25 95
3 0
49 2
5 53
47 92
64 2
7 74
73 91
84 42
25 90
82 61
18 52
8 20
67 85
13 35
10 76
47 39
28 6
92 71
58 78
38 32
82 55
16 37
21 60
39 17
23 22
37 80
85 24
56 77
74 40
22 80
41 35
62 37
10 68
48 78
32 35
30 59
53 60
64 31
73 72
35 50
31 23
63 73
28 70
