113
16 29
40 78
63 51
14 86
3 45
94 31
60 9
48 58
71 86
91 58
59 27
40 7
90 7
55 85
8 54
8 98
74 78
63 2
80 55
79 9
15 52
27 79
47 6
82 68
62 87
35 95
41 31
87 93
78 24
24 68
84 40
31 5
27 47
5 79
63 32
97 14
47 37
43 79
47 94
20 83
4 67
75 17
39 59
87 56
8 45
83 87
57 47
48 31
29 33
78 71
63 24
80 14
87 49
61 79
12 73
37 83
18 46
31 91
1 14
99 74
16 1
8 29
22 5
90 97
95 25
25 23
42 58
63 64
11 98
78 39
24 64
10 21
72 94
26 99
0 83
99 53
42 16
93 78
1 36
63 42
57 62
44 27
62 94
99 46
78 29
9 63
59 12
48 47
22 20
89 78
0 56
53 79
47 64
57 94
72 57
40 32
22 62
89 71
31 11
68 47
89 86
65 94
20 38
16 88
28 68
57 69
47 24
80 62
69 39
12 44
56 22
37 22
68 77
