112
44 19
15 70
46 77
67 54
92 47
6 9
9 24
83 15
83 30
80 77
0 60
32 60
61 86
87 45
64 61
94 8
73 6
22 29
65 44
18 66
54 70
76 60
96 31
18 57
71 72
13 88
30 4
49 51
78 94
45 95
15 2
67 3
41 31
52 7
23 45
37 80
20 89
58 22
3 18
56 99
28 13
74 21
91 87
45 59
69 97
12 73
37 15
50 93
63 7
97 42
61 53
29 22
37 69
45 11
53 83
55 46
21 13
73 84
30 66
80 12
25 77
98 68
4 34
2 98
29 97
0 3
99 25
97 72
38 41
62 28
5 88
94 57
80 27
23 98
16 42
4 25
2 91
88 75
39 51
59 34
15 61
82 53
35 92
24 37
18 7
65 78
7 99
37 77
9 72
95 20
88 72
84 88
82 45
22 22
8 55
65 12
32 37
52 62
73 68
47 17
70 38
89 23
7 17
56 74
37 8
6 63
24 61
56 82
68 17
13 26
32 22
12 14
