112
82 6
7 77
70 80
37 10
57 18
55 64
50 91
11 4
16 29
40 67
14 95
54 36
85 85
45 2
83 15
41 19
42 49
70 3
64 26
49 19
47 28
92 35
11 59
91 65
75 57
98 15
22 75
20 44
65 99
74 32
9 24
41 97
3 75
3 51
60 48
92 85
86 0
27 51
7 3
31 26
26 86
50 95
84 53
28 8
44 74
85 92
85 69
77 22
5 87
12 47
72 28
93 76
32 39
89 27
70 43
78 65
73 11
78 81
58 23
68 96
0 30
26 99
96 33
98 17
40 71
16 24
95 0
63 63
48 45
85 48
96 99
18 7
1 14
20 93
2 54
27 45
18 66
1 36
66 48
99 38
70 65
58 8
74 0
35 89
76 96
57 43
45 59
12 71
39 29
5 44
98 72
43 6
70 73
99 23
21 29
81 37
88 57
89 5
7 67
16 14
42 34
39 11
92 22
55 58
6 19
11 85
64 15
80 80
69 33
31 18
55 17
89 12
