110
43 64
89 80
20 26
53 16
47 49
30 63
2 52
12 3
81 39
46 84
56 32
96 12
38 24
70 54
81 90
2 41
37 92
64 36
47 5
58 88
8 29
73 38
44 69
13 88
1 67
75 4
61 71
96 39
25 42
88 59
22 5
16 95
62 96
16 79
4 22
92 7
18 44
1 94
89 34
55 8
44 49
95 69
47 32
7 72
40 9
79 10
54 64
64 5
25 94
47 90
72 41
47 39
48 24
32 59
26 86
11 41
58 56
90 97
0 6
18 7
94 15
74 19
77 64
80 82
96 90
0 87
2 56
95 75
23 27
78 97
37 6
79 0
3 18
85 54
31 91
79 23
22 10
58 9
42 1
80 69
74 89
0 74
20 42
40 48
37 64
31 99
81 35
42 80
13 26
56 24
66 41
32 28
9 79
81 92
74 25
19 12
62 47
31 74
56 26
46 73
47 9
47 54
11 7
89 82
64 21
51 39
71 29
45 57
56 17
63 32
