110
87 49
66 57
64 15
41 83
44 23
6 15
63 84
29 4
82 5
3 60
44 49
93 76
13 87
87 92
6 37
35 66
37 33
71 44
74 21
6 65
92 70
75 2
42 32
45 4
35 99
23 49
96 34
10 0
63 60
70 76
19 85
69 95
97 49
43 68
89 18
22 38
74 32
12 69
82 55
16 92
71 80
26 29
97 58
40 78
78 36
50 60
31 49
78 73
14 36
71 10
89 38
31 89
50 47
15 49
80 33
91 60
35 41
98 0
95 91
49 6
0 87
3 0
26 8
90 97
18 64
47 83
0 70
87 1
47 26
4 45
63 75
28 17
13 15
56 92
15 98
60 5
63 36
93 33
98 81
40 65
2 54
31 84
40 1
53 21
90 10
78 76
72 52
15 80
70 21
99 40
55 65
13 6
76 91
43 26
37 84
41 42
22 60
38 8
89 22
54 11
10 65
70 25
14 44
19 80
73 64
79 48
18 61
80 86
80 9
25 77
