108
63 9
89 51
31 82
68 25
9 63
48 32
64 91
41 90
22 18
32 35
89 76
55 50
40 65
0 6
73 56
49 85
20 40
71 33
51 26
80 72
5 74
12 5
41 31
63 44
86 5
4 23
95 20
40 5
56 65
64 2
74 74
98 70
21 78
14 42
34 57
33 7
3 62
16 84
78 51
23 25
6 27
48 96
52 73
39 42
3 11
37 80
76 17
43 15
71 44
12 69
59 15
33 86
13 21
78 39
61 24
50 40
29 31
96 99
96 35
16 99
90 97
99 51
94 4
95 25
79 4
95 82
8 45
27 58
4 89
97 55
25 99
78 91
55 0
73 66
6 1
52 66
98 8
28 10
59 81
35 50
1 67
41 97
96 46
18 62
17 43
48 3
86 29
91 54
2 54
7 8
44 24
46 65
76 59
68 17
21 65
7 37
56 39
49 80
23 27
83 12
40 58
26 88
14 47
22 73
52 20
89 61
33 16
35 31
