113
16 77
48 80
82 75
40 12
13 90
36 61
25 27
57 34
15 52
56 96
70 55
72 13
34 43
55 4
49 19
65 32
84 60
37 74
69 22
58 43
10 8
41 97
99 38
83 98
89 18
2 36
60 97
92 35
23 98
8 56
42 58
1 20
64 65
16 11
10 75
87 81
91 65
85 50
27 45
50 42
41 22
5 1
16 71
73 29
43 64
8 43
73 48
16 60
19 83
46 12
58 55
69 88
4 82
31 58
3 62
50 88
25 75
66 40
23 49
49 51
98 0
99 97
98 15
20 27
73 0
31 3
65 78
35 97
55 1
81 96
5 26
97 33
0 58
34 81
34 28
0 10
40 3
70 16
58 72
88 50
20 96
92 66
88 10
1 67
21 23
77 81
40 0
51 27
90 42
52 73
32 96
17 43
73 63
42 46
1 76
82 20
81 39
33 64
35 90
57 19
69 71
86 71
54 70
8 33
49 31
22 60
25 36
61 16
26 92
42 73
50 16
16 66
49 62
