114
59 45
3 18
65 78
89 71
40 5
43 43
63 21
79 76
19 72
99 29
45 61
82 55
39 91
30 4
30 48
34 30
15 61
56 83
34 67
87 29
5 14
60 67
44 29
10 75
57 36
34 58
16 93
84 93
98 50
14 49
52 4
25 19
75 97
67 51
2 3
20 4
50 91
90 44
50 20
25 76
85 61
67 62
66 37
19 50
50 52
21 87
47 24
71 85
34 41
46 78
77 61
28 78
60 55
25 68
52 36
40 54
89 10
73 4
0 94
96 99
95 14
1 77
10 29
83 39
64 2
45 2
11 46
23 98
95 80
60 99
80 20
92 95
10 21
15 46
28 28
53 98
3 64
69 22
25 11
99 38
49 72
9 6
99 22
84 19
59 19
40 21
64 70
9 70
38 89
3 55
20 26
76 88
86 46
79 11
49 61
30 72
19 47
49 36
92 37
72 30
60 88
68 12
25 34
53 17
30 63
19 78
42 46
26 46
50 46
51 28
35 30
27 52
26 37
41 37
