102
3 3
2 50
30 4
25 47
1 67
45 2
3 18
35 27
42 80
45 57
18 75
20 93
1 82
20 27
5 33
38 95
45 42
3 97
22 5
22 60
37 20
33 75
20 42
40 57
1 33
40 42
15 2
3 60
22 20
3 75
42 3
37 90
42 75
4 90
45 27
18 70
3 17
5 42
35 42
25 93
3 57
10 2
45 93
37 3
20 53
40 27
25 27
4 25
43 65
25 77
22 1
1 42
10 93
45 12
3 9
43 50
25 68
30 93
10 78
25 38
40 12
43 70
15 93
20 12
43 35
10 57
10 27
43 85
10 42
30 27
30 42
5 67
5 82
25 12
35 57
10 18
27 85
18 65
15 42
30 12
30 58
20 83
15 27
15 57
13 10
35 83
35 12
35 67
10 67
12 85
32 35
13 35
33 50
12 50
15 18
30 68
46 18
30 20
20 35
25 58
28 78
13 78
