113
76 28
70 74
26 15
62 10
86 72
61 59
49 43
51 6
85 62
97 47
49 74
19 87
56 92
4 23
20 35
78 97
40 60
60 41
29 33
71 86
54 33
77 61
80 66
40 46
85 8
3 73
95 25
18 64
2 54
24 11
87 1
40 78
70 3
76 31
87 88
14 96
71 97
19 17
9 81
40 12
33 55
88 81
66 3
76 54
55 50
11 61
49 21
84 26
68 34
29 51
14 20
44 33
92 61
20 26
29 26
86 54
79 77
34 94
0 4
4 43
94 96
1 80
42 1
89 10
55 65
49 89
29 93
4 36
25 70
95 91
57 58
4 89
84 46
25 4
34 88
82 5
8 54
40 67
74 25
11 39
41 17
62 89
5 14
99 57
25 89
94 72
58 11
17 54
33 66
36 36
79 93
89 21
68 30
15 6
73 4
34 8
44 37
66 48
38 54
18 51
81 41
14 33
78 81
3 49
31 11
49 62
53 43
33 58
35 42
83 19
11 27
79 69
35 20
