114
2 50
55 46
21 32
77 33
21 17
9 56
13 88
68 83
89 89
93 9
2 31
22 7
83 96
83 30
20 86
66 91
21 51
91 14
63 72
87 38
67 44
90 32
43 77
52 18
73 13
39 97
37 26
9 71
93 68
53 28
40 69
70 3
84 74
12 14
25 36
3 75
98 6
18 55
92 96
3 55
11 96
47 64
73 99
52 39
58 19
97 31
20 92
68 32
8 40
45 36
35 64
15 20
6 81
9 51
82 53
3 5
56 99
43 11
39 93
27 1
91 53
99 74
68 68
75 2
24 66
0 6
37 17
36 51
83 81
51 48
37 86
54 11
66 98
30 36
70 4
68 28
73 64
12 1
52 73
50 93
98 17
12 71
60 48
28 5
30 33
22 86
39 51
72 28
75 46
3 66
83 89
2 47
93 45
46 78
27 54
57 54
28 92
89 16
18 4
28 76
43 15
72 83
17 39
46 84
62 28
27 11
83 32
53 78
24 39
28 20
83 17
60 33
37 77
28 24
