111
5 76
92 73
66 32
2 50
61 14
86 5
46 67
85 56
28 74
44 90
87 33
20 25
38 19
54 11
93 7
83 71
40 58
2 82
56 26
74 18
93 66
15 2
19 96
23 43
0 17
61 69
63 53
21 58
62 85
84 90
3 35
87 41
47 94
33 9
38 47
2 91
28 80
5 65
24 64
32 26
91 51
38 95
5 15
61 2
20 81
78 15
83 81
16 31
46 60
56 96
28 10
98 49
78 9
14 49
51 24
37 79
52 78
10 82
29 53
11 37
25 18
40 73
36 64
90 97
71 33
63 51
99 26
99 81
45 2
98 4
14 97
68 80
78 97
29 97
6 66
51 35
35 27
24 0
67 60
98 72
98 13
2 52
78 49
8 32
51 41
81 30
35 35
83 66
98 48
58 75
43 11
18 9
70 10
21 73
66 42
89 10
77 66
72 25
17 91
51 52
20 38
36 52
35 20
22 90
76 64
62 26
13 74
72 42
69 17
28 64
34 15
