105
28 69
54 58
16 42
85 1
71 37
4 4
50 43
77 49
9 92
72 21
68 91
72 73
31 48
92 46
16 86
13 10
57 97
15 34
75 97
1 98
84 16
68 32
58 55
69 81
32 55
2 12
4 84
47 79
34 15
92 90
34 96
56 15
90 69
73 64
8 54
99 97
35 35
99 3
52 38
45 73
25 89
65 12
80 16
96 81
39 53
76 31
53 84
34 73
57 21
69 88
77 6
42 25
57 66
84 25
50 54
62 92
61 34
46 46
10 69
99 19
0 30
50 0
33 9
90 97
32 90
73 55
18 11
12 58
50 99
67 0
97 31
33 30
7 99
0 4
19 74
18 0
86 47
48 6
27 54
84 93
49 74
34 72
28 6
9 19
87 31
95 8
75 58
16 93
50 27
10 78
41 90
35 50
77 76
15 2
53 30
85 52
70 47
69 15
33 57
69 65
31 80
41 33
64 16
19 66
48 64
