113
5 40
72 36
13 85
83 91
93 64
96 22
5 60
69 77
51 35
32 90
33 75
34 30
97 49
21 56
68 12
50 80
45 61
14 29
90 94
88 83
82 15
9 4
77 61
38 15
63 5
89 34
7 99
13 77
62 92
70 55
90 5
29 7
74 40
2 57
36 63
31 82
1 84
61 75
35 22
49 48
97 14
73 11
30 63
81 30
4 95
13 55
54 86
91 75
15 98
82 45
39 86
76 89
23 71
39 74
53 28
45 4
32 37
10 25
12 7
97 58
99 38
16 40
64 57
98 2
50 20
99 90
55 95
49 43
1 80
98 68
28 13
73 0
99 29
54 59
58 4
13 19
32 48
74 30
16 93
29 32
84 93
56 37
53 10
77 74
0 49
92 66
5 75
54 74
70 21
19 10
92 30
21 58
23 93
73 45
18 75
70 65
17 43
80 9
44 20
57 45
7 79
76 40
28 78
69 83
89 21
79 68
28 26
15 50
81 37
28 65
23 86
34 71
13 66
