105
24 68
90 85
8 98
34 8
9 74
87 27
62 13
22 38
49 50
75 34
9 66
95 61
80 16
25 27
96 92
34 69
11 47
73 45
70 12
90 21
61 51
18 57
10 8
37 86
64 70
47 26
53 98
80 67
42 3
28 94
58 79
19 23
44 44
13 8
97 12
12 91
29 45
3 73
89 76
84 93
99 31
49 10
28 85
88 59
48 97
26 8
3 56
64 27
80 75
55 3
59 42
37 51
53 21
20 32
22 51
19 78
42 9
37 19
15 51
73 26
79 0
42 67
95 3
4 36
94 43
66 97
3 7
81 92
43 70
58 70
95 6
64 2
10 23
50 95
73 70
32 96
90 37
65 86
88 52
4 75
54 51
96 88
38 43
6 51
17 97
73 60
58 62
73 11
19 72
48 36
49 80
27 12
68 19
33 51
0 63
57 34
81 83
73 59
16 90
25 75
53 18
58 60
19 17
56 88
26 17
