116
53 84
47 20
4 96
31 80
89 76
36 50
22 9
96 92
20 99
67 6
7 12
81 52
94 72
44 27
36 58
78 67
40 66
16 21
55 9
84 36
18 62
63 60
83 15
70 89
5 42
68 32
30 4
27 41
96 46
11 59
90 31
59 47
47 81
11 37
98 61
62 32
2 85
32 90
62 90
38 43
2 56
73 70
77 2
75 52
22 2
52 75
95 82
40 14
59 40
73 8
17 40
20 21
91 56
66 47
88 84
47 35
28 17
65 75
62 19
12 33
75 41
88 64
52 26
47 99
9 79
99 29
93 5
80 93
0 74
40 1
25 95
25 75
1 27
65 99
11 4
58 62
41 97
99 38
73 0
5 90
83 23
42 51
67 24
95 94
72 94
33 73
32 24
24 0
21 44
7 64
50 91
90 46
4 36
52 66
87 93
62 8
26 60
43 35
9 17
77 15
55 56
14 90
32 43
55 75
75 57
82 73
8 43
37 22
28 58
9 24
28 28
46 73
12 9
80 78
68 15
21 49
