104
44 93
95 3
59 97
58 61
42 25
53 87
81 48
82 20
11 48
45 6
26 92
0 76
95 75
28 10
85 95
6 33
25 74
50 51
53 23
9 63
68 71
70 22
32 98
42 10
67 3
27 56
5 97
66 41
7 13
98 56
98 13
9 79
42 58
61 5
80 75
9 6
32 25
83 58
86 28
51 35
62 90
76 43
53 67
47 82
22 36
91 54
74 25
15 63
89 82
57 51
92 8
35 46
36 71
62 79
91 47
73 52
19 18
57 31
20 58
40 82
41 22
60 45
4 30
76 1
2 96
78 97
99 38
46 1
9 81
3 0
41 97
77 77
20 95
2 54
93 23
26 15
25 77
35 53
52 5
35 97
37 30
59 20
10 11
19 43
96 46
57 56
73 68
66 20
9 64
25 71
11 46
22 13
81 32
17 89
38 35
30 61
74 12
56 26
65 62
83 48
66 36
15 74
50 38
66 56
