111
87 41
86 18
10 65
52 48
50 17
11 82
78 58
49 83
19 30
4 36
28 85
94 90
65 26
52 75
21 67
25 29
48 95
94 49
94 33
44 45
8 43
79 45
44 76
37 86
82 73
98 2
67 11
78 95
49 1
32 14
10 97
27 56
63 64
64 93
25 36
98 8
65 73
60 26
80 64
45 54
47 10
66 90
77 22
20 86
76 38
23 44
54 43
41 18
50 91
58 11
9 74
70 75
69 55
36 27
84 28
84 54
14 40
15 2
0 8
98 74
83 3
99 93
0 21
16 13
0 58
99 67
75 2
30 61
83 98
4 89
99 17
17 8
59 32
97 58
99 38
41 33
35 99
77 3
47 68
2 28
79 90
94 96
25 59
6 48
56 99
12 1
57 1
13 92
69 48
42 69
21 23
62 17
44 99
94 43
65 78
21 76
77 11
89 78
59 93
60 37
54 54
16 21
75 26
78 45
50 33
15 52
56 17
9 17
75 18
10 32
51 26
