113
47 26
33 55
18 93
11 24
6 78
45 2
91 52
1 3
75 59
89 14
72 89
62 10
88 29
40 84
37 35
11 37
4 93
93 9
34 9
16 28
46 43
6 29
48 58
56 86
15 57
21 78
22 5
64 15
58 62
89 34
94 59
73 68
56 79
62 22
30 46
25 89
37 20
90 44
87 1
4 45
33 64
51 64
6 69
88 67
26 24
82 2
45 88
11 13
61 18
21 56
67 77
29 77
82 52
37 11
84 16
22 48
45 49
38 70
26 15
21 66
40 46
92 88
72 94
90 97
95 82
67 0
2 99
67 47
6 61
68 30
3 9
0 76
88 82
18 7
60 97
97 49
67 62
52 2
37 0
99 13
1 30
60 47
53 28
90 88
75 50
22 0
81 32
7 6
23 84
22 31
11 46
52 7
57 43
96 24
37 26
5 81
5 28
43 64
56 26
58 70
83 25
68 11
28 0
37 41
1 21
10 1
45 11
21 21
84 40
52 18
17 31
45 34
29 15
