107
51 35
47 94
90 15
5 95
83 96
16 42
86 73
69 42
62 81
97 46
33 52
30 22
50 11
84 0
11 37
56 72
17 84
2 81
80 90
35 39
64 38
44 40
1 14
32 90
74 21
11 61
96 30
28 68
58 62
18 9
53 96
87 56
77 72
79 41
13 66
39 75
32 98
28 37
4 43
6 1
62 10
46 55
17 93
94 46
73 97
42 18
80 80
77 9
63 51
13 78
46 36
96 53
84 38
8 93
52 88
26 54
90 33
21 75
68 72
35 27
70 81
26 81
99 88
98 0
42 1
98 15
95 71
10 21
61 1
68 25
11 58
9 24
34 17
52 57
57 99
99 10
47 77
81 57
79 15
99 29
19 21
42 7
59 27
20 37
0 73
89 72
1 34
47 72
54 53
36 52
67 9
79 36
27 15
59 36
23 91
95 20
79 65
94 38
51 26
78 42
63 46
41 67
87 5
16 27
44 51
91 53
35 44
