110
56 59
98 15
28 13
56 74
79 36
70 38
31 67
36 52
1 71
37 92
61 13
2 25
96 86
97 69
59 34
30 6
21 60
92 9
37 17
48 44
56 23
40 59
25 15
64 22
68 96
76 1
99 31
80 75
17 32
1 80
37 33
38 98
6 65
72 91
76 19
30 75
85 65
46 82
70 1
55 49
64 81
7 52
49 97
32 44
22 5
21 21
89 16
44 22
67 4
5 71
46 64
71 29
41 44
64 31
3 5
20 90
1 95
99 38
87 54
92 90
45 6
6 1
1 20
2 36
70 53
57 98
88 0
5 86
87 93
20 82
64 57
79 55
97 60
32 37
84 38
46 75
94 1
76 96
25 67
61 72
80 80
31 82
95 22
20 28
79 19
26 52
13 88
56 90
40 67
52 11
35 37
54 39
28 91
74 19
89 80
72 87
9 17
37 13
49 82
79 45
30 59
49 67
39 32
24 44
73 7
80 27
31 69
45 52
91 26
67 16
