110
42 44
47 68
63 60
95 36
74 67
71 97
26 46
19 72
5 42
80 20
13 17
49 3
44 24
46 91
70 89
2 27
47 61
9 48
20 63
76 80
38 62
55 65
67 79
59 32
4 96
64 2
1 67
25 95
92 96
92 76
75 44
89 21
28 79
25 23
92 39
40 1
99 76
74 36
17 3
32 94
10 82
55 3
70 64
31 41
2 59
16 42
95 27
61 84
37 78
61 44
76 88
82 47
10 63
10 36
80 29
31 66
36 87
27 53
56 76
82 36
94 4
0 1
98 54
40 21
86 5
60 19
32 4
91 91
53 94
91 54
0 6
4 87
5 21
64 15
50 40
58 0
97 38
35 26
76 95
17 18
0 44
91 81
66 48
85 61
65 25
19 87
61 95
25 46
48 59
70 8
63 64
50 24
25 11
5 72
0 51
65 29
52 79
25 34
28 72
63 59
87 76
10 57
34 31
31 82
72 69
40 51
68 85
16 29
18 51
61 77
