108
94 72
9 74
30 72
59 66
68 30
5 95
40 10
16 31
12 9
37 30
87 93
81 12
91 42
84 57
38 53
28 85
56 74
69 14
61 29
88 68
37 81
7 85
88 83
28 19
73 27
68 96
6 50
61 48
30 4
94 15
93 34
53 83
45 46
46 14
10 25
30 50
13 70
76 53
7 3
8 96
75 4
34 87
53 25
31 66
92 8
18 48
33 29
0 74
91 60
0 12
54 61
17 25
0 89
33 61
45 35
81 45
68 19
18 56
16 80
17 87
20 66
71 81
49 98
2 50
66 98
52 5
95 91
99 42
98 6
89 27
73 72
56 81
43 99
67 3
5 27
54 46
33 0
27 97
99 67
97 23
76 60
96 83
28 10
76 35
5 65
8 46
25 34
91 52
49 76
46 20
90 83
7 12
45 51
69 55
31 8
65 78
25 25
46 36
39 61
84 36
8 54
66 63
69 40
58 13
83 19
28 70
13 16
31 19
