107
17 96
50 53
89 76
34 8
1 59
60 61
76 86
98 13
23 43
90 33
33 68
60 19
37 23
88 51
1 42
16 4
56 38
22 65
34 46
92 22
40 10
44 28
87 85
59 25
13 34
35 13
25 9
53 81
79 2
63 0
16 93
72 94
78 49
37 77
1 73
19 25
16 77
98 67
44 92
18 49
83 28
60 88
61 53
52 71
80 93
5 33
92 28
85 43
30 47
66 29
79 78
8 57
28 72
34 39
45 74
32 18
10 8
1 80
97 58
67 3
3 18
76 67
20 93
37 90
92 94
88 6
75 24
55 8
97 60
47 96
14 97
69 46
91 97
6 61
51 35
5 40
99 38
64 70
38 56
34 3
76 97
77 18
19 17
74 34
18 66
66 54
23 49
68 78
20 81
25 1
29 32
43 64
87 58
62 15
90 17
61 63
11 81
68 85
86 73
44 84
28 65
29 88
84 34
16 40
22 18
33 58
79 79
