113
76 36
41 39
23 40
45 84
16 4
69 38
23 31
82 73
28 79
55 63
27 58
96 98
74 13
37 2
46 17
91 60
40 60
13 65
63 8
49 79
47 59
37 92
59 74
30 52
94 2
8 41
12 82
68 98
21 8
59 34
65 82
94 48
29 95
3 57
81 91
2 86
78 21
30 23
97 70
86 5
67 5
78 36
53 32
31 7
50 94
46 6
4 65
29 73
25 47
61 29
83 39
66 48
76 3
41 26
44 67
2 73
70 21
16 42
49 87
1 14
99 29
7 99
75 57
98 81
1 3
0 23
1 41
65 91
87 98
93 12
80 72
16 8
90 55
34 94
38 41
61 1
64 63
19 80
1 50
1 34
80 88
21 63
60 44
32 24
21 1
44 99
45 41
37 8
17 27
82 81
87 1
84 51
60 48
70 1
19 89
34 76
53 23
4 11
66 83
68 19
88 66
23 49
58 59
19 73
86 11
75 39
29 88
46 91
38 18
22 16
15 34
30 46
32 32
