105
64 15
9 4
36 91
89 21
45 4
72 83
59 49
24 2
46 71
28 30
23 49
56 94
99 81
6 37
34 94
79 15
62 39
3 11
31 62
53 54
18 19
34 22
83 27
56 10
71 12
56 82
13 42
16 93
85 48
12 67
1 93
10 76
89 76
94 48
1 60
38 37
73 95
27 71
94 9
10 21
74 32
93 87
49 17
92 32
83 72
34 6
53 39
56 22
25 95
7 83
23 40
18 6
49 86
96 21
28 80
23 21
81 8
43 7
51 48
71 37
69 83
50 13
37 81
17 32
64 26
61 67
92 96
98 63
78 47
38 45
88 0
3 57
43 64
41 97
99 38
91 65
28 55
54 64
74 76
7 22
10 82
49 1
70 48
84 91
21 47
94 70
41 33
7 26
43 63
71 72
13 67
28 13
87 43
54 2
89 16
57 79
12 52
9 11
72 28
31 69
87 56
26 15
30 47
63 11
15 57
