117
91 60
54 68
62 32
89 79
12 39
62 69
9 92
28 26
48 53
10 9
35 2
55 9
74 19
72 41
8 43
32 39
5 12
52 24
82 65
51 73
69 25
40 50
96 33
71 97
12 69
53 96
26 92
82 4
88 95
99 51
13 24
4 87
64 48
30 54
3 59
67 4
25 5
35 91
19 96
98 68
49 17
53 32
3 0
86 11
4 27
78 97
79 56
66 79
29 45
8 49
7 80
10 28
70 19
21 10
44 27
27 32
78 16
40 40
35 69
50 91
98 0
92 35
40 1
81 80
36 71
4 96
68 96
99 29
63 53
52 2
96 80
23 54
0 70
83 96
6 1
44 97
98 63
28 87
79 43
29 21
66 72
99 38
18 62
52 9
51 85
1 77
89 20
12 44
31 80
3 18
47 37
37 20
71 35
83 71
20 8
46 65
11 77
62 90
2 34
24 61
20 24
64 43
58 8
88 50
87 88
16 93
55 63
46 80
73 68
35 17
62 24
23 49
44 86
16 84
32 28
28 19
13 16
