117
64 2
29 91
44 44
45 91
86 28
73 64
31 1
3 7
7 87
47 72
96 33
74 7
75 36
59 10
71 50
95 21
40 78
13 22
11 59
95 80
60 88
92 96
34 25
28 63
29 43
62 35
4 30
42 1
95 12
9 4
98 74
67 66
5 79
25 79
59 17
14 48
36 61
9 26
96 90
39 42
77 0
69 33
81 85
40 5
57 95
22 91
64 57
67 18
95 27
4 22
31 58
81 45
58 79
28 85
73 61
22 33
17 58
43 67
52 5
86 18
65 27
52 11
97 58
4 98
0 63
75 84
54 51
88 62
4 43
0 4
99 95
91 43
98 6
38 96
6 63
88 64
2 41
51 26
13 94
82 2
28 8
29 32
83 81
21 76
57 1
58 66
65 82
30 98
37 10
46 36
71 42
6 61
82 60
80 27
14 42
12 9
66 91
37 60
41 88
21 67
52 66
83 10
84 90
88 54
21 48
36 48
56 86
73 57
89 69
0 56
14 79
80 35
21 51
73 73
20 86
15 70
63 73
