114
28 65
12 14
12 48
35 11
37 71
35 27
19 96
80 62
29 42
66 91
7 80
87 17
68 45
63 71
12 3
32 81
12 60
78 90
83 8
68 35
23 42
23 88
78 16
97 58
98 81
52 7
50 42
47 96
67 0
95 96
10 21
28 26
93 25
4 91
8 38
43 65
78 45
39 93
2 54
29 49
49 8
70 67
69 97
47 32
62 82
4 70
4 6
63 30
83 28
31 16
40 80
11 32
71 9
24 80
6 48
14 65
84 71
54 88
17 86
69 78
41 75
17 12
51 48
99 51
87 1
2 98
93 98
38 96
45 50
98 10
51 23
95 50
98 29
1 80
88 75
69 51
21 65
54 2
78 95
30 27
2 23
48 65
68 28
0 83
53 30
66 52
94 8
50 13
35 48
1 14
34 15
78 34
8 96
89 91
79 72
25 97
79 52
12 39
30 59
52 73
41 90
78 24
53 54
12 29
22 75
38 32
85 60
37 64
23 49
14 33
73 43
53 81
36 23
37 75
