107
43 64
25 8
36 43
54 48
71 67
31 16
6 61
28 79
3 7
90 46
92 26
49 80
77 10
52 98
48 14
77 77
27 43
79 61
37 79
89 18
47 41
92 88
5 27
7 86
22 60
94 70
75 93
10 8
47 24
87 41
25 23
71 20
64 48
61 5
95 62
95 9
13 80
37 58
77 96
96 41
42 9
72 78
65 22
70 48
96 77
94 57
22 73
15 48
16 33
49 1
32 23
37 87
52 61
29 8
62 77
80 22
78 58
50 87
76 28
39 51
86 73
85 87
37 22
83 66
38 12
98 0
19 96
34 94
76 3
1 44
95 25
4 89
1 22
6 48
27 1
56 24
21 56
71 37
13 88
83 94
41 97
96 46
98 15
47 39
54 68
12 71
63 44
79 43
53 5
21 48
62 64
37 66
67 86
18 8
58 9
42 1
53 32
22 66
79 45
62 52
62 32
37 73
66 76
79 50
47 21
70 60
88 58
