113
86 13
31 58
85 92
82 20
88 84
3 5
51 35
22 7
16 42
60 92
52 68
66 42
38 15
96 65
70 16
50 88
54 22
78 33
38 29
4 96
96 46
70 76
34 83
9 72
20 38
16 95
85 50
18 9
24 68
4 34
3 51
67 64
67 48
61 6
44 53
0 89
88 69
93 87
32 37
75 91
16 80
7 11
41 68
27 0
14 49
70 12
59 38
97 97
11 32
42 37
31 52
95 54
74 31
77 15
53 80
78 76
33 63
89 97
66 34
40 57
20 61
43 0
1 67
98 13
34 94
5 27
1 3
95 69
54 2
98 8
35 22
70 58
44 99
99 24
66 95
94 39
20 27
42 5
16 88
94 1
5 57
87 54
55 63
71 99
20 15
16 72
37 73
73 71
48 45
5 20
51 17
7 87
75 49
7 1
56 73
59 32
35 40
92 22
80 69
52 57
89 7
8 42
31 74
88 66
26 24
90 81
75 46
28 83
58 68
24 48
44 24
81 41
33 46
