112
86 68
25 68
75 49
44 47
64 15
95 91
37 86
67 71
71 86
17 52
0 76
29 29
4 17
47 81
17 32
36 45
61 53
58 86
74 56
25 55
31 35
95 12
2 52
56 30
9 2
63 5
94 70
87 1
89 16
76 40
7 74
78 94
32 20
30 88
5 27
65 25
97 60
70 10
44 51
4 47
56 92
95 20
28 73
13 11
81 48
76 67
95 3
41 90
89 84
60 10
29 50
66 48
73 72
8 23
25 47
47 91
69 40
16 20
19 59
30 4
14 93
92 35
99 51
47 30
2 98
45 63
37 1
74 87
80 16
99 31
20 99
96 85
22 5
59 45
22 73
98 68
58 0
0 8
37 13
56 71
77 31
51 48
38 96
89 91
79 4
92 39
62 30
3 63
63 91
55 63
22 68
20 35
40 62
72 0
62 22
92 22
77 22
44 36
48 97
25 35
7 12
31 80
82 60
59 49
10 59
40 47
52 79
47 34
25 37
68 32
62 82
70 15
