104
80 14
35 28
55 52
3 4
95 57
66 35
60 2
44 36
45 58
87 41
9 79
30 6
98 6
71 92
32 85
52 5
37 13
83 25
67 3
56 35
31 38
26 15
44 29
76 67
95 80
53 96
3 62
47 76
2 27
99 21
7 88
6 1
99 86
30 98
80 70
61 59
5 53
39 51
65 25
45 6
58 79
23 36
88 2
37 67
2 78
71 48
75 82
71 20
50 29
41 83
86 57
90 30
34 66
91 76
46 51
18 14
50 20
60 87
45 93
64 53
33 21
72 33
68 72
50 37
78 33
62 30
18 62
8 43
13 94
8 47
4 95
11 20
90 42
92 88
37 99
22 77
33 0
83 10
15 4
68 87
67 9
18 55
13 30
79 50
60 69
38 82
22 92
15 70
85 65
62 94
49 10
40 76
83 83
45 61
56 92
52 13
87 29
60 75
64 48
79 59
46 45
83 74
37 21
64 61
