104
98 57
64 72
78 93
40 69
26 94
26 32
53 18
23 77
53 31
96 35
68 10
40 3
61 53
5 15
83 3
10 46
40 48
5 62
35 95
95 27
24 63
77 62
71 46
97 8
52 11
87 24
73 82
38 60
95 78
4 87
96 98
57 95
20 9
20 99
4 25
8 70
74 97
55 61
10 8
75 2
6 50
28 13
37 35
11 96
63 46
13 24
45 6
53 74
21 69
46 43
60 9
44 20
75 13
36 66
67 57
48 66
18 18
50 91
99 42
98 61
76 31
21 48
79 77
1 67
3 5
95 91
4 98
78 47
2 41
42 91
61 29
80 97
39 51
92 26
2 47
1 77
28 24
70 76
53 28
57 1
47 96
84 42
29 84
55 46
45 76
29 45
28 17
76 40
8 40
90 16
25 69
35 33
37 13
85 93
65 90
69 38
87 54
48 51
30 54
28 76
17 33
52 22
39 76
45 12
