114
5 86
34 60
87 13
16 88
41 42
35 27
92 35
14 49
3 64
97 51
88 70
52 70
51 16
8 17
33 89
14 38
52 55
87 77
47 37
25 97
21 55
67 71
33 7
72 96
53 96
92 94
6 1
76 36
67 53
71 8
22 73
60 31
91 54
56 92
56 15
2 34
72 69
17 20
37 75
20 38
94 70
71 26
0 58
67 48
10 98
14 4
12 80
51 48
67 64
62 96
36 36
95 79
76 24
60 9
44 73
82 59
53 27
21 9
97 62
78 74
63 19
77 66
98 0
93 32
40 0
1 19
75 2
34 94
83 96
91 1
92 28
0 1
1 98
44 0
18 58
97 47
32 24
32 92
68 89
52 66
37 63
36 44
71 3
49 89
17 95
37 16
72 81
20 77
1 88
99 38
76 54
59 47
12 16
11 54
86 15
99 69
49 81
28 79
51 37
84 51
29 36
71 74
48 15
32 79
59 49
42 58
24 21
56 79
47 32
36 49
26 45
70 64
44 39
45 43
