113
83 3
65 18
45 49
48 87
23 3
92 35
9 79
98 8
43 6
93 82
63 44
77 61
92 54
44 93
21 69
14 88
80 15
66 38
60 13
48 41
57 56
94 45
54 34
13 22
14 49
87 98
58 75
42 14
0 17
16 97
95 73
39 33
78 97
59 97
7 64
33 78
63 7
61 62
89 18
87 38
78 90
1 93
37 86
31 1
38 43
61 84
87 58
72 22
44 70
22 77
70 67
5 86
50 26
68 10
26 87
73 30
54 46
59 25
0 1
6 48
96 99
22 18
7 33
29 49
3 64
16 1
23 32
0 6
23 47
95 3
74 82
29 62
40 8
8 41
76 67
7 22
15 6
98 65
52 99
1 80
2 43
80 6
41 78
47 6
72 52
66 82
6 60
32 34
72 97
95 10
39 51
16 26
7 6
89 75
88 50
3 58
46 78
16 82
31 5
81 91
87 3
63 77
69 59
53 93
81 41
18 68
32 10
42 34
17 34
50 13
15 15
51 41
18 57
