112
54 10
92 81
7 28
49 16
65 4
54 51
41 97
59 91
33 64
26 26
9 85
89 16
3 68
56 74
77 46
81 90
14 97
54 41
56 23
47 66
11 4
28 79
77 64
18 51
96 37
71 24
26 11
89 21
23 32
7 22
81 39
86 66
41 26
41 81
84 98
27 56
57 56
61 73
74 14
71 39
96 76
12 44
44 92
99 19
75 97
93 45
2 78
31 14
21 67
71 79
11 20
70 56
37 86
45 59
67 9
88 8
78 24
62 24
16 29
83 74
65 86
37 17
44 74
69 48
68 65
38 41
96 96
49 1
7 5
99 42
11 52
82 0
29 97
26 1
12 67
56 33
4 87
38 32
95 66
66 97
34 49
94 15
26 88
0 19
87 81
87 96
92 55
18 72
46 8
34 96
96 24
11 37
62 39
49 89
37 64
26 33
47 32
87 44
13 82
27 17
93 89
63 9
60 48
62 32
56 86
74 89
17 41
37 79
56 17
16 13
49 51
64 15
