110
80 22
80 68
42 48
13 16
6 31
49 96
81 57
13 92
49 74
72 87
65 20
63 41
41 25
81 7
26 53
5 59
8 40
23 13
50 51
34 58
74 26
7 26
34 94
28 79
92 37
39 10
96 15
79 0
12 80
39 29
56 90
99 42
29 97
23 29
59 72
27 74
11 56
59 45
26 46
46 14
12 71
43 70
56 30
94 60
18 98
66 68
49 30
21 56
84 24
34 71
54 45
64 30
33 48
49 60
36 79
33 18
18 62
14 49
57 39
36 63
41 57
98 0
90 97
71 97
98 68
89 89
3 7
18 0
81 41
61 9
51 90
8 96
65 62
95 22
83 81
31 1
1 14
82 60
73 0
2 41
88 0
49 10
66 98
2 86
68 83
41 97
80 16
84 53
0 23
22 24
2 50
30 6
66 50
12 82
91 45
44 94
64 22
83 92
5 44
34 8
49 78
64 56
33 41
61 80
49 17
12 16
48 36
28 64
48 54
27 58
