115
30 86
68 74
86 56
4 30
0 4
40 65
59 91
24 4
3 66
75 29
40 50
12 64
19 80
19 5
38 84
70 36
54 59
80 68
50 76
16 14
93 19
51 35
95 80
32 26
23 47
46 7
83 3
86 95
26 99
87 41
70 89
47 26
20 31
56 8
38 41
85 65
6 58
65 75
56 96
24 56
8 79
97 87
9 15
81 89
25 79
77 58
27 26
9 4
46 48
71 60
90 52
65 86
28 74
12 55
76 80
21 86
77 72
64 2
40 8
92 35
77 21
37 99
55 54
49 23
8 49
5 87
76 6
1 23
57 1
46 80
20 95
96 92
31 7
55 43
72 45
46 99
95 41
24 64
27 41
71 97
62 26
46 75
92 74
35 23
16 0
9 24
45 59
9 70
53 91
30 56
56 17
78 37
60 44
20 40
16 20
45 41
56 74
66 95
25 71
35 11
4 15
85 30
91 84
28 92
35 44
57 38
53 80
21 64
70 76
29 38
86 77
37 81
42 33
34 71
75 87
