115
76 58
99 71
44 47
53 94
7 33
40 25
20 86
3 68
47 8
64 1
40 62
66 22
4 82
28 23
46 70
71 7
54 42
55 85
71 68
10 97
30 76
17 48
11 4
94 15
71 97
96 46
90 88
28 5
37 96
2 51
78 45
74 87
23 45
59 49
9 28
99 86
25 60
82 18
46 78
82 64
56 17
33 40
12 80
31 14
63 60
83 83
35 88
48 40
53 25
68 41
90 61
55 75
35 20
64 79
34 67
67 57
15 58
44 36
41 90
65 86
53 55
35 32
99 31
95 0
3 5
79 2
2 98
93 46
96 99
12 1
0 63
2 32
75 39
99 22
32 2
99 38
99 93
9 13
2 36
78 37
62 5
89 21
3 73
81 90
86 5
86 62
50 97
40 5
13 12
62 20
25 63
10 65
84 40
28 30
66 98
59 32
36 61
89 78
40 78
70 67
70 82
86 15
71 16
44 51
37 79
18 68
69 35
44 17
93 50
24 11
48 51
63 50
44 32
46 73
85 54
