105
71 15
46 16
66 91
7 8
6 28
41 42
86 29
79 61
16 90
3 46
23 26
35 1
87 11
1 3
77 79
56 96
53 16
31 56
42 32
70 54
79 13
34 17
63 17
95 78
90 46
30 71
94 2
70 76
18 9
12 82
50 97
21 56
23 38
94 65
53 78
52 56
98 13
86 84
36 65
24 2
61 47
44 47
16 27
61 5
62 96
16 3
93 51
51 85
26 19
78 88
33 41
42 8
88 72
74 20
80 56
85 3
21 21
60 88
83 69
26 10
8 17
59 32
34 94
14 72
9 90
81 35
26 99
62 35
36 79
1 34
98 68
14 49
62 37
93 36
61 73
61 53
94 19
94 4
19 87
45 61
41 24
44 94
27 72
38 39
52 5
5 40
9 6
28 87
68 69
59 20
46 68
29 47
73 50
8 26
91 18
88 57
57 22
33 9
54 39
11 11
76 61
26 29
53 15
48 32
16 21
