109
10 76
83 96
81 32
35 37
82 65
67 88
54 72
22 90
4 30
73 11
97 60
33 11
3 53
48 53
31 66
92 16
48 17
88 75
90 37
72 73
70 2
28 51
15 20
10 38
41 26
12 66
96 27
91 89
87 69
77 92
62 35
7 99
51 92
70 50
55 8
27 1
56 69
52 98
88 10
27 72
19 17
44 36
94 48
77 28
40 10
46 67
67 66
22 57
54 41
81 90
38 47
16 77
56 82
41 70
80 44
52 33
43 62
69 83
0 83
88 0
32 96
3 15
16 93
96 33
25 36
4 36
18 4
56 17
32 87
71 17
1 93
45 2
64 57
98 4
26 32
95 54
7 68
74 32
40 1
92 74
10 46
49 52
21 8
72 94
27 41
76 54
77 11
92 26
56 24
25 67
10 31
12 92
87 54
82 73
55 50
67 73
37 26
13 56
22 73
89 80
59 40
48 11
44 47
81 37
13 37
44 26
25 83
66 26
91 64
