115
13 90
68 12
16 11
94 58
43 77
4 43
53 30
79 61
31 20
95 73
39 46
78 95
56 37
74 12
50 88
74 84
49 60
41 14
62 30
41 26
46 36
90 42
94 2
89 21
1 14
35 95
12 69
93 89
27 54
2 39
81 37
20 95
49 8
54 52
1 22
21 21
96 48
95 27
62 92
55 67
35 88
40 3
33 59
83 5
97 82
13 54
71 22
84 97
52 6
25 13
9 13
14 28
86 52
49 48
83 15
76 67
18 75
3 84
1 67
56 99
61 69
24 0
98 17
1 7
71 37
34 76
18 91
6 48
64 2
95 78
80 69
99 42
50 84
24 46
29 29
79 52
78 86
34 69
45 2
4 30
64 57
71 31
73 0
28 94
50 97
9 5
18 65
33 5
93 32
72 94
39 51
52 73
95 12
26 26
56 15
55 45
17 49
70 77
12 80
89 12
44 93
58 6
41 21
64 37
86 32
42 67
38 41
10 23
28 85
26 10
91 47
39 57
40 78
44 42
80 22
