205
90 42
92 88
41 42
25 34
2 50
4 96
55 61
30 4
71 42
64 2
85 61
98 0
15 2
1 67
36 61
52 18
73 77
3 18
79 13
26 86
72 94
56 86
41 97
18 62
95 25
56 35
7 35
28 19
41 79
49 1
0 1
78 58
1 80
63 18
19 96
90 97
33 60
80 27
63 60
7 20
17 50
79 2
98 15
77 77
87 43
92 79
56 90
46 16
21 80
93 64
25 19
75 92
40 34
1 35
56 43
15 0
45 0
48 58
0 70
61 1
40 76
23 98
71 33
25 38
2 54
0 87
18 53
80 18
98 6
25 77
83 3
39 94
56 76
64 17
40 36
10 20
45 16
66 61
96 33
25 23
2 39
27 1
6 1
59 93
91 58
4 91
16 70
40 57
92 73
87 94
58 76
62 35
20 38
41 86
73 59
83 10
78 42
4 86
3 52
37 1
93 48
54 1
73 75
68 96
38 54
47 39
0 6
19 87
0 23
3 68
66 58
37 19
83 18
63 43
18 35
18 19
23 55
76 0
88 76
78 34
47 94
62 26
24 70
40 71
93 0
47 34
93 32
64 6
58 68
71 90
73 61
40 62
30 95
63 40
3 44
63 24
3 28
32 38
3 76
47 24
3 60
88 68
61 9
22 8
88 52
56 67
23 65
45 8
49 91
13 95
88 84
40 23
89 25
39 42
19 23
66 91
40 68
56 50
23 46
3 12
46 8
18 5
87 34
92 17
38 86
15 70
63 51
72 25
92 8
40 46
75 84
76 8
58 84
76 67
78 49
31 77
87 27
16 76
63 32
15 35
30 15
11 50
11 86
32 53
49 61
72 50
10 28
10 12
56 26
49 78
71 17
48 46
31 70
31 86
66 75
15 61
37 15
10 44
66 77
32 42
54 9
66 50
49 69
30 27
37 31
