104
70 11
38 67
96 39
86 8
78 39
12 52
32 50
8 64
50 91
30 4
10 8
23 32
51 26
96 83
88 54
21 67
44 27
25 13
41 3
42 86
90 30
51 48
63 73
72 96
26 85
78 79
85 61
10 23
69 29
92 10
17 86
49 0
57 76
65 95
89 89
15 4
16 42
94 59
71 35
97 31
62 7
54 33
47 63
73 70
39 24
22 48
25 6
23 74
42 42
80 90
82 14
49 71
87 35
94 51
39 52
59 34
32 79
96 19
50 83
78 48
30 57
32 14
64 39
0 4
4 23
11 96
4 70
1 41
57 54
34 96
87 98
98 4
52 5
65 91
77 0
20 33
45 98
95 66
8 81
75 70
27 29
10 48
68 50
54 24
92 1
42 67
74 19
7 33
12 69
58 66
54 18
60 88
41 90
14 63
43 9
59 45
16 27
80 27
47 39
25 42
75 39
25 20
39 75
81 39
