114
43 90
34 10
70 5
4 68
2 50
3 5
63 60
10 23
23 49
28 89
19 69
98 67
84 26
53 75
9 26
58 11
77 68
17 42
47 64
32 46
43 79
8 53
17 13
15 32
80 93
62 35
34 28
62 92
95 82
5 86
99 17
82 41
97 58
73 77
42 1
57 43
4 95
57 20
92 22
20 81
37 65
42 37
75 26
88 83
25 25
2 43
35 90
68 69
92 16
49 39
32 54
29 2
6 11
53 85
5 20
27 33
12 14
99 38
79 0
20 97
82 53
78 99
60 97
61 1
97 49
3 66
66 43
40 18
52 58
95 93
24 64
67 20
93 78
78 53
20 90
17 49
82 38
69 75
53 94
37 86
40 12
52 64
31 64
84 22
66 36
0 27
47 49
42 30
73 75
58 79
88 68
9 72
94 41
25 17
62 54
22 87
49 6
62 28
83 60
42 48
88 88
6 61
93 32
10 84
47 55
67 49
38 74
68 83
27 54
23 34
18 64
32 39
44 86
74 60
