110
49 12
72 94
2 54
18 2
75 8
3 18
25 89
90 31
44 91
65 69
39 29
56 37
36 56
23 38
83 70
8 69
16 95
57 47
90 39
83 91
15 54
65 79
33 63
60 14
32 39
76 21
98 4
98 74
73 50
18 7
7 86
82 0
98 63
26 78
0 41
75 32
57 64
23 98
41 35
42 62
65 86
94 51
52 1
91 28
76 15
68 30
12 53
16 72
7 12
84 47
34 85
27 69
85 58
63 41
23 81
76 81
33 5
98 98
26 22
0 87
50 97
47 79
93 89
7 22
80 73
33 20
17 48
67 3
60 97
49 17
27 1
52 62
16 33
8 91
80 66
1 27
42 82
99 48
48 45
45 4
82 7
63 62
48 29
29 97
8 97
21 54
68 47
83 85
83 23
42 55
60 5
21 39
11 23
28 13
58 77
47 39
24 70
43 8
60 88
41 24
26 28
67 57
75 13
91 78
48 55
24 48
68 82
41 31
19 87
22 63
