111
5 42
10 18
62 8
47 82
27 25
31 80
24 0
72 30
49 23
9 85
81 14
73 97
28 49
5 74
64 26
59 82
43 77
21 8
55 11
52 87
59 15
97 58
51 48
81 48
1 3
96 25
39 3
84 73
96 4
66 53
97 43
16 93
9 24
64 70
79 2
83 96
30 61
6 54
45 50
97 73
4 96
26 86
82 60
38 32
28 70
2 34
12 55
64 97
34 15
56 26
90 37
2 89
85 3
56 44
41 86
40 12
16 18
78 35
47 8
85 24
7 11
27 15
99 97
81 81
49 67
25 34
66 61
15 70
68 98
96 81
32 96
30 54
0 58
1 39
77 9
74 76
87 58
92 88
29 45
45 57
64 59
12 3
10 78
50 42
80 18
74 80
70 0
26 78
10 59
47 30
71 37
65 77
25 70
24 3
2 50
76 54
32 90
90 31
81 91
56 82
21 46
51 61
62 22
40 23
91 47
31 75
12 9
44 50
16 77
56 17
54 76
