103
54 72
62 90
7 77
80 20
35 79
16 23
90 34
71 25
35 67
16 40
94 57
55 3
34 12
35 96
70 4
15 3
5 93
54 66
72 83
8 40
26 57
50 84
54 51
52 18
0 4
37 33
91 3
75 41
99 19
9 55
69 59
16 93
68 98
35 42
82 75
56 23
1 30
18 55
3 66
36 58
41 94
59 99
71 10
82 41
39 27
1 86
78 61
54 11
16 82
52 75
78 87
28 24
50 27
18 66
82 66
46 7
84 46
63 54
83 28
14 26
56 86
41 86
54 14
43 69
99 93
30 4
83 98
86 0
97 49
93 78
70 1
95 12
36 50
19 19
66 36
1 36
77 99
1 74
3 18
93 87
86 18
48 49
25 82
93 71
20 62
55 0
95 34
67 71
8 45
44 42
69 46
40 0
10 78
58 66
20 44
37 61
41 31
75 46
39 15
26 46
31 73
11 34
65 9
