116
33 53
42 5
37 72
28 60
64 2
86 29
9 24
70 23
79 57
94 48
52 77
39 24
23 92
74 86
60 28
73 47
14 58
45 70
37 13
82 5
95 91
47 94
6 1
98 65
7 76
97 14
3 18
35 40
98 81
67 71
68 98
82 75
28 76
15 45
20 16
52 5
70 8
44 49
99 53
88 11
62 92
81 30
63 39
26 6
31 87
45 2
41 37
9 19
89 84
88 47
32 55
19 83
65 82
31 20
75 27
9 9
89 63
57 17
91 56
35 12
26 49
4 96
0 41
90 99
61 62
96 30
5 40
0 83
41 97
64 54
48 45
56 99
96 33
94 4
73 2
0 49
24 32
73 77
83 94
57 1
3 7
43 55
79 48
34 76
50 20
78 31
59 99
97 76
16 66
17 50
54 70
82 66
19 25
62 23
79 12
48 52
18 7
11 50
74 91
44 88
14 24
82 65
93 23
71 39
41 17
33 52
65 8
66 92
82 82
73 59
18 59
40 40
77 22
95 69
81 39
54 11
