116
2 52
13 37
87 86
87 70
52 5
35 27
10 80
43 70
38 47
50 86
13 6
85 49
72 73
54 42
77 34
40 10
41 94
4 29
7 8
34 42
15 46
49 48
80 80
27 33
24 64
75 2
68 96
59 27
77 17
97 47
40 65
70 65
34 85
90 96
9 65
87 18
64 2
57 98
59 49
92 39
52 68
97 88
47 27
5 73
74 41
88 11
71 90
72 12
42 88
4 57
58 75
5 42
39 53
79 52
33 22
62 37
48 93
48 17
82 88
45 56
2 96
18 95
98 68
24 0
25 79
3 5
1 80
26 99
87 1
96 24
33 0
8 95
26 80
18 7
65 91
16 27
99 95
23 49
49 10
94 54
0 37
74 33
77 64
72 96
55 52
18 0
32 15
19 80
2 89
56 12
97 76
8 54
33 48
70 53
49 83
64 4
36 63
25 25
82 9
83 98
40 5
70 48
25 7
50 34
55 61
18 75
20 42
87 58
34 78
87 79
85 39
56 86
44 37
25 15
33 91
40 16
