113
26 86
93 78
76 36
88 4
64 56
26 5
37 53
52 63
86 36
38 82
43 11
19 30
10 1
92 96
70 9
70 81
49 17
27 36
91 40
92 88
74 28
89 21
8 54
57 98
79 59
4 23
19 69
2 77
94 55
77 75
53 28
19 85
62 81
35 35
2 36
95 1
30 59
49 8
48 51
3 11
33 11
46 71
56 26
97 95
99 24
13 62
35 93
65 91
80 20
89 70
22 1
96 9
96 33
28 92
40 66
34 22
4 96
77 97
59 45
79 0
61 1
94 72
88 55
3 0
8 38
15 54
1 70
46 97
18 21
46 78
19 96
57 41
34 28
22 77
67 75
71 17
72 41
32 37
30 61
98 17
56 24
90 94
69 74
50 82
72 92
16 93
6 61
57 54
81 37
15 46
22 70
11 29
65 25
28 15
37 77
45 61
41 35
49 16
87 90
11 78
92 24
23 45
22 62
52 66
37 62
81 44
70 25
52 56
55 17
37 26
14 70
30 69
81 28
