107
39 51
52 33
21 49
90 42
84 93
2 32
38 84
26 4
21 26
24 93
3 5
66 61
80 14
10 78
46 68
96 65
1 75
82 50
35 9
30 59
47 79
9 15
49 72
63 18
69 95
2 54
71 35
95 9
92 88
23 43
31 69
47 94
63 9
66 54
79 6
92 72
44 24
87 33
6 39
15 59
35 99
96 92
54 46
31 75
58 6
73 65
23 31
86 24
97 52
88 9
67 46
80 84
46 60
30 49
18 64
11 27
78 45
9 96
65 91
42 1
65 76
16 93
18 7
95 25
3 75
37 26
62 96
0 12
99 88
97 48
81 66
45 2
19 96
73 0
39 95
45 48
6 58
84 99
39 24
72 29
62 80
27 8
96 33
95 16
6 81
19 30
47 83
71 39
80 11
84 88
72 61
14 60
54 51
26 90
17 43
34 75
78 15
77 92
34 42
10 23
24 59
77 83
55 64
70 12
39 60
89 18
41 75
