111
16 93
2 50
36 48
30 4
10 8
40 21
42 67
16 27
34 94
18 62
46 1
0 87
20 42
22 77
0 69
0 27
38 41
38 98
34 19
2 43
10 1
42 73
4 96
44 36
10 23
38 56
6 65
38 89
40 3
22 68
0 3
18 50
20 96
18 7
28 24
42 58
34 1
16 81
44 90
44 24
4 24
2 58
34 74
18 2
20 24
22 59
4 84
10 43
32 39
26 74
2 77
12 96
4 6
42 82
2 34
42 46
28 96
26 41
24 3
34 25
8 93
38 79
2 17
6 71
26 56
10 50
44 12
24 21
22 89
26 46
8 33
10 62
10 77
38 31
34 62
26 10
16 39
32 81
8 15
38 10
10 86
26 83
34 67
10 55
22 31
28 66
30 89
18 17
32 51
26 35
34 14
16 69
12 30
14 13
45 98
0 99
47 51
23 98
2 54
0 9
43 36
47 63
1 39
9 81
17 52
35 30
11 39
10 69
27 51
25 15
17 81
