108
6 56
72 12
49 49
58 75
54 96
78 28
11 4
75 59
49 14
25 72
34 48
11 87
82 13
0 58
25 56
70 28
21 87
16 61
42 67
80 93
33 18
88 75
16 27
91 49
28 1
97 90
33 33
0 32
97 11
71 97
34 96
67 60
55 43
90 32
7 10
18 34
77 9
52 73
61 3
82 64
60 92
34 23
1 53
75 49
49 51
14 96
61 31
9 26
18 51
29 84
83 71
50 89
60 66
73 88
75 4
74 27
39 14
82 86
60 43
4 43
52 55
14 66
7 38
81 21
58 56
98 68
5 81
90 44
5 99
6 1
99 22
75 43
34 3
33 52
92 5
54 27
98 83
57 7
1 84
42 71
36 34
16 19
89 91
20 99
91 60
49 12
90 0
18 7
65 12
93 21
65 82
23 49
84 44
24 64
94 70
73 0
9 17
45 34
70 43
76 76
24 19
48 58
80 82
44 27
33 61
85 53
16 56
89 15
