105
21 76
90 31
59 88
49 62
28 22
94 42
52 88
44 47
94 57
66 50
45 4
77 79
3 11
12 55
44 28
99 74
40 68
7 46
81 35
85 50
61 77
39 41
4 96
62 22
61 1
79 2
3 75
24 4
26 91
6 30
74 95
62 35
23 43
9 13
71 20
24 70
99 26
43 77
40 21
79 55
89 76
23 32
9 81
7 37
3 0
56 19
28 58
63 43
84 86
98 65
83 71
23 85
21 20
39 51
63 11
47 32
14 49
72 87
11 89
36 79
77 40
38 54
32 39
16 31
34 28
18 46
64 61
44 95
86 16
6 65
46 5
24 7
1 80
61 67
34 94
0 19
81 94
68 3
59 94
78 18
99 50
2 50
64 57
43 11
60 35
6 61
94 70
44 84
78 31
59 86
26 76
25 15
33 60
88 55
70 58
18 61
41 89
40 20
69 40
71 10
29 36
71 35
27 69
28 21
51 78
