113
41 86
8 98
35 22
3 86
42 19
21 76
9 17
61 7
89 16
2 49
94 60
64 24
51 49
8 40
44 72
82 29
14 30
70 18
76 30
61 67
68 83
89 89
29 47
25 91
25 6
64 2
42 67
87 54
60 44
62 90
94 4
89 80
35 37
16 65
20 2
95 98
85 63
17 50
96 48
90 33
2 96
53 34
89 3
62 74
79 95
2 21
36 46
83 79
18 11
8 47
29 29
51 27
82 11
52 70
31 53
66 37
55 87
87 41
95 66
26 35
40 57
56 75
21 45
0 65
46 0
0 2
25 93
70 52
56 99
22 73
71 99
99 31
79 1
26 91
35 0
3 6
79 57
4 87
95 82
54 4
37 70
44 90
58 52
2 39
10 23
79 72
60 19
99 78
10 91
47 98
26 86
81 48
59 34
74 89
9 4
26 15
77 72
43 52
66 49
57 19
79 18
15 57
41 31
32 99
58 64
33 75
13 76
76 64
74 22
83 87
41 37
24 61
73 11
