114
5 22
25 18
56 11
38 63
34 31
85 61
77 9
26 46
13 79
28 87
94 43
84 76
73 91
10 21
47 37
75 61
28 5
86 43
7 14
76 84
42 13
38 38
22 12
98 15
58 64
90 99
8 56
47 81
71 24
7 94
82 5
11 50
89 27
9 72
58 4
56 28
58 87
5 29
7 88
34 83
45 59
67 64
69 34
5 45
21 3
50 22
26 78
84 91
78 34
49 72
20 27
62 10
34 72
35 23
18 37
29 19
98 0
99 80
97 58
23 98
1 3
53 98
64 49
3 73
79 4
40 1
6 1
49 43
68 96
30 46
82 64
32 94
43 4
28 65
1 57
2 29
91 83
94 10
53 44
97 65
13 99
75 2
80 27
67 71
47 92
83 98
33 61
82 49
68 86
1 67
52 20
12 3
62 39
87 34
73 6
60 71
43 76
18 75
45 48
0 8
21 56
26 39
56 19
76 76
88 19
78 58
25 82
41 66
33 7
13 83
69 64
41 31
50 13
16 11
