107
78 92
62 37
82 64
21 14
41 72
25 50
39 81
89 21
3 73
2 39
37 35
3 14
88 5
3 64
73 57
84 29
9 85
88 70
26 19
75 96
41 86
32 39
77 74
35 75
14 73
70 8
96 46
57 54
46 18
59 82
65 12
59 34
88 48
2 24
52 97
47 50
20 34
22 60
95 25
32 92
37 13
67 53
10 9
82 94
88 77
88 11
31 59
9 51
76 30
67 93
18 24
63 66
88 57
40 29
61 62
33 68
57 44
17 15
29 32
45 77
99 99
45 2
16 88
64 2
98 81
98 2
18 0
40 1
17 95
55 19
0 83
0 19
60 88
80 5
18 68
98 65
52 18
87 41
93 87
39 93
69 29
79 72
42 60
14 44
7 67
25 4
52 34
24 88
97 62
78 26
37 44
55 8
32 90
34 17
74 89
20 44
42 66
52 45
24 75
73 64
40 12
59 27
10 60
44 38
90 83
26 69
44 23
