137
51 19
50 91
18 7
93 19
39 38
81 48
19 30
97 60
80 69
79 2
11 48
68 87
33 0
57 49
28 87
8 91
0 1
68 27
2 27
97 90
28 71
8 67
97 2
58 67
83 19
29 51
70 1
80 86
99 31
29 97
72 47
33 19
99 52
73 69
50 38
52 77
90 37
81 98
62 10
22 48
2 77
49 61
17 19
62 97
40 8
92 79
37 79
59 27
30 36
78 28
12 77
38 61
82 7
11 37
9 17
88 57
30 6
80 77
18 59
38 27
72 57
42 48
68 41
96 99
7 99
2 52
55 3
47 99
98 13
12 1
98 81
0 17
2 98
99 37
23 99
0 52
43 76
1 67
61 1
28 79
64 72
98 17
18 0
40 1
2 37
43 99
99 72
0 92
83 39
40 21
90 97
71 97
0 6
91 1
61 18
50 46
58 82
76 54
34 94
35 42
21 67
1 60
52 0
98 8
19 82
23 22
67 19
43 69
60 42
20 38
74 87
58 77
80 62
58 57
94 42
27 59
50 27
67 9
60 92
90 92
23 79
10 32
91 67
12 7
91 47
93 29
32 27
7 59
73 79
50 6
43 89
73 11
88 9
19 87
49 67
42 36
83 84
