103
0 6
0 21
2 40
2 35
2 30
22 5
25 47
70 8
12 80
3 60
49 17
25 23
70 23
70 78
30 63
28 85
70 58
8 95
49 2
80 43
95 43
49 43
70 93
15 2
20 38
73 0
3 75
28 70
3 55
20 22
23 95
70 43
49 32
30 3
82 18
30 48
7 90
70 67
3 0
12 75
28 80
10 57
30 22
0 15
25 38
22 0
73 50
80 4
30 93
25 63
80 33
0 93
2 50
5 22
30 38
7 5
28 55
70 33
2 45
7 70
23 90
28 75
15 22
18 55
7 85
2 65
10 38
30 12
10 23
28 30
2 80
7 15
13 65
25 13
15 93
18 45
18 70
7 10
15 38
20 63
10 48
20 78
17 30
15 12
18 85
18 50
20 12
98 17
96 33
88 2
47 24
68 83
49 8
97 7
90 48
74 74
67 15
92 22
7 0
0 85
0 70
7 30
18 60
