107
60 97
1 80
57 40
82 43
29 8
22 49
66 90
22 35
3 62
34 85
46 20
81 91
46 55
80 59
65 65
81 22
22 60
29 29
63 39
91 81
25 20
28 59
32 39
97 58
75 2
3 18
18 75
2 41
99 42
96 26
16 90
96 98
50 72
41 97
58 9
65 80
95 73
33 4
95 11
48 45
77 9
18 9
43 79
97 49
7 48
81 53
61 80
41 44
21 65
83 30
70 1
91 94
61 32
55 65
23 40
37 19
59 88
27 88
60 71
16 22
67 51
17 52
51 32
98 4
9 3
66 24
0 33
93 76
2 56
81 96
40 3
97 96
43 64
16 82
38 96
24 0
82 75
76 95
4 26
56 16
99 78
86 5
84 38
66 41
41 24
63 57
37 63
78 21
5 18
97 62
47 47
28 81
7 72
7 57
39 40
88 57
17 33
37 60
48 14
73 11
76 40
34 75
75 88
17 44
44 36
52 56
54 41
