88
20 21
28 45
3 7
45 6
91 8
9 13
14 18
59 45
40 78
35 28
74 26
66 43
40 13
14 29
36 40
46 38
24 26
80 80
34 96
99 97
12 44
97 28
88 70
5 40
21 5
41 28
20 41
5 30
32 23
36 61
58 75
52 60
3 60
18 75
90 44
94 2
56 86
84 53
34 76
86 29
69 51
49 10
23 90
71 78
89 14
33 55
5 9
18 51
61 53
37 11
43 50
13 24
5 20
29 29
30 39
16 35
67 3
16 93
98 70
71 20
38 93
73 68
51 28
1 45
88 62
88 9
1 3
63 11
88 79
69 60
45 2
98 2
36 63
89 64
51 48
12 1
98 17
43 70
40 1
52 18
43 55
29 11
35 44
17 45
4 13
9 28
13 11
25 27
