107
36 56
96 28
77 8
70 70
42 51
60 57
30 65
33 5
51 90
9 15
78 53
25 86
57 38
96 89
6 95
56 88
82 68
19 25
40 5
71 17
79 46
54 55
67 77
33 53
64 57
2 52
10 80
94 49
74 87
3 62
99 95
31 71
92 15
24 4
56 26
72 36
88 72
58 6
32 21
97 33
18 56
30 95
26 41
83 89
52 70
45 98
94 59
6 51
87 23
69 53
27 49
65 13
47 69
88 38
49 42
85 56
71 79
62 71
80 80
60 44
67 64
9 0
98 4
40 25
99 74
9 36
68 96
10 76
25 91
49 6
41 22
9 8
71 29
90 97
47 92
86 5
37 71
25 8
30 86
11 59
17 41
72 21
81 96
56 15
96 23
79 38
97 79
60 97
45 54
16 15
34 69
64 36
32 31
33 9
62 21
42 46
46 80
82 13
26 64
79 30
50 31
52 53
81 87
53 80
69 51
56 70
37 62
