107
65 25
81 39
15 34
37 14
97 73
2 33
70 8
9 79
86 18
68 98
92 94
66 41
22 55
18 4
33 96
30 33
33 5
3 75
90 33
49 10
41 84
58 53
74 23
95 82
90 41
13 65
9 46
97 58
73 66
56 79
71 82
48 45
25 89
52 62
82 62
56 26
82 0
13 22
75 46
99 95
37 77
25 40
1 60
90 24
25 97
49 1
55 68
40 21
80 93
89 73
25 7
64 91
83 15
57 34
13 85
95 66
82 47
46 71
28 85
68 56
98 0
64 6
2 96
3 11
30 56
60 97
99 51
84 97
2 49
44 94
33 56
0 30
94 2
73 77
35 40
55 8
18 9
34 23
50 37
37 62
1 81
19 24
96 33
17 50
40 1
55 1
79 8
20 81
45 92
78 58
19 30
61 82
77 81
66 31
86 3
40 89
46 25
60 46
92 81
80 66
52 74
22 25
67 16
27 49
91 49
88 57
25 15
