110
35 97
95 77
75 56
78 33
36 22
67 16
16 40
49 6
88 11
18 11
18 68
59 84
99 26
95 95
10 25
84 40
99 76
64 5
44 12
68 29
98 85
24 21
54 51
39 38
17 83
99 60
6 61
82 5
3 18
69 51
24 53
39 95
60 90
52 53
34 5
51 29
19 93
84 60
44 97
83 23
7 6
5 78
25 6
49 2
30 37
63 78
57 58
68 10
29 99
64 36
9 54
41 31
79 48
73 6
90 23
57 28
12 14
63 46
43 77
80 93
2 98
98 0
77 75
42 80
36 54
96 99
8 41
33 73
98 4
97 38
3 0
31 53
7 33
27 1
42 69
16 77
67 0
9 62
99 67
78 58
90 97
42 1
98 15
44 93
0 21
48 53
34 69
22 38
21 21
73 66
52 20
24 0
83 30
95 84
91 45
45 36
39 51
57 1
63 51
4 23
24 46
75 31
92 64
57 83
56 36
19 23
44 80
72 63
42 58
64 66
