106
54 51
79 59
89 80
5 20
81 5
96 81
42 64
91 5
46 37
85 62
24 53
83 21
56 15
45 81
9 88
18 73
37 33
64 46
48 12
87 54
19 60
80 11
77 68
70 9
2 50
11 4
71 86
28 17
96 96
79 38
53 81
13 22
34 83
61 62
2 93
28 36
63 5
59 34
34 17
5 31
8 77
74 28
49 6
86 86
34 72
53 64
13 41
77 22
28 26
75 46
89 91
10 67
37 6
88 63
51 27
89 18
63 12
63 55
32 23
44 72
26 99
56 99
41 99
1 5
98 47
1 67
60 97
7 99
95 25
18 7
87 1
74 78
45 52
30 43
2 84
9 51
27 68
97 58
49 83
68 30
92 81
70 71
17 88
48 45
79 0
69 53
35 84
45 6
13 13
30 56
78 37
64 88
15 35
94 70
37 90
44 27
9 83
70 62
53 94
40 11
79 53
62 22
54 55
36 27
21 28
44 91
