106
16 82
7 51
62 35
77 35
73 3
29 81
10 21
25 23
66 50
83 83
67 77
38 49
52 70
2 97
84 36
55 54
89 71
4 11
16 65
25 89
83 23
90 81
35 37
17 34
6 77
60 97
33 7
99 22
50 19
81 52
1 67
3 5
38 54
2 34
83 18
48 76
19 6
91 96
96 66
47 4
62 22
33 60
98 81
70 65
70 80
17 54
10 82
31 22
47 29
85 61
77 13
84 46
59 33
59 82
30 50
41 16
99 40
98 6
45 98
23 98
62 3
79 0
33 73
38 96
2 43
55 61
11 4
99 93
65 93
68 19
23 38
6 61
59 45
40 76
95 25
41 31
81 92
74 67
26 15
94 43
22 65
41 7
10 28
68 30
83 28
9 13
32 92
66 52
23 49
32 32
14 83
40 49
5 52
68 92
92 88
58 77
68 34
48 55
66 61
50 38
92 37
86 77
25 75
77 22
30 39
50 44
