108
12 73
90 90
10 53
75 84
77 9
39 95
58 66
13 6
2 93
88 41
17 37
24 97
92 70
65 33
12 58
41 90
25 7
26 41
80 32
9 33
64 22
6 43
94 15
56 99
47 26
71 99
49 8
54 50
28 79
85 50
79 15
40 23
1 3
94 6
54 68
38 45
40 3
17 98
7 21
96 23
65 51
7 83
82 57
2 36
48 84
12 67
65 78
3 9
80 84
69 31
40 18
64 95
33 98
18 26
6 63
78 49
50 79
61 57
56 23
79 95
22 88
88 9
31 30
37 82
51 18
75 39
37 64
98 68
96 88
70 0
97 47
27 56
46 1
82 66
25 22
30 3
79 0
93 32
9 4
98 63
83 69
53 50
97 8
90 97
12 82
92 30
7 6
48 35
43 60
73 77
32 22
53 94
22 64
75 93
76 24
87 0
91 65
13 90
9 19
44 83
25 34
21 80
56 26
84 31
47 10
86 24
32 90
17 11
