110
88 2
51 30
56 14
80 18
60 86
43 64
25 91
25 40
18 55
58 70
24 6
2 79
80 36
75 74
40 25
71 92
17 98
56 7
87 73
18 30
45 36
67 65
44 57
51 24
87 54
18 75
2 43
64 50
93 93
50 91
33 5
28 70
19 21
10 60
78 99
90 42
71 42
77 22
17 45
41 10
6 90
14 9
32 81
62 96
62 30
38 49
55 45
84 8
83 83
22 48
68 77
37 62
59 81
74 68
57 62
44 20
52 59
3 25
97 58
2 41
2 96
98 74
99 90
41 96
71 1
99 3
1 67
43 79
92 26
30 4
97 47
63 7
34 25
95 11
72 52
26 86
80 93
94 70
41 86
18 66
9 83
13 15
72 51
90 51
89 21
74 19
68 96
62 35
8 40
25 22
17 55
47 39
87 58
33 61
17 81
71 13
28 37
52 75
79 41
29 20
54 51
13 37
74 10
33 53
87 46
40 36
67 81
82 62
9 49
44 74
