115
3 69
7 33
35 7
77 48
54 51
80 80
61 80
73 11
41 31
17 91
69 38
10 65
84 44
51 32
60 94
49 58
86 50
49 68
66 50
51 41
94 2
31 67
9 11
54 11
17 50
28 24
1 14
82 73
81 90
7 88
93 12
58 2
29 95
25 75
69 28
11 46
96 46
43 13
16 31
10 1
65 84
86 66
0 80
37 52
70 67
61 7
89 84
34 16
48 47
46 1
66 43
92 72
92 54
58 62
39 24
64 29
39 43
44 22
62 70
46 50
84 29
40 89
76 1
27 1
90 99
99 33
2 49
4 30
91 1
50 97
19 16
23 31
25 90
84 26
30 46
2 52
3 7
19 72
40 80
96 81
92 96
92 11
1 34
56 86
61 1
90 31
1 62
28 6
14 90
99 55
0 18
30 59
66 63
70 10
47 74
88 4
75 27
54 26
77 82
52 5
8 54
28 16
19 39
40 65
77 59
59 22
1 42
77 75
46 62
45 41
37 8
60 35
11 37
67 75
37 58
