115
74 23
32 15
14 5
71 43
94 70
31 69
39 53
35 97
29 36
14 40
72 91
95 22
12 56
84 2
59 32
78 45
46 1
37 69
38 92
28 8
20 24
28 91
71 29
40 60
64 70
97 47
56 17
16 72
12 98
79 71
75 2
51 35
89 25
1 60
50 86
58 70
63 55
12 9
4 45
41 33
73 8
59 86
89 62
66 48
80 80
92 37
43 68
34 8
14 84
65 85
20 36
53 28
17 15
71 53
69 38
47 20
50 74
99 93
94 2
84 95
99 78
64 2
1 67
93 19
2 39
24 53
99 40
97 55
7 83
12 0
16 68
50 91
33 75
49 10
75 98
23 99
30 51
71 23
4 15
94 17
56 50
19 30
35 84
79 61
44 99
44 33
16 74
22 51
66 96
2 50
54 11
95 25
20 93
55 65
90 10
82 45
9 68
25 25
52 48
86 61
82 44
71 63
21 8
41 26
77 10
59 85
56 20
17 83
60 65
43 84
56 37
91 52
28 76
63 47
67 38
