115
96 30
47 66
61 47
71 54
64 2
75 70
49 30
47 15
91 56
78 38
97 95
21 58
28 87
23 15
56 30
18 63
72 9
86 59
56 55
56 37
6 48
68 85
32 37
53 96
2 96
5 20
95 75
5 79
89 7
20 0
16 40
96 35
34 30
49 89
68 91
60 70
43 73
31 5
37 94
45 52
8 27
78 90
17 84
7 64
88 22
29 56
68 25
32 19
60 74
76 64
97 17
25 47
80 80
9 68
56 90
45 61
47 19
41 39
33 68
84 28
46 45
66 63
53 80
61 57
46 0
5 5
12 99
82 5
94 57
83 96
0 21
64 8
98 6
29 99
97 60
95 86
76 38
3 57
15 31
6 84
0 31
24 64
67 18
73 0
54 2
47 96
21 80
16 15
91 40
76 48
38 15
21 96
80 75
26 30
38 84
61 45
15 10
77 22
76 81
46 52
61 34
24 69
83 15
49 72
91 67
30 52
23 25
56 15
71 42
60 81
73 10
81 48
13 72
63 46
55 63
