109
10 52
84 28
12 34
30 85
76 82
36 3
3 51
37 33
85 65
93 93
70 3
61 55
70 78
79 61
74 27
94 53
73 95
72 43
91 77
25 23
85 19
12 67
42 67
55 8
13 92
49 89
3 0
21 3
4 15
27 65
88 9
28 92
44 36
52 20
2 34
58 72
68 27
7 72
88 43
64 2
30 6
20 40
34 65
33 96
12 77
80 93
63 73
46 80
91 58
0 23
76 49
68 12
13 8
34 28
19 67
59 65
89 90
19 87
36 91
7 60
58 77
76 16
44 49
51 96
4 92
59 45
52 5
95 25
99 93
99 42
98 6
74 99
98 73
3 5
79 0
40 21
19 30
59 38
28 6
18 50
76 67
65 93
96 35
1 16
43 4
17 25
52 36
99 20
80 27
47 92
83 98
61 5
52 38
82 60
46 12
78 34
34 83
80 75
19 14
62 21
11 45
18 75
67 60
74 91
26 92
9 15
74 74
85 67
81 83
