103
83 39
22 5
52 5
82 5
5 40
21 21
35 40
34 94
77 77
67 5
20 40
50 40
37 22
50 95
93 78
92 94
66 41
49 76
21 56
6 56
36 56
66 56
34 76
82 57
81 21
76 95
53 20
5 23
7 5
37 5
51 57
62 78
68 20
61 95
19 96
96 99
85 61
3 7
67 60
35 97
2 41
31 71
2 56
0 23
38 25
53 25
84 24
96 78
22 25
64 2
45 2
79 0
52 60
70 76
68 98
27 56
53 98
52 77
18 0
17 41
3 0
68 25
35 92
2 38
97 93
47 41
32 41
62 41
77 41
6 62
37 77
86 77
33 0
16 22
81 98
45 56
52 93
18 7
32 22
62 22
22 60
75 57
77 22
92 72
47 21
17 38
60 75
60 57
47 37
63 7
32 37
62 37
81 92
17 56
77 72
78 37
37 60
47 6
45 75
79 7
69 92
32 6
7 25
