116
23 45
32 81
8 95
76 35
60 79
39 52
68 88
31 14
1 69
73 0
94 63
47 21
13 19
95 4
7 53
10 73
87 27
83 9
72 81
19 91
11 83
92 88
78 58
96 46
46 3
28 30
54 48
13 4
24 64
95 78
9 24
51 90
53 19
90 94
97 31
40 64
61 50
56 73
13 26
40 1
45 41
9 9
56 66
77 97
1 88
3 58
18 64
86 66
80 22
33 68
45 34
63 37
32 49
58 16
87 88
3 77
52 11
16 58
50 58
19 37
50 44
53 96
94 48
79 50
26 96
68 96
61 1
28 13
77 66
98 63
78 42
88 6
36 89
96 99
24 0
31 16
99 42
8 34
55 1
71 65
62 20
39 73
94 72
89 12
31 0
97 33
77 50
67 4
66 81
28 24
28 79
83 96
68 32
17 43
99 88
16 8
43 29
99 73
78 73
73 11
44 49
40 80
9 62
43 19
69 50
83 81
83 15
35 44
46 64
84 93
30 26
88 57
66 58
28 53
40 8
16 23
