113
64 59
36 45
72 84
97 24
37 60
88 90
26 86
56 86
91 65
2 54
80 2
2 27
81 18
61 23
52 62
20 88
53 78
24 43
5 65
80 84
22 5
0 83
46 25
28 28
94 48
98 6
64 38
98 72
75 61
70 1
49 10
50 99
13 6
5 96
35 76
95 96
58 62
87 1
67 18
13 37
32 92
9 70
7 17
57 79
73 90
70 58
16 72
57 33
28 50
83 81
48 51
88 59
92 8
40 68
15 66
65 82
89 82
16 83
58 66
85 11
65 67
79 41
64 2
96 39
31 20
1 98
52 5
56 99
41 97
7 33
81 26
34 10
17 48
9 11
87 41
33 60
98 81
98 57
16 99
0 76
39 35
57 40
64 0
8 54
77 22
50 84
80 64
35 79
35 28
33 43
72 45
16 27
92 21
12 50
24 94
54 17
69 38
80 92
81 60
73 77
70 8
57 56
90 33
47 83
18 55
23 30
15 79
24 61
50 63
65 78
82 11
65 57
55 77
