103
28 37
7 20
28 79
49 30
6 63
28 13
49 72
27 56
49 6
7 35
48 49
7 1
8 56
28 28
49 21
28 72
28 6
49 65
49 1
7 72
7 16
7 41
29 49
50 42
28 21
28 1
7 5
28 64
49 57
7 26
49 12
7 51
28 41
49 34
67 71
12 1
0 72
43 72
23 79
33 5
13 35
23 56
55 50
57 1
44 27
2 56
1 20
3 0
58 72
44 49
22 20
2 41
12 71
33 0
58 6
43 65
59 28
0 4
23 36
34 21
2 36
22 72
58 65
59 21
12 56
12 20
22 5
43 0
44 42
59 42
23 40
33 57
44 22
35 80
0 17
24 0
58 57
43 6
0 51
0 66
34 72
43 57
44 33
59 35
59 14
12 5
12 41
2 26
23 64
43 16
33 41
23 26
33 64
23 16
23 47
38 49
12 62
12 16
12 51
34 16
33 37
13 26
33 26
