116
74 78
82 8
71 31
58 77
11 61
28 71
56 18
32 58
21 8
12 80
25 25
41 90
52 56
56 86
83 32
83 3
54 68
71 9
8 67
76 54
15 46
41 33
56 39
96 81
0 46
1 95
93 47
86 96
15 2
80 80
46 12
95 27
62 94
9 17
89 64
97 12
31 84
65 16
48 51
66 34
11 88
47 67
67 63
54 93
7 51
97 20
80 12
71 86
46 78
18 64
80 18
61 70
77 25
68 24
96 99
45 2
3 18
61 1
16 95
30 48
6 1
40 18
0 34
98 66
85 48
51 35
34 94
19 23
78 95
31 0
33 48
98 31
19 99
31 67
1 80
35 27
3 62
0 6
73 55
17 41
95 5
91 51
49 3
0 39
95 89
52 18
51 48
0 85
77 70
95 0
66 40
33 40
46 93
92 35
26 88
64 8
80 86
5 8
0 51
47 93
69 40
48 38
8 36
15 56
36 61
71 90
88 57
86 79
41 28
41 76
88 9
83 36
67 18
86 86
40 43
83 39
