126
49 10
81 8
60 5
9 11
34 21
8 91
41 39
73 41
83 71
45 4
64 10
24 10
32 32
75 10
30 7
72 17
92 88
61 67
57 41
8 41
91 52
21 63
46 67
62 85
24 78
16 93
1 3
91 67
84 93
5 20
68 82
92 8
97 48
10 48
70 56
25 34
94 72
53 30
88 43
9 2
27 41
52 77
28 17
56 21
95 78
18 0
70 1
85 56
64 76
55 8
83 83
40 14
16 19
37 6
16 12
1 67
41 97
93 32
0 83
56 99
45 57
98 2
98 17
46 82
25 93
99 97
0 63
73 34
25 47
5 40
64 57
18 75
40 82
42 55
58 36
10 98
65 93
91 1
81 26
4 47
42 49
0 94
27 67
5 27
41 86
90 37
98 63
68 67
90 17
9 65
42 40
77 91
64 2
65 25
16 82
57 49
79 52
96 10
22 50
37 65
10 29
33 1
32 90
50 93
80 16
38 32
83 32
49 1
5 71
76 61
7 18
74 76
68 32
31 73
20 44
23 29
43 24
48 47
61 71
71 8
11 59
27 29
87 10
55 13
35 47
23 22
