107
10 18
75 10
57 62
32 37
83 98
75 43
37 10
42 58
18 57
35 76
9 42
63 25
79 80
63 7
34 17
88 13
23 74
2 8
25 25
81 91
13 52
63 17
32 62
56 86
96 46
8 96
48 40
22 1
74 65
5 77
45 2
47 92
83 30
75 50
1 62
47 32
2 33
17 3
98 25
31 80
52 73
78 95
88 4
17 18
1 86
27 54
79 55
72 32
70 80
33 2
16 70
87 26
42 47
38 32
7 67
13 27
42 67
74 87
44 86
65 66
76 24
20 65
26 99
98 81
91 65
59 47
96 83
41 97
90 46
73 2
47 17
62 96
0 12
98 91
55 2
2 47
98 40
25 34
18 7
93 19
47 94
9 85
62 89
67 47
50 71
47 24
9 24
27 1
38 56
20 42
62 28
27 77
68 96
39 93
40 25
42 9
43 56
78 15
65 40
72 58
10 8
42 49
47 90
83 17
27 10
10 16
34 83
