120
92 8
64 36
34 48
57 61
34 15
49 21
33 66
77 17
4 40
32 87
9 62
88 36
5 5
49 39
62 97
73 45
97 23
39 42
44 69
61 24
87 15
37 56
83 94
98 68
10 89
4 25
98 87
53 94
97 60
33 7
99 40
28 81
2 98
26 96
23 40
7 71
48 78
77 92
57 9
40 23
10 12
2 34
82 2
4 86
72 17
53 59
25 14
45 94
96 33
11 40
60 84
68 48
25 3
59 66
64 15
81 24
66 20
46 63
51 28
75 63
73 0
8 56
54 0
83 76
3 5
94 57
98 4
81 98
29 97
0 56
25 81
99 76
25 63
24 33
90 42
71 42
75 57
33 0
10 0
19 34
90 61
10 86
66 0
1 67
68 96
4 30
99 38
93 76
47 85
34 25
84 92
29 72
40 44
6 50
81 39
18 0
17 96
49 12
28 18
12 80
53 85
84 83
13 18
76 19
34 33
91 67
58 70
37 94
73 36
18 71
85 8
44 29
92 30
41 10
66 30
84 51
19 89
13 30
72 9
65 27
