108
88 51
10 21
92 22
15 6
58 35
1 80
35 27
79 68
28 94
36 65
91 3
74 18
44 83
87 85
92 35
59 27
75 52
28 71
9 11
65 60
86 13
29 45
5 95
72 96
56 8
13 60
39 7
4 30
46 67
65 93
20 27
90 88
61 73
20 79
69 3
99 73
28 50
95 53
22 5
81 35
98 4
60 88
37 92
3 66
48 53
53 25
64 45
29 22
19 75
11 4
68 19
86 73
96 41
90 28
21 64
41 74
96 12
97 87
86 58
66 33
96 65
31 80
84 44
32 69
20 97
44 99
5 39
48 45
30 4
46 1
37 22
4 87
22 95
56 99
13 37
69 53
99 95
80 73
71 90
44 42
71 10
28 37
74 34
19 21
64 65
47 10
49 68
81 3
53 94
63 9
13 94
21 56
80 67
87 19
96 50
43 64
9 26
30 12
65 25
20 29
21 71
73 43
89 68
78 83
44 58
26 86
28 58
76 43
