111
49 87
30 63
2 56
89 62
64 68
59 91
41 92
19 83
32 22
98 17
35 44
69 42
42 7
16 11
62 19
83 90
66 61
4 47
72 14
96 23
5 10
42 25
56 83
16 74
76 67
46 16
48 31
48 78
4 32
99 86
46 61
98 68
82 7
25 38
76 46
47 46
22 18
34 81
8 56
61 7
71 26
94 83
1 22
58 62
26 88
50 99
74 75
21 61
37 66
63 27
64 52
41 84
60 35
68 76
43 53
52 55
1 80
99 38
31 1
97 47
57 1
0 72
68 98
83 98
16 99
1 93
2 39
81 24
46 1
91 43
26 37
10 1
26 98
83 83
89 67
81 41
25 22
19 53
36 61
68 83
56 99
96 33
3 62
21 78
9 17
42 46
19 46
87 17
89 89
60 46
79 59
19 89
54 31
57 10
82 64
41 79
37 10
64 82
61 60
82 57
92 74
38 31
53 94
56 22
34 76
59 42
83 80
49 68
67 67
26 76
74 52
