112
4 32
69 89
10 8
70 8
30 6
41 90
81 30
8 49
96 93
39 21
93 57
53 70
65 45
31 49
60 97
35 90
39 75
80 81
87 63
32 16
21 54
94 15
3 73
23 34
70 66
46 51
64 2
92 35
44 36
12 82
62 37
1 3
7 24
84 97
34 69
74 19
56 86
63 64
2 43
36 54
21 1
97 53
86 72
9 69
70 45
20 27
44 27
77 6
37 85
53 60
87 88
13 64
67 27
82 60
38 27
8 42
16 17
64 10
50 79
36 42
73 95
77 68
57 76
73 56
98 0
20 97
49 1
9 90
96 24
28 70
6 1
59 29
47 10
90 42
96 99
95 80
1 16
1 84
49 11
92 20
1 58
18 85
33 73
97 60
95 75
87 40
5 32
33 96
18 49
65 30
22 5
66 48
29 34
62 92
86 15
49 60
39 6
71 79
38 36
87 78
58 12
10 23
61 60
28 21
88 48
33 79
70 21
49 17
55 36
43 64
21 12
55 21
