110
57 91
86 55
52 76
64 7
70 76
95 3
17 70
17 14
68 67
73 90
92 22
57 41
92 79
71 23
86 75
85 37
70 56
78 6
53 85
88 28
67 16
89 12
77 65
55 50
97 60
9 13
56 35
15 63
52 13
26 15
20 78
95 7
90 39
93 75
70 50
95 54
68 93
60 31
19 21
58 2
70 71
96 84
20 6
93 32
87 1
60 98
85 59
68 83
62 22
95 16
70 60
77 26
59 68
62 87
83 11
81 74
36 48
34 30
4 29
37 0
88 99
1 14
26 46
19 85
2 29
11 55
52 60
37 20
0 6
13 85
19 29
35 40
21 63
22 0
0 1
37 8
6 70
50 91
72 41
72 98
28 70
0 21
21 55
93 57
52 22
55 7
12 80
81 94
28 30
13 30
5 1
28 0
95 31
53 79
88 79
67 26
94 48
66 43
16 1
86 22
78 42
58 59
84 90
10 21
85 63
61 75
10 5
83 32
61 66
81 48
