103
78 49
61 57
24 53
46 18
29 79
89 68
80 92
33 53
15 4
11 37
50 84
3 53
36 36
85 32
77 14
73 73
53 15
26 88
89 91
54 47
25 72
46 63
93 77
47 77
78 73
30 59
30 47
36 63
94 8
11 89
30 14
74 34
94 59
51 92
99 44
59 33
11 31
45 3
32 90
86 5
76 58
98 74
60 92
44 31
56 62
3 38
95 36
26 38
41 94
14 80
63 42
65 19
74 80
31 70
83 43
44 47
53 25
66 72
45 54
35 79
0 6
96 99
30 4
15 2
8 54
7 22
28 21
79 0
68 96
26 99
68 17
99 53
99 29
13 69
43 0
96 90
92 15
98 51
22 5
34 94
35 20
2 47
20 37
37 3
56 77
77 22
81 90
77 64
76 43
44 30
17 90
27 41
56 88
46 69
68 25
19 17
24 57
29 78
83 65
35 38
58 79
41 86
41 79
