# Penalty: 41326.667204380814
118
80 1
16 93
55 84
6 75
47 75
60 5
93 65
73 96
95 93
67 40
15 11
75 16
61 99
54 69
16 87
21 13
50 58
69 80
8 88
55 10
55 37
27 78
12 53
4 49
35 63
19 69
66 19
89 20
18 72
38 87
80 56
69 65
23 25
72 57
13 26
92 44
81 7
25 93
28 0
37 67
45 89
75 71
35 16
53 52
19 49
33 51
60 68
22 41
30 8
90 59
61 23
59 90
26 56
83 29
99 0
32 95
97 75
98 49
28 70
70 85
41 36
56 24
37 47
34 37
85 82
48 38
92 81
0 16
55 63
82 44
94 18
13 62
98 29
10 19
85 67
99 78
65 94
48 32
3 2
4 65
36 8
6 21
81 33
85 3
8 94
23 55
62 33
76 61
9 35
23 27
41 81
20 58
96 35
2 98
68 43
97 97
80 26
73 32
43 18
1 39
38 25
0 34
74 1
34 41
22 84
18 32
63 85
33 71
46 10
49 15
81 97
33 66
86 50
78 82
5 79
47 94
44 52
99 15
