# Penalty: 35810.31854488007
110
59 55
58 1
98 46
67 77
71 47
52 42
32 60
32 78
14 51
63 20
3 37
61 90
62 73
3 14
71 23
71 32
94 6
7 96
64 1
53 86
64 95
81 49
50 89
66 24
43 31
23 62
28 6
37 82
93 0
19 69
84 73
89 11
47 14
12 25
98 87
11 73
53 57
88 24
14 83
96 41
9 0
84 26
20 32
25 74
34 52
57 26
3 55
5 6
26 38
27 21
94 56
85 92
86 57
97 66
70 58
69 4
61 9
20 4
53 10
21 76
33 41
33 68
2 62
14 27
37 38
50 4
78 34
67 43
17 60
63 45
43 71
9 42
18 18
48 28
85 40
4 88
6 35
39 77
43 47
99 73
57 67
46 85
38 99
39 54
79 1
46 62
18 97
30 89
58 40
71 95
35 19
49 66
7 78
26 91
19 52
72 63
44 99
82 67
0 52
11 11
0 20
24 4
34 36
46 10
80 20
63 62
56 40
98 24
77 10
34 8
