# Penalty: 121570.56673306793
196
84 20
70 64
6 91
55 84
79 51
33 63
85 64
12 98
21 46
98 21
33 20
26 14
48 56
92 99
26 7
50 93
61 93
52 35
79 28
93 54
64 27
40 27
12 93
77 94
4 98
13 76
62 69
91 4
47 68
97 26
84 93
85 79
6 63
37 5
56 18
40 40
29 49
8 84
61 99
99 83
76 99
48 28
21 11
28 59
93 69
43 50
61 65
4 77
55 42
70 40
36 56
85 49
4 70
84 99
70 24
27 92
5 34
11 84
12 58
39 84
51 49
93 12
50 78
41 20
56 91
93 21
19 72
79 13
35 77
63 5
38 70
19 99
5 54
62 36
96 68
41 13
11 70
20 57
40 5
69 50
23 62
66 42
14 4
6 30
55 14
84 87
70 12
81 42
50 82
85 12
99 75
88 84
77 65
98 97
64 83
56 79
16 43
65 57
55 34
39 56
12 48
63 11
41 93
77 67
33 98
47 5
78 20
65 50
42 64
35 49
20 36
42 73
51 14
93 29
77 42
5 44
96 40
26 85
99 54
20 29
99 63
98 94
22 83
77 37
26 62
79 83
56 69
6 6
72 79
70 6
68 36
99 51
12 13
54 28
85 6
5 16
25 77
99 35
12 33
41 78
72 56
27 33
33 92
64 79
91 63
94 77
83 34
54 7
20 5
86 69
36 86
55 99
68 26
70 81
34 27
27 21
99 7
35 13
99 16
53 49
22 43
56 63
77 6
14 66
49 42
38 42
79 79
56 56
94 49
83 58
4 21
28 70
70 94
19 21
30 30
41 36
26 44
52 63
21 94
7 49
14 27
70 96
93 91
91 39
71 70
94 35
28 99
24 77
49 21
78 57
43 99
82 27
64 21
34 35
47 96
11 21
