# Penalty: 38815.60683299317
111
82 29
48 36
34 28
63 98
46 66
28 94
0 23
49 62
13 90
26 87
49 89
81 32
63 27
23 27
32 14
37 99
41 81
70 41
81 98
90 46
71 97
30 4
92 19
20 42
63 56
83 89
14 99
40 63
75 30
4 43
25 20
55 63
55 8
2 91
27 56
76 49
28 73
92 30
41 85
16 65
44 81
61 42
90 96
48 26
94 57
57 47
84 31
57 1
1 60
6 1
59 38
2 22
3 51
76 44
5 66
56 84
13 55
35 0
4 31
79 0
24 64
84 60
99 76
93 90
87 1
36 56
85 40
12 1
77 75
60 13
92 82
11 11
34 43
73 59
1 82
7 89
18 34
54 39
7 52
82 9
40 21
77 15
3 75
80 84
79 61
46 12
73 8
82 75
21 56
9 36
21 1
84 69
12 62
21 10
70 58
12 80
58 77
56 22
90 63
49 1
0 1
65 84
32 35
86 15
16 82
62 24
67 75
53 30
53 94
73 51
74 89
