# Penalty: 120888.61087262891
196
33 54
22 26
55 93
40 41
78 34
57 20
99 93
6 84
78 70
42 4
93 70
48 56
98 5
97 49
84 6
35 83
36 48
6 77
56 5
54 65
99 97
20 72
47 68
63 31
36 77
84 93
71 19
33 19
56 11
21 11
23 99
55 51
99 85
48 12
76 92
73 84
49 84
47 65
29 26
4 70
40 35
14 25
62 50
93 28
7 4
48 23
6 44
27 76
35 68
11 77
19 90
30 99
43 29
49 79
78 5
35 34
5 63
13 43
61 71
80 84
76 62
16 57
91 99
28 40
4 49
76 98
5 56
14 4
29 23
12 71
97 20
86 20
58 68
49 99
61 64
99 57
85 12
54 43
65 82
14 98
88 84
71 13
84 62
12 64
56 79
54 36
99 68
14 91
99 77
91 94
84 55
21 5
33 98
49 94
30 62
77 42
43 19
63 4
69 47
27 68
7 99
63 98
77 26
62 19
73 28
28 5
5 21
20 40
12 36
41 72
68 68
5 30
92 35
23 54
70 4
76 56
56 53
27 47
99 42
19 61
40 93
50 51
83 48
28 11
20 37
41 78
41 96
82 85
91 63
49 27
21 84
94 77
64 54
91 56
77 11
22 75
41 55
79 48
26 54
62 13
15 20
19 51
68 44
98 63
34 27
33 62
35 4
4 35
28 84
70 99
79 77
5 91
85 99
63 78
68 37
11 49
41 50
49 42
64 33
44 64
94 49
35 91
92 6
70 58
12 16
62 93
70 76
82 41
42 14
70 94
85 76
94 42
49 37
4 14
82 34
91 21
63 39
85 69
55 98
99 13
34 42
19 23
71 61
76 20
28 90
98 35
40 82
13 86
84 27
26 37
54 84
91 14
37 13
49 5
57 27
98 28
