# Penalty: 40602.436414547694
119
83 12
58 95
50 91
32 60
28 62
30 13
72 6
34 25
23 77
61 81
27 97
85 29
25 24
53 6
35 46
70 22
21 40
62 41
21 49
42 90
31 53
82 18
0 88
11 97
34 77
88 57
99 66
34 95
42 44
77 74
0 83
19 96
97 15
89 11
1 65
18 72
7 81
74 0
94 94
97 10
36 0
15 53
49 50
91 70
51 15
43 20
4 47
50 1
79 91
90 91
23 10
94 61
12 19
72 42
1 9
14 46
46 35
49 49
80 27
24 91
63 55
37 20
86 43
47 69
28 83
60 26
93 50
86 74
70 57
19 2
29 52
74 59
54 99
65 95
60 34
95 1
3 12
37 14
32 66
78 42
57 86
33 3
12 74
65 89
49 72
38 81
38 99
76 93
7 88
0 49
96 40
99 36
15 87
2 98
26 73
39 39
97 83
81 4
13 0
70 79
15 63
10 60
4 26
22 34
96 29
99 25
49 6
58 2
92 98
0 42
81 88
23 16
45 58
49 28
63 48
63 75
53 21
64 30
45 26
