# Penalty: 41478.865952551016
114
30 46
70 9
7 90
20 84
83 76
5 28
9 81
32 12
9 26
83 94
60 37
72 2
69 49
41 97
32 39
80 58
44 38
95 86
85 48
48 93
16 40
42 4
5 12
83 78
55 43
97 58
32 96
8 41
2 43
69 17
32 62
81 0
13 12
41 92
50 40
64 2
25 93
62 23
61 58
70 70
36 77
14 74
92 21
87 98
87 43
1 3
81 57
44 81
49 34
11 4
4 75
69 39
81 13
85 29
47 63
22 73
24 55
98 13
18 57
83 43
86 5
36 65
66 63
78 28
38 56
33 5
87 40
78 37
36 86
44 23
86 71
89 12
94 63
52 57
77 22
64 31
10 60
36 24
88 62
98 72
93 30
65 78
48 16
3 57
75 52
7 36
21 35
69 84
18 45
99 27
49 17
47 74
8 67
19 21
5 86
58 6
26 99
61 84
42 16
88 77
89 57
77 67
21 14
68 98
51 48
35 40
0 49
67 84
89 84
70 25
42 73
28 19
46 55
26 67
