# Penalty: 40942.1825905604
115
53 14
84 84
16 93
2 39
70 9
64 23
82 38
93 13
9 72
6 48
63 52
31 47
23 98
21 46
94 94
26 69
13 24
19 39
16 31
71 31
76 45
2 50
83 23
99 22
32 32
70 50
13 92
99 40
90 37
10 56
47 84
37 83
78 29
50 22
83 89
33 79
25 75
30 98
0 30
34 25
48 42
18 7
55 56
91 43
37 51
37 14
51 61
2 56
85 8
78 97
13 7
45 39
49 70
45 2
31 67
99 46
77 9
92 71
67 81
98 68
1 71
47 56
31 69
6 15
4 6
90 57
33 87
14 0
91 3
45 70
3 64
16 46
18 61
39 22
47 8
33 55
73 36
79 52
41 77
25 60
19 83
82 75
63 16
84 69
2 94
7 20
86 29
64 35
61 82
92 27
5 95
74 94
65 91
67 73
61 2
28 8
55 89
0 1
65 66
5 79
88 13
46 62
28 26
40 0
49 12
50 41
24 31
35 40
55 27
45 26
56 35
28 83
74 25
15 76
27 41
