# Penalty: 39001.18639139616
117
79 24
35 88
98 55
63 34
47 80
29 50
6 75
24 92
61 86
44 1
72 95
24 64
47 47
96 98
47 56
9 39
68 88
16 87
88 62
95 69
35 27
51 21
1 56
65 68
58 65
80 65
7 99
75 85
56 80
99 51
80 10
23 42
64 61
96 41
38 36
77 27
62 20
84 17
95 26
94 79
15 47
36 79
42 10
63 51
54 2
37 25
24 6
76 7
25 78
2 85
17 79
82 59
28 97
53 28
78 48
70 53
29 66
6 91
81 94
53 32
20 93
85 73
30 2
29 43
0 7
32 80
1 92
7 23
63 13
83 0
94 27
74 63
70 20
78 33
51 79
67 42
21 20
81 79
4 70
93 21
25 3
2 28
43 65
84 89
36 21
16 52
48 13
16 29
45 74
99 72
73 37
13 19
96 35
9 3
5 14
8 61
48 97
53 50
28 96
8 56
60 66
96 7
23 35
16 5
44 94
86 96
25 58
61 7
30 19
94 49
44 39
52 52
89 82
63 39
33 52
74 71
86 45
