# Penalty: 37617.43470418003
112
49 23
80 1
47 53
30 98
61 90
67 8
63 19
94 6
81 36
41 18
10 12
27 83
39 66
22 4
89 3
88 62
28 29
69 57
0 79
23 53
51 44
81 26
84 73
13 40
65 68
19 50
51 11
96 46
25 93
38 32
45 80
99 60
14 74
26 48
49 59
15 57
94 84
4 47
28 4
91 47
64 29
69 0
2 94
16 96
82 41
29 62
51 76
74 96
85 55
9 74
63 54
37 1
14 26
82 17
9 51
72 17
74 63
97 28
3 30
43 75
17 32
55 58
18 18
51 38
96 64
82 7
63 3
6 8
44 7
41 11
62 43
21 42
4 56
59 10
87 90
68 76
57 94
65 98
0 63
32 15
11 90
97 4
41 91
58 72
22 99
7 92
0 48
23 13
41 94
72 81
82 76
83 59
77 11
67 83
55 90
48 96
20 25
31 25
25 76
65 23
76 32
37 68
14 66
50 25
29 78
14 34
93 98
98 33
91 12
0 1
17 81
56 17
