# Penalty: 33904.20571299007
109
7 17
94 30
2 68
22 46
86 58
70 50
0 0
64 11
45 7
97 26
78 49
99 99
40 58
67 35
16 60
16 64
57 92
54 41
62 63
43 22
97 2
32 31
22 8
0 97
23 89
13 54
82 13
19 60
32 8
83 90
15 94
28 23
9 19
62 3
81 34
1 37
37 94
50 24
73 25
23 42
92 16
91 65
53 38
57 17
56 70
3 73
80 27
71 64
86 66
8 3
18 38
71 68
5 95
39 8
29 89
74 87
14 45
1 93
17 74
28 83
94 46
61 98
95 20
45 1
98 12
15 5
26 18
52 3
35 80
92 62
15 98
62 75
59 6
92 84
61 78
36 35
65 98
77 63
6 21
44 11
53 74
84 98
99 77
46 71
30 48
74 11
86 3
99 40
50 40
0 30
79 94
48 88
35 23
49 52
29 97
10 74
65 19
44 85
57 24
97 69
4 35
51 88
97 91
33 57
67 91
48 59
60 51
32 74
37 49
