# Penalty: 34844.71201798595
108
26 21
26 39
42 2
40 41
53 34
93 88
99 86
59 59
63 20
47 43
1 85
52 14
50 99
2 22
0 89
22 0
36 47
21 40
81 54
20 89
76 96
81 58
86 11
67 25
99 66
63 0
92 45
79 93
85 41
4 71
53 85
9 6
34 99
7 63
71 93
74 9
32 12
95 77
57 41
27 36
1 28
23 24
44 74
33 83
10 99
79 64
29 72
87 22
25 56
95 53
1 18
56 61
22 59
65 48
58 27
7 52
34 56
79 36
0 8
6 87
21 85
72 32
99 4
37 20
45 33
31 98
74 78
3 45
49 12
91 5
93 68
37 33
60 21
71 35
9 78
3 3
77 73
10 10
41 25
67 10
84 99
73 70
15 88
49 76
0 49
13 33
68 84
69 49
87 75
92 19
91 68
16 19
78 88
41 62
25 99
61 3
11 38
21 70
62 98
16 9
22 70
18 54
85 85
67 55
27 0
6 62
14 47
15 12
