# Penalty: 32596.37879276939
103
26 21
86 72
32 87
38 4
16 65
48 17
73 55
48 21
97 7
31 71
70 35
5 27
90 22
49 97
18 91
23 71
32 49
12 80
99 84
77 56
53 67
92 58
27 50
31 56
23 52
89 15
57 41
46 59
57 68
99 51
38 41
40 95
8 49
41 55
89 94
94 29
9 89
72 46
70 76
17 70
42 23
52 45
68 16
27 11
11 12
85 64
3 31
52 26
52 35
25 18
21 66
82 17
83 9
33 35
14 3
78 33
52 7
61 83
22 2
80 91
19 90
39 68
97 27
96 59
50 82
27 80
4 42
59 5
17 35
76 84
32 19
16 11
37 70
95 43
66 25
0 48
41 76
64 86
22 98
80 39
0 25
66 6
56 59
86 78
80 34
99 34
47 81
90 79
41 61
99 2
22 38
2 69
65 18
56 49
71 52
79 65
8 23
63 57
71 70
5 97
84 0
75 49
34 26
