# Penalty: 37970.51056677372
115
17 67
60 28
83 39
29 34
22 37
29 52
49 0
4 96
89 54
78 54
1 99
83 18
31 99
94 27
99 99
39 87
98 2
10 8
18 0
35 71
98 29
71 5
36 47
94 6
1 82
54 82
81 47
4 90
38 97
92 77
20 57
84 69
40 14
15 79
6 30
14 4
84 87
23 71
18 93
30 76
58 52
43 51
39 65
43 35
16 18
61 68
25 2
97 8
33 91
4 55
54 22
11 69
54 49
4 39
95 59
95 68
92 51
98 85
16 22
55 13
68 41
0 53
17 14
99 22
79 83
51 20
54 1
1 28
53 66
34 62
46 27
68 36
29 84
49 41
51 4
12 40
10 97
57 38
77 25
69 21
30 20
72 58
77 2
38 29
78 74
80 16
95 44
69 25
61 21
48 87
5 6
70 72
59 90
70 99
56 63
23 23
0 6
69 4
7 47
55 96
67 55
21 85
78 91
93 82
65 11
88 13
8 23
57 7
6 53
78 66
26 37
79 40
37 13
37 22
40 75
