# Penalty: 46208.84530809051
89
44 91
10 98
10 61
17 30
4 48
16 77
34 94
23 91
58 88
37 99
26 62
4 96
60 94
66 89
15 16
32 32
13 37
2 34
48 86
46 98
34 78
20 24
11 55
5 23
4 89
83 89
14 99
75 85
27 29
83 98
94 98
3 44
35 76
36 41
7 14
27 56
9 69
12 95
15 75
25 77
17 39
28 39
53 68
36 61
37 69
69 94
18 55
1 14
51 54
60 66
29 97
35 55
16 69
14 53
2 33
3 62
17 61
3 7
38 47
32 70
10 76
10 21
23 67
16 46
52 75
8 81
40 85
31 82
58 75
18 91
61 80
30 74
45 56
72 76
6 30
25 53
63 73
67 64
24 38
89 91
27 91
68 80
68 98
45 81
46 64
0 76
2 82
75 97
53 60
