# Penalty: 35178.40052445036
106
62 8
52 40
62 72
21 16
15 30
79 88
44 36
26 30
35 42
0 60
14 22
68 66
0 23
46 20
16 77
53 7
13 90
71 31
49 46
92 26
41 17
99 22
8 41
17 53
2 43
56 32
32 25
10 86
44 97
20 8
7 23
99 51
25 47
38 96
38 41
84 38
4 27
23 95
67 95
15 57
6 63
60 98
70 45
67 58
39 5
55 1
1 85
48 90
39 87
9 71
87 54
81 13
94 41
46 22
36 63
29 97
24 0
1 80
94 61
78 74
38 38
64 29
81 54
73 59
40 1
54 64
71 80
45 6
66 38
67 3
2 99
52 48
3 9
15 93
45 63
58 57
31 18
3 66
12 14
55 21
10 7
74 19
46 67
31 57
95 78
70 3
60 65
86 29
61 82
32 79
65 91
74 39
80 52
49 83
56 79
89 91
88 77
82 70
75 95
67 11
72 25
55 73
89 84
85 7
42 73
26 12
