# Penalty: 35503.543220122134
110
97 81
61 6
96 99
9 58
51 96
63 56
58 99
52 46
86 17
16 74
81 59
84 88
48 12
71 32
40 26
58 71
51 49
35 59
88 80
57 83
74 46
36 1
84 64
64 67
24 31
72 80
23 75
85 0
0 78
92 17
26 53
38 73
85 22
95 54
13 21
76 31
44 97
57 36
92 39
71 74
37 44
2 77
0 27
53 56
68 26
78 94
39 4
41 59
34 20
44 73
72 55
1 13
7 29
98 58
65 11
66 83
89 57
17 65
82 45
95 20
79 17
60 21
52 17
62 85
78 38
58 92
81 84
73 66
32 34
91 3
31 82
34 93
29 14
21 10
93 34
99 41
72 96
96 72
17 26
54 29
44 91
23 68
87 71
88 54
38 62
19 48
8 52
48 88
91 68
10 88
28 96
34 41
25 90
46 33
9 96
3 57
89 96
81 3
0 42
40 87
99 2
14 43
7 13
55 71
70 69
9 77
53 3
72 16
23 11
67 50
