# Penalty: 34890.15913083562
100
28 67
43 87
25 20
10 49
89 22
40 58
2 22
12 63
55 42
79 4
17 47
5 63
26 95
44 9
51 26
72 94
48 20
50 48
62 22
83 90
16 54
46 73
38 87
7 99
20 38
17 14
64 57
67 1
56 53
99 51
49 59
6 93
46 31
23 1
34 34
93 92
74 88
99 32
30 26
38 17
90 45
11 8
0 8
13 86
35 95
58 8
19 7
1 97
75 19
16 72
70 52
99 97
65 95
28 46
40 38
52 12
73 80
20 92
17 32
74 58
3 16
88 69
1 82
81 74
29 5
17 17
9 40
64 69
9 17
68 66
26 60
15 78
4 32
16 24
68 43
27 38
71 72
29 84
21 98
84 47
24 23
53 68
97 83
22 75
98 88
95 37
65 5
76 14
34 45
49 6
89 87
31 20
4 3
36 85
33 25
81 83
56 35
15 3
13 70
51 96
