# Penalty: 36639.00871109095
110
27 4
29 50
28 94
43 96
42 82
73 60
52 14
72 10
40 26
58 80
42 90
12 94
50 62
0 70
12 62
72 94
28 42
28 10
48 6
60 74
72 66
47 0
49 46
50 29
58 42
27 36
0 46
12 38
58 10
28 18
48 90
72 38
88 10
72 74
89 90
59 86
62 2
42 42
0 54
42 10
0 31
41 50
48 98
72 46
10 71
2 94
28 70
90 31
90 49
60 26
0 21
11 30
72 18
41 58
28 78
0 16
62 94
32 62
90 39
91 22
73 80
89 42
73 84
41 2
42 74
0 77
0 86
12 78
71 2
58 50
50 55
12 46
28 26
49 76
40 18
13 24
59 18
90 81
58 58
12 18
12 54
50 22
38 66
0 39
27 56
73 32
72 54
89 97
60 66
0 61
49 38
58 34
90 75
91 58
72 26
10 87
91 17
28 86
27 32
41 34
48 82
52 70
88 2
27 0
0 1
90 65
11 10
0 10
12 2
73 88
