# Penalty: 37065.472094553406
109
79 33
90 97
73 26
81 39
53 87
81 48
28 12
93 13
68 57
37 97
27 34
41 33
4 48
96 33
69 58
99 93
18 28
5 12
8 75
83 78
37 35
9 83
95 52
32 96
16 79
90 28
25 27
59 59
13 37
57 34
71 33
11 46
30 59
23 93
83 25
78 47
83 98
26 73
75 94
25 20
55 63
93 47
13 94
65 31
38 96
30 6
56 73
10 51
85 63
11 4
43 66
18 46
15 68
71 3
13 89
4 4
85 1
67 99
99 67
14 62
3 7
63 37
25 65
45 6
12 12
31 80
84 83
70 8
58 82
25 49
4 26
4 90
19 17
96 84
63 60
40 3
0 31
60 45
21 63
40 76
40 21
39 43
88 9
9 27
51 90
49 17
63 16
68 85
31 75
67 71
89 80
0 63
5 22
47 37
39 63
85 94
72 69
24 56
59 23
42 71
88 68
99 77
92 38
26 83
54 20
23 32
40 57
57 73
24 79
