# Penalty: 38519.87954037486
113
82 38
5 65
56 39
66 80
51 91
98 32
19 4
58 81
41 19
52 28
54 65
10 40
16 56
88 99
63 24
33 28
23 99
13 64
82 14
34 6
99 80
71 9
28 38
41 4
6 37
0 97
76 82
0 56
8 87
19 87
4 53
68 55
69 65
91 80
15 80
20 51
34 53
16 26
94 84
57 22
37 71
36 93
11 36
30 58
4 6
86 71
48 80
60 72
34 20
72 37
37 25
49 35
29 62
21 76
78 57
40 48
40 66
81 76
53 5
54 95
57 11
63 45
72 4
8 96
26 0
18 14
98 43
83 0
17 73
80 83
61 88
52 39
98 2
78 42
63 26
19 77
80 91
62 52
85 26
2 28
24 43
89 32
99 64
41 86
84 57
46 66
20 22
51 9
0 80
99 22
22 94
5 23
73 14
42 54
20 17
33 72
55 1
76 51
78 97
49 61
79 71
30 29
0 20
91 49
8 42
52 75
22 61
69 2
40 96
25 53
60 60
95 27
44 52
