# Penalty: 39015.686174188035
117
45 12
98 32
57 98
69 81
93 47
73 78
81 91
31 72
79 32
81 59
47 56
40 26
6 33
64 1
23 94
1 34
64 90
34 95
93 18
93 27
35 22
78 2
57 91
21 16
19 46
91 62
71 93
69 51
75 67
70 6
76 58
98 82
81 29
76 26
2 95
97 76
38 45
49 63
83 43
23 1
58 18
31 0
88 0
99 9
16 2
56 65
22 72
89 71
15 42
20 98
25 64
38 3
13 77
43 90
70 53
5 90
64 5
85 91
7 1
51 98
18 10
63 36
47 41
98 43
55 72
21 61
44 26
56 0
35 53
3 30
89 42
96 87
5 48
21 29
2 1
2 10
38 72
29 14
26 97
62 47
11 63
9 4
28 35
16 20
4 64
32 5
50 13
61 22
19 43
0 48
74 15
85 15
65 33
78 97
30 29
71 67
42 40
83 77
44 85
77 11
19 24
43 8
41 75
53 49
56 45
46 10
79 52
28 86
33 39
21 83
66 81
55 80
11 28
63 66
81 83
87 23
22 15
