# Penalty: 36246.134566304754
110
1 81
0 0
33 6
25 38
39 85
20 99
62 91
96 62
50 67
21 31
75 11
73 77
35 41
71 0
39 43
91 99
0 97
22 8
17 6
47 28
34 95
65 82
16 27
14 93
91 62
94 85
45 94
27 45
15 80
61 56
75 85
13 30
4 61
1 28
56 71
69 10
58 19
28 18
68 72
34 75
42 6
75 39
31 23
20 0
41 41
83 56
40 94
76 25
22 54
7 29
55 96
63 64
21 85
3 45
56 1
14 13
66 87
26 23
83 23
0 16
41 17
87 2
78 29
90 30
90 39
71 44
1 78
65 99
51 56
47 22
6 17
55 12
49 99
73 29
30 67
91 92
83 88
19 94
12 64
5 42
77 58
27 34
60 85
92 10
5 14
26 91
83 73
37 60
61 26
97 78
14 71
50 3
0 11
9 96
53 49
44 80
99 25
33 89
22 52
65 41
49 42
61 16
91 44
31 20
75 54
97 86
48 50
29 73
10 41
56 35
