# Penalty: 37810.768338336384
110
97 72
55 75
17 67
48 54
91 34
82 15
22 14
54 92
14 28
55 29
79 14
99 81
46 93
44 10
44 19
72 1
4 77
13 73
36 38
92 64
79 4
9 52
93 5
62 45
17 6
5 31
15 81
85 23
55 0
34 90
42 48
97 1
44 84
9 1
38 55
98 96
60 96
68 45
57 72
71 65
45 39
53 70
37 71
30 58
0 54
49 13
74 97
92 20
90 50
29 76
87 44
32 95
79 36
86 84
30 12
45 24
98 35
26 28
62 72
99 93
33 49
59 34
67 65
47 77
94 27
21 61
24 53
40 24
33 3
85 49
20 87
43 70
72 83
63 16
11 90
12 64
59 23
26 92
66 30
55 20
13 1
87 48
51 36
41 99
56 60
72 86
0 30
48 88
94 91
11 34
76 19
26 36
77 29
8 15
96 11
56 54
14 48
22 61
89 69
78 78
90 79
31 2
75 63
76 0
68 14
61 2
36 67
48 59
52 56
67 50
