# Penalty: 117852.19658213093
201
4 0
33 36
78 68
71 20
28 58
19 0
63 34
54 95
69 95
67 43
54 88
0 7
37 26
2 68
50 93
35 74
90 19
63 29
14 8
41 1
5 78
71 17
35 94
93 56
20 72
94 0
19 6
68 8
49 4
35 87
48 44
5 82
40 49
78 33
70 29
21 54
72 1
98 20
28 32
28 41
68 86
47 63
20 76
56 20
3 14
62 48
55 51
0 82
65 92
49 84
5 68
4 63
78 30
33 7
62 43
30 72
70 35
82 0
0 77
16 73
63 5
97 0
20 64
69 57
65 62
17 22
90 15
36 44
29 14
0 97
15 79
65 98
5 56
21 28
84 96
7 93
96 70
5 40
84 62
42 44
81 44
54 36
47 30
11 65
42 80
92 29
51 21
0 92
5 51
55 0
80 63
50 59
42 64
50 77
35 58
85 16
28 37
79 97
59 9
64 78
56 74
35 51
0 51
74 0
99 63
12 43
26 78
43 39
42 59
57 59
5 21
13 1
83 87
92 35
20 49
36 11
56 78
57 43
64 57
19 43
99 42
76 49
28 9
83 82
1 21
99 35
83 48
52 69
15 50
14 94
28 96
0 25
76 44
97 85
46 49
93 99
79 82
64 72
20 14
20 23
0 54
94 70
14 89
23 37
26 63
99 14
77 4
84 37
50 14
43 8
70 81
61 23
56 27
93 76
42 19
65 14
42 28
79 77
76 23
82 73
56 63
14 57
70 65
84 30
90 43
36 72
98 56
21 99
4 28
27 23
8 37
15 15
51 99
94 49
98 31
0 42
29 87
49 35
83 58
21 83
98 49
21 92
34 22
79 54
29 53
0 35
27 0
14 36
5 97
40 73
97 79
91 5
70 71
46 0
36 96
14 29
93 84
93 93
41 22
57 18
84 11
