# Penalty: 36994.969135877654
110
21 16
64 69
93 59
2 39
7 35
7 99
20 93
63 43
92 24
39 51
0 14
26 5
50 36
6 84
62 92
83 69
56 30
94 78
50 29
96 90
49 82
90 83
62 76
46 98
56 23
21 32
37 28
44 15
75 85
6 61
27 38
64 2
78 1
61 49
2 91
39 85
92 3
34 25
15 48
3 28
21 43
44 8
32 82
88 17
50 51
23 79
11 59
2 56
52 60
84 31
24 53
3 94
6 1
30 20
42 22
62 9
18 73
96 41
76 99
37 71
79 55
87 38
12 1
89 10
4 6
35 48
75 11
32 6
55 44
81 72
43 36
91 67
89 76
42 1
10 5
91 97
68 83
54 66
75 52
40 94
61 62
80 84
19 10
54 96
0 70
2 21
88 91
66 97
81 24
81 51
33 66
61 82
9 20
30 30
46 78
20 59
35 20
70 60
89 73
81 35
80 15
53 83
51 76
60 97
32 90
53 12
59 16
70 25
28 74
9 70
