# Penalty: 41691.94583938771
123
18 17
69 95
25 25
99 1
53 34
58 99
67 31
23 95
26 2
1 94
42 86
62 64
85 47
2 40
54 78
56 20
86 30
3 23
99 85
23 58
59 35
28 20
40 3
36 51
73 36
52 13
3 98
30 78
51 12
85 23
96 38
44 98
65 50
72 98
15 67
38 46
8 41
85 13
99 24
77 5
56 89
97 99
43 2
0 68
25 79
11 36
71 87
83 61
20 32
68 17
71 46
19 8
15 56
65 7
96 22
10 89
68 21
55 96
6 60
48 75
16 91
98 62
93 77
24 72
35 81
91 0
55 77
0 7
29 43
34 14
20 88
93 72
16 81
83 18
31 92
40 24
69 78
72 3
28 27
77 59
46 90
29 28
9 18
80 50
93 7
83 97
1 54
47 21
57 53
68 71
63 2
99 36
13 42
24 42
38 62
66 16
2 89
47 20
50 49
61 58
75 78
46 65
7 55
90 80
75 73
89 74
9 2
23 3
99 7
99 16
93 94
85 90
56 63
3 75
52 43
21 65
36 67
27 9
70 87
29 64
52 38
64 21
10 77
