# Penalty: 37815.08629534003
111
34 65
64 78
70 18
20 93
56 92
9 72
88 72
57 2
19 82
74 27
7 1
13 26
52 42
61 54
41 51
33 47
88 47
37 17
31 31
26 53
4 96
69 42
10 93
93 54
57 98
2 43
37 10
40 91
34 87
83 25
90 3
18 51
4 43
97 60
34 53
96 46
61 58
25 38
34 16
30 61
62 96
92 12
34 25
2 54
84 93
77 87
48 51
92 94
59 36
96 85
14 12
52 60
4 75
52 5
58 21
55 67
31 67
64 15
20 12
5 57
81 70
78 53
75 39
31 23
75 2
79 48
18 41
24 2
8 15
76 12
93 28
59 42
16 16
88 32
43 36
23 67
70 8
66 56
89 21
63 51
66 22
2 28
89 5
3 66
6 28
26 95
61 7
0 6
96 77
11 79
31 2
33 39
67 71
58 68
78 80
46 78
63 73
84 16
33 68
17 26
0 19
68 89
66 37
79 31
56 81
74 62
56 35
99 15
36 96
5 35
84 66
