# Penalty: 38717.82116247266
113
63 61
44 20
54 79
31 95
55 29
83 20
54 60
85 47
43 50
99 67
65 92
22 13
24 41
78 21
12 94
88 71
70 44
68 74
17 56
69 66
60 8
25 5
52 98
18 77
0 92
99 52
28 10
36 23
88 61
28 19
77 60
27 41
11 51
8 73
20 47
55 22
9 5
94 48
3 51
22 82
59 77
42 42
87 22
45 34
56 43
26 56
78 94
83 38
72 41
2 71
56 51
7 33
33 54
46 11
68 20
47 64
48 56
80 97
84 6
45 5
28 55
41 3
74 72
86 37
59 56
73 57
93 35
74 49
61 87
83 93
98 10
76 80
60 1
58 77
93 7
62 38
42 69
74 3
54 70
79 1
49 76
80 54
2 0
84 75
34 74
45 83
56 92
14 99
38 66
59 98
82 90
74 6
17 96
73 27
25 72
99 21
99 30
97 87
97 96
69 34
56 36
2 65
68 10
30 1
42 12
8 19
40 78
6 85
40 87
64 17
14 34
94 53
86 36
