# Penalty: 39055.020213052114
118
96 95
34 30
68 4
80 81
73 55
71 32
25 19
0 93
13 50
40 3
28 47
67 7
55 32
99 66
9 29
34 90
45 99
69 47
62 8
58 56
90 97
7 99
89 15
92 35
77 46
50 38
52 92
53 57
1 28
34 89
18 89
0 59
23 33
37 53
7 57
48 85
6 79
83 70
76 21
34 70
8 8
50 23
40 76
51 99
97 75
7 29
83 42
31 4
79 31
91 5
63 32
25 41
62 90
85 64
13 99
15 0
48 15
63 13
28 64
71 44
5 71
10 15
62 80
73 80
16 76
28 68
5 43
83 8
93 21
27 85
33 16
3 11
76 62
65 80
65 98
68 94
54 43
2 14
62 65
88 50
99 59
17 17
36 39
49 71
90 81
73 28
62 46
99 22
53 64
54 1
4 45
34 46
64 54
2 79
25 90
99 39
18 50
59 97
79 84
48 78
60 70
96 2
24 4
99 7
56 36
3 39
14 66
15 31
36 99
82 66
82 84
21 83
80 15
9 95
33 25
32 74
65 22
74 98
