# Penalty: 39393.54990922733
93
98 46
77 90
93 61
67 54
53 11
53 20
73 96
89 22
70 45
90 0
62 41
22 4
97 7
70 26
17 20
88 80
82 9
91 99
85 28
13 27
47 19
54 36
72 71
78 2
92 31
79 88
98 69
8 32
83 62
54 3
53 52
92 7
78 90
51 1
1 18
99 32
82 55
38 35
20 13
93 91
26 10
15 10
89 48
78 57
60 26
53 5
56 28
80 97
83 9
97 55
29 24
48 37
69 78
73 84
17 45
65 71
78 27
28 17
80 45
95 84
50 27
84 43
35 10
50 22
91 77
83 73
75 60
77 16
97 83
31 39
64 63
69 34
4 26
1 2
18 27
60 47
84 14
84 23
25 44
1 6
53 44
68 5
99 11
78 64
86 77
69 15
15 35
8 5
18 49
70 87
79 65
83 35
75 49
