# Penalty: 38110.01834473855
111
83 3
18 44
14 33
40 54
8 98
54 74
12 77
99 99
33 1
46 88
74 51
35 68
61 89
0 97
43 49
53 81
68 60
68 69
26 81
81 35
91 76
30 96
66 28
32 35
68 91
90 88
8 55
0 60
38 64
54 44
99 24
53 66
88 42
99 51
26 48
52 96
1 23
99 28
88 37
50 37
39 27
75 48
91 65
29 90
98 72
82 64
41 50
56 38
10 80
68 12
14 59
59 58
91 46
85 78
46 16
7 15
18 33
30 7
30 16
84 11
25 50
10 61
37 42
79 17
89 61
71 31
44 13
41 35
68 6
48 15
60 7
81 75
39 69
96 87
94 13
10 37
97 5
54 89
98 10
38 72
77 72
6 25
0 49
75 88
14 95
73 37
75 65
69 44
0 30
39 21
11 39
23 22
24 23
68 29
49 52
27 42
48 74
31 21
60 75
67 83
60 43
34 36
21 65
40 87
34 13
16 4
49 19
17 81
84 18
12 11
62 97
