# Penalty: 41754.50864317715
117
44 91
86 72
23 68
21 71
81 39
17 12
74 64
57 48
14 86
37 88
6 48
68 2
74 82
92 97
78 43
72 57
96 88
89 52
70 48
41 42
81 87
45 76
17 5
39 35
34 94
41 8
28 87
92 44
14 51
16 70
2 34
16 33
54 72
16 97
39 28
30 59
62 94
47 75
20 88
28 71
87 41
18 51
59 34
33 79
25 29
16 35
25 47
48 97
20 99
96 30
7 16
59 63
28 2
1 69
64 52
7 64
73 64
45 57
44 37
6 22
94 59
94 4
84 97
57 58
91 1
12 83
1 64
65 12
73 13
19 42
57 26
82 25
28 54
91 67
75 50
70 8
87 88
26 22
31 73
58 66
80 11
72 28
87 26
19 65
64 97
78 96
61 80
74 19
51 90
67 62
43 49
42 51
33 48
52 6
99 66
56 40
19 85
46 14
68 78
5 40
31 13
68 32
69 79
83 81
93 27
2 7
30 32
95 73
16 27
45 8
53 21
37 13
42 64
9 79
41 22
74 34
14 56
