# Penalty: 40979.091492208
118
11 23
33 29
34 12
10 63
71 15
77 85
10 58
97 35
63 15
59 63
80 85
52 32
85 56
51 63
66 29
2 21
0 97
95 87
32 49
4 76
80 70
18 95
62 49
60 88
33 98
50 70
2 11
46 45
86 99
61 33
52 87
65 26
15 52
98 68
55 97
65 48
98 63
83 29
68 3
18 20
79 45
43 99
58 8
53 5
75 42
56 19
20 84
36 64
77 92
33 26
93 40
93 49
66 68
26 4
79 2
65 76
93 12
50 78
35 70
3 96
46 85
42 51
8 85
20 68
24 29
20 77
84 71
34 88
47 30
14 91
57 71
46 80
28 44
26 83
4 37
43 46
36 7
99 54
40 13
94 78
20 58
45 60
77 39
6 6
19 43
71 99
54 37
31 35
94 82
12 40
43 27
72 63
56 55
99 44
77 16
92 14
20 3
83 77
25 63
3 62
71 53
47 95
6 81
16 9
68 19
18 36
26 49
29 69
40 78
99 11
49 10
89 64
90 56
71 61
53 3
12 96
98 28
32 92
