# Penalty: 35425.33933256173
112
86 31
51 82
24 74
0 94
54 83
73 96
97 26
51 63
20 94
15 91
3 18
98 17
39 52
43 31
43 58
87 92
81 26
31 70
45 72
45 99
77 42
9 33
39 24
85 0
0 60
94 62
66 9
96 10
5 7
65 58
97 90
32 11
37 44
66 98
27 44
83 43
83 52
95 35
4 24
25 56
22 41
22 59
18 61
29 85
2 85
69 4
70 58
59 58
59 67
50 9
29 62
52 45
72 32
74 69
2 62
10 75
76 20
10 84
35 86
42 9
81 76
45 1
53 23
97 56
67 52
91 27
53 0
25 27
12 70
96 78
69 87
74 22
27 99
97 41
7 4
47 40
40 37
86 9
39 72
43 51
65 84
92 56
51 14
32 19
66 30
87 89
99 72
1 26
34 69
83 91
53 68
57 38
79 62
61 44
99 3
15 54
79 75
6 99
25 76
51 97
68 37
30 1
82 48
81 3
82 66
18 22
7 40
55 89
29 46
47 94
2 46
14 38
