# Penalty: 39806.41661321326
113
47 62
33 54
37 15
8 18
51 25
10 27
26 78
25 25
56 12
76 45
48 93
37 8
65 54
92 17
22 92
14 24
54 42
83 96
4 41
41 35
4 50
36 48
98 32
25 82
25 36
30 50
34 69
29 27
54 26
51 57
74 59
65 1
41 19
18 51
99 24
8 98
55 8
44 42
90 94
22 5
2 36
99 97
11 48
71 44
75 69
35 78
50 97
31 1
93 58
62 89
99 53
80 76
78 24
57 1
98 2
87 54
63 81
77 9
8 56
84 33
18 39
92 25
70 86
50 28
44 21
18 66
91 1
22 11
26 45
73 4
85 88
39 84
94 8
94 72
64 95
8 81
31 64
75 34
21 63
61 71
30 10
52 77
19 19
40 60
54 68
84 69
86 11
67 62
95 78
33 39
36 1
70 76
42 14
76 73
65 18
0 17
19 85
86 59
49 83
12 64
12 9
18 77
81 90
53 83
56 33
14 91
95 82
88 43
4 71
78 20
73 42
51 5
0 85
