# Penalty: 25775.97208916695
88
30 0
10 45
2 59
98 41
48 40
29 63
42 91
88 99
5 82
61 81
27 97
97 48
17 61
53 95
83 1
26 72
2 7
49 60
60 92
11 87
61 29
15 71
62 12
11 55
84 72
46 54
83 57
44 83
28 4
59 95
75 39
95 17
25 83
15 47
26 56
38 26
0 35
93 73
86 52
55 73
28 83
29 48
28 92
83 46
56 28
71 58
41 17
97 24
1 74
13 94
93 67
95 95
79 7
17 41
58 87
39 82
97 32
82 16
45 93
61 73
93 25
66 26
76 84
93 6
97 3
94 55
84 38
96 39
14 85
3 94
50 26
96 7
15 27
18 32
27 10
27 37
73 13
54 0
21 97
4 26
57 37
58 2
16 4
38 1
27 18
47 85
83 26
74 98
