# Penalty: 44142.9800503665
117
81 76
28 3
28 67
37 15
70 82
41 79
58 95
33 20
90 26
44 93
95 22
10 91
2 41
82 95
92 8
2 50
40 34
10 63
6 41
77 37
71 79
2 89
90 37
71 88
20 79
20 33
84 36
32 62
21 41
61 22
87 41
78 47
44 97
44 42
26 91
22 5
2 91
30 52
56 25
15 57
42 20
97 53
8 36
27 58
94 2
52 5
46 56
4 84
53 43
75 25
6 1
73 55
91 36
36 45
39 71
45 2
51 63
37 80
52 62
61 10
23 35
98 68
98 13
52 25
11 27
0 36
68 97
80 7
77 75
94 70
8 6
38 56
10 21
2 26
9 50
58 64
33 62
87 51
38 6
22 52
29 76
76 41
75 61
16 48
36 81
47 26
79 61
0 6
79 15
46 12
95 78
12 16
26 33
42 51
61 64
80 22
70 21
47 28
21 67
43 42
98 42
40 89
7 86
89 18
93 64
56 79
72 41
88 4
56 88
60 88
19 96
66 28
67 57
7 70
55 73
65 13
93 93
