# Penalty: 34743.52884822192
108
92 88
43 78
59 68
41 10
20 72
87 98
15 11
0 98
34 11
57 88
9 66
67 3
43 72
61 62
95 96
93 9
93 36
50 52
19 55
0 51
4 66
14 97
83 62
27 72
20 51
1 10
98 82
7 80
42 56
60 82
45 66
92 25
42 24
28 98
82 87
23 37
98 54
64 51
69 13
55 87
91 19
95 34
93 73
38 3
78 48
59 53
7 24
10 52
73 99
74 89
75 19
14 26
78 29
89 47
35 85
9 42
45 0
82 3
13 80
69 78
67 19
85 67
79 11
8 72
43 38
55 30
9 36
8 94
96 45
17 35
29 18
62 33
23 32
54 47
84 84
55 11
76 70
22 99
50 36
27 52
56 96
98 89
52 94
49 43
61 17
27 15
61 26
75 46
34 32
76 37
76 55
67 83
90 75
20 7
52 66
96 11
1 20
28 86
47 99
82 84
21 65
75 63
33 57
66 99
40 46
75 22
0 28
31 91
