# Penalty: 32619.481841878216
105
67 59
35 88
59 55
90 42
19 9
49 0
92 83
48 58
50 86
80 99
2 54
55 38
90 5
98 18
71 1
63 15
81 68
11 98
54 78
48 30
55 10
69 84
8 92
0 97
89 16
84 87
57 60
81 53
55 27
0 51
18 99
11 69
34 94
98 78
21 2
8 50
31 19
98 86
82 69
91 56
82 73
33 46
1 13
14 68
80 13
49 44
89 89
63 64
45 15
53 46
3 36
14 45
51 94
97 61
94 37
6 64
49 16
67 70
92 99
81 62
40 70
62 76
30 91
35 53
17 32
40 33
67 19
43 61
68 90
57 99
74 26
32 29
23 87
93 7
70 5
4 78
5 24
69 45
65 93
71 91
30 53
84 48
16 38
68 75
99 22
74 6
13 5
80 30
69 30
18 82
95 60
65 37
76 46
45 77
42 17
60 43
33 62
96 11
76 23
26 22
16 4
38 1
28 72
36 94
87 32
