# Penalty: 35456.40804019011
109
26 39
94 21
43 78
35 74
99 86
30 4
8 98
20 99
24 60
47 52
77 80
80 94
41 32
34 11
91 1
57 97
43 72
90 4
82 18
25 5
2 21
54 59
51 44
65 91
39 24
85 0
1 51
88 65
64 98
38 64
61 38
0 37
20 15
43 16
46 31
68 58
62 20
21 86
61 5
15 56
29 85
53 15
72 28
98 49
8 30
81 90
76 2
74 69
15 1
17 65
95 11
33 45
64 14
97 38
67 70
90 35
92 81
50 93
24 67
36 68
11 2
81 66
44 26
47 45
79 34
5 84
61 83
96 64
50 78
54 48
42 92
77 54
73 29
8 76
67 0
53 83
6 16
21 23
0 58
39 58
43 10
32 37
58 22
68 84
47 2
57 34
68 43
3 99
41 67
14 85
8 38
36 86
91 49
21 70
33 53
96 29
49 6
56 63
35 98
80 20
15 49
14 43
13 84
82 52
29 46
36 94
21 69
25 30
68 9
