# Penalty: 38880.86468849211
114
89 59
69 1
47 71
55 93
45 3
34 30
15 25
43 96
33 15
62 87
27 79
73 55
34 2
31 85
9 30
65 83
57 79
50 67
44 14
70 35
66 42
58 52
85 5
25 0
84 55
24 40
72 89
47 23
96 74
99 79
94 94
84 77
65 36
3 79
14 97
95 54
88 15
76 31
65 67
15 66
95 31
75 71
29 95
33 74
16 12
40 72
71 96
26 29
71 46
59 99
41 59
95 39
85 83
13 91
61 0
80 13
15 42
82 77
86 43
77 3
79 49
25 59
22 44
40 43
95 15
86 33
98 25
18 0
2 15
54 71
69 64
6 44
2 10
44 25
32 65
47 17
46 85
8 58
8 76
1 63
47 39
38 67
42 37
51 32
23 63
9 12
61 22
80 35
38 52
27 15
30 29
20 21
52 53
94 68
76 37
95 46
56 36
65 14
22 61
54 4
0 42
87 19
34 13
2 60
65 18
16 89
70 69
26 44
0 1
77 95
30 23
28 99
99 6
67 50
