# Penalty: 38091.05058119889
113
63 52
83 39
10 45
34 7
74 61
60 18
58 85
13 55
90 0
36 38
36 47
28 52
41 0
33 23
74 42
43 45
59 35
50 39
42 71
11 92
84 73
96 65
68 55
38 87
94 76
88 47
5 21
49 55
5 30
71 79
27 54
77 14
80 10
98 82
19 27
81 20
4 47
33 83
41 96
25 79
3 87
7 57
62 2
80 0
47 74
94 33
21 67
94 60
26 19
24 86
98 35
71 27
75 15
6 73
15 5
57 20
26 14
75 10
82 58
31 97
91 22
80 74
53 13
20 74
67 33
69 87
31 69
54 89
96 91
99 96
40 28
0 77
97 9
97 18
50 46
6 39
75 84
32 33
23 82
55 25
65 57
48 4
21 0
12 27
90 85
42 54
24 5
1 12
92 14
70 93
73 0
94 68
2 97
37 64
80 34
48 69
64 40
22 43
96 29
29 60
63 71
83 49
81 97
97 50
18 31
61 11
18 49
0 19
6 71
63 75
12 11
22 33
13 70
