# Penalty: 37488.89128741013
113
90 42
82 93
33 54
70 18
92 24
77 99
91 98
41 79
50 27
5 37
74 91
13 81
41 97
99 29
34 58
13 35
36 0
19 48
3 70
29 34
41 81
49 64
41 26
50 93
13 19
69 51
96 99
35 92
15 89
57 98
71 97
30 59
45 78
65 65
83 25
4 98
89 56
30 6
23 77
51 68
98 0
18 62
50 42
96 94
91 52
84 49
71 3
42 40
77 64
3 60
77 9
45 11
94 59
20 94
44 3
49 54
38 54
98 68
4 95
82 5
48 21
12 1
31 14
76 46
56 77
33 51
94 15
70 33
27 28
99 78
88 87
73 77
86 71
15 47
61 14
24 68
44 25
65 23
9 43
4 56
52 50
72 83
61 7
84 39
42 67
61 80
58 50
29 87
12 16
87 19
86 84
69 13
89 80
59 30
58 61
12 82
26 99
64 37
42 71
20 34
61 84
5 79
0 74
25 73
95 73
21 14
90 31
4 7
35 40
91 5
19 53
74 25
4 46
