# Penalty: 37916.3709884455
112
13 88
98 37
86 72
90 33
50 91
78 45
73 60
73 78
11 4
16 51
86 48
26 6
63 19
0 84
11 93
54 50
85 28
13 13
96 38
61 52
61 70
23 52
58 24
31 24
38 50
46 63
33 74
41 87
16 12
24 25
22 64
98 77
39 0
19 49
94 52
23 10
44 78
49 22
86 89
42 28
0 22
90 86
72 37
38 17
70 67
50 9
87 12
51 85
89 66
25 23
34 1
75 51
73 81
54 77
62 99
33 40
23 84
14 35
35 94
72 8
98 2
7 0
99 83
79 34
71 30
9 73
44 30
86 14
74 58
51 74
48 23
93 30
28 40
61 64
30 85
84 62
4 78
59 14
5 42
79 95
78 13
58 49
11 44
91 91
99 22
92 19
61 49
39 12
43 9
34 55
45 55
45 64
46 38
1 16
25 99
80 7
58 7
67 83
59 79
7 59
90 75
11 29
10 78
10 96
3 57
38 33
28 77
29 69
22 29
56 35
57 0
65 22
