# Penalty: 37904.18047327268
110
47 71
48 63
92 97
25 52
32 69
77 94
40 22
62 55
73 64
58 62
42 63
81 63
74 24
55 28
4 99
48 7
57 83
62 45
81 58
5 40
0 56
8 69
31 34
95 55
28 37
94 76
24 26
13 35
64 80
28 0
38 27
81 6
67 4
44 96
8 26
95 30
79 54
13 86
15 28
59 80
48 43
40 75
44 27
41 49
54 77
73 99
57 20
86 56
75 10
75 37
35 62
13 71
6 31
73 84
59 6
23 83
95 90
55 53
47 49
63 21
80 82
44 7
8 72
2 19
81 24
74 3
41 91
31 59
1 63
18 97
27 84
4 46
64 87
12 18
44 77
24 10
88 31
26 91
0 48
95 38
70 93
42 22
61 35
50 35
73 18
35 0
56 68
90 75
91 40
20 25
75 68
1 2
64 49
20 2
40 69
21 56
87 10
33 48
88 2
22 47
14 43
27 18
11 1
18 49
47 94
63 66
41 29
94 44
95 9
57 18
