# Penalty: 36785.994095691625
107
70 55
90 97
62 26
2 39
55 84
31 29
20 38
74 18
49 53
70 66
56 39
92 35
23 45
31 58
40 6
21 57
43 96
90 28
35 37
47 2
9 49
57 98
34 78
16 42
37 74
4 25
46 70
4 34
6 61
83 98
35 21
16 72
16 26
62 32
91 86
28 82
66 75
96 21
89 49
62 80
57 47
38 43
11 4
50 44
22 55
76 90
68 31
75 46
11 52
85 1
61 1
1 7
18 2
1 80
21 31
78 37
17 91
8 42
91 58
3 64
79 41
80 82
45 27
63 60
68 74
82 73
36 51
57 92
61 53
47 8
99 0
98 65
52 77
88 9
40 60
40 69
92 52
95 14
35 27
44 39
89 16
80 13
89 80
33 11
42 78
88 75
49 65
76 27
54 61
49 19
95 80
38 92
70 14
53 28
47 85
64 46
0 74
84 64
77 3
43 99
7 79
72 98
22 79
70 25
63 4
66 85
16 11
