# Penalty: 38381.65884522026
115
2 50
66 80
71 51
19 98
10 26
20 67
4 68
18 2
50 67
0 75
51 31
3 0
59 8
87 97
88 71
36 33
70 21
59 30
45 95
73 31
8 78
47 5
98 83
68 82
61 52
50 61
7 90
87 64
79 83
7 85
31 33
4 34
64 66
57 45
28 18
91 43
39 5
44 83
30 40
0 36
84 17
21 86
7 43
42 19
2 94
15 33
73 1
53 37
67 48
11 3
19 16
2 57
22 44
22 53
70 39
24 81
66 96
96 97
78 61
26 23
82 31
80 97
87 2
59 70
21 61
27 95
43 48
36 63
39 82
47 22
78 37
80 91
54 39
50 96
8 99
16 39
11 63
2 14
93 34
73 65
95 80
89 18
46 53
65 84
58 36
39 58
41 72
52 90
12 54
87 57
64 64
66 2
17 2
26 50
15 59
59 93
8 20
31 3
75 46
39 34
20 30
32 4
99 30
69 16
84 10
23 21
95 37
84 46
75 77
96 11
35 98
56 22
75 22
0 28
89 50
