# Penalty: 37744.599675783036
114
91 16
87 0
74 66
49 0
93 47
70 27
59 36
5 73
83 20
52 14
61 72
98 22
82 5
2 8
85 42
35 59
44 0
69 52
98 97
82 98
73 58
95 91
14 84
49 87
91 62
27 77
0 78
46 59
32 16
22 96
71 74
8 45
63 97
49 45
40 90
45 34
54 96
2 94
97 75
38 35
61 18
90 72
52 36
63 82
52 72
99 13
82 27
0 3
9 79
54 86
93 68
45 37
68 2
78 52
30 11
89 56
27 1
48 51
80 83
24 80
35 89
93 26
56 13
59 42
81 38
18 98
93 30
24 34
78 23
47 17
67 32
68 94
73 38
0 63
80 86
99 68
21 5
29 18
54 20
23 41
32 28
15 60
15 69
66 7
35 1
13 10
6 6
26 73
30 43
94 82
58 3
18 55
79 71
81 13
73 9
96 7
34 50
37 64
38 29
79 66
15 22
47 99
48 73
71 84
81 88
60 65
99 2
38 10
29 46
0 19
30 32
5 97
43 74
97 54
