# Penalty: 72328.06786925867
164
64 5
1 86
56 10
90 42
7 35
48 45
97 47
15 5
85 91
7 1
72 20
67 70
89 70
73 83
83 14
32 60
98 5
72 4
34 14
8 4
32 53
23 84
40 45
74 77
32 80
48 15
0 94
48 33
0 2
32 73
55 47
45 0
97 19
14 21
63 35
90 0
25 35
42 63
43 70
70 42
9 50
97 16
80 64
6 44
16 46
24 59
41 20
70 35
82 0
85 35
23 78
55 30
37 98
85 28
63 16
6 21
66 42
18 84
40 32
96 61
0 72
88 84
18 77
21 21
56 79
8 60
25 0
47 30
39 47
31 43
0 74
48 4
8 87
29 0
40 0
6 16
58 72
96 56
72 98
64 94
37 77
56 99
66 21
80 56
1 58
54 33
77 28
22 92
7 58
40 6
96 26
62 30
66 0
56 53
0 30
99 42
63 86
58 19
97 99
86 99
46 63
23 49
47 98
64 59
98 91
33 99
22 98
83 84
32 20
70 93
88 19
98 84
30 29
0 34
79 98
91 63
80 32
0 18
48 67
31 5
79 91
91 56
15 63
16 16
64 65
73 13
56 61
48 87
26 29
96 2
55 83
47 79
15 56
24 4
64 49
56 45
22 43
5 91
30 35
46 19
22 70
40 94
78 50
27 14
22 63
6 76
48 48
0 8
0 17
8 30
94 33
83 42
97 77
2 44
74 69
42 16
14 36
15 1
34 51
32 81
75 49
87 14
62 79
54 93
