# Penalty: 39730.09519722373
83
55 57
1 86
17 94
9 99
3 6
3 24
74 84
17 53
12 77
2 54
19 84
8 93
95 97
29 35
61 76
23 67
20 89
72 99
12 71
64 99
9 29
5 40
19 60
5 44
7 63
65 86
20 38
38 46
19 45
37 80
8 49
23 28
10 85
47 79
36 79
82 82
2 94
78 98
29 62
28 92
35 99
48 56
29 43
20 79
32 71
7 23
28 64
77 78
77 96
40 56
2 20
13 39
35 48
50 96
32 29
16 75
58 68
0 63
34 88
53 78
30 48
60 85
16 15
33 95
11 57
56 82
59 93
52 71
2 79
33 62
70 92
29 78
41 70
54 98
66 72
24 84
8 14
36 94
47 94
19 23
48 68
44 52
51 87
