# Penalty: 35795.727604896514
112
90 24
47 71
55 93
44 47
25 52
54 97
32 69
17 62
8 98
22 23
71 1
33 1
44 28
59 13
55 37
99 98
76 96
96 52
1 43
88 84
46 78
20 52
87 69
99 61
69 65
31 65
32 39
8 68
45 62
87 77
91 43
63 79
0 68
0 36
23 1
83 61
15 38
26 38
78 94
63 51
91 33
70 99
72 19
37 61
80 22
31 98
7 6
14 54
82 54
0 21
64 5
93 86
1 74
7 23
38 96
10 33
31 83
59 29
6 49
52 16
39 82
89 10
12 83
71 25
61 96
17 31
8 76
84 98
47 21
76 57
55 34
28 17
65 66
77 40
68 80
50 41
80 72
73 33
93 29
35 42
22 99
18 92
0 53
94 78
58 53
22 71
98 57
49 52
9 16
69 39
35 9
87 47
39 2
71 71
63 85
11 47
64 31
96 11
41 75
16 0
34 36
16 9
25 85
44 57
72 48
99 20
80 6
47 76
30 23
47 94
3 29
38 5
