# Penalty: 37923.35044228089
114
87 0
10 54
58 81
97 26
20 90
3 28
6 38
13 46
29 26
1 66
47 33
28 47
36 1
23 80
32 8
0 83
4 44
53 76
99 52
65 68
98 92
19 82
42 52
42 61
28 0
37 67
14 74
37 76
27 22
4 11
11 68
72 47
52 96
36 93
95 17
41 46
83 61
43 6
97 89
27 12
91 24
63 87
56 47
97 66
78 62
80 13
82 77
83 42
88 4
56 51
43 81
89 48
28 65
11 3
93 68
10 70
97 38
78 34
18 1
18 10
35 99
75 19
40 52
29 61
5 89
50 97
51 79
82 3
67 51
20 96
88 78
40 37
69 91
24 61
68 76
88 91
83 97
32 42
26 83
73 42
31 36
1 58
22 90
42 32
54 42
66 16
0 80
99 58
77 48
58 44
84 56
43 18
64 59
77 25
78 88
68 65
3 94
61 26
79 80
19 47
52 62
13 18
15 27
18 41
55 99
62 4
91 40
64 31
10 60
28 77
90 70
87 10
84 32
5 97
