# Penalty: 38863.96862255066
111
71 56
87 0
96 99
17 80
3 1
13 51
96 76
1 67
75 16
58 89
85 60
35 59
99 80
21 35
74 23
85 23
32 44
77 42
58 56
3 97
80 42
53 66
10 95
3 65
71 83
8 45
12 24
99 19
68 31
86 94
35 11
19 8
58 27
36 79
18 43
94 38
73 1
65 2
3 27
90 31
63 41
83 28
83 37
34 28
88 8
97 47
70 48
43 94
44 22
78 56
71 17
60 16
56 18
47 36
47 45
36 45
44 3
80 96
42 88
81 79
28 54
11 77
31 73
98 10
59 37
90 15
40 5
21 10
61 82
11 99
37 93
65 75
76 84
20 54
66 39
72 73
25 96
72 91
56 74
87 71
38 44
36 25
42 59
63 91
32 14
64 55
16 33
27 47
39 39
11 66
92 23
90 80
99 3
6 81
20 25
75 59
44 53
57 10
78 69
73 8
2 51
64 35
85 85
47 67
17 63
17 72
39 1
52 47
60 60
3 20
32 83
