# Penalty: 37981.00412344518
114
78 68
9 99
85 66
74 75
49 0
35 83
47 75
69 81
19 98
54 65
97 44
3 37
78 49
99 99
44 28
93 60
59 40
7 11
70 49
21 13
41 18
52 27
55 10
88 80
28 38
17 47
33 18
0 97
78 16
1 43
53 99
21 3
71 98
0 65
70 16
87 96
39 60
13 26
99 65
3 79
39 10
33 97
80 10
18 71
71 74
26 84
50 51
19 54
43 2
86 85
58 32
42 24
72 24
0 54
96 0
82 91
6 60
48 75
20 98
7 6
78 84
5 81
82 40
9 74
60 48
54 90
86 51
9 42
63 22
86 28
3 21
32 75
92 71
60 11
33 3
74 40
97 14
43 43
61 69
93 21
93 30
61 96
66 8
29 0
18 88
16 29
61 63
11 53
75 65
64 55
77 30
81 0
23 13
40 93
45 46
34 55
49 43
49 61
98 75
15 68
27 42
49 20
46 10
33 89
18 27
97 91
91 35
63 62
75 54
80 15
98 51
47 94
44 34
72 34
