# Penalty: 39897.094915325404
112
78 59
42 2
17 67
36 80
92 79
52 33
25 43
93 88
37 35
4 87
35 65
47 57
75 21
30 98
53 11
12 63
86 30
67 3
97 34
98 8
47 51
81 58
9 11
57 87
61 48
85 14
83 99
99 70
68 73
49 87
27 68
27 77
31 56
72 57
44 93
99 38
34 94
94 71
75 76
28 0
26 48
15 48
81 20
12 33
16 12
34 75
47 93
63 65
39 9
11 45
39 27
0 54
21 86
72 51
3 64
48 71
9 98
82 91
48 98
21 81
26 15
68 34
67 75
59 71
98 62
84 6
41 44
45 23
85 77
17 55
50 79
61 79
59 20
27 99
96 55
59 15
32 61
62 70
66 49
56 83
73 37
11 71
61 49
7 78
71 81
71 90
75 87
84 65
45 73
77 34
46 65
78 97
98 84
53 36
15 27
97 96
61 39
91 40
87 24
41 75
99 16
69 20
19 28
20 2
31 20
4 21
62 93
57 5
38 37
31 91
86 45
67 41
