# Penalty: 39435.80843435602
99
26 21
63 34
53 34
2 68
73 78
75 16
23 81
39 75
4 72
70 26
74 10
27 96
54 27
87 60
49 60
23 43
64 62
46 77
42 61
39 46
84 36
83 80
83 75
65 26
56 66
68 40
57 49
49 36
69 41
62 2
19 40
62 20
49 13
67 85
71 46
26 65
30 35
21 63
23 5
41 59
27 7
91 19
19 21
8 30
91 46
33 41
33 59
45 33
22 31
79 31
79 58
73 90
78 61
42 89
35 67
5 53
40 24
39 82
13 39
33 7
27 76
2 1
85 44
35 61
36 35
54 52
20 77
16 25
47 3
80 72
31 27
56 74
65 43
35 51
19 57
36 20
19 52
60 71
60 80
43 18
76 24
25 81
25 90
89 74
9 96
88 16
83 22
12 16
67 55
59 60
98 51
70 69
47 94
71 61
9 77
63 66
21 69
64 12
10 68
