# Penalty: 37017.85091590134
112
7 17
9 99
13 74
78 72
63 29
94 7
54 83
97 26
24 69
35 96
27 79
2 13
61 99
79 9
68 97
78 39
4 99
47 51
28 47
37 82
84 91
99 52
61 43
60 74
28 14
0 46
64 66
22 60
49 32
56 89
80 19
19 36
71 74
83 57
31 5
23 1
63 83
60 59
38 22
61 23
71 46
8 26
95 30
75 56
85 69
2 62
25 64
74 78
14 45
49 7
57 20
89 52
5 76
41 8
75 19
88 97
22 16
79 25
16 85
46 95
28 68
29 33
86 5
85 40
97 14
4 70
47 22
60 6
41 20
43 29
8 58
39 36
27 98
88 77
99 77
63 2
38 58
5 42
80 63
4 55
1 31
16 29
46 57
95 79
56 69
69 35
61 49
19 43
23 22
87 43
2 84
99 44
58 12
57 47
46 65
81 13
18 82
63 90
14 53
16 0
44 80
46 37
89 87
78 87
40 78
44 57
16 89
70 87
93 57
31 91
10 68
57 27
