# Penalty: 36116.683947842364
109
13 88
50 6
77 90
53 16
31 95
79 10
86 58
60 32
85 52
43 64
88 81
70 54
1 94
10 8
58 62
36 24
76 69
47 42
46 74
92 77
53 90
69 43
21 3
42 80
20 43
85 23
34 99
98 92
7 72
58 56
39 24
43 3
0 87
47 9
50 20
59 96
61 47
1 19
75 62
92 7
22 91
36 93
44 60
24 11
34 61
58 18
18 43
60 72
64 33
96 13
14 41
16 96
8 30
64 5
73 99
22 26
43 67
32 76
58 88
92 99
72 4
44 49
2 52
19 6
12 79
22 25
96 69
16 76
74 40
84 90
47 49
27 85
27 94
85 35
24 43
55 21
55 30
99 41
79 1
36 30
79 86
6 25
35 1
46 34
0 66
96 12
76 24
45 82
17 11
91 36
83 41
73 18
30 56
45 50
15 27
58 7
38 47
69 34
0 11
12 3
44 89
68 19
0 42
53 35
38 10
89 82
29 64
2 73
3 56
