# Penalty: 36392.3895657896
109
71 20
83 12
9 72
84 4
79 37
59 68
87 13
44 42
39 85
24 78
16 92
92 60
69 94
73 73
11 98
6 15
9 66
21 49
56 6
6 37
31 84
55 14
87 92
99 84
69 43
12 48
6 0
79 88
91 71
11 87
65 36
80 33
50 47
82 88
22 60
64 84
13 16
78 81
73 20
94 52
21 86
87 49
26 29
27 21
18 61
63 60
84 3
99 0
3 50
90 36
42 5
76 2
26 46
53 23
97 38
37 33
35 99
17 78
92 99
41 26
62 76
73 85
96 92
48 24
41 3
30 91
36 36
36 63
73 48
35 66
5 70
41 11
4 56
76 71
10 0
70 5
35 47
76 66
13 6
28 3
99 54
45 83
69 22
48 8
42 32
31 49
66 16
13 37
99 58
55 95
18 64
26 77
44 67
88 21
96 34
93 76
94 31
40 78
44 48
52 61
22 38
2 87
67 55
78 55
27 9
69 15
79 47
72 34
2 64
