# Penalty: 41053.857629719314
113
97 81
72 11
2 59
76 8
36 57
0 94
20 81
66 48
85 61
40 40
29 49
52 32
23 99
5 77
4 63
3 18
55 37
55 46
65 78
77 61
15 95
51 17
13 45
63 0
66 37
55 0
80 56
60 92
17 23
37 90
9 19
92 44
50 56
39 19
93 8
42 29
18 71
30 63
93 97
57 58
80 23
15 52
0 4
59 99
48 80
10 71
67 62
98 49
30 3
63 64
29 80
44 50
87 39
66 83
26 37
92 95
60 44
84 20
64 23
33 63
76 6
25 18
6 77
37 28
73 98
86 46
43 43
39 91
35 66
70 33
24 66
24 75
47 58
10 5
40 5
49 72
81 42
32 42
47 3
87 94
76 84
46 89
61 68
34 74
59 18
27 52
50 63
23 36
66 25
32 32
52 99
99 31
99 40
5 14
22 85
87 29
99 21
46 33
79 75
27 46
11 47
72 53
56 36
59 83
95 14
53 17
45 22
16 4
22 47
14 61
89 73
11 28
26 12
