# Penalty: 39221.496528887525
114
95 4
86 40
59 32
47 84
23 86
1 76
93 33
97 30
67 44
71 5
38 84
71 0
81 31
21 35
41 98
11 97
4 58
4 67
77 47
49 65
15 90
74 14
43 17
84 73
56 99
9 15
21 7
68 91
81 16
82 97
54 26
13 21
57 45
27 40
29 95
75 62
51 15
36 93
23 19
95 44
52 82
22 68
58 18
47 79
70 81
34 20
66 97
26 33
89 89
90 54
51 94
82 54
56 10
93 68
73 99
45 37
70 66
9 74
24 76
36 59
28 55
91 13
35 53
99 74
16 85
79 34
41 16
98 6
5 52
8 72
91 97
72 83
67 32
36 26
28 22
18 93
66 26
13 38
62 24
5 1
0 44
12 18
35 37
19 34
8 43
82 90
41 67
52 67
53 41
88 17
44 81
1 30
38 52
73 0
63 72
19 56
53 45
56 59
42 8
6 81
27 5
10 55
2 51
33 75
85 76
99 20
36 67
11 1
0 10
21 51
75 31
23 11
87 32
26 3
