# Penalty: 36996.746356323325
113
15 30
31 95
86 67
1 81
28 80
69 81
2 36
40 58
85 56
99 85
40 17
60 13
97 7
66 56
26 1
89 16
67 16
1 52
99 52
45 90
83 85
24 17
66 32
22 74
45 94
7 85
56 71
31 28
83 75
95 67
99 46
81 15
17 98
20 14
97 71
36 79
26 65
59 99
83 29
53 24
15 51
0 17
75 20
21 58
31 4
51 76
37 47
51 94
48 70
60 53
45 1
34 28
85 91
13 72
5 76
92 99
72 13
53 9
62 85
26 9
16 90
84 1
23 88
89 42
32 75
40 15
60 2
6 31
0 91
10 37
59 24
55 53
77 50
51 42
1 50
79 6
76 98
58 68
6 16
72 64
34 65
7 65
19 39
74 11
74 20
51 27
23 45
14 81
0 66
99 26
37 51
27 51
91 72
21 84
38 20
49 38
49 56
69 34
12 3
20 25
75 68
88 7
34 36
13 98
91 53
75 45
34 13
25 62
63 39
36 94
40 73
87 32
98 19
