# Penalty: 40380.435679848
115
98 55
28 67
40 77
53 34
38 18
82 15
16 88
90 37
8 4
95 93
14 28
32 73
24 87
33 37
80 71
80 89
23 94
71 0
9 25
29 3
50 80
97 2
23 71
1 61
5 40
61 43
90 97
7 99
73 35
33 84
36 18
76 63
50 20
80 33
91 75
31 51
4 61
34 62
76 40
81 11
19 13
11 18
75 39
39 22
96 13
96 22
57 3
22 54
2 85
2 94
67 62
15 51
48 48
93 64
32 90
27 11
90 67
53 14
54 86
59 57
82 49
91 4
55 72
91 22
58 92
88 83
99 92
17 68
15 98
20 60
74 49
1 55
68 81
0 77
17 40
69 77
4 60
77 31
63 2
83 92
99 36
64 78
67 13
96 67
23 27
74 11
64 73
46 43
18 78
61 58
19 43
14 76
68 56
15 59
41 62
43 4
60 93
3 71
30 33
0 47
53 22
44 62
34 27
56 36
99 25
68 19
12 7
29 78
40 87
10 82
97 50
74 94
13 84
91 30
79 65
