# Penalty: 39011.884716563414
83
7 26
48 54
28 62
81 91
3 19
38 89
31 67
20 76
31 85
6 42
45 91
24 68
11 97
68 78
21 21
26 99
38 60
49 69
57 82
11 69
46 50
3 88
7 94
67 95
11 32
0 50
52 78
74 93
78 81
30 40
19 49
51 95
15 38
47 88
59 99
19 44
41 68
52 68
1 4
44 73
16 96
40 80
33 68
32 99
52 58
36 46
24 90
47 64
5 76
9 83
88 97
62 62
29 33
25 35
69 73
30 90
15 79
21 28
10 18
8 62
1 58
65 70
60 94
15 55
90 94
11 48
1 12
75 87
18 82
93 99
14 89
33 53
10 60
66 86
74 99
3 57
55 76
12 16
36 76
5 97
0 28
14 29
22 42
