# Penalty: 32997.8921040069
104
73 26
56 74
64 96
45 28
73 44
28 21
28 85
22 99
28 94
13 8
52 79
61 36
75 35
53 98
2 59
83 78
9 74
92 90
20 58
95 61
9 92
19 32
99 31
25 27
34 69
41 1
29 45
78 93
50 95
64 2
90 21
90 85
8 98
2 36
48 97
38 41
84 93
49 50
43 64
36 98
98 91
96 39
44 44
87 27
4 75
57 65
10 8
34 48
48 10
55 3
64 70
77 64
94 4
35 55
79 0
38 20
48 30
3 7
80 16
9 66
85 67
96 0
14 89
59 42
73 59
62 13
11 47
22 77
3 73
89 76
19 72
7 52
24 68
51 24
80 75
58 20
24 52
24 6
56 93
95 14
70 12
15 51
5 22
22 38
65 18
86 50
77 10
59 60
23 18
58 79
88 59
42 71
19 78
19 23
60 51
52 47
34 8
62 24
70 71
27 11
42 9
37 86
89 41
65 86
