# Penalty: 32265.83048782539
104
18 17
47 53
1 95
94 3
42 96
46 4
16 88
51 68
40 22
9 80
54 51
19 93
23 72
32 50
78 35
48 3
58 62
6 33
63 37
69 71
60 22
33 23
0 75
73 68
93 55
67 3
53 86
87 97
27 78
99 57
80 61
51 21
4 80
96 74
26 94
62 44
13 8
92 44
54 35
37 67
7 62
62 7
73 16
75 53
33 65
99 37
38 27
49 36
90 82
54 25
1 0
44 96
42 10
26 56
81 95
88 27
68 39
92 6
19 21
28 97
76 2
17 74
22 35
94 23
58 97
81 80
66 64
3 30
13 62
82 21
9 64
67 19
76 76
40 37
38 81
74 21
12 46
74 25
47 7
80 49
87 48
20 58
43 23
4 59
28 7
77 39
69 53
19 43
61 58
11 48
99 17
63 90
44 58
37 73
8 6
35 98
27 14
48 82
56 31
37 45
48 50
5 97
62 79
4 16
