# Penalty: 39954.163430019005
115
97 81
11 14
17 94
44 29
15 7
7 3
26 16
55 79
70 77
21 50
54 65
43 64
16 56
83 2
91 15
6 29
58 85
60 27
37 7
23 81
88 67
94 6
53 1
47 15
50 62
28 42
9 47
21 21
51 21
72 89
1 47
31 56
66 14
32 39
7 67
11 37
75 58
28 0
87 36
41 87
93 97
49 27
38 36
77 36
39 0
6 79
2 99
83 38
29 76
40 85
41 50
12 23
87 26
33 64
37 25
65 25
18 29
61 18
84 16
23 4
75 51
0 16
2 25
44 49
74 68
71 8
96 92
70 61
47 59
45 0
34 9
70 29
98 11
88 83
58 69
52 7
87 1
2 33
43 43
89 46
67 46
47 35
92 52
10 0
67 0
75 97
96 49
3 77
38 71
62 10
19 66
24 1
44 86
46 43
58 44
1 3
60 98
22 80
20 30
96 25
25 90
3 62
94 63
1 11
86 82
18 36
27 23
42 21
5 93
21 56
60 47
60 65
34 13
90 29
82 52
