# Penalty: 36632.14058251062
111
67 59
1 95
79 19
19 4
83 25
69 99
78 40
48 44
50 99
43 68
48 3
49 84
56 91
35 77
94 1
39 61
72 85
89 16
23 89
24 13
85 41
22 88
69 29
58 38
30 46
28 5
86 95
99 42
19 27
37 53
86 80
7 52
8 17
36 97
97 66
79 36
78 98
91 28
5 86
33 32
56 24
76 2
61 13
40 75
89 52
38 16
51 98
71 58
75 19
58 97
81 80
97 24
76 10
48 24
9 69
42 84
70 38
22 20
70 15
24 66
98 15
99 87
30 72
2 19
8 90
81 74
20 82
17 31
77 54
29 14
40 32
0 81
64 83
90 1
42 46
30 62
54 38
67 4
53 69
70 0
95 84
72 91
5 1
2 4
87 66
35 37
37 92
46 61
57 70
54 10
0 39
42 54
27 51
64 36
1 25
56 59
92 9
29 65
55 76
6 67
25 44
2 69
56 49
97 68
28 81
92 93
21 60
72 34
65 22
38 14
98 28
