# Penalty: 36801.80728615649
108
25 23
6 82
24 97
70 64
76 43
56 74
17 3
70 82
82 47
36 80
5 74
38 62
0 23
13 17
32 94
90 81
98 39
35 35
28 51
16 40
2 50
10 63
2 59
39 53
14 33
59 32
4 96
23 45
11 37
2 43
71 97
95 36
60 96
44 24
64 2
2 27
46 91
47 68
85 61
92 76
1 3
92 39
1 67
55 65
64 77
14 58
99 53
57 1
59 84
49 61
92 96
61 44
50 44
55 3
91 54
17 50
94 4
96 25
99 76
45 59
31 5
86 5
9 48
3 7
67 83
19 88
74 88
40 1
89 21
61 69
75 68
27 76
19 17
63 60
65 23
75 98
40 21
21 72
80 20
28 13
65 16
9 82
76 80
31 66
31 41
51 83
42 44
86 77
82 34
39 29
89 91
49 3
32 81
5 42
52 29
24 31
81 28
70 7
26 46
53 94
70 89
36 87
60 17
63 59
74 34
20 63
66 30
70 46
