# Penalty: 35521.34546590211
108
47 53
87 71
56 74
34 28
63 98
45 37
38 53
80 40
99 93
71 22
16 31
59 66
71 86
92 8
76 54
2 50
37 81
9 74
6 50
61 29
7 3
8 96
1 90
48 22
34 5
7 85
22 67
54 26
30 4
34 87
67 65
8 43
99 42
21 34
37 30
43 64
27 86
29 95
52 60
6 65
99 83
50 44
19 56
66 43
69 14
59 13
33 58
87 93
18 48
98 68
7 57
99 21
54 7
31 14
14 16
33 51
81 45
98 6
16 80
40 10
78 3
94 72
30 72
5 27
47 42
91 42
73 70
91 60
75 61
33 0
10 25
32 22
82 20
31 66
68 30
95 14
24 27
4 12
27 71
47 37
19 85
93 34
85 85
46 14
5 95
46 78
67 0
61 48
12 9
68 96
67 18
53 83
89 82
89 27
90 56
75 31
67 57
43 99
62 79
56 81
28 19
0 12
47 96
19 25
0 76
84 57
13 70
81 12
