# Penalty: 30901.593420876263
88
33 91
34 19
30 0
68 2
27 34
90 17
13 90
20 40
78 36
13 19
32 96
39 74
13 37
2 34
34 14
71 97
15 46
14 26
92 28
1 10
79 12
25 75
39 3
30 52
21 25
26 11
1 76
72 17
94 48
94 2
48 53
53 6
10 65
73 2
87 1
47 47
31 5
12 10
4 6
24 48
24 57
15 54
93 19
24 66
47 86
45 6
91 3
3 64
1 48
43 72
65 14
1 20
11 86
40 67
68 83
3 57
12 5
40 21
20 18
14 2
72 28
93 14
57 76
40 14
0 97
12 16
65 91
21 3
35 29
33 50
56 15
0 1
83 17
47 94
47 39
51 48
33 34
81 28
54 20
7 33
28 1
19 80
12 96
11 76
3 93
9 79
19 89
49 14
