# Penalty: 36354.24470314941
108
51 73
66 71
91 20
81 82
43 55
90 5
20 67
85 56
22 18
35 77
50 53
85 46
32 49
37 91
63 0
71 98
91 76
25 0
93 27
25 9
60 88
0 83
94 99
59 25
68 55
76 86
15 76
8 55
20 38
75 99
1 42
57 59
65 31
88 51
76 67
34 39
18 48
30 22
45 70
13 96
58 18
67 85
39 4
2 58
22 63
77 17
67 80
42 5
41 63
82 36
98 62
91 32
20 93
24 81
59 48
79 26
11 7
83 32
21 48
36 68
33 17
33 44
56 9
37 23
98 11
32 75
74 49
1 73
27 67
54 39
13 34
24 43
97 36
63 16
26 88
87 85
79 1
46 80
94 92
43 28
16 20
89 13
68 48
50 36
61 63
31 58
16 24
53 82
99 58
7 60
73 32
69 3
98 66
90 71
27 33
17 96
4 40
47 95
39 11
82 89
4 35
1 20
43 93
9 82
74 76
16 4
48 77
34 8
