# Penalty: 39622.76196549641
114
89 59
60 28
97 40
26 25
80 99
35 78
28 39
6 29
49 98
21 54
88 85
5 50
81 63
64 1
22 4
55 14
40 7
61 48
13 31
24 40
50 70
41 97
28 23
80 51
20 15
54 35
57 54
61 33
18 80
23 33
66 13
57 31
38 36
89 99
83 52
89 62
22 72
67 62
79 36
80 22
36 92
31 4
63 82
52 63
79 49
6 64
34 10
73 99
74 64
75 28
52 26
64 18
62 85
73 94
37 28
94 0
48 42
81 93
97 46
99 74
55 49
71 21
2 15
54 71
23 65
14 16
36 22
89 46
43 38
78 5
16 57
9 36
26 79
98 95
0 99
89 9
72 78
12 82
34 97
75 79
38 62
90 81
30 48
12 27
20 58
43 23
64 50
37 51
38 43
50 17
63 99
52 80
1 7
44 76
76 37
7 68
54 0
75 50
31 25
16 0
10 87
55 85
29 78
44 75
45 49
49 10
15 8
67 64
24 93
0 19
1 1
2 64
67 41
2 82
