# Penalty: 40383.45617036687
118
24 88
79 60
29 41
40 50
92 97
3 6
54 88
14 15
20 72
44 51
51 68
78 22
99 81
29 49
65 92
82 32
77 75
81 36
93 28
0 93
54 82
1 75
71 9
9 61
36 28
5 40
54 54
0 83
36 23
74 18
16 31
97 95
28 23
50 20
21 96
37 67
3 74
15 48
58 28
15 66
30 27
23 42
12 42
41 96
11 27
40 81
95 26
40 90
2 99
89 94
88 0
64 51
80 4
70 67
6 96
32 81
14 63
55 73
11 3
47 96
63 27
36 73
0 16
49 11
29 20
81 57
1 69
97 55
9 46
69 78
66 36
67 46
78 46
8 81
39 59
43 65
9 36
65 98
40 32
38 99
26 97
52 6
2 23
84 71
23 64
27 57
51 41
17 12
99 63
79 90
83 60
73 37
25 82
50 49
91 77
85 6
88 17
49 34
80 12
59 84
54 5
35 9
68 51
11 20
41 75
35 13
49 6
68 28
69 2
26 49
17 86
63 71
94 49
99 11
29 64
95 9
73 97
2 55
