# Penalty: 37911.03616603122
115
70 55
98 46
82 65
49 0
67 45
4 96
82 42
63 38
5 82
39 71
51 81
7 11
71 32
44 23
1 66
36 24
24 68
5 45
20 48
21 12
54 63
21 7
8 73
77 28
57 68
14 97
40 6
57 77
15 71
69 51
27 63
72 52
18 62
42 29
42 38
54 21
19 63
51 15
87 63
3 51
91 24
62 6
90 86
4 19
1 4
97 66
3 27
34 42
97 52
43 99
40 57
11 30
85 91
7 5
55 54
73 71
78 33
91 8
73 48
16 44
28 36
78 14
32 56
71 11
82 20
57 94
49 90
20 41
89 0
34 88
17 26
28 26
96 40
87 80
70 18
96 67
68 66
63 91
75 92
4 59
98 98
71 99
43 0
41 67
16 10
30 47
2 88
53 72
14 80
44 53
96 11
33 62
4 35
99 25
38 15
14 48
86 82
78 78
58 20
97 91
89 96
28 77
90 70
71 75
83 49
38 28
49 37
27 0
17 90
29 82
87 14
44 43
99 6
56 35
86 54
