# Penalty: 38697.316868375085
114
59 55
63 34
67 36
70 41
98 32
93 38
20 99
96 85
40 49
2 22
23 72
74 56
89 17
17 34
17 52
63 19
6 15
81 63
55 46
32 49
98 3
88 84
49 92
27 73
30 87
4 44
76 68
42 39
77 28
92 35
99 51
80 10
54 30
23 33
84 49
72 74
94 70
96 18
45 43
78 94
26 56
30 26
39 4
76 25
67 71
93 91
43 99
3 63
77 88
75 42
44 63
45 28
70 48
0 7
6 77
73 85
2 52
24 67
63 13
72 8
57 1
1 78
17 32
36 45
58 60
17 59
2 15
39 64
62 84
90 20
49 77
30 81
56 93
91 92
0 99
53 74
67 18
99 59
68 71
16 20
45 83
41 90
38 14
63 95
11 57
31 35
59 84
50 44
27 42
74 1
31 30
40 97
16 14
22 48
9 2
21 70
24 4
49 33
30 1
95 14
31 20
44 57
97 68
86 68
13 93
80 6
36 85
8 23
84 0
60 51
75 49
65 4
3 29
68 27
