# Penalty: 33378.297473476894
104
44 91
95 75
26 94
7 35
83 3
81 48
48 45
10 6
66 60
9 72
20 47
50 91
44 20
77 62
26 32
34 67
2 96
81 96
2 50
3 15
12 27
39 53
4 87
6 50
59 32
96 35
44 95
56 60
53 18
16 33
85 50
16 97
4 25
78 93
99 42
5 62
73 96
23 77
74 15
1 67
11 96
37 78
58 76
98 57
32 75
18 18
3 5
59 95
96 98
63 74
0 36
29 90
98 61
54 46
18 68
45 6
76 39
3 73
87 24
33 53
26 47
53 31
52 11
19 8
71 46
85 17
40 3
85 44
26 22
61 53
77 79
61 7
87 90
28 13
25 69
37 34
74 83
46 12
48 73
40 69
10 46
70 76
24 63
63 46
48 66
66 90
67 9
59 5
53 28
39 38
79 1
74 32
49 21
29 18
35 95
95 27
95 91
37 13
49 51
40 48
93 29
38 60
69 38
97 8
