# Penalty: 39101.537524620115
116
21 55
9 99
60 46
43 60
36 75
0 0
61 95
35 79
57 93
67 50
93 55
55 37
14 4
53 99
46 69
86 15
88 70
58 29
6 18
20 20
50 70
97 1
35 26
33 93
37 63
92 35
77 55
18 58
42 43
39 46
1 19
33 97
87 77
49 32
73 7
39 14
75 62
84 49
44 83
53 70
25 97
45 75
71 69
0 36
95 26
53 47
34 61
15 38
26 38
62 6
67 53
46 39
22 72
1 98
76 2
88 13
13 77
17 92
72 27
97 65
47 91
93 72
66 64
57 6
28 46
94 0
63 31
63 49
92 94
97 55
7 0
71 3
16 85
29 24
5 84
73 84
21 24
60 15
27 76
33 7
81 56
10 14
96 50
72 92
78 23
13 52
76 98
20 77
1 63
40 0
80 63
0 58
96 40
32 46
47 16
21 9
99 58
98 80
82 99
79 71
19 38
64 72
76 37
2 88
59 79
64 22
75 77
46 1
33 89
14 48
49 24
53 17
34 31
94 35
41 38
52 56
