# Penalty: 39887.800330892096
116
0 14
54 88
78 45
40 27
58 90
9 85
93 65
66 84
38 89
37 16
69 80
80 89
25 28
55 37
26 1
69 48
50 53
27 78
24 27
48 2
63 9
74 14
0 83
31 61
84 73
66 37
99 43
87 96
69 56
79 97
19 73
41 97
33 93
8 68
20 42
96 37
70 6
22 69
58 19
61 33
8 27
44 74
99 19
38 45
48 67
83 43
23 10
72 24
33 51
23 28
5 6
27 21
18 52
99 27
49 8
56 56
3 68
81 90
64 19
65 2
14 45
26 37
91 23
87 7
3 31
49 16
86 65
47 91
92 81
93 45
56 23
45 32
83 0
52 39
90 16
1 87
72 97
35 75
81 47
44 7
61 73
32 15
27 98
94 97
95 89
92 56
26 92
10 4
41 95
34 65
45 65
4 73
56 74
57 48
12 54
14 81
26 55
8 34
62 23
39 30
77 25
68 65
98 75
69 39
80 39
41 80
45 59
79 66
54 9
88 16
85 81
11 19
3 20
12 96
14 29
15 12
