# Penalty: 34883.384401244744
106
97 81
16 93
59 73
94 21
66 53
41 28
61 95
85 29
89 44
13 73
27 74
50 85
44 14
82 0
92 59
6 28
66 33
67 16
53 99
33 98
73 17
63 89
83 67
39 42
31 56
61 47
0 37
56 53
17 9
26 48
94 66
96 5
51 15
75 80
57 22
90 73
81 15
23 1
29 99
12 28
35 2
3 46
58 18
27 30
47 97
40 67
95 39
97 66
38 35
52 36
72 14
56 33
15 1
26 10
7 42
8 7
43 67
89 52
49 16
18 19
82 58
21 57
29 70
10 47
33 17
44 44
39 82
24 39
8 81
2 10
12 87
32 42
90 1
47 30
80 36
27 84
83 83
64 69
53 78
48 8
40 4
68 75
67 98
77 62
62 37
24 28
59 4
31 8
12 13
99 17
78 88
75 55
66 91
27 19
20 25
44 62
1 2
71 48
94 49
84 14
61 2
91 12
9 95
52 56
21 87
4 16
