# Penalty: 38409.75475413412
115
35 88
14 24
68 13
27 8
91 20
13 51
4 82
55 38
16 74
29 22
41 5
33 1
56 2
43 41
82 32
50 58
10 12
80 98
30 79
87 97
44 0
32 58
13 54
81 53
43 26
19 96
97 10
89 15
92 35
26 80
0 37
62 30
96 19
4 43
64 57
46 36
53 84
76 49
91 43
41 69
95 58
16 30
67 81
27 53
41 46
75 66
27 30
59 99
47 97
94 29
0 22
32 95
13 91
50 9
73 95
57 16
76 29
16 91
71 22
36 64
0 16
92 90
40 61
44 22
39 92
82 17
27 1
21 25
75 14
50 88
25 13
55 67
40 42
2 33
78 37
77 63
19 67
54 52
96 72
61 68
16 11
66 39
95 43
33 95
96 53
49 48
58 44
91 50
63 95
0 66
79 71
62 0
81 22
44 76
53 72
77 2
26 45
78 92
31 16
43 8
64 40
93 76
1 11
97 82
42 12
81 3
40 78
74 85
14 70
9 77
6 53
95 0
12 2
53 30
57 9
