# Penalty: 135400.62295653776
205
15 21
85 55
83 3
73 99
74 64
74 82
28 94
75 44
62 74
0 7
37 26
71 58
93 88
98 23
42 89
55 61
52 44
42 98
37 1
56 14
68 6
40 63
64 20
93 56
14 10
3 12
37 23
92 78
44 1
4 93
15 4
33 28
24 89
64 15
40 15
51 54
49 91
78 17
4 86
33 12
0 82
10 28
74 31
90 27
51 38
31 69
38 93
12 74
52 0
24 48
41 9
27 74
88 60
21 40
55 35
89 46
46 72
5 43
24 32
20 80
16 46
23 94
12 94
73 43
1 57
85 17
30 81
28 38
29 3
0 86
63 14
66 58
18 91
75 6
64 88
64 97
73 45
62 54
3 96
39 70
80 50
22 8
3 4
66 51
92 70
36 10
87 92
27 80
59 30
30 76
88 84
51 28
28 42
40 25
25 0
58 36
11 83
51 30
49 67
1 29
4 62
45 72
17 1
70 16
66 30
77 60
88 36
91 62
91 98
15 60
41 79
92 42
97 1
42 41
79 90
76 36
34 76
68 41
56 94
15 53
87 75
0 46
64 66
99 33
61 58
30 52
63 86
23 22
0 66
78 86
52 76
87 70
54 21
51 6
92 32
32 20
4 38
88 28
16 30
22 64
73 27
56 84
61 1
80 14
38 45
0 18
76 28
68 24
64 72
37 55
46 24
56 68
6 79
3 71
78 74
60 68
33 60
37 39
69 0
50 14
4 26
99 16
18 61
19 26
0 22
71 73
54 2
88 0
99 9
18 54
88 18
48 82
84 14
0 42
3 68
78 71
52 52
92 6
23 16
44 48
4 21
17 70
48 48
87 46
64 44
59 94
66 81
22 56
14 43
3 52
0 1
36 85
76 2
20 98
22 40
14 36
40 55
20 6
18 15
36 60
73 88
10 68
47 96
72 0
41 31
