# Penalty: 37488.10303144721
111
78 68
21 55
31 95
24 92
60 5
60 14
44 24
16 56
29 31
51 63
72 95
36 56
69 80
85 60
82 0
92 50
69 57
58 66
91 90
8 69
8 87
66 37
42 39
31 38
84 68
64 71
5 21
19 41
23 38
12 47
67 1
1 28
57 72
10 99
22 82
69 32
44 60
76 12
76 21
14 73
63 87
56 47
66 79
22 72
15 24
15 33
11 8
91 28
37 29
18 6
90 31
26 46
52 40
33 63
74 50
82 8
59 43
82 26
75 32
49 14
84 86
43 75
32 84
76 81
59 47
28 68
58 96
2 42
81 65
43 29
53 97
99 64
65 62
2 14
28 17
32 19
17 3
46 57
3 86
98 76
50 54
51 0
73 46
99 49
56 87
7 51
90 76
98 98
18 87
83 91
17 96
24 0
22 57
57 33
96 2
84 46
35 4
41 84
45 45
38 6
43 93
24 98
28 77
63 71
90 38
30 14
75 13
52 29
2 55
76 4
46 9
