# Penalty: 40014.41454821116
117
79 33
27 4
41 15
60 28
33 38
89 63
57 98
40 36
85 79
32 82
71 10
36 52
83 2
91 1
28 61
52 18
1 84
21 26
55 14
86 29
32 58
22 93
46 69
3 98
46 87
61 66
97 15
95 91
80 29
80 56
80 65
89 15
24 44
88 47
45 94
49 41
92 21
52 69
60 91
35 16
14 60
86 94
79 73
8 49
72 24
0 54
12 19
65 39
38 22
7 25
17 84
59 99
69 4
61 0
90 54
72 41
65 2
98 35
18 15
70 62
7 24
94 46
62 81
36 73
5 76
6 41
69 88
75 19
59 52
19 6
56 18
31 92
98 29
76 90
95 99
95 76
16 66
99 82
38 99
41 6
73 47
2 5
30 76
67 9
53 78
5 1
96 67
42 41
30 75
66 25
36 11
77 48
90 85
32 18
75 87
45 55
81 13
71 76
94 68
22 48
98 52
15 45
18 59
83 36
54 0
30 51
51 3
1 20
0 42
52 52
44 48
22 29
66 99
11 10
82 70
46 0
66 67
