# Penalty: 36913.82566652768
112
37 26
74 75
46 13
96 99
40 36
6 52
0 94
59 54
36 70
61 81
2 13
51 54
78 17
13 46
32 59
79 0
2 35
39 84
89 21
24 59
74 28
59 30
1 70
15 99
33 98
53 85
46 82
81 48
17 23
15 71
98 96
30 68
99 24
22 69
37 94
15 66
90 96
51 15
43 11
2 77
37 53
61 1
9 0
90 55
23 1
63 92
67 94
60 45
7 38
82 41
94 24
19 30
83 33
33 32
25 37
52 63
56 24
88 4
92 86
73 81
86 38
26 5
59 39
6 59
93 72
94 0
92 76
75 14
93 40
67 42
39 64
2 24
88 69
57 99
33 7
68 76
29 14
81 60
22 86
36 39
14 91
50 68
97 8
97 17
46 57
49 71
38 80
54 15
74 11
66 7
51 27
11 80
66 25
23 45
99 31
65 56
65 24
25 86
22 71
77 34
45 50
94 54
48 96
85 90
15 31
81 97
34 22
49 10
0 1
28 90
71 70
14 56
