# Penalty: 32806.669318502565
105
62 17
10 98
16 29
27 59
16 93
90 42
74 0
39 51
28 85
92 88
57 66
23 43
69 95
66 78
81 5
52 33
43 94
2 32
35 99
64 89
92 72
37 26
33 77
50 93
99 86
99 31
52 44
8 41
7 30
44 24
96 92
96 46
71 35
2 54
84 93
23 31
4 82
80 46
18 7
99 26
43 48
78 15
32 57
18 46
26 4
1 14
18 64
76 81
66 98
3 5
71 39
57 49
80 14
66 61
31 39
44 58
78 90
95 51
35 9
38 84
66 45
94 15
13 57
43 70
84 10
31 71
80 64
42 1
25 49
47 79
90 4
10 78
1 75
72 28
21 26
3 75
80 84
61 80
49 72
40 23
81 24
86 20
28 6
82 50
64 53
49 1
73 65
63 9
12 64
4 60
24 93
58 6
70 60
70 14
19 96
83 99
95 9
13 22
96 65
28 74
47 87
9 15
46 64
83 83
85 34
