# Penalty: 36861.006435381816
113
33 36
15 30
90 33
62 90
81 48
9 17
9 90
68 20
99 29
62 74
8 48
2 96
56 21
37 72
4 87
22 46
26 62
16 79
55 61
1 35
62 21
62 39
83 16
87 41
55 54
64 2
8 98
26 91
22 5
25 93
17 0
29 29
30 6
38 41
29 56
44 72
16 10
26 20
31 1
2 84
27 49
76 88
85 63
65 44
56 75
85 56
2 49
98 50
79 55
15 61
73 48
18 75
8 40
90 91
25 35
39 27
3 7
61 67
75 66
55 35
18 50
79 2
69 34
12 3
89 3
51 49
41 48
50 5
78 30
0 4
42 19
99 80
10 23
95 3
68 83
75 98
84 30
61 7
64 24
42 67
80 93
79 70
47 99
82 11
2 21
77 72
89 16
38 99
89 80
55 87
52 70
0 63
30 76
83 79
12 64
21 76
94 60
86 86
95 98
70 23
30 87
51 30
35 22
72 16
95 82
47 23
47 87
46 0
56 99
40 57
41 86
75 33
95 66
