# Penalty: 38511.226777299504
115
78 59
79 24
78 77
92 97
2 68
0 0
19 98
85 61
36 61
45 2
2 31
56 11
86 30
3 23
79 9
76 92
60 4
58 71
27 74
31 80
99 62
5 45
81 49
14 4
78 7
68 69
38 65
21 3
27 64
11 74
20 61
16 36
58 65
30 46
54 22
51 25
35 8
24 17
84 77
47 18
5 30
98 78
50 47
7 94
93 8
60 87
11 50
74 8
44 74
47 93
67 94
84 3
51 99
47 74
0 8
87 21
62 86
34 24
22 40
15 10
78 34
85 91
24 81
64 9
76 1
7 14
82 44
73 62
1 60
16 76
29 24
77 82
10 19
70 33
97 18
92 43
21 10
91 83
96 45
47 39
40 0
7 88
29 4
33 95
34 87
14 81
27 47
71 90
82 99
20 26
11 57
5 0
61 35
7 73
29 88
87 29
45 59
97 69
38 38
83 63
72 26
64 49
36 72
47 81
42 12
99 2
56 31
34 31
50 11
27 18
48 50
17 99
44 34
64 12
66 67
