# Penalty: 28598.45452053604
87
42 2
17 76
29 41
68 4
11 0
22 23
94 2
44 28
85 56
43 50
23 90
63 10
37 11
57 74
61 53
87 83
17 15
36 28
15 94
0 46
31 24
34 62
15 48
37 94
50 24
91 43
51 15
19 40
4 15
46 8
97 98
98 72
36 97
30 26
30 44
8 44
87 8
33 55
99 0
99 27
70 67
47 74
89 57
70 80
93 68
10 29
3 30
1 60
17 32
18 18
91 8
7 8
86 14
2 42
3 7
36 40
2 1
10 14
74 26
40 14
85 30
56 88
53 60
34 65
65 43
24 28
58 44
21 4
69 53
99 26
46 38
18 55
79 80
31 12
91 72
33 76
99 21
16 23
47 1
72 62
14 39
40 78
72 21
52 52
4 21
29 46
44 52
