# Penalty: 40071.91213546732
117
59 55
6 48
58 95
73 92
98 5
79 19
47 66
62 69
31 90
96 76
69 85
41 14
54 60
74 38
95 97
30 97
47 15
99 62
76 78
77 52
68 92
92 68
58 75
54 32
89 7
53 90
47 19
85 14
30 87
19 96
61 61
53 80
9 10
76 63
48 1
92 44
82 79
74 4
31 51
33 70
68 63
46 63
23 15
75 71
3 87
45 43
45 52
59 81
48 71
60 36
20 0
11 31
40 76
82 91
22 63
57 30
99 13
25 73
22 58
18 15
17 65
90 58
71 54
75 15
33 27
21 80
51 98
34 5
81 98
85 59
78 38
9 69
33 35
0 96
97 37
98 20
2 33
19 72
31 55
96 59
70 19
48 27
62 47
23 46
79 1
5 24
63 2
38 85
73 42
32 19
4 55
46 48
14 86
49 89
88 22
14 99
4 18
96 30
55 1
7 64
19 29
42 40
84 51
93 90
5 4
36 95
84 28
68 10
68 28
57 37
61 16
30 28
78 73
18 40
5 79
0 19
59 46
