# Penalty: 37405.72461285416
113
11 14
0 23
53 34
98 5
15 7
0 0
33 6
67 22
89 22
16 92
81 59
10 35
14 32
82 32
50 85
20 71
24 41
58 48
40 12
42 67
84 69
91 85
54 13
70 2
18 85
72 43
99 42
56 71
78 86
48 90
40 95
77 0
75 48
63 92
29 99
99 32
2 90
70 99
41 50
20 18
1 4
61 0
84 16
95 25
38 3
67 75
53 5
25 23
23 4
60 53
73 81
10 43
10 52
76 15
99 97
5 71
77 78
21 52
89 42
90 7
20 69
67 28
52 20
2 19
12 69
12 78
59 37
76 98
49 99
58 77
30 85
2 14
32 28
34 65
72 91
17 21
99 72
73 28
27 65
8 61
12 13
91 77
74 6
83 64
44 81
19 38
25 90
78 92
84 28
45 36
24 4
85 99
67 60
59 65
70 74
36 81
42 21
36 99
39 6
0 33
75 63
57 5
99 20
68 14
3 52
90 56
92 93
94 53
84 27
53 39
37 31
93 93
32 92
