# Penalty: 39356.959744623695
117
24 97
15 39
11 5
25 61
66 62
46 4
78 36
93 47
31 81
45 25
16 83
17 66
58 76
72 10
17 25
29 17
68 88
63 37
80 80
6 51
14 9
43 45
29 12
28 56
86 11
64 99
96 79
1 70
25 0
11 65
79 97
98 78
0 55
12 20
49 41
27 31
58 46
31 28
94 75
10 81
72 65
56 66
9 9
62 20
85 88
31 0
41 50
52 59
87 26
41 68
22 45
92 6
61 0
80 22
63 82
22 40
94 28
75 51
32 67
78 52
82 8
56 0
8 95
93 12
42 83
0 86
74 35
99 82
36 44
80 59
5 56
41 91
76 66
76 75
98 99
54 20
43 19
67 4
3 77
49 62
49 89
95 61
83 96
76 38
89 93
18 60
27 47
19 43
72 81
73 0
82 94
95 42
87 65
46 33
68 51
58 16
90 57
39 2
52 48
94 63
12 30
43 8
93 85
99 34
54 98
10 73
32 79
59 51
26 26
50 11
8 23
40 64
41 29
96 1
64 30
20 91
37 49
