# Penalty: 38841.065085840404
112
34 74
5 65
3 77
51 80
63 61
83 39
41 97
99 38
72 84
35 44
28 60
81 41
34 30
56 39
69 33
72 50
59 32
33 77
97 58
64 0
8 96
78 63
13 37
93 8
97 24
20 88
65 56
83 16
55 54
73 5
64 2
53 66
2 27
25 29
22 5
2 54
48 51
87 34
20 44
52 12
6 54
15 66
99 81
87 6
88 90
39 69
16 83
94 48
37 60
34 18
92 96
50 99
36 45
27 51
52 62
79 55
87 1
57 79
2 97
58 62
30 58
78 19
98 6
64 38
72 60
92 66
26 93
3 18
92 20
47 24
61 23
34 91
98 72
12 51
80 2
26 86
70 1
24 43
80 84
68 76
83 95
81 24
56 86
47 83
49 10
82 77
21 58
11 99
67 64
78 9
77 74
67 18
34 15
89 82
39 38
9 13
19 23
0 83
63 66
66 83
49 85
53 76
50 4
7 33
88 61
17 74
9 70
56 99
28 28
9 79
13 6
74 89
