# Penalty: 52192.13081286238
96
7 35
49 0
35 65
14 33
3 42
11 0
28 71
45 7
6 56
44 28
58 71
29 35
3 0
14 18
43 72
28 56
44 0
32 49
35 54
59 21
6 14
58 61
51 21
24 49
58 56
7 72
0 51
49 64
58 51
33 70
28 0
44 65
1 5
24 7
0 36
8 49
14 73
15 56
36 79
23 14
53 42
22 72
38 35
28 79
4 5
44 50
37 20
45 42
53 14
21 80
11 7
0 16
45 14
14 17
28 64
21 43
18 0
21 38
44 21
35 39
20 64
4 65
59 28
49 72
29 14
6 21
11 63
0 72
51 28
72 69
32 28
59 0
28 21
12 27
20 58
24 28
49 57
50 49
0 57
32 0
12 49
27 42
44 58
58 7
23 21
35 4
2 65
8 28
11 42
53 35
0 19
0 28
31 6
45 35
49 5
38 14
