# Penalty: 39044.21512620968
118
83 3
67 63
1 90
93 47
3 10
73 55
66 38
55 37
76 78
82 18
31 48
1 34
32 58
0 65
1 38
21 7
15 85
80 33
79 83
44 79
46 36
1 46
58 19
49 50
42 29
1 5
44 92
66 98
80 5
90 55
52 91
61 5
98 31
2 94
37 61
16 96
60 40
95 7
74 69
99 13
93 91
74 78
66 92
10 34
10 61
46 11
71 31
83 32
80 97
33 40
59 70
86 46
70 38
17 41
40 15
57 86
93 26
25 26
37 0
84 90
95 99
86 41
99 69
70 10
1 50
58 77
30 67
8 67
30 85
30 94
60 95
67 18
16 43
99 77
51 5
38 44
17 21
30 48
0 80
14 81
7 51
26 91
31 26
60 71
52 67
41 76
96 21
87 61
44 90
14 58
76 51
97 83
80 12
77 25
22 98
6 1
8 20
18 64
6 86
68 24
47 1
45 68
86 96
91 40
16 0
53 58
49 15
38 33
82 75
71 84
52 43
64 17
65 0
89 64
95 0
84 9
29 73
3 20
