# Penalty: 37348.309359443905
108
90 88
73 81
59 73
50 70
30 0
48 45
74 18
9 26
28 94
53 25
34 21
83 5
20 31
92 35
58 97
86 58
90 28
8 41
99 95
13 92
20 79
30 59
29 45
23 93
37 92
41 74
69 26
78 38
58 35
69 53
44 42
22 5
16 35
88 51
99 51
65 67
20 99
96 12
59 27
30 36
44 99
47 61
29 22
69 3
65 60
11 4
48 53
15 59
44 83
39 7
1 32
22 64
56 11
23 72
98 4
29 51
64 36
73 48
64 45
15 6
1 80
87 65
29 72
31 69
36 65
77 75
97 87
72 33
84 44
10 21
91 3
88 71
79 68
46 1
68 19
26 86
3 66
42 58
99 73
73 54
46 67
82 66
46 12
82 20
94 49
35 27
98 40
70 12
9 11
19 21
32 15
5 95
63 9
21 58
86 13
7 86
81 35
87 85
72 96
30 78
60 88
65 93
15 74
96 65
53 94
70 89
92 22
19 25
