# Penalty: 37864.1536739855
113
95 75
44 36
81 30
35 42
90 42
14 22
23 34
23 98
9 90
16 13
53 16
70 66
85 48
65 45
47 9
62 37
67 27
24 1
31 49
4 32
41 90
99 22
64 0
96 99
8 41
2 43
6 34
80 81
37 92
32 16
49 11
97 60
71 81
22 5
39 21
34 71
66 48
30 6
71 44
0 57
9 69
37 85
98 0
84 38
50 79
97 53
78 58
52 39
77 7
10 8
59 29
6 1
21 54
87 63
36 54
53 70
58 23
72 58
1 16
25 72
22 48
74 95
34 68
14 62
69 7
52 55
94 15
29 99
69 89
45 52
94 36
39 75
86 71
77 68
3 73
64 31
96 93
11 86
3 2
72 19
55 85
42 67
82 57
57 76
31 20
89 80
57 60
74 21
49 1
63 64
40 7
64 10
86 86
89 18
56 15
82 98
7 49
28 81
88 13
5 24
0 83
60 97
32 35
16 18
95 82
93 57
20 27
19 80
49 60
37 40
60 90
44 27
35 24
