# Penalty: 34035.90794449289
104
82 47
42 96
45 3
3 42
73 78
37 3
25 38
78 49
44 1
21 54
73 73
65 92
77 75
56 91
37 96
47 51
21 17
92 77
1 43
98 97
62 40
62 58
85 32
99 43
42 48
27 59
11 87
22 92
80 24
83 71
95 36
77 14
56 80
46 63
27 40
99 28
45 66
76 44
23 1
46 17
51 95
27 21
75 34
64 24
32 86
97 75
7 56
94 60
81 90
33 50
44 59
10 66
15 1
18 33
36 64
50 84
55 63
91 13
47 77
80 92
15 4
29 15
58 60
52 16
10 37
86 5
23 74
59 33
65 98
63 16
26 88
35 20
43 33
70 14
29 0
77 58
91 69
1 8
41 90
30 70
12 31
21 98
33 81
99 53
37 78
4 22
3 53
56 77
92 9
14 80
56 27
56 45
97 91
42 30
29 78
76 0
66 72
56 49
98 51
89 91
79 65
29 55
33 43
34 35
