# Penalty: 33956.57517963956
99
44 36
96 49
16 29
65 52
62 35
56 83
20 93
79 60
9 72
40 50
74 82
96 24
96 33
13 90
19 48
26 96
70 11
48 47
50 20
61 29
78 45
7 58
79 10
81 98
29 36
34 96
14 35
41 92
93 47
8 43
33 42
48 88
25 47
43 55
87 98
96 94
76 88
76 33
91 52
85 45
73 25
39 87
23 33
73 64
64 70
65 99
3 5
71 39
17 25
62 66
18 75
5 50
83 61
78 74
33 51
32 6
98 61
59 24
70 33
36 58
89 76
88 62
50 23
44 7
17 84
79 68
51 97
3 2
31 82
36 17
80 84
52 68
98 65
61 80
62 45
74 19
21 56
80 50
86 29
52 61
47 83
88 11
16 59
35 20
7 86
56 15
61 11
42 16
64 46
47 39
32 26
16 18
95 82
34 72
89 20
64 85
42 73
70 89
47 32
