# Penalty: 36754.55346185653
111
95 20
2 39
7 99
23 43
12 52
32 30
47 0
95 86
79 35
2 96
53 25
7 37
53 89
34 94
56 39
21 39
41 17
62 3
69 51
2 89
81 89
71 88
39 83
2 98
15 46
78 93
50 40
36 50
99 97
16 99
14 74
43 55
0 2
20 44
43 9
1 67
78 49
99 81
94 48
84 95
14 21
50 72
49 52
6 1
36 36
62 64
99 28
64 70
85 65
29 97
64 36
29 51
98 13
16 60
15 6
86 5
55 90
47 86
98 70
15 63
44 14
73 13
92 57
56 70
3 73
80 27
47 24
99 34
70 65
58 11
19 65
90 15
0 24
31 57
58 41
99 91
54 4
97 2
22 8
83 58
58 4
27 16
79 63
5 22
28 24
46 60
33 75
71 68
82 13
39 8
49 74
57 96
68 96
29 89
55 25
67 91
32 8
61 50
16 91
73 24
67 20
55 18
89 84
61 77
17 74
37 22
5 17
20 91
28 83
93 29
95 66
