# Penalty: 36412.405808857984
106
35 88
90 42
48 45
37 24
0 78
95 4
95 22
53 25
16 40
57 41
34 94
41 72
1 8
2 25
47 2
25 36
71 97
57 43
14 17
0 0
66 55
15 9
25 29
8 43
25 93
11 39
27 1
23 22
67 22
87 34
41 39
98 36
2 93
71 37
30 63
85 63
52 60
41 5
24 53
60 27
78 42
97 55
77 9
94 59
56 20
80 5
61 1
10 10
78 99
87 56
71 5
16 69
0 18
16 78
3 53
66 36
25 99
4 88
24 11
10 94
63 12
31 7
17 54
80 0
3 64
31 80
84 83
94 72
83 72
36 79
27 85
61 87
31 55
80 57
58 11
61 80
24 61
63 7
12 53
15 79
18 93
89 25
72 94
52 6
28 15
47 92
38 65
33 41
1 36
86 86
39 38
37 20
42 16
62 49
74 23
51 21
46 25
55 0
42 46
49 94
7 33
56 81
70 80
39 58
9 24
41 31
