# Penalty: 37974.3197722937
113
62 8
44 91
95 20
19 46
56 37
74 27
49 89
70 57
82 86
90 53
54 42
83 87
84 52
9 28
14 42
96 81
32 32
1 26
7 76
35 92
71 33
72 43
78 38
44 97
13 94
76 95
90 94
99 42
37 3
98 0
6 54
92 39
44 72
16 74
39 5
22 7
0 41
8 54
22 71
66 50
11 59
18 64
28 96
3 60
52 53
49 36
70 13
8 86
87 1
1 80
48 12
27 53
53 72
58 71
94 15
55 81
40 44
52 18
65 12
53 56
40 65
77 59
86 71
92 2
91 67
85 60
37 75
98 54
84 46
35 59
59 90
24 68
82 0
88 16
71 64
91 97
88 80
26 86
31 82
23 78
42 58
33 18
1 13
74 19
21 10
67 71
88 57
59 85
28 15
83 24
93 34
63 18
7 13
40 25
72 78
61 57
72 96
69 79
99 59
17 26
63 66
13 22
53 3
95 73
24 31
35 40
54 29
14 20
9 79
41 86
60 99
51 96
68 27
