# Penalty: 42403.28456089877
112
90 97
90 42
53 96
29 50
0 78
0 23
9 90
50 91
90 17
60 46
41 42
61 54
71 86
2 50
29 34
40 34
92 26
92 90
60 39
70 50
49 82
2 34
11 46
71 42
52 10
48 58
49 66
13 76
90 76
8 98
2 27
27 56
28 0
71 35
30 61
30 6
58 74
41 94
50 42
50 51
73 16
8 54
12 70
43 48
91 54
71 30
10 1
57 88
31 14
89 10
52 18
10 21
40 1
40 10
11 38
3 0
3 64
52 2
61 14
88 62
47 24
28 20
63 60
58 2
70 1
12 14
31 82
70 65
70 10
61 7
0 6
0 70
0 15
27 96
73 72
51 35
12 62
40 78
2 94
0 42
31 75
70 58
12 7
72 94
70 21
28 70
88 2
89 34
61 82
59 94
8 30
60 31
40 62
28 42
49 74
40 71
40 25
72 78
41 54
62 22
12 82
61 66
89 82
28 26
91 48
32 90
40 18
49 30
0 58
88 70
0 85
41 86
