# Penalty: 39781.63917052986
113
16 20
62 81
82 29
79 97
90 42
91 62
62 35
46 57
28 85
78 34
14 40
96 88
96 33
47 9
56 94
92 26
4 87
35 1
4 96
4 50
69 51
25 18
55 61
33 95
41 44
44 40
48 40
29 36
69 81
20 42
78 29
41 74
26 64
13 76
72 70
64 2
93 47
25 93
81 91
48 97
62 96
30 70
96 76
17 11
18 46
34 39
76 26
96 41
0 34
12 26
38 54
98 13
72 58
82 60
87 1
54 53
40 8
31 5
66 91
20 14
54 80
17 61
77 11
61 67
23 28
93 19
54 0
73 77
85 42
3 0
3 64
3 9
20 25
77 77
18 98
80 82
79 4
98 81
62 6
85 90
2 28
79 52
47 26
46 67
46 12
32 22
38 72
68 30
12 62
61 46
22 72
21 83
17 6
74 67
83 15
21 3
31 13
40 25
86 22
87 76
26 99
45 88
74 14
3 36
60 88
49 12
62 24
70 7
56 72
10 4
88 70
60 17
28 28
