# Penalty: 49645.461460050086
119
66 16
94 72
26 5
28 24
13 90
44 91
92 94
49 10
25 75
83 18
52 38
75 78
25 25
37 63
18 93
72 3
40 23
25 63
60 97
8 41
96 35
58 55
76 60
6 56
10 18
56 76
98 19
71 97
43 2
44 95
69 44
4 22
3 98
91 79
85 61
56 22
95 9
54 50
15 56
68 77
28 9
46 67
89 27
77 4
28 74
96 83
47 21
29 20
87 90
65 54
95 24
18 68
57 91
61 65
19 17
86 11
34 14
30 46
3 73
10 1
5 40
69 38
28 92
25 40
94 43
96 99
98 0
61 1
3 7
71 20
0 63
94 63
2 89
36 44
77 97
52 73
8 34
65 22
2 91
86 46
92 1
77 75
69 93
48 47
42 5
21 56
15 41
19 3
0 51
22 89
63 5
41 86
53 32
81 28
78 53
54 48
34 71
90 78
6 61
19 83
67 71
38 56
47 17
30 29
68 29
52 80
10 78
86 20
19 8
72 87
52 65
88 75
34 78
62 32
20 35
68 13
71 86
10 65
53 17
