# Penalty: 42388.81904051389
115
38 87
71 29
33 54
45 83
56 92
91 34
20 47
83 94
40 4
60 37
32 94
99 29
30 39
85 48
76 54
9 92
60 39
99 22
27 54
44 49
81 98
57 43
30 4
66 64
48 58
70 34
25 11
99 88
44 42
99 97
56 71
16 99
87 34
55 29
4 91
55 38
98 36
39 78
27 58
34 73
99 53
89 24
6 1
42 22
6 65
87 63
3 51
52 62
97 48
73 57
2 70
54 53
85 40
75 2
55 81
18 96
60 86
79 2
45 34
10 76
73 4
73 77
31 7
21 15
24 41
70 8
98 63
96 11
71 46
9 34
12 51
77 61
75 43
17 56
58 57
89 69
59 1
61 7
58 75
93 5
61 16
42 67
41 13
46 12
54 59
82 20
52 98
86 11
7 20
6 85
70 67
58 77
14 34
75 20
82 77
65 91
26 72
58 52
18 77
79 93
67 73
23 82
56 24
46 7
74 23
40 64
60 97
49 76
35 22
84 91
67 20
9 6
28 19
74 71
92 49
