# Penalty: 40718.05357631567
118
16 20
21 80
90 97
71 29
62 90
7 99
76 61
28 85
75 81
46 84
24 90
99 93
99 38
35 99
35 44
48 38
34 30
56 39
23 36
92 35
78 45
9 92
99 22
62 67
11 46
30 4
80 44
52 92
69 53
13 30
8 98
22 5
25 47
71 44
98 0
74 79
4 91
15 2
4 45
33 90
62 71
44 99
8 45
18 89
8 54
66 50
85 63
85 8
98 57
23 33
50 99
16 76
37 53
3 60
97 76
94 4
60 11
29 51
7 8
37 37
2 15
1 80
31 69
71 32
58 62
80 80
18 50
25 19
48 69
54 0
54 55
34 70
77 22
99 7
93 21
79 13
82 64
51 24
40 3
63 5
40 76
70 1
89 14
50 62
80 84
63 44
5 29
0 24
65 25
82 75
91 53
68 94
12 71
12 16
89 80
55 32
99 66
0 8
65 9
33 75
63 55
32 15
66 81
5 40
32 24
68 96
7 77
52 45
46 16
60 97
32 90
79 31
28 65
63 32
5 72
60 81
74 98
49 78
