# Penalty: 40131.452291907764
115
26 94
2 39
7 99
39 51
23 43
9 90
32 30
7 10
26 78
99 29
62 10
91 0
2 96
53 89
64 89
48 47
85 11
60 94
69 42
99 22
44 86
19 32
55 61
99 95
76 38
62 39
15 46
29 45
38 57
92 37
35 67
44 15
81 64
69 53
39 85
28 0
2 54
78 22
21 98
52 21
78 40
55 38
97 53
23 49
6 63
64 50
13 23
78 58
0 32
99 44
8 54
1 60
72 56
53 6
3 5
22 18
14 14
50 1
61 65
87 93
15 61
82 5
78 53
91 47
81 79
28 52
94 15
84 44
24 2
54 46
74 33
31 7
91 67
49 95
75 4
33 53
42 1
47 24
65 14
20 64
32 38
86 73
58 75
4 19
93 23
10 71
93 87
36 99
65 80
39 15
92 52
77 72
58 4
59 67
47 19
80 86
30 21
54 52
60 31
29 62
40 71
54 70
66 99
79 93
70 14
37 20
5 79
42 80
28 26
47 39
74 87
66 28
81 28
56 26
5 35
