# Penalty: 40898.87767907326
93
79 88
95 84
89 77
74 55
83 76
74 82
60 28
68 11
72 57
46 20
99 29
25 25
79 90
90 99
92 8
69 88
98 69
80 97
67 54
8 32
27 8
83 7
83 71
75 30
46 27
38 32
73 96
13 5
89 49
50 42
16 19
73 71
99 44
92 60
97 83
57 1
97 55
1 14
77 9
48 37
86 21
80 69
57 49
24 46
69 78
52 7
98 13
82 14
64 63
17 52
84 17
80 62
52 0
84 44
98 6
79 2
69 34
18 4
17 45
3 0
75 50
50 14
70 26
54 39
82 55
2 28
55 21
93 5
88 0
0 6
65 71
76 16
75 91
84 23
89 80
28 15
33 11
28 42
78 64
15 35
93 91
83 35
80 45
52 38
90 31
16 27
70 16
83 28
51 23
60 26
16 11
70 46
61 43
