# Penalty: 36576.897127642456
108
21 71
62 17
41 31
39 88
58 22
82 65
74 27
35 26
67 70
7 83
79 35
53 16
28 69
56 30
34 94
92 81
28 87
38 64
59 96
35 74
44 22
55 61
0 37
71 42
4 98
64 2
13 85
35 85
78 65
25 29
57 36
99 51
11 2
20 99
29 47
36 34
95 65
96 30
45 46
34 55
18 16
7 16
65 42
2 56
49 43
57 56
48 53
97 37
8 38
45 2
19 47
46 31
34 11
80 14
79 55
13 0
98 13
18 57
73 2
87 1
22 2
66 91
17 61
6 97
65 12
54 46
73 68
91 49
78 21
23 85
43 8
43 72
10 78
49 6
72 28
77 79
24 43
47 17
42 67
88 0
24 61
80 93
65 7
35 70
36 99
2 21
59 3
28 6
93 7
89 34
8 30
14 43
3 52
81 90
53 83
61 84
42 80
49 76
21 69
95 82
70 62
21 23
63 96
92 22
34 44
40 57
68 82
52 95
