# Penalty: 41629.87705346495
113
67 59
2 39
17 12
92 15
0 60
23 43
32 30
41 42
16 86
16 40
81 41
37 72
56 30
56 39
85 20
14 97
72 4
61 38
99 22
43 96
27 45
8 41
25 36
51 66
42 36
36 50
76 31
25 29
27 1
62 87
92 67
56 80
77 96
29 75
92 94
96 76
97 53
57 93
29 22
14 67
29 95
74 72
32 66
73 55
1 14
67 51
18 0
59 47
45 2
3 60
8 56
31 85
61 1
52 53
24 64
18 57
39 55
8 31
65 83
91 56
71 96
66 45
80 16
86 32
29 99
98 6
78 37
44 14
65 12
86 7
3 0
83 54
86 16
94 72
95 46
47 24
54 2
3 11
95 39
28 13
25 60
93 32
49 17
66 42
31 20
73 38
42 69
47 83
10 73
88 75
65 18
46 69
40 62
82 77
21 21
70 69
61 66
56 24
33 4
9 13
14 91
47 39
60 97
68 34
72 89
56 72
83 83
28 28
0 76
41 22
35 15
80 47
13 24
