# Penalty: 38096.53480730543
112
25 23
13 88
34 1
75 51
90 33
78 13
71 29
62 99
47 25
28 76
9 72
61 27
50 91
23 52
35 35
45 67
11 44
56 76
73 37
45 30
34 94
78 45
72 59
99 22
8 96
16 33
92 92
89 47
8 98
71 81
60 62
85 61
92 85
46 63
12 95
78 95
83 91
27 86
72 8
27 40
34 55
98 36
96 39
20 83
11 4
48 53
57 1
98 2
41 87
1 14
18 9
94 50
26 98
16 51
18 48
78 35
6 58
26 6
39 0
40 8
31 69
22 66
86 14
40 26
80 7
49 38
92 18
4 79
24 11
54 46
44 78
0 84
73 77
3 0
86 71
13 32
61 69
67 85
39 50
63 51
3 57
51 17
93 32
85 28
38 17
61 46
86 11
31 84
12 80
70 67
58 13
50 9
87 92
61 18
22 29
44 11
61 82
33 75
88 75
99 84
32 24
68 23
49 74
53 83
13 13
5 42
52 38
95 73
89 66
35 40
20 27
0 21
