# Penalty: 37931.53633262229
107
44 91
34 1
71 20
18 26
64 78
70 64
42 57
7 99
56 83
42 75
11 69
6 48
9 26
92 97
86 56
61 36
78 52
51 98
61 45
95 77
99 38
4 66
30 48
16 86
25 52
74 66
37 26
39 53
93 88
32 69
90 74
75 37
41 99
25 82
88 31
16 24
30 4
78 93
15 0
96 28
21 59
47 41
56 53
26 82
96 46
26 91
63 86
73 96
37 21
48 51
44 8
1 3
81 57
27 22
16 1
64 50
25 13
36 61
0 50
78 24
42 22
17 96
55 67
12 35
81 6
87 1
30 58
82 62
27 37
91 40
73 4
11 20
39 75
58 9
61 60
64 22
80 82
2 19
49 6
76 87
67 5
77 15
53 33
46 67
22 45
40 69
86 11
52 61
16 50
10 73
63 55
14 43
5 40
40 89
39 29
55 25
31 34
74 23
5 33
95 55
63 66
95 9
53 76
69 93
46 73
57 18
44 27
