# Penalty: 36952.81075241235
108
53 5
78 4
71 20
67 77
2 39
62 26
20 84
81 48
93 22
68 2
9 81
91 98
51 25
98 30
64 71
99 38
48 29
62 37
60 76
13 1
78 45
67 54
44 86
24 28
13 28
81 80
20 33
28 89
4 89
69 35
92 37
6 61
18 69
53 11
96 46
53 75
71 99
38 41
84 93
98 0
97 99
41 30
13 87
17 48
30 45
36 61
44 44
46 93
19 54
2 47
83 20
58 85
60 91
1 78
45 57
77 9
63 99
20 14
33 5
85 24
25 74
30 88
34 52
66 29
97 16
31 80
86 16
67 21
24 50
98 63
47 24
52 20
54 39
98 72
29 3
48 71
6 10
11 95
95 12
83 56
9 52
72 83
47 8
61 7
65 62
82 66
54 4
75 91
31 11
32 95
86 84
18 93
0 63
68 69
26 81
87 30
5 15
10 66
49 67
77 58
49 85
59 53
38 94
28 65
68 64
9 24
32 74
5 99
