# Penalty: 39585.61827735368
114
49 87
95 84
90 33
72 27
91 62
27 77
91 25
9 72
68 2
15 69
49 71
30 39
99 93
78 70
25 34
30 48
37 63
56 21
62 37
82 40
65 54
92 17
86 31
20 95
35 1
5 94
14 51
41 35
11 46
76 56
31 33
87 41
96 19
78 47
7 5
50 40
44 42
27 1
59 45
36 61
94 48
49 34
35 53
98 75
97 55
24 80
50 99
35 89
17 59
39 89
80 14
98 4
82 5
76 19
1 80
64 8
82 23
91 1
77 66
63 83
52 0
49 47
67 92
27 19
2 8
10 76
48 14
19 97
21 6
69 73
42 1
80 82
96 66
0 4
73 52
82 64
45 63
76 41
80 84
67 32
64 97
74 10
33 18
51 17
95 5
31 11
58 4
89 71
72 85
58 13
88 57
61 18
98 67
0 63
63 64
38 10
26 72
63 73
49 19
38 28
81 90
82 98
99 13
0 19
5 97
13 13
13 22
95 91
18 88
53 85
53 94
74 62
43 74
27 41
