# Penalty: 77438.03160161174
166
32 37
16 20
90 33
81 30
58 65
90 97
90 42
48 45
54 40
78 34
0 87
14 49
87 0
41 97
6 20
54 6
64 71
65 36
2 41
48 93
83 14
14 79
31 40
91 91
23 36
96 26
72 4
90 19
96 35
72 68
96 99
2 89
2 34
71 97
71 42
39 37
54 35
23 84
48 49
34 96
9 85
69 35
6 61
32 80
41 92
64 2
96 46
22 5
99 42
25 93
16 35
27 56
53 84
22 14
30 61
38 41
98 0
15 57
72 17
31 1
7 16
48 26
30 54
8 54
6 93
66 77
6 1
18 0
78 51
54 51
50 99
18 64
8 47
66 43
66 61
32 4
24 0
79 55
79 0
24 64
78 99
1 16
99 21
39 0
22 48
17 43
40 8
65 92
91 56
86 14
24 39
33 51
38 47
64 29
98 6
98 15
10 76
38 22
3 0
86 71
58 55
31 71
80 82
0 4
24 68
46 1
63 51
30 26
49 6
63 5
38 15
45 63
8 44
31 82
80 66
72 83
58 75
98 56
80 93
51 35
2 30
26 79
6 30
64 17
21 28
72 94
96 61
17 6
34 22
70 21
42 69
88 66
91 28
0 72
46 78
72 78
21 21
86 86
26 99
34 15
53 28
42 62
0 56
19 14
99 77
0 74
65 20
0 19
63 57
65 84
49 12
80 45
7 6
49 21
49 85
75 49
16 82
95 82
95 91
56 72
7 33
53 21
37 77
56 90
56 99
49 69
