# Penalty: 46841.35848424104
113
69 91
11 59
57 49
68 66
24 84
19 47
10 71
82 5
63 5
47 79
39 53
42 5
4 95
89 68
64 31
27 12
94 91
25 91
68 76
42 61
43 17
77 20
84 78
90 42
11 4
39 38
96 25
1 80
91 52
25 23
87 1
16 42
41 33
35 99
53 76
26 76
75 36
4 11
79 97
67 16
19 96
63 60
95 69
3 64
48 33
30 6
89 10
28 81
62 87
87 91
83 42
21 12
34 76
27 49
60 81
78 88
13 18
31 36
19 85
78 79
5 27
47 96
92 25
1 95
4 44
99 51
63 51
54 99
16 27
3 60
96 88
27 1
84 53
60 24
89 3
42 51
57 51
93 20
2 86
26 69
43 81
52 96
20 42
83 60
75 27
98 40
37 2
99 57
11 65
57 41
21 1
63 68
75 51
34 59
31 27
87 73
5 36
9 90
83 10
18 61
42 44
80 45
33 64
37 92
73 42
78 68
52 60
18 75
35 42
11 48
88 36
54 42
5 54
