# Penalty: 39280.661637274075
109
75 42
18 72
58 65
73 81
67 77
56 74
48 36
82 47
39 42
37 24
71 56
0 69
5 83
19 82
83 85
60 28
97 47
74 91
44 20
41 97
42 59
63 91
23 27
34 94
60 39
41 90
39 10
96 99
27 54
89 72
16 33
10 47
2 52
86 33
83 25
20 51
4 98
71 17
74 52
14 65
25 47
85 61
71 44
38 41
13 51
69 83
70 27
96 76
83 91
18 7
25 95
56 18
34 82
78 97
44 83
47 45
36 45
17 41
95 33
44 3
98 4
43 68
69 41
31 14
58 62
75 2
33 60
54 46
40 1
3 0
89 3
3 64
78 67
89 12
58 9
75 59
61 14
27 85
8 26
73 6
61 80
5 20
74 74
21 10
61 46
61 55
12 80
89 25
28 70
11 72
74 21
8 94
82 77
11 99
89 18
65 2
46 53
75 13
88 77
49 67
13 22
95 82
33 43
63 32
56 90
57 55
23 32
99 15
32 28
