# Penalty: 39225.0590274584
113
61 52
43 46
82 29
19 55
7 99
23 98
39 60
60 37
46 20
79 17
69 49
7 10
25 89
47 0
90 35
56 67
61 63
87 82
2 96
81 41
0 53
85 66
50 93
75 37
32 96
8 41
2 43
30 4
51 75
86 51
6 61
78 47
50 95
41 92
54 65
79 94
27 1
98 0
14 28
92 30
97 44
87 98
1 67
16 65
50 97
59 45
50 42
42 38
35 87
50 51
17 48
99 99
2 38
25 40
11 50
75 62
3 21
86 92
17 96
92 71
84 88
52 7
79 0
17 89
36 56
57 97
98 15
24 11
68 17
45 61
40 10
91 58
77 22
19 72
93 21
65 78
96 93
43 29
40 21
96 50
80 11
69 75
42 3
80 84
99 64
33 18
63 62
95 78
12 71
75 54
33 75
66 8
74 76
2 78
21 3
78 64
45 15
72 96
19 14
10 75
65 20
74 32
65 93
7 6
68 34
61 13
47 78
56 90
5 81
19 25
51 23
9 24
28 37
