# Penalty: 34182.1071710942
104
95 75
21 71
35 42
73 26
53 23
47 7
36 71
53 87
62 90
81 48
9 63
56 28
78 34
9 81
4 30
69 40
38 80
41 97
16 86
2 96
92 8
62 37
3 15
47 82
34 94
26 53
42 25
56 23
45 96
37 28
32 25
23 56
36 50
96 46
76 40
63 77
11 48
20 44
88 81
50 51
99 35
28 11
2 56
87 27
57 56
9 80
87 45
54 51
91 54
70 22
10 65
82 60
91 47
85 95
32 98
6 33
75 2
1 0
15 63
59 97
25 74
73 77
45 6
67 3
77 68
61 5
33 62
42 10
17 20
98 17
46 1
95 3
60 45
23 78
80 75
98 56
80 93
22 36
73 54
19 92
82 20
14 77
28 15
12 46
63 64
51 37
58 61
67 18
56 33
68 71
5 97
13 13
67 57
42 37
53 67
21 14
26 92
95 27
9 6
74 16
0 76
40 57
41 22
20 54
