# Penalty: 40948.23885740431
118
48 36
37 70
53 32
53 96
82 65
65 79
97 47
49 62
32 85
96 33
99 38
89 79
14 15
5 12
99 65
51 73
50 20
51 82
4 96
78 45
83 96
33 40
71 97
97 24
64 48
14 44
50 95
23 56
62 69
0 30
8 43
39 85
62 32
69 19
98 0
29 47
4 27
92 39
30 54
48 99
40 40
48 53
78 97
64 43
6 1
2 86
87 93
79 55
98 68
34 32
1 16
82 5
8 49
77 66
17 61
14 71
80 80
69 25
35 2
69 34
96 82
22 50
11 29
54 64
11 93
3 0
63 85
61 5
52 2
83 72
42 1
64 22
52 11
19 8
10 78
91 60
3 57
67 5
18 91
47 81
24 61
25 5
33 18
74 19
63 53
68 67
91 53
54 68
49 17
21 10
86 11
35 91
41 52
26 33
78 16
31 84
89 25
86 93
10 9
68 96
33 68
28 26
12 39
2 80
19 96
35 22
16 82
55 9
26 92
12 75
53 21
73 42
28 19
0 67
19 25
32 19
44 27
13 24
