# Penalty: 47275.23046108404
112
57 54
53 83
41 37
78 53
72 78
73 26
52 26
45 46
25 36
6 63
54 0
37 79
89 82
13 87
81 24
26 22
18 55
56 35
79 36
36 22
44 76
38 43
35 33
88 9
30 6
0 19
51 98
72 93
35 94
10 34
88 62
21 78
3 9
1 84
74 78
96 94
95 0
64 15
66 61
87 54
60 46
22 66
98 74
21 16
40 7
63 98
5 69
39 52
41 97
23 40
49 69
88 47
24 93
64 37
66 83
16 27
81 48
30 48
31 25
24 30
90 97
12 1
79 2
96 39
4 99
64 0
6 48
1 3
49 6
72 98
3 64
21 71
22 5
5 27
23 56
89 89
97 47
34 96
68 19
40 67
82 63
63 52
53 15
19 85
53 30
45 52
81 98
67 68
4 18
22 56
38 75
56 78
49 17
15 6
65 18
34 10
54 52
81 93
75 36
59 78
9 79
28 78
74 68
47 61
72 43
41 26
57 68
14 56
78 47
10 18
60 24
54 42
