# Penalty: 41042.71123446009
117
21 71
53 69
81 85
90 42
29 32
39 42
20 93
75 72
28 85
85 82
9 26
14 40
6 2
60 37
96 88
96 33
16 13
40 77
16 77
98 94
2 32
71 86
1 97
99 56
63 54
21 48
31 58
75 37
44 86
30 41
0 37
29 91
70 34
6 61
25 11
96 28
64 2
56 53
78 1
36 50
7 87
85 52
28 64
34 25
38 96
84 38
39 5
31 1
33 99
44 44
36 61
17 57
0 50
69 67
86 28
11 59
57 1
92 96
73 64
17 50
57 95
47 72
46 40
4 22
96 7
87 1
18 75
3 7
58 62
75 41
3 64
89 67
84 92
42 1
59 17
52 11
45 91
0 4
71 55
16 73
14 48
40 12
91 60
95 21
86 18
23 78
59 10
42 58
42 67
93 14
98 74
51 26
81 24
70 58
61 73
71 50
65 27
5 40
95 80
58 79
82 43
0 65
5 79
14 91
60 88
77 58
13 22
53 3
89 66
67 20
53 85
67 84
83 10
74 7
70 89
22 33
19 89
