# Penalty: 40383.85275968977
115
49 23
45 74
42 66
17 12
3 77
92 24
32 30
90 99
68 50
97 95
37 35
37 99
5 94
14 42
78 45
50 93
97 58
13 28
25 82
2 25
48 49
4 98
68 79
41 92
79 76
39 76
20 72
48 33
99 51
51 68
18 62
50 42
55 56
91 52
7 80
44 99
11 32
84 31
29 40
23 88
6 47
29 49
23 42
1 14
27 97
98 29
8 38
27 51
65 99
37 62
37 71
52 7
87 93
78 90
87 1
45 50
66 91
80 62
3 7
66 45
4 70
73 41
82 53
35 11
10 21
12 3
68 35
31 16
63 30
83 8
77 22
94 8
55 28
69 27
63 51
98 81
71 9
31 55
1 84
54 2
12 60
40 21
12 14
87 17
70 1
98 10
17 86
42 85
49 8
86 57
63 71
35 27
31 75
78 16
70 67
52 70
61 82
28 24
88 75
84 71
16 34
0 56
56 88
51 12
51 85
12 48
19 96
32 81
12 66
1 93
28 65
37 13
73 97
38 51
80 38
