# Penalty: 39575.73192931176
110
34 1
7 26
36 62
37 6
47 16
36 80
56 28
60 74
94 94
50 91
13 17
15 14
41 97
47 55
2 41
34 94
55 43
46 77
81 7
67 54
1 26
13 92
71 97
23 29
50 13
92 37
99 24
13 85
99 42
34 71
49 96
85 61
60 7
15 48
40 47
98 0
81 57
4 45
59 45
36 43
42 93
50 51
11 96
28 57
4 11
78 42
18 0
66 98
6 31
80 14
43 59
1 53
79 0
98 68
24 64
41 25
87 1
92 46
8 40
5 59
32 43
94 15
10 76
64 56
65 21
37 57
33 53
64 31
64 40
63 60
1 84
68 83
21 63
23 14
72 28
34 20
80 93
0 6
23 53
40 14
80 68
80 22
28 6
89 89
61 82
28 79
46 60
25 71
49 74
51 37
94 60
84 25
14 70
62 22
72 87
26 99
70 69
39 29
11 56
56 88
42 71
82 52
17 99
49 30
21 23
26 46
56 35
68 0
83 83
56 44
