# Penalty: 39101.54054824067
115
35 88
59 0
73 26
2 39
60 10
12 25
56 37
92 88
43 12
92 42
43 94
29 34
20 95
74 84
92 35
51 82
80 97
41 26
99 22
47 48
88 95
27 54
62 30
39 46
69 26
46 6
4 34
4 43
27 1
46 36
99 51
57 45
84 29
65 58
63 95
21 25
13 51
9 14
14 28
76 67
4 82
97 44
35 5
50 88
1 67
2 20
94 2
23 15
29 95
11 4
1 14
42 40
48 74
55 67
80 69
13 55
32 68
1 7
44 76
82 5
57 15
18 75
15 91
78 92
78 37
45 98
89 21
42 1
59 99
11 77
26 22
40 21
12 69
43 47
97 82
79 61
46 67
68 12
95 78
13 91
94 58
31 20
52 52
52 6
71 41
76 0
83 15
74 12
88 11
49 1
32 79
40 62
63 73
80 52
21 67
26 81
40 80
81 26
88 50
33 59
96 8
28 8
73 95
6 53
23 48
95 73
35 95
95 27
35 40
53 30
70 80
63 41
82 54
49 60
16 11
