# Penalty: 36535.309829982325
109
58 1
76 43
90 42
16 93
93 22
9 26
75 26
60 92
7 10
16 22
59 57
34 3
2 32
82 86
85 48
92 8
2 50
32 32
71 97
83 71
34 96
96 10
18 51
61 31
4 43
70 43
99 24
46 27
48 51
4 18
28 82
20 99
46 63
4 36
36 34
44 35
39 14
90 32
63 15
68 29
30 63
11 4
15 59
6 56
6 1
73 0
25 15
34 48
77 9
66 61
24 64
87 56
96 89
25 72
63 83
94 61
60 4
52 55
72 88
77 84
61 67
24 48
78 28
25 56
82 62
10 85
91 49
60 43
86 16
75 59
55 74
75 4
18 34
33 53
49 49
21 8
14 66
58 75
42 67
98 65
54 96
80 93
50 89
33 18
83 22
74 74
46 12
32 22
72 12
87 92
88 75
82 13
11 99
89 0
95 80
53 28
16 61
54 45
5 42
40 73
75 49
7 79
16 27
21 87
28 1
0 58
93 75
0 85
49 14
