# Penalty: 40434.33583920554
117
79 24
30 46
90 97
54 22
34 83
56 28
9 72
23 98
32 12
51 25
29 4
61 36
90 81
62 10
44 93
78 61
7 92
16 40
92 8
28 87
41 35
25 18
8 96
22 12
16 97
65 65
6 43
78 38
69 35
83 98
7 14
48 15
22 60
20 26
85 61
76 3
48 51
98 0
23 40
16 11
72 63
78 58
2 29
36 61
5 0
11 50
66 50
42 13
36 27
1 60
1 69
55 49
85 29
56 11
77 9
8 56
44 3
38 63
15 6
44 76
82 5
30 95
18 75
94 43
38 38
20 32
75 2
85 67
1 0
84 53
98 15
10 21
29 19
58 64
99 62
98 81
73 6
85 90
75 34
84 76
20 82
94 65
3 75
80 75
43 1
42 67
47 81
27 78
19 83
5 29
66 88
49 17
58 4
67 71
49 99
47 74
61 73
34 31
0 8
5 22
47 37
85 21
5 86
21 3
68 96
89 27
44 59
86 43
47 39
76 84
34 72
73 88
26 46
28 65
70 25
59 89
13 79
