# Penalty: 35171.56777810041
109
64 5
36 53
95 84
35 97
54 22
56 83
9 63
0 23
15 69
98 85
95 77
44 38
71 31
82 31
16 40
62 37
45 94
82 58
4 23
50 29
69 51
96 99
8 41
27 54
2 98
8 4
39 46
24 21
64 2
99 60
98 0
99 26
50 51
33 99
95 95
84 40
57 1
43 66
78 33
59 84
6 56
25 6
54 51
62 64
19 93
22 0
52 53
98 4
33 67
98 68
44 12
64 45
43 77
99 76
82 5
36 38
18 11
59 49
91 47
93 99
56 59
31 5
77 75
79 48
36 22
57 26
3 0
3 18
24 50
97 34
42 1
96 11
11 13
44 80
68 10
73 6
49 6
30 35
73 70
86 64
63 78
80 93
19 74
10 25
68 30
67 16
49 99
42 60
10 55
88 11
51 37
44 32
95 25
21 21
75 56
70 60
5 79
42 80
22 40
29 73
81 19
34 8
7 33
39 95
46 0
17 83
19 25
85 25
60 90
