# Penalty: 35444.47656213841
107
24 97
23 34
66 78
74 91
96 88
90 90
9 1
28 78
41 90
98 23
58 51
26 25
2 34
85 50
30 4
0 0
34 87
6 43
81 0
97 60
89 1
71 72
27 56
16 90
16 99
71 99
5 7
20 90
4 18
50 79
92 94
65 33
2 93
99 44
48 35
11 59
26 41
78 24
50 17
64 52
45 57
74 38
77 9
31 30
80 14
80 32
98 68
61 28
91 65
94 6
94 15
79 57
18 68
40 65
67 3
12 67
86 71
51 3
64 22
64 95
41 20
40 3
3 66
58 66
86 27
10 53
79 52
80 84
47 26
88 9
32 22
54 68
40 23
86 20
92 70
47 10
56 22
89 34
78 98
25 7
75 84
35 84
18 13
9 33
21 76
12 73
88 41
12 82
39 47
94 26
95 9
49 85
50 50
33 98
16 27
61 59
39 95
53 94
3 84
56 99
0 12
69 29
13 6
17 37
11 21
41 86
84 66
