# Penalty: 37621.82732930828
109
25 23
7 72
44 36
16 84
34 65
72 27
10 52
12 34
37 33
83 85
97 47
0 23
72 75
1 88
49 89
99 93
80 58
20 40
0 16
13 10
16 24
79 92
71 42
20 51
7 60
64 2
55 8
9 42
44 51
27 65
82 99
30 6
44 81
33 99
83 66
69 12
14 94
3 51
3 5
22 73
85 65
66 61
89 90
79 0
78 99
90 9
59 40
35 82
40 8
4 15
98 6
36 95
99 32
91 58
3 0
12 67
75 50
84 28
77 77
50 5
61 5
80 27
52 20
98 72
19 17
90 77
58 48
2 37
59 65
42 67
85 19
76 16
74 92
51 35
61 55
70 3
58 77
42 14
47 92
30 85
99 20
76 82
65 27
51 37
21 3
63 73
77 65
95 25
36 3
62 22
84 34
18 31
73 95
70 78
51 94
13 77
65 93
32 90
94 53
21 69
88 43
56 72
22 88
10 13
93 93
28 92
41 22
26 3
32 28
