# Penalty: 61848.846933093424
102
21 71
35 42
7 35
28 21
0 14
14 40
35 8
44 20
14 49
49 16
23 61
13 26
13 35
58 51
42 34
50 56
44 49
28 62
20 79
57 43
14 72
48 49
21 41
15 55
41 28
7 5
23 56
27 56
37 58
70 70
14 65
0 48
0 2
43 55
20 35
58 19
43 0
43 64
6 63
34 0
44 44
0 41
14 12
50 35
35 80
53 70
22 0
8 56
14 5
29 42
35 73
8 49
34 34
0 29
37 48
21 6
14 0
45 70
58 0
49 40
33 62
0 4
49 6
23 51
28 47
6 28
28 13
0 70
35 27
7 20
1 34
28 6
42 5
28 70
42 14
0 63
28 79
57 5
49 1
57 14
49 65
35 20
7 13
58 61
21 21
0 19
49 21
7 70
58 54
21 14
49 30
28 1
7 42
20 27
1 56
14 20
56 35
28 28
58 29
28 37
6 0
35 15
