119
61 6
21 55
81 69
6 75
96 99
1 99
31 72
44 51
39 85
12 95
67 40
28 57
75 16
58 94
51 72
67 44
16 87
48 39
66 20
55 10
12 53
47 10
36 19
7 86
95 64
13 22
18 72
69 65
19 46
23 25
53 89
92 44
81 7
61 38
73 30
53 66
67 95
89 81
64 29
53 38
44 78
22 41
42 19
83 29
31 0
75 61
99 0
3 41
32 95
79 36
27 7
80 22
70 85
56 24
43 90
36 69
2 48
14 13
34 37
74 82
98 30
0 16
41 35
20 79
17 46
94 18
33 8
97 46
96 78
36 63
75 0
81 43
73 57
32 52
89 19
48 14
47 58
48 32
30 81
3 2
4 65
6 21
77 72
85 3
54 52
72 96
26 92
9 35
39 26
63 91
23 27
94 78
60 85
96 35
18 60
26 73
49 75
91 59
8 61
97 92
17 96
0 34
63 99
96 16
34 41
18 32
21 70
23 12
48 96
82 57
81 3
60 65
81 97
33 66
86 50
66 81
37 45
5 79
60 24
