111
29 59
0 23
51 82
0 0
60 23
80 99
40 63
73 60
74 43
85 43
37 21
89 40
16 65
48 35
52 32
61 99
22 27
36 29
99 76
90 18
91 1
60 13
25 1
81 63
32 36
12 58
5 54
62 54
84 69
82 13
48 11
6 32
20 34
4 34
95 54
76 49
80 28
90 96
0 68
23 42
3 78
49 63
31 5
60 77
34 43
11 13
54 96
44 82
50 0
55 96
90 63
83 33
82 77
26 19
60 44
53 5
8 2
93 81
55 63
28 73
42 84
72 8
93 49
66 59
6 40
31 96
70 42
7 89
19 81
54 48
93 30
14 2
75 98
68 76
9 36
49 90
11 81
65 84
0 58
2 18
59 0
4 64
1 49
46 66
26 87
62 28
75 74
32 14
51 27
57 34
26 64
74 15
83 91
2 93
90 89
23 8
35 0
84 60
37 55
77 29
15 54
71 53
74 90
35 98
76 0
22 56
17 99
17 90
52 38
81 83
2 82
