119
90 51
44 56
39 99
32 60
51 73
51 91
82 15
28 62
30 13
23 77
47 70
27 97
85 29
25 24
70 22
21 40
21 49
42 90
14 0
71 0
16 73
77 61
21 8
0 88
97 2
11 97
55 5
35 45
34 95
68 78
0 83
96 38
57 82
18 72
8 82
94 94
36 0
15 53
9 19
85 4
4 25
65 31
46 36
49 50
54 21
50 1
79 91
60 77
75 75
2 63
33 78
25 74
99 23
14 46
80 27
4 10
57 3
74 92
24 91
1 98
98 67
94 33
87 12
64 46
63 32
93 59
99 8
98 39
19 2
0 7
29 52
60 39
54 99
65 95
9 60
37 14
32 66
78 42
33 3
16 62
70 42
40 19
58 91
84 76
99 82
48 18
38 81
71 6
0 49
18 97
84 48
4 46
15 87
87 57
64 55
29 84
39 39
12 22
99 17
90 71
0 43
72 58
89 92
67 92
73 4
30 51
84 19
22 34
49 6
61 25
92 98
81 88
23 16
44 48
34 22
33 57
49 28
9 86
45 26
