114
28 53
14 19
78 31
88 99
11 4
72 1
85 29
36 65
73 50
36 24
9 25
48 34
41 98
6 14
69 70
50 66
61 84
12 66
33 98
89 11
35 40
88 70
26 67
7 90
11 60
51 16
68 41
46 59
84 54
25 93
28 18
53 43
44 74
67 99
61 28
18 57
50 37
87 40
64 65
78 67
79 59
90 59
98 72
11 40
2 76
68 30
70 85
99 13
76 29
82 45
91 23
4 0
2 57
23 98
68 11
46 20
36 55
42 4
41 26
51 57
32 62
36 77
92 85
67 51
50 74
84 81
88 78
5 43
29 10
19 72
44 16
8 81
20 46
51 51
59 37
93 34
79 1
21 14
0 49
23 32
45 83
48 93
83 96
86 3
99 58
49 39
94 64
83 73
67 79
81 13
42 40
7 82
21 84
10 74
99 21
69 16
36 86
98 88
63 85
84 46
35 4
25 76
44 89
86 64
15 40
60 56
33 39
65 0
76 18
58 6
30 14
29 46
3 29
15 12
