100
60 10
12 91
78 45
98 32
87 13
44 51
34 25
96 94
61 99
59 31
5 50
77 66
29 35
42 72
43 36
59 26
81 31
26 95
80 52
77 74
35 22
99 52
64 85
34 99
79 88
50 70
62 35
50 20
15 62
7 58
88 51
73 16
73 25
58 14
89 99
19 22
30 49
83 61
37 57
15 29
30 8
50 23
17 84
88 18
79 72
63 64
64 46
48 43
5 72
94 46
68 11
51 61
82 12
98 29
92 62
71 39
19 77
66 54
44 7
30 81
42 92
75 98
3 2
77 63
36 21
17 17
99 68
88 77
28 35
41 86
35 51
46 84
98 85
19 48
60 85
8 43
48 88
84 47
54 23
12 35
34 41
98 61
17 91
9 87
19 33
64 40
33 71
74 81
74 90
38 15
51 97
65 32
21 56
63 71
63 80
4 3
44 57
29 55
84 27
45 35
