111
96 95
47 53
29 32
60 10
26 16
72 15
3 1
66 75
21 54
37 7
23 99
79 0
48 30
89 3
84 74
88 62
69 57
50 39
74 14
39 65
95 64
16 18
94 85
4 57
21 2
0 64
45 80
14 74
26 48
80 37
15 57
96 5
32 11
64 43
60 91
96 32
49 59
11 36
60 68
65 21
58 18
11 13
47 97
5 91
92 6
18 29
16 96
82 41
89 89
28 97
29 62
74 96
4 94
55 59
9 74
63 54
31 79
82 8
82 17
24 94
97 28
3 30
97 46
63 3
6 8
49 77
0 77
67 14
76 62
65 71
40 14
65 98
40 23
25 7
41 91
92 47
26 83
70 0
24 42
16 38
45 74
50 45
50 13
50 22
7 51
81 27
83 55
12 22
0 48
63 86
43 9
10 88
41 94
14 67
82 76
20 21
83 59
65 28
55 90
31 25
25 76
76 32
37 68
11 42
74 76
14 52
91 12
98 60
55 98
17 81
37 31
