108
15 39
95 4
54 79
53 25
68 4
1 90
6 34
69 99
25 38
98 36
81 59
96 62
16 69
0 75
50 94
26 1
36 42
46 74
66 15
12 53
97 20
89 25
96 70
34 86
28 24
48 20
83 81
38 78
42 48
20 38
43 12
40 6
31 51
1 28
23 24
97 76
14 78
26 52
7 48
61 37
54 7
75 39
87 31
10 94
38 22
80 9
81 1
82 73
83 38
41 41
22 54
86 57
38 26
47 92
0 17
67 57
18 6
80 8
14 22
89 43
16 95
17 78
64 0
31 79
75 23
78 42
97 55
84 99
69 82
61 87
27 85
2 10
51 60
32 65
50 46
39 58
1 31
59 9
32 5
23 63
28 16
9 12
61 49
43 27
37 69
47 1
3 53
65 37
25 99
86 87
3 89
54 0
2 65
36 90
82 66
60 29
23 16
21 92
57 14
68 23
0 1
91 21
70 96
62 79
45 26
14 20
56 44
57 18
