108
55 84
42 2
9 99
76 8
98 5
93 88
99 86
11 89
22 0
80 62
21 40
81 54
66 56
47 42
76 96
86 20
99 66
48 11
60 3
62 22
79 93
73 31
12 39
47 32
9 6
7 63
62 17
71 93
32 12
20 56
42 61
75 67
64 48
95 63
22 60
23 24
25 70
76 35
54 16
40 99
1 18
27 21
0 31
53 33
65 25
70 76
31 98
3 45
38 21
40 39
91 41
61 98
33 36
68 11
89 70
64 0
14 35
17 46
36 59
71 35
69 83
9 78
6 54
3 3
35 53
26 98
41 25
4 70
96 55
84 99
76 76
58 41
69 50
80 59
58 59
93 7
2 23
86 13
49 76
0 49
19 89
3 86
77 62
1 8
87 75
60 62
16 19
78 88
94 77
24 0
22 84
92 18
21 70
12 12
16 9
18 54
30 37
56 31
54 98
44 75
85 85
37 45
26 35
6 62
29 73
86 45
32 83
15 12
