117
79 42
70 73
0 5
21 46
53 16
25 52
97 31
31 95
13 74
18 21
36 66
71 42
10 49
89 58
82 28
25 15
56 20
4 68
5 59
63 28
41 0
98 8
36 24
9 25
58 57
27 60
0 97
59 3
19 60
42 80
74 23
95 55
11 92
78 11
56 72
39 33
94 94
45 85
68 59
40 6
59 96
87 68
24 30
70 6
99 60
69 37
71 65
30 45
82 92
60 82
95 49
84 58
46 49
50 19
98 77
91 74
75 57
99 23
5 91
41 59
37 61
67 62
62 86
93 82
37 38
68 25
9 97
15 5
83 14
6 77
52 44
20 79
22 39
25 4
10 15
96 96
90 34
0 82
39 82
99 69
39 50
97 0
2 28
51 42
88 82
99 91
6 39
54 34
55 34
81 46
11 58
75 88
55 2
17 30
14 95
93 15
63 77
25 86
74 1
4 22
64 45
99 39
76 37
1 2
68 10
88 25
45 63
30 10
31 2
94 40
37 18
93 98
28 72
82 61
41 65
99 15
32 92
