111
96 95
89 59
61 6
22 10
27 93
72 15
52 46
11 89
62 73
74 56
43 77
24 82
85 24
0 88
67 16
4 85
36 19
77 65
79 93
6 23
33 4
11 60
20 38
64 89
23 56
24 21
36 13
46 63
38 59
88 10
60 91
34 39
53 61
34 66
91 56
23 28
4 33
25 65
37 48
49 40
90 77
57 12
36 74
26 51
81 81
64 46
71 36
69 93
52 22
87 7
60 53
85 91
48 38
17 78
58 83
51 52
68 1
9 37
84 81
3 16
20 46
8 99
95 94
35 20
17 8
96 72
48 4
29 0
69 45
19 62
30 71
75 79
53 69
24 42
37 97
81 14
7 74
62 32
0 66
66 11
76 60
38 43
50 17
69 30
78 97
91 63
84 42
4 31
22 48
47 1
63 67
33 80
72 62
34 45
98 38
36 90
41 52
53 26
74 94
14 52
7 31
59 69
0 1
55 98
0 10
70 96
6 53
75 22
83 44
3 47
51 96
