115
79 42
53 7
84 13
3 6
54 97
78 36
38 0
69 99
0 94
33 42
34 25
90 23
71 19
9 71
25 6
40 26
60 22
67 3
15 86
61 53
77 56
40 16
42 53
54 36
30 78
96 38
66 85
60 69
47 4
46 54
58 28
8 63
0 68
16 12
98 86
45 34
49 13
98 63
7 43
4 1
25 60
99 18
22 45
19 3
10 57
92 1
26 28
67 66
28 92
69 88
75 28
39 92
51 75
36 50
29 47
98 11
97 46
1 87
23 65
23 74
82 7
73 70
31 64
86 27
17 31
99 91
38 81
33 2
30 67
19 76
8 85
75 84
20 59
78 0
87 67
34 97
63 2
83 83
24 42
46 48
3 77
69 58
8 48
12 27
84 52
44 77
53 91
46 61
86 97
65 24
99 53
80 21
15 50
17 96
12 17
34 32
56 68
45 68
92 9
67 83
21 79
72 44
76 14
68 10
65 41
18 45
90 70
91 44
31 11
97 77
7 31
59 78
95 0
56 44
3 47
