108
51 73
43 78
97 58
80 81
55 56
5 46
5 55
28 66
61 72
85 47
72 95
88 94
63 28
23 62
61 48
54 27
83 90
56 90
98 92
15 94
27 77
56 67
39 37
73 39
34 53
49 41
14 83
64 43
24 16
19 40
30 49
39 27
23 10
65 48
58 9
80 18
30 26
29 58
95 21
85 74
28 79
40 89
88 13
67 66
98 53
82 45
48 52
8 96
93 72
14 26
76 10
40 47
62 80
67 33
1 60
17 32
35 80
76 81
7 9
82 30
77 73
49 91
5 75
5 84
92 89
37 9
67 10
71 25
54 39
10 23
30 99
86 27
57 76
68 85
29 23
73 56
15 65
79 95
12 41
2 18
34 92
83 60
72 50
4 41
96 26
92 10
47 20
88 58
7 78
39 12
73 14
23 31
11 75
99 35
25 95
34 73
98 66
83 41
40 97
68 24
50 21
58 34
71 71
62 98
97 82
0 33
63 75
33 43
