101
26 21
86 72
70 41
78 54
13 51
70 36
40 40
73 55
1 71
51 40
48 16
49 97
19 92
67 7
23 71
12 80
97 29
99 84
75 86
53 67
96 47
76 50
28 10
92 58
62 54
31 56
30 50
88 15
15 66
40 95
96 5
65 17
61 37
45 61
89 94
95 30
37 25
3 41
19 3
17 70
3 31
52 26
21 66
97 33
32 71
55 54
78 65
83 9
33 35
85 63
78 33
15 4
52 7
61 83
82 16
80 91
10 14
39 68
19 90
58 68
69 77
50 82
27 80
39 54
39 63
72 69
57 53
17 35
0 49
16 11
72 73
96 58
69 22
95 43
85 20
59 4
19 52
4 27
64 86
22 98
80 39
0 25
85 1
33 85
68 15
26 16
80 34
52 48
41 75
10 87
47 81
30 19
45 22
93 80
22 38
34 49
86 77
71 52
8 23
5 97
38 5
