114
71 20
17 67
82 47
0 5
28 85
13 74
78 54
96 99
71 24
57 98
5 87
31 99
55 65
10 8
78 17
99 85
57 88
33 23
96 70
14 98
17 42
40 25
85 23
31 52
43 35
55 0
54 22
27 77
87 55
96 60
17 14
47 27
38 46
18 58
50 38
79 83
79 92
91 75
45 53
1 28
68 36
68 54
58 37
11 68
61 28
82 69
85 88
74 97
47 88
36 97
84 39
2 94
18 20
91 10
79 72
76 2
65 11
57 7
56 51
78 66
79 40
29 34
53 0
63 22
94 27
42 84
98 29
6 22
25 35
7 4
5 52
21 42
14 2
6 30
18 93
0 99
22 86
69 72
61 68
25 2
97 8
4 55
16 20
33 91
70 0
69 40
21 0
92 51
40 13
0 53
99 22
96 44
11 39
51 4
41 67
32 18
35 14
2 84
56 82
77 25
54 14
72 58
49 20
26 27
96 2
33 62
41 75
33 71
56 63
93 80
25 71
69 6
3 38
3 47
