98
85 48
73 92
24 74
96 90
10 40
89 22
31 99
49 4
69 67
40 58
10 8
22 0
12 63
95 97
36 38
6 33
21 31
73 77
32 45
58 57
27 96
32 22
54 36
12 48
59 7
99 52
16 45
16 54
46 73
15 85
7 99
37 90
9 19
29 6
64 57
67 1
53 66
49 59
30 36
6 93
45 39
13 16
80 5
56 43
99 32
18 25
50 23
98 81
21 72
85 74
26 24
0 8
74 87
18 15
19 7
6 64
37 15
67 43
70 48
60 21
75 19
61 93
45 32
88 88
28 46
20 92
13 71
15 4
28 68
52 16
88 69
1 82
63 7
73 56
24 20
35 29
24 38
44 91
46 48
26 60
15 78
96 35
3 99
98 98
29 84
4 18
52 94
22 98
71 71
82 89
43 8
76 14
63 71
4 3
90 47
36 85
81 83
46 18
