109
60 10
58 86
28 94
72 2
27 8
42 82
38 98
60 18
72 10
0 75
42 90
12 58
13 32
72 90
59 26
88 62
28 38
90 22
27 60
50 62
42 58
13 36
48 2
38 74
27 64
0 60
72 66
58 42
42 34
48 86
39 28
88 10
52 78
72 74
42 6
0 18
42 42
60 50
0 45
12 10
0 54
72 42
38 22
0 26
60 58
90 31
52 22
72 18
12 98
13 72
28 78
62 94
28 46
0 2
60 34
48 10
60 2
51 38
88 78
28 54
12 78
28 22
40 14
29 14
50 55
92 70
0 81
0 90
11 90
0 99
51 46
92 38
57 80
72 82
47 16
28 30
42 50
12 18
72 50
90 94
0 39
30 70
43 0
0 66
11 66
91 86
52 94
28 2
91 54
60 66
12 26
72 58
50 30
0 29
72 26
41 66
59 74
91 17
28 86
11 42
52 70
88 2
13 84
90 47
0 10
70 96
12 2
10 50
72 34
