109
26 30
8 0
41 33
74 48
32 96
90 28
91 11
29 63
93 47
53 20
96 85
43 68
63 37
45 6
24 32
31 80
99 71
59 44
39 43
13 36
15 90
42 53
61 61
73 26
11 51
0 60
39 19
23 20
46 36
86 99
8 45
4 47
25 79
57 58
14 96
67 99
73 11
94 52
82 96
37 39
29 85
88 9
22 63
98 31
7 29
4 5
25 64
70 53
15 28
83 37
75 33
6 73
87 25
99 93
47 91
39 74
48 15
24 94
85 63
39 96
71 3
26 13
88 83
29 33
11 82
54 62
0 91
13 66
10 14
63 16
68 85
6 21
39 63
23 55
31 77
59 23
99 68
88 68
57 80
58 72
8 62
53 87
83 78
57 34
68 70
8 25
79 94
14 76
18 46
15 68
12 8
85 1
10 92
2 88
69 34
71 62
31 7
20 16
25 49
84 46
55 76
0 33
74 67
1 6
85 94
89 82
91 39
29 73
38 5
