114
94 30
52 28
8 98
2 36
70 36
40 49
85 29
45 2
56 11
3 5
23 99
82 14
58 80
34 6
99 62
99 80
28 38
9 34
71 18
17 56
48 34
80 75
0 97
4 67
77 47
49 92
0 56
43 17
95 82
46 64
62 44
23 61
30 59
62 39
53 66
68 54
84 58
33 74
3 51
37 53
22 91
36 93
19 8
79 68
31 0
54 2
82 91
60 72
44 55
52 77
37 25
26 42
34 51
57 16
98 44
77 97
72 9
52 40
57 11
72 4
21 75
18 23
70 61
83 0
80 83
51 61
54 94
98 2
89 33
13 62
78 42
77 59
15 84
21 15
63 30
50 78
62 52
8 81
0 77
8 90
66 22
2 28
38 67
20 45
91 96
32 28
16 29
84 43
99 22
35 19
22 94
8 43
61 58
91 77
19 70
12 40
60 89
32 27
87 70
72 81
15 77
40 88
0 20
91 49
51 3
69 2
36 72
40 96
34 22
25 53
48 50
19 14
8 23
66 76
