113
47 62
76 8
71 33
69 81
60 23
93 47
44 42
81 91
31 72
56 16
2 36
54 60
47 56
92 64
61 67
85 42
73 72
34 95
40 25
60 88
35 22
78 2
96 74
19 46
63 98
17 23
99 33
70 6
25 93
88 42
98 82
81 29
99 10
34 39
76 26
38 45
20 14
23 1
88 23
3 64
62 6
31 0
40 76
46 12
22 72
89 71
15 42
67 89
78 98
25 64
3 36
38 3
56 51
43 90
54 95
85 91
90 17
78 61
28 87
64 0
55 72
75 32
21 61
81 84
14 3
3 12
35 53
13 80
21 29
2 28
3 96
38 72
29 14
61 46
49 99
26 97
62 38
11 63
89 0
64 83
3 91
28 35
48 13
10 4
75 65
32 5
4 50
97 88
61 31
19 43
85 15
43 9
30 29
12 26
83 77
72 58
44 85
46 42
19 24
54 0
95 46
45 27
75 77
79 52
21 83
72 48
55 80
0 1
94 26
17 99
72 16
22 15
18 8
