110
19 0
94 12
30 18
21 37
12 91
1 81
0 0
34 7
39 94
78 31
62 64
32 77
96 80
77 57
92 64
85 24
24 32
23 85
55 46
9 61
39 43
2 30
22 8
29 25
76 77
76 54
45 94
9 28
15 80
94 62
4 61
33 97
77 23
34 89
47 98
26 34
42 6
3 46
46 44
47 79
63 60
54 96
93 87
99 27
22 54
69 13
75 38
59 89
8 16
82 54
84 2
56 19
33 63
57 2
15 14
66 87
26 23
24 99
71 31
0 16
41 17
48 65
63 63
93 45
39 83
18 5
90 30
65 95
55 72
90 39
28 73
75 14
1 78
84 90
47 22
69 73
55 12
19 94
0 99
47 30
28 44
69 45
5 42
83 74
91 96
24 51
5 14
51 4
16 28
37 60
61 26
42 40
25 90
14 71
56 36
1 11
37 41
10 96
61 16
71 75
11 42
76 0
97 86
48 50
48 59
0 28
60 42
62 79
32 74
74 89
