116
47 53
16 97
30 98
86 35
15 11
96 85
50 72
73 64
88 67
36 29
41 9
25 1
19 79
51 31
70 8
23 94
34 91
59 44
4 49
85 46
76 91
0 65
23 57
64 67
99 52
79 97
11 78
32 21
66 32
38 64
60 96
64 75
19 27
26 84
1 14
95 67
44 92
3 51
49 45
58 32
48 94
72 24
2 99
84 3
33 55
8 30
81 81
48 61
72 36
82 22
74 77
59 61
79 39
11 2
5 80
64 4
34 0
86 10
57 1
98 2
40 15
16 94
9 64
81 61
93 53
14 16
28 27
33 7
21 42
42 74
39 50
51 24
69 50
58 59
73 56
67 18
37 84
99 77
36 39
49 76
27 84
54 47
87 71
32 46
11 44
73 46
12 27
46 70
42 36
30 70
66 2
96 21
1 12
99 17
88 26
92 32
58 39
63 81
19 56
53 45
25 99
55 81
18 41
71 71
52 57
33 62
4 26
25 76
74 99
26 40
27 23
50 2
17 63
94 35
83 53
10 68
