110
19 18
86 40
43 87
44 15
73 60
33 24
64 2
3 28
51 77
32 82
33 19
20 94
88 67
77 57
92 73
43 36
6 37
44 0
0 70
16 50
92 27
9 20
71 98
51 48
53 85
59 16
45 99
57 82
54 13
62 44
49 82
92 3
19 45
52 60
60 91
37 53
77 0
37 71
2 90
63 69
40 94
53 33
54 96
22 54
57 30
14 59
30 30
4 5
71 27
78 75
11 3
92 86
75 51
3 22
32 67
26 5
13 99
82 49
56 23
9 69
25 31
93 58
85 31
73 84
2 42
35 48
55 44
79 20
88 87
93 12
10 5
30 72
91 97
54 66
78 14
87 81
29 5
61 64
61 73
74 12
20 59
95 80
92 65
71 86
80 35
27 38
61 49
88 17
45 73
3 94
42 22
62 9
18 73
63 81
6 86
49 29
28 91
23 12
35 4
19 10
42 30
4 3
95 41
25 80
3 61
78 82
0 19
45 8
62 97
3 56
