121
18 35
94 39
25 25
10 36
67 36
55 52
85 61
63 6
36 52
1 94
99 99
60 0
3 23
28 25
38 84
50 76
23 58
47 24
59 35
28 20
76 73
17 42
19 69
19 78
44 98
23 75
76 50
57 91
0 51
97 1
99 38
1 37
77 5
36 13
69 46
54 21
0 68
51 15
9 0
71 87
82 96
68 17
15 56
67 94
84 21
45 20
85 92
18 20
89 80
29 62
43 90
32 90
92 1
7 42
9 79
23 4
45 1
93 77
68 20
78 61
36 64
55 77
9 56
29 34
0 7
83 18
25 4
13 62
86 46
99 83
40 24
72 3
11 91
54 80
24 39
4 97
51 33
17 13
99 64
69 50
18 93
85 12
68 71
27 75
84 75
46 66
81 32
18 92
66 16
64 64
70 98
7 60
50 49
61 58
94 73
31 44
75 78
60 98
37 69
22 89
95 24
37 46
50 12
70 79
70 88
39 2
33 80
93 94
2 83
65 32
56 63
3 75
31 11
87 28
26 8
11 19
95 9
52 38
52 47
64 21
98 19
