117
82 29
6 66
20 86
76 8
14 51
1 81
3 37
82 10
31 67
73 82
85 47
68 88
49 93
62 59
93 46
74 51
13 68
55 14
97 29
48 20
49 83
29 25
31 34
25 0
96 38
99 43
35 49
9 24
62 17
54 31
0 60
66 23
87 64
46 77
27 45
27 72
1 10
24 30
53 75
64 84
98 73
80 37
79 78
20 14
40 81
52 64
35 11
82 55
71 64
14 59
45 42
79 31
21 44
41 49
33 54
7 5
7 23
71 44
66 50
89 42
65 99
17 68
62 75
45 4
16 44
47 58
40 28
74 35
20 64
0 95
86 18
78 14
55 21
29 14
19 58
84 71
72 96
84 98
34 88
58 36
9 31
66 39
59 0
25 96
70 18
92 24
40 13
91 55
0 44
83 87
46 34
51 4
23 22
56 46
89 88
8 38
79 98
0 52
4 22
25 81
68 24
19 15
0 29
60 52
6 81
96 11
76 5
45 27
45 63
89 78
97 91
7 45
49 10
70 69
55 89
25 39
39 95
