92
98 46
65 8
67 54
26 16
79 46
82 42
53 20
73 96
59 27
33 10
14 5
88 80
99 80
92 59
93 5
55 5
82 98
51 12
72 71
85 0
98 69
16 26
16 35
28 9
79 87
53 52
77 0
15 43
73 20
99 5
1 18
99 32
58 27
78 94
83 56
38 35
89 48
83 28
53 5
92 99
14 8
85 77
83 9
0 2
73 62
97 55
59 47
59 42
52 2
2 28
78 14
67 23
79 6
65 71
73 29
81 60
16 11
50 27
65 65
91 77
83 73
16 19
50 26
11 34
20 3
75 55
56 41
74 86
68 15
18 50
69 34
79 66
30 24
30 42
95 10
71 80
93 85
0 6
52 34
84 14
52 43
44 39
84 23
25 44
99 11
90 29
70 87
92 93
83 35
87 23
46 18
70 46
