117
67 77
64 23
56 19
73 99
48 45
78 43
33 29
32 94
6 84
36 64
34 12
39 99
71 15
19 4
4 98
98 43
47 59
16 90
88 97
70 70
97 28
29 49
80 85
26 4
62 48
54 53
13 39
79 2
93 12
2 10
5 36
28 38
88 55
35 70
73 54
66 15
48 9
2 21
39 79
40 14
0 97
84 78
95 87
84 71
67 18
80 70
4 78
18 95
47 30
60 88
7 79
53 76
20 63
99 36
50 70
99 54
26 69
65 63
94 78
40 6
39 28
5 5
51 29
79 85
24 30
56 62
29 84
45 80
94 82
52 85
61 33
72 63
12 6
44 83
54 5
94 50
69 32
23 44
55 97
75 39
32 98
41 46
58 7
78 92
47 95
71 62
22 77
64 49
11 22
33 89
19 35
54 2
92 13
98 65
25 60
68 3
14 50
20 11
55 69
18 20
77 17
87 28
79 45
10 64
53 35
99 11
7 56
94 42
89 64
21 85
44 50
89 57
21 69
2 64
12 96
37 49
33 27
