98
70 64
58 95
56 12
93 61
67 36
16 97
94 7
86 17
31 99
68 93
23 72
16 78
16 87
63 37
73 50
62 68
13 59
98 8
99 62
99 71
30 74
25 14
52 98
74 46
84 87
6 14
28 19
21 16
0 69
4 57
2 96
88 47
83 71
24 12
99 33
25 93
99 42
27 31
52 82
10 94
74 97
26 65
70 99
87 8
84 39
51 90
80 4
80 22
59 76
48 66
76 20
15 1
19 7
60 26
60 44
53 5
86 56
32 85
9 74
94 0
69 83
17 68
12 60
71 2
68 85
75 84
11 99
88 77
77 67
74 25
29 4
81 32
11 53
12 27
0 80
96 30
1 21
88 53
26 50
54 23
2 88
18 50
95 28
21 88
1 2
65 5
93 76
78 60
98 56
21 83
59 51
15 26
18 22
91 21
11 19
0 28
63 66
64 12
