113
1 86
59 73
79 60
76 8
57 13
98 23
98 32
28 80
2 36
14 10
44 19
51 72
89 44
15 91
9 66
25 1
20 62
23 94
5 45
54 32
70 3
18 77
73 22
4 71
85 9
16 22
34 67
65 54
64 98
21 2
38 82
53 66
72 79
90 69
79 78
8 27
19 36
94 84
65 17
49 27
18 66
30 49
99 5
34 43
85 88
30 26
9 98
75 43
11 49
84 30
35 6
38 8
70 85
14 27
79 22
70 62
36 78
85 55
44 22
64 0
86 60
36 50
71 44
50 97
33 35
93 58
90 16
24 80
52 25
19 86
80 91
8 81
31 64
51 51
40 14
52 6
93 7
76 75
94 74
55 2
99 54
53 87
27 34
24 10
83 96
4 50
17 16
18 51
42 36
98 98
90 94
8 52
84 38
75 69
53 41
69 39
42 40
63 81
48 92
63 90
92 0
26 27
26 45
94 72
30 10
0 15
48 64
40 60
75 36
48 82
17 63
8 14
87 23
