112
55 66
41 15
62 83
7 3
73 96
71 1
65 97
92 60
34 11
28 52
21 13
52 0
30 97
87 97
35 77
65 78
57 83
91 99
4 49
28 24
60 88
24 49
59 25
3 93
98 92
51 25
99 29
95 77
17 23
49 55
42 25
19 59
75 67
16 35
34 80
78 86
26 75
0 54
87 58
97 71
30 17
75 43
52 41
10 62
76 7
53 51
61 0
78 71
90 45
80 22
17 70
7 47
75 38
81 81
15 5
98 21
13 81
78 61
70 57
16 86
58 97
75 28
93 45
44 40
45 32
16 99
28 82
0 96
43 84
28 32
55 17
36 31
24 66
29 1
76 85
61 69
63 16
61 64
30 94
31 68
5 15
22 95
9 31
85 7
84 48
44 91
4 64
76 43
99 45
61 36
61 45
8 48
92 14
61 44
32 4
61 30
91 31
0 29
95 37
33 62
46 1
52 84
14 39
2 92
26 58
6 67
93 71
97 59
99 6
34 44
76 22
67 50
