119
1 95
79 51
10 27
41 51
96 81
5 69
27 93
44 42
66 57
71 37
80 76
6 47
69 85
81 77
39 71
51 63
35 64
5 41
47 56
68 97
83 6
40 35
81 36
2 26
74 51
35 59
48 25
30 65
97 11
96 52
84 96
60 88
66 28
28 1
88 52
38 78
30 64
31 56
32 21
43 21
1 33
13 35
92 17
45 94
12 20
53 75
72 79
36 13
53 43
85 93
49 27
62 11
11 54
21 95
26 29
7 61
40 85
97 66
95 25
57 25
24 77
43 99
78 66
86 38
98 48
0 7
9 83
21 66
39 92
16 81
92 67
21 34
21 43
53 4
36 45
90 25
11 91
85 40
90 2
79 11
63 21
10 5
74 26
97 0
56 93
38 81
42 78
93 34
82 6
95 75
61 63
0 48
43 0
93 95
76 60
6 1
45 41
2 79
2 88
56 68
56 77
69 16
80 25
71 89
24 4
38 6
22 52
26 58
0 42
75 45
12 16
52 61
88 11
32 79
14 61
55 89
18 49
65 13
46 9
