107
34 12
43 60
24 65
43 78
59 68
81 64
20 72
92 87
9 66
2 8
12 94
76 69
11 97
13 36
70 12
93 36
4 71
57 91
33 84
77 14
98 82
60 82
45 66
92 25
42 24
73 20
82 87
23 37
44 69
46 8
76 21
98 54
69 18
58 27
18 52
53 33
64 51
91 19
93 73
38 3
59 53
44 45
10 52
73 99
28 51
29 61
74 50
51 66
14 26
78 29
7 23
59 61
0 96
82 3
18 9
26 98
51 38
12 74
84 99
16 80
68 81
43 38
1 50
53 88
27 71
96 45
37 84
24 56
29 18
42 55
54 47
23 32
67 4
84 84
88 45
51 9
13 10
94 96
92 10
46 52
56 96
27 15
75 64
34 32
47 1
18 32
67 83
90 75
98 88
8 42
6 81
1 20
99 34
51 97
8 37
75 36
82 84
78 55
86 68
66 99
61 11
60 33
0 28
31 91
2 64
74 89
78 50
