119
16 93
8 0
9 99
57 13
20 90
90 5
98 18
35 78
44 19
2 13
35 73
89 53
29 35
62 41
93 28
62 59
93 37
28 20
43 40
24 63
57 69
12 48
18 72
74 0
44 84
75 99
28 14
69 42
79 74
90 83
69 60
63 84
0 73
80 19
71 74
42 38
19 45
4 20
96 14
69 23
63 74
48 85
33 51
41 64
44 60
56 34
58 27
83 47
0 40
11 40
32 95
69 4
70 67
50 0
9 75
30 30
85 78
93 91
41 49
97 56
47 91
94 23
75 28
61 93
97 51
66 82
82 17
55 72
16 76
1 87
18 4
99 87
60 6
61 55
81 33
10 18
84 62
12 55
49 76
80 54
73 15
42 55
27 66
0 49
54 29
30 80
75 88
60 99
36 7
55 20
1 35
65 38
76 47
98 71
8 61
94 73
43 0
32 0
33 99
26 77
11 25
84 24
56 50
77 11
37 32
56 54
2 83
49 15
26 49
42 12
26 58
39 15
88 2
66 99
98 42
78 91
60 24
64 3
6 89
