108
67 68
97 81
96 90
92 92
69 99
42 91
10 40
44 51
22 23
2 54
76 3
90 5
16 74
12 81
67 17
51 81
80 62
77 84
25 1
68 74
41 98
60 3
66 1
84 55
1 38
80 38
82 93
31 38
32 21
37 90
95 54
23 56
35 30
22 87
76 67
46 63
98 64
81 11
94 48
8 54
9 9
59 86
79 55
55 97
82 69
96 9
75 34
94 65
37 52
49 26
18 20
36 83
78 98
29 80
22 49
74 96
73 81
74 55
46 20
36 46
47 73
94 23
83 32
44 13
54 72
1 92
88 97
17 55
9 60
3 30
89 51
29 15
66 36
66 63
40 1
25 3
27 94
13 34
40 5
91 83
59 5
34 79
37 84
38 67
30 62
53 69
4 23
99 31
26 73
50 40
91 68
95 38
31 44
56 46
69 21
67 88
15 77
54 23
32 4
88 21
17 91
96 2
24 98
50 16
94 17
9 95
72 16
81 83
