107
36 62
7 26
48 63
32 69
22 46
77 94
40 63
45 25
40 22
75 25
73 64
17 52
58 62
42 63
39 48
4 99
62 54
11 70
66 24
17 24
5 40
50 39
39 29
31 34
54 54
95 91
4 66
11 37
17 0
0 50
23 24
38 27
46 49
73 11
30 58
12 19
44 96
63 78
72 19
95 30
53 33
52 77
40 71
23 9
88 4
74 69
57 7
13 86
94 10
82 63
22 26
49 7
86 56
75 37
27 1
36 77
58 83
87 6
81 84
25 40
32 48
96 91
76 85
8 72
2 1
81 56
91 97
2 19
81 24
41 6
41 91
55 25
5 33
18 97
27 84
4 46
67 4
61 45
35 1
88 31
96 53
55 15
26 91
63 86
71 99
95 38
70 93
49 70
94 77
56 68
45 77
15 45
26 54
61 30
90 75
73 4
64 49
87 10
21 83
78 55
27 18
11 1
47 94
91 39
63 66
94 44
21 60
