112
53 5
97 72
24 88
67 77
20 84
62 99
9 81
48 29
17 69
31 86
78 45
60 39
67 54
36 48
81 80
4 89
22 32
11 2
67 31
13 87
44 44
86 10
10 51
35 62
21 54
1 78
86 30
36 56
62 75
73 84
6 24
38 93
5 61
67 21
32 63
81 47
26 1
81 56
30 72
33 16
93 39
11 95
77 61
40 30
35 43
84 94
47 8
75 91
46 96
87 85
11 65
1 63
6 7
46 89
58 54
78 2
27 48
1 47
39 40
54 38
68 64
19 46
65 61
18 92
22 74
60 76
85 20
50 20
26 80
34 78
32 7
13 30
98 98
96 46
53 75
54 10
0 39
5 16
73 16
62 25
83 66
60 91
69 39
84 58
46 58
89 99
46 24
4 15
96 0
23 28
98 63
96 11
96 20
70 99
61 7
53 24
59 83
48 73
54 4
32 95
98 40
67 71
76 9
19 14
94 26
83 26
48 68
71 36
68 0
99 15
51 87
5 99
