114
42 2
61 91
14 24
74 75
13 65
38 9
39 85
55 56
10 8
40 58
97 30
21 22
3 0
98 8
82 0
58 75
95 87
99 66
98 97
26 99
82 98
62 49
19 78
35 31
56 99
47 32
48 6
28 37
42 39
58 65
78 6
13 35
18 85
91 66
94 80
43 25
67 1
25 84
53 75
22 69
58 46
30 54
93 3
11 59
30 31
95 44
25 56
24 11
44 78
36 79
47 88
8 44
64 33
33 82
57 30
16 96
83 33
39 93
3 45
28 65
28 74
64 23
15 9
70 61
52 3
69 92
50 97
4 84
51 79
82 12
48 46
86 18
88 55
63 16
29 23
54 61
11 99
4 51
13 29
99 50
77 40
58 36
7 70
6 16
99 45
92 15
69 22
80 31
58 58
75 65
0 71
84 70
50 22
90 85
60 80
33 99
27 51
58 16
3 89
11 38
34 45
14 57
97 82
27 32
31 11
24 93
77 95
0 19
83 26
40 64
12 2
96 1
25 48
67 41
