113
98 37
25 25
66 53
66 80
18 12
89 72
36 34
58 94
51 63
18 2
68 97
49 93
0 75
8 88
20 53
51 31
87 97
92 50
60 8
80 84
65 64
68 82
98 83
61 52
7 99
55 22
69 24
9 28
40 6
81 16
31 33
11 64
96 10
28 0
46 54
38 59
78 95
91 43
7 80
21 82
23 42
22 68
0 31
31 18
84 30
2 94
3 59
37 61
22 22
65 2
67 48
49 21
89 66
87 16
46 20
70 39
59 48
24 81
96 97
5 85
82 8
71 17
17 55
59 70
75 32
43 48
40 33
29 42
74 22
39 82
78 37
5 34
54 39
3 2
16 39
77 63
21 28
93 34
95 80
53 92
79 1
58 36
65 84
17 3
77 44
75 65
87 57
51 36
12 54
99 31
23 63
22 85
8 43
0 39
8 20
85 1
32 4
1 16
45 68
57 33
48 87
84 46
75 77
13 4
3 48
3 66
35 98
26 49
28 95
46 5
15 35
17 99
75 49
