110
47 53
71 20
71 56
44 20
71 15
17 80
72 6
1 67
99 99
54 51
31 85
58 62
21 31
86 34
36 24
70 26
99 80
32 31
51 44
32 40
85 23
53 67
89 20
19 46
85 0
91 80
2 2
64 89
3 97
80 42
61 38
83 80
10 95
34 62
65 40
56 89
12 24
77 0
10 67
2 63
26 47
58 27
21 72
32 95
97 75
28 70
65 2
3 27
37 38
55 73
63 36
77 83
40 43
74 77
47 68
21 25
60 16
61 79
56 18
85 63
13 53
47 36
17 32
47 45
44 3
42 88
16 62
40 1
28 54
69 82
74 17
8 81
11 77
9 45
21 10
76 57
65 75
20 54
41 95
87 71
25 96
57 57
61 54
42 59
83 78
16 6
34 78
65 42
76 42
78 97
95 33
99 3
88 12
85 95
58 7
71 89
88 16
78 69
98 47
71 48
33 48
38 10
3 52
30 14
17 99
84 27
74 62
3 20
99 15
14 38
