115
17 67
80 95
49 0
25 11
54 65
79 14
35 87
99 99
59 40
5 59
40 26
43 45
82 0
17 47
88 98
0 97
96 52
1 43
99 75
21 3
29 16
44 4
0 65
43 35
97 15
70 16
17 28
92 58
26 85
61 52
73 26
7 99
39 60
20 56
13 26
76 63
3 79
46 77
5 39
39 10
50 42
18 71
50 51
91 70
87 27
98 68
55 97
11 45
0 54
72 33
47 97
85 83
16 96
30 3
17 88
60 67
54 91
65 20
78 48
7 6
89 84
29 39
32 76
7 10
47 73
9 74
86 51
27 1
45 9
74 72
60 11
52 7
61 65
74 40
3 25
93 21
61 96
98 1
66 8
92 29
82 6
58 36
68 80
21 14
51 23
43 19
43 37
69 49
81 41
11 53
83 69
96 44
36 20
76 56
77 30
40 93
51 22
34 55
27 42
87 65
25 99
32 98
67 74
86 91
97 91
91 35
19 28
63 62
82 84
78 64
80 15
70 96
48 59
5 79
0 19
