109
17 67
79 60
35 65
93 88
47 57
8 98
23 86
69 85
56 20
86 30
51 81
40 8
98 8
4 90
47 33
47 51
8 65
81 58
57 87
0 56
83 99
43 26
31 61
7 90
72 57
96 33
99 38
61 38
39 28
94 71
75 76
16 26
76 40
81 20
31 1
12 33
69 5
40 72
11 45
14 64
59 81
47 97
48 71
26 15
43 95
38 35
11 8
63 46
28 97
67 75
70 71
59 71
98 62
33 36
33 54
47 73
5 76
61 93
84 6
85 77
70 34
35 94
67 42
56 13
86 23
96 55
59 15
99 69
62 70
20 82
28 40
49 81
98 95
45 88
19 53
11 71
64 64
61 49
83 91
75 87
84 65
17 11
15 50
77 34
46 65
78 97
98 84
53 36
33 76
47 1
46 42
77 20
91 40
25 67
99 16
33 80
69 20
71 48
19 28
54 4
84 14
31 20
4 21
16 4
89 82
28 81
25 48
31 91
86 45
