117
3 6
32 60
89 72
1 99
28 62
83 16
30 98
66 66
14 5
48 21
63 28
61 85
76 87
38 79
12 44
89 25
17 24
69 52
50 48
29 16
74 5
66 10
18 90
7 99
51 7
96 24
95 59
43 21
46 77
38 73
1 28
69 19
27 40
60 82
10 72
65 44
18 57
82 87
21 95
42 10
59 99
64 51
95 7
46 7
24 77
1 93
27 11
63 59
51 62
2 34
13 58
35 67
18 14
51 43
13 53
86 46
70 38
99 74
76 81
82 30
40 33
23 92
93 21
61 73
53 83
55 34
37 84
76 66
92 47
77 58
15 74
49 94
79 95
91 87
95 66
96 31
67 4
4 64
46 57
58 22
17 30
67 98
58 49
93 6
30 66
39 53
45 96
6 6
72 72
28 2
80 12
77 25
3 85
0 61
99 39
26 45
8 24
90 75
18 68
9 87
31 25
65 5
16 0
1 20
78 78
83 49
63 80
41 43
33 39
52 70
22 29
7 13
35 93
19 14
83 44
34 17
97 45
