112
5 65
85 57
89 54
1 81
94 7
21 41
2 36
98 18
40 58
25 15
99 85
40 17
21 40
19 79
11 84
23 76
35 50
76 69
61 53
37 82
27 55
58 70
30 69
45 90
83 67
74 18
83 85
66 32
35 35
96 51
45 94
22 60
0 50
31 28
83 75
32 11
95 67
37 44
3 51
88 5
97 71
28 84
29 76
53 24
69 13
0 17
17 97
21 58
31 4
37 20
31 98
51 76
36 96
48 70
45 1
34 28
82 31
5 76
92 99
53 9
62 85
26 9
78 15
43 75
1 87
40 15
60 2
58 69
84 90
59 24
55 53
69 82
51 42
76 98
66 17
22 1
97 4
6 16
15 92
60 99
72 64
10 98
7 65
91 73
74 20
13 1
51 27
78 8
16 33
65 56
11 39
99 26
99 44
15 77
37 73
49 38
7 32
61 12
49 56
75 50
20 25
14 48
92 13
90 43
75 45
68 32
24 93
36 67
63 39
23 11
87 32
51 96
