106
78 77
71 38
75 35
1 99
34 16
32 55
75 7
23 90
47 29
94 6
5 68
91 95
21 8
31 48
2 12
69 52
35 49
34 99
7 99
45 67
12 20
35 12
41 92
47 4
17 0
90 69
61 33
98 82
60 55
49 45
26 70
99 5
33 78
47 79
71 46
11 13
21 72
50 0
38 35
9 93
84 16
84 25
30 7
32 94
92 90
69 88
24 67
99 97
44 26
54 58
51 52
68 1
98 29
71 21
90 34
33 30
31 69
32 34
85 49
55 17
46 72
2 1
68 67
92 43
80 59
55 16
77 49
60 99
75 97
72 73
87 89
62 19
75 65
84 52
16 6
16 42
67 93
62 14
48 97
45 46
34 55
3 85
27 51
85 1
57 33
70 79
4 8
16 0
33 80
14 57
59 65
59 92
7 54
17 86
17 95
41 52
14 34
99 20
10 82
68 32
80 15
69 15
0 28
52 38
40 73
54 84
