112
16 93
28 67
28 76
68 13
26 25
5 60
91 29
39 76
14 28
4 82
32 73
98 27
50 72
20 85
37 16
98 4
82 14
81 63
5 27
50 80
23 71
32 49
64 81
32 58
77 38
88 84
5 40
25 94
16 36
61 43
18 99
73 35
59 2
56 94
91 75
22 60
99 60
3 74
46 63
54 25
92 20
82 91
96 13
22 54
2 94
67 62
46 39
8 3
70 76
50 18
48 48
91 37
93 64
32 90
91 5
27 11
2 57
68 20
59 57
36 64
82 49
99 88
13 85
82 17
40 20
16 58
71 39
45 4
32 34
74 49
14 16
51 33
76 89
77 63
11 99
97 22
77 31
0 76
83 92
99 36
64 78
96 67
64 73
56 87
3 99
18 78
19 43
54 10
90 94
68 56
15 50
73 0
40 88
84 33
60 93
78 74
63 58
18 68
30 33
91 67
0 47
34 27
2 83
14 75
31 2
20 11
12 7
65 0
76 9
97 50
35 84
53 39
