113
17 58
82 38
60 19
17 94
51 64
7 3
36 34
47 43
6 29
60 27
25 15
37 7
88 67
42 63
44 14
99 80
83 1
35 27
84 78
92 27
57 78
81 53
51 21
94 99
72 89
1 47
85 27
3 97
92 44
11 37
60 69
67 1
28 0
19 36
8 45
66 13
33 65
95 49
2 77
9 0
56 84
77 36
39 0
6 79
20 32
29 76
40 85
18 29
0 17
33 41
37 20
74 96
3 63
23 4
75 51
21 80
19 11
92 90
84 15
74 68
91 13
21 52
10 15
45 0
70 29
98 11
18 18
52 7
87 1
34 4
66 63
3 25
67 46
28 22
47 35
92 52
20 50
32 42
45 88
7 70
58 63
70 9
38 71
62 10
19 66
24 1
99 22
58 44
61 49
1 3
60 98
65 24
22 80
25 90
67 74
86 87
0 11
18 59
94 63
75 59
46 28
91 35
11 24
0 33
34 13
6 94
33 57
96 6
45 49
49 28
40 46
48 59
53 3
