109
36 53
24 88
1 95
47 62
55 75
59 73
81 78
79 19
91 11
19 4
53 11
48 44
73 55
25 15
21 22
50 85
71 0
80 57
49 97
32 31
35 36
16 32
95 87
64 81
55 23
71 98
93 18
72 89
4 67
27 59
10 91
72 93
99 65
86 95
69 24
9 19
99 42
77 41
56 48
62 11
82 78
39 18
73 20
99 32
46 26
78 94
7 52
36 97
33 46
79 36
26 51
91 28
2 71
30 7
29 66
40 75
52 40
21 80
85 64
28 78
40 52
76 10
91 4
9 69
37 14
70 38
21 29
2 24
24 66
98 15
56 98
48 5
42 83
39 68
66 58
40 32
0 81
90 1
26 74
42 46
18 88
67 4
53 69
5 1
99 72
84 43
96 26
87 57
5 5
81 27
0 39
33 72
65 33
3 85
38 61
31 12
56 59
55 90
64 22
85 81
93 94
57 37
36 90
25 44
76 0
0 19
21 60
72 34
65 13
