109
36 80
82 47
5 74
0 23
58 95
75 44
64 16
2 59
14 33
4 96
38 18
62 78
97 26
13 60
47 61
6 65
88 76
88 94
9 48
28 52
19 88
30 97
97 7
13 41
53 95
53 81
62 58
1 29
24 31
99 52
88 61
0 51
91 80
98 78
95 36
75 85
70 6
80 19
0 68
13 16
10 81
24 25
90 55
31 5
51 1
65 30
55 74
71 64
21 72
37 25
56 65
7 38
30 12
63 64
45 24
65 2
49 3
32 81
67 48
90 40
6 82
84 20
97 38
29 43
20 97
16 63
46 91
47 68
82 35
2 6
56 4
59 15
72 97
68 81
27 76
61 87
76 80
94 97
51 28
39 63
23 46
43 42
36 39
81 28
89 4
43 46
17 3
30 66
32 32
1 3
58 30
36 91
61 44
14 53
37 55
67 83
71 89
64 22
75 68
53 58
74 99
94 22
52 43
40 87
3 43
15 17
22 65
39 1
72 34
