88
15 39
6 34
91 29
33 15
71 28
15 6
54 46
25 19
11 84
0 93
23 58
29 12
10 25
23 62
47 46
89 2
73 17
85 0
43 21
24 26
53 80
77 37
33 97
45 71
81 29
31 19
80 14
0 36
4 6
34 52
14 46
1 13
10 89
24 91
49 44
73 95
65 11
11 3
52 22
95 1
49 14
71 3
29 33
94 13
53 8
39 73
35 48
1 73
42 65
93 21
3 96
40 14
0 99
35 29
20 77
1 63
14 91
44 6
95 48
33 91
92 15
8 66
32 5
13 37
64 91
66 2
20 44
11 75
49 52
14 53
58 16
47 95
11 20
39 2
0 47
1 2
1 20
25 76
3 57
30 1
12 16
67 82
47 85
83 17
23 2
33 34
12 11
12 96
