117
96 95
58 1
50 6
17 85
63 52
3 6
14 15
79 46
69 99
42 91
2 27
39 94
78 22
99 81
1 94
6 38
39 98
80 62
42 63
74 42
54 82
71 9
68 83
31 48
0 88
78 16
97 29
18 77
51 21
12 48
80 56
79 97
12 43
35 8
52 88
12 61
92 26
66 0
21 96
89 1
65 31
16 26
14 65
36 13
68 45
3 74
30 27
11 32
7 80
23 42
25 97
37 71
49 45
78 90
30 22
19 31
69 27
0 13
90 77
21 63
87 17
37 25
49 35
92 91
40 80
99 13
2 71
55 55
55 73
11 3
40 48
47 96
52 40
1 74
28 64
36 77
55 31
35 62
24 80
9 46
28 59
29 42
61 83
63 30
83 8
3 96
40 32
52 6
46 53
65 75
80 36
64 69
68 48
99 63
17 12
83 60
84 70
9 21
79 76
31 17
93 10
0 57
22 89
66 91
69 34
34 27
41 75
33 80
46 10
26 49
83 31
94 49
6 94
93 98
70 69
48 68
97 54
