116
70 64
75 8
41 15
21 55
9 99
14 51
82 15
48 58
73 78
34 7
78 22
57 93
35 64
75 2
50 67
67 50
47 15
17 20
17 56
14 4
53 99
43 44
59 7
58 29
6 18
50 70
33 93
70 2
34 94
92 35
77 55
39 37
24 21
72 70
87 77
76 35
25 97
31 23
34 61
61 14
59 81
94 29
19 35
21 72
43 1
99 0
44 73
49 17
38 26
46 39
1 98
98 49
53 28
62 95
37 47
15 37
17 92
72 27
97 65
59 48
98 39
16 86
82 58
25 36
56 14
66 46
93 72
60 7
29 47
5 84
73 84
90 2
35 75
48 32
27 76
87 72
72 92
67 23
76 98
49 81
62 29
20 77
0 58
32 46
89 13
99 54
79 99
64 64
34 78
99 58
98 80
84 47
11 75
93 95
0 34
64 72
2 88
79 75
1 20
33 89
8 1
15 49
63 53
11 15
91 53
20 11
48 91
52 43
53 35
34 31
0 1
79 65
39 1
94 35
52 56
2 64
