115
0 0
23 77
83 2
77 89
6 47
27 88
22 18
60 13
1 57
79 4
77 61
58 75
52 13
39 79
0 97
16 32
45 95
92 36
39 29
61 84
8 78
31 61
36 14
9 6
57 55
99 70
15 85
8 46
82 93
54 31
73 53
20 56
14 88
39 37
85 4
61 24
48 90
83 75
88 19
74 93
49 27
42 10
30 35
2 76
37 43
51 90
7 20
70 67
17 70
0 17
6 60
64 46
15 1
22 49
97 70
69 8
36 87
48 52
94 46
23 4
21 71
6 82
64 5
66 60
99 8
15 5
79 17
15 23
72 22
67 38
32 80
47 77
62 62
74 31
93 53
14 16
95 99
10 32
24 34
87 99
51 37
16 34
64 83
48 4
80 45
95 84
64 78
29 4
3 90
14 99
60 98
7 64
39 7
42 49
79 98
0 61
94 77
87 38
1 7
65 19
79 66
95 10
56 45
14 48
38 15
30 1
90 52
71 84
0 42
54 98
86 59
29 55
95 0
44 43
44 70
