111
97 72
36 62
7 26
36 80
48 54
98 23
10 40
73 87
55 29
46 93
36 56
5 59
42 99
13 59
28 56
50 53
11 70
2 12
43 58
49 74
81 53
54 45
62 8
34 94
81 16
34 71
38 41
26 66
0 50
83 84
93 97
49 36
81 6
91 38
90 91
65 30
23 14
99 0
13 91
80 22
42 23
28 97
94 60
22 31
3 45
49 30
63 59
34 1
72 27
34 19
27 6
0 7
50 93
93 45
10 47
17 46
47 59
98 43
49 96
21 25
40 47
49 14
62 80
37 5
18 0
65 99
2 42
24 48
66 54
79 2
63 21
58 73
69 82
80 91
54 39
68 67
63 16
40 14
80 68
42 55
7 97
24 42
47 16
80 58
41 72
64 55
1 26
17 16
7 78
39 30
71 99
80 39
61 44
83 59
84 24
55 90
64 40
21 56
95 14
12 16
33 48
25 71
13 84
7 31
28 81
17 99
84 0
48 77
21 60
68 0
2 82
