105
80 1
97 81
59 73
11 5
17 94
16 70
32 96
90 46
44 15
61 95
93 51
23 72
63 1
29 26
3 18
52 13
67 16
53 99
80 56
27 50
73 17
63 89
39 42
8 82
31 56
58 33
90 74
61 47
0 37
56 53
65 31
49 59
38 68
69 46
20 1
75 80
95 67
35 2
3 46
58 18
71 55
11 13
47 97
91 60
29 85
99 18
97 66
30 12
42 23
72 14
51 85
7 42
49 16
94 23
10 47
81 66
86 10
78 15
22 25
94 4
25 8
39 82
24 39
25 3
32 42
22 86
90 1
47 30
36 39
80 36
30 71
83 83
43 46
53 78
48 8
67 98
68 75
40 4
50 36
42 32
77 62
13 28
59 4
16 10
16 19
64 68
14 85
78 88
44 67
66 91
15 27
27 19
9 96
44 62
56 27
64 40
7 27
92 13
21 56
87 28
95 41
28 99
34 17
1 1
7 8
