110
18 26
74 52
92 60
58 76
97 21
65 92
46 88
11 84
85 33
95 83
24 41
55 28
70 26
14 4
32 49
28 6
64 99
18 86
20 34
51 48
45 99
26 85
8 64
95 50
12 52
96 42
70 11
72 70
24 30
34 80
37 76
28 9
50 24
58 46
30 54
23 15
85 8
88 10
1 23
99 28
80 41
40 90
52 82
76 21
22 68
26 29
8 8
42 10
40 67
75 43
88 0
97 66
15 42
89 89
26 51
47 92
99 4
74 69
2 71
59 53
40 39
44 27
56 37
12 98
7 37
66 73
26 0
78 38
70 34
82 17
90 30
0 2
41 3
43 48
35 53
13 62
80 78
55 17
87 95
80 91
33 16
10 23
30 99
66 49
1 41
16 48
81 24
46 62
38 67
87 62
55 2
12 68
99 36
88 54
57 61
62 32
96 12
61 8
73 0
80 48
52 71
47 1
38 20
11 47
63 85
24 4
21 74
48 41
73 97
64 39
