114
49 23
7 17
44 29
98 5
97 58
1 72
44 51
66 57
31 99
99 99
77 89
64 6
13 55
32 77
43 77
76 83
60 22
10 3
24 32
95 83
78 21
82 0
27 69
73 54
12 62
9 20
58 43
19 69
85 23
13 13
65 68
40 11
27 50
1 33
68 59
42 25
64 75
68 54
58 19
30 45
30 54
72 38
44 87
5 6
27 25
5 95
29 80
44 50
97 43
19 7
28 83
86 47
91 27
53 9
5 53
40 56
79 7
5 75
61 83
33 12
8 86
73 75
20 69
51 65
32 61
5 43
27 85
47 8
53 88
64 97
29 14
65 98
5 47
54 70
12 82
82 6
92 38
57 80
33 91
99 72
77 35
81 14
15 96
93 24
84 70
2 89
39 3
91 86
1 3
1 39
15 77
83 50
48 83
39 34
74 1
0 61
24 0
53 63
78 83
58 25
52 48
53 40
24 4
61 7
72 30
81 97
64 26
22 47
89 55
15 17
80 6
61 11
82 61
73 97
