118
71 47
60 37
3 6
20 95
15 7
26 16
57 98
69 90
5 73
60 27
30 84
62 73
1 53
68 97
75 2
74 42
82 0
35 77
99 98
0 97
55 5
47 19
25 0
25 9
83 99
61 52
41 97
72 75
4 57
9 10
50 47
4 52
53 84
92 39
73 16
90 96
4 29
77 18
7 66
71 96
27 30
31 0
33 46
21 81
45 56
39 8
40 62
29 80
46 7
61 4
5 81
50 98
34 28
88 8
22 26
23 98
97 47
86 56
99 93
33 22
43 71
91 22
75 32
42 93
0 91
85 49
66 54
55 44
28 36
17 45
82 11
40 14
48 27
58 59
83 88
11 81
20 77
87 85
46 89
53 69
19 75
83 78
32 14
34 60
57 52
76 65
26 64
54 10
94 55
84 38
72 63
87 70
77 34
98 75
98 84
48 83
44 85
66 91
97 69
18 50
42 35
9 96
19 42
11 38
16 0
88 16
99 25
79 79
33 39
65 0
3 43
37 54
82 52
19 23
28 90
52 38
41 47
3 38
