108
73 81
26 5
37 26
44 49
93 72
21 68
48 15
17 46
0 94
18 23
76 95
2 36
70 70
94 0
6 36
51 68
59 54
48 53
61 81
66 77
86 46
2 13
62 91
39 64
93 44
95 99
55 26
76 76
57 99
23 85
24 59
20 73
92 77
70 28
29 14
33 11
1 70
38 83
8 51
12 82
30 60
15 65
85 32
53 85
45 81
97 8
59 0
70 9
37 79
74 27
49 71
54 15
97 95
14 97
23 45
15 71
27 36
42 34
26 89
35 37
34 69
15 55
51 29
99 33
89 86
94 91
90 96
18 89
43 11
2 77
74 1
9 0
4 22
88 21
53 63
23 1
57 42
7 59
61 39
64 56
73 13
44 96
95 19
80 18
67 94
1 2
79 59
90 68
15 31
65 25
45 56
86 57
37 52
75 36
34 22
87 37
94 24
19 30
49 10
33 32
35 93
56 24
71 43
88 4
98 26
94 53
36 69
78 41
