107
23 4
98 55
63 89
73 35
88 72
41 79
44 93
44 38
17 51
31 31
88 65
28 23
40 61
58 51
25 18
79 83
67 63
25 27
11 37
48 40
71 42
5 69
19 68
78 29
20 42
78 93
83 98
80 53
7 23
39 21
9 51
14 65
66 48
0 66
21 61
64 59
55 1
57 29
62 25
30 63
97 92
58 21
96 78
17 32
2 86
3 5
29 88
61 1
29 97
52 7
73 48
73 57
53 54
39 0
82 69
18 11
11 45
59 15
98 61
87 40
53 1
89 3
31 80
47 24
69 91
44 71
73 70
86 64
75 98
58 75
61 80
74 74
93 87
91 35
46 67
51 90
51 35
49 17
86 20
33 48
70 12
89 80
17 6
76 9
31 41
0 72
11 81
49 10
63 73
63 18
72 78
26 35
70 5
42 53
26 99
34 15
34 79
14 27
58 36
0 83
11 28
75 31
52 47
16 82
34 81
88 6
47 87
