117
4 64
83 3
54 86
50 27
78 43
50 91
44 20
52 97
7 10
32 94
53 7
15 87
2 96
16 95
90 99
85 48
46 41
62 37
25 52
9 1
14 51
99 22
38 18
62 30
2 43
71 42
48 49
0 9
89 93
72 6
96 37
30 98
99 42
28 64
78 22
23 40
27 95
44 26
55 1
91 52
7 80
36 61
11 96
47 70
23 15
51 15
25 70
73 0
4 47
37 44
25 24
94 59
32 4
98 4
70 22
24 0
33 67
73 57
18 66
1 80
23 10
89 10
12 19
55 17
67 92
37 39
31 53
42 90
40 1
88 32
95 28
10 60
58 91
19 72
46 1
16 73
82 18
17 47
26 86
58 2
62 45
79 61
75 91
49 72
38 81
95 78
38 99
88 57
93 71
80 86
98 67
83 15
74 76
63 55
32 79
68 78
45 58
11 90
31 13
68 32
97 13
42 44
56 24
78 91
88 77
63 75
21 78
1 93
47 5
0 49
37 13
23 32
60 81
93 93
9 24
66 94
35 24
