111
59 18
0 51
60 10
28 76
94 85
4 30
12 43
4 94
26 5
83 39
14 49
96 33
13 26
13 35
61 54
40 34
48 47
64 98
9 74
14 97
37 1
59 68
90 46
73 94
50 13
50 22
7 51
43 80
23 56
64 20
83 55
37 67
23 77
0 2
43 64
95 47
15 57
92 94
41 94
74 63
97 28
96 5
89 88
78 97
64 43
73 0
13 89
58 60
83 59
94 4
29 97
79 0
1 62
23 44
6 58
43 77
59 95
7 8
44 94
22 20
31 32
41 18
10 12
65 12
82 7
22 50
73 77
22 4
15 20
84 74
89 3
12 67
22 13
80 18
93 12
88 62
45 54
69 57
46 12
68 76
81 24
67 71
64 26
19 30
65 82
32 15
29 62
82 77
65 91
51 37
51 92
26 81
81 35
17 81
74 14
47 94
28 26
46 62
27 91
74 32
95 64
97 61
49 30
12 75
18 97
0 76
5 90
63 4
68 18
40 11
49 78
