114
36 62
71 29
2 39
87 89
14 13
55 93
20 93
34 92
99 8
11 23
69 95
51 89
94 94
41 88
96 33
53 62
44 38
2 96
99 86
34 60
0 46
30 59
65 1
19 68
12 29
60 78
55 36
6 61
69 44
7 69
27 1
31 17
48 97
38 41
29 38
43 55
2 54
57 54
97 53
45 46
59 45
34 0
17 48
96 48
11 50
97 92
42 77
16 58
77 64
11 43
58 69
29 97
43 4
79 0
16 5
82 5
2 70
88 39
93 19
99 69
73 4
54 55
20 62
91 67
58 9
79 50
80 82
98 63
80 27
61 23
80 91
44 71
82 55
22 34
2 10
79 13
1 20
46 19
95 12
75 98
26 22
21 72
89 14
33 9
8 83
65 16
85 83
57 30
68 30
26 24
86 75
86 29
65 73
0 17
75 20
66 81
63 9
12 9
31 77
64 37
99 77
10 84
60 88
49 12
92 56
16 82
20 27
28 74
62 51
68 64
31 45
78 41
49 5
20 54
