104
44 91
81 30
43 3
22 53
44 84
99 29
44 38
26 87
16 86
1 33
37 8
5 76
46 77
32 23
1 99
16 97
20 33
71 51
92 83
96 10
64 48
99 97
33 42
70 70
57 45
38 41
4 18
87 98
78 95
92 39
1 67
99 81
50 42
50 51
27 58
85 54
11 4
98 2
43 66
7 46
43 11
87 45
59 38
16 67
30 93
66 34
29 79
89 17
52 62
36 47
22 57
8 49
54 16
52 9
88 5
61 30
78 46
93 92
3 55
67 3
23 12
21 42
98 17
79 68
51 24
85 26
22 52
95 3
37 59
89 69
20 82
80 11
75 61
85 74
65 80
66 24
75 36
54 68
29 14
35 27
95 78
58 4
95 32
61 64
70 12
33 66
9 11
66 8
75 84
49 83
95 25
7 86
8 60
28 8
0 83
60 97
80 54
18 70
16 27
59 71
28 28
32 74
26 3
52 31
