109
87 80
90 97
37 24
28 21
60 28
35 8
97 56
88 38
7 37
76 54
97 95
32 5
69 33
4 96
31 58
50 38
38 82
79 37
25 36
31 79
45 78
83 7
82 51
37 92
4 89
41 92
71 17
2 91
78 22
15 57
6 54
83 91
59 91
13 78
18 7
96 39
10 97
21 91
57 1
98 2
1 14
6 65
17 32
96 32
83 68
85 65
60 75
80 87
98 13
80 96
87 1
47 47
46 33
14 71
66 54
50 67
56 52
40 1
54 0
29 65
45 61
3 0
99 62
68 10
73 6
2 28
58 11
3 75
32 65
16 48
28 13
52 77
93 78
74 74
10 16
27 96
20 57
33 48
89 25
56 22
82 41
19 76
51 28
66 81
40 62
66 90
63 18
89 64
51 55
59 60
21 21
95 25
42 53
34 15
28 72
42 16
79 65
31 43
47 39
38 76
24 86
35 31
96 47
55 91
70 25
93 20
36 96
21 53
13 24
