108
34 65
90 42
56 19
18 44
28 76
42 75
88 72
2 11
46 75
52 51
68 50
4 87
24 1
9 83
37 99
20 58
7 58
97 58
96 99
62 76
35 37
76 38
0 55
5 69
3 17
38 48
78 29
78 93
4 98
95 63
81 9
23 56
8 43
18 23
64 75
34 89
3 83
78 86
74 15
14 37
18 53
6 63
81 66
39 14
27 58
38 43
15 4
73 64
91 45
22 73
6 31
67 44
25 8
56 4
62 84
32 43
38 93
80 71
87 22
33 51
93 28
8 24
71 7
54 55
30 97
95 10
86 7
61 5
41 66
97 0
0 31
21 63
40 21
4 65
80 20
82 57
82 2
12 44
31 2
48 27
95 78
24 91
55 69
72 30
88 11
68 60
94 24
47 37
66 17
32 79
51 37
13 93
98 42
59 69
1 45
64 28
70 78
42 7
46 7
40 0
0 83
19 96
7 6
49 21
61 59
89 84
66 3
56 35
