116
34 1
90 33
90 97
16 93
7 90
79 42
56 74
7 99
97 38
9 17
21 46
51 34
41 33
46 84
70 57
34 67
62 83
44 47
2 96
30 11
83 14
4 23
92 90
13 74
99 22
99 86
96 99
27 54
71 24
71 42
37 19
37 83
37 28
22 39
95 45
97 60
93 38
24 30
11 48
43 55
98 0
1 3
25 4
96 30
89 58
90 87
65 33
30 45
36 61
47 61
51 43
82 92
15 4
4 38
17 32
73 64
56 20
74 1
4 68
99 76
0 82
40 8
5 59
28 61
80 62
75 57
59 6
66 63
98 6
82 53
99 69
59 97
54 46
40 1
76 85
12 58
89 12
61 60
70 8
38 49
56 36
68 10
36 42
54 11
61 80
63 44
0 6
65 25
54 4
26 15
29 87
79 36
96 52
88 66
17 79
19 21
49 19
97 13
7 77
72 23
89 73
19 60
27 73
93 82
42 80
65 75
30 96
72 71
1 29
81 28
78 11
87 23
42 64
9 24
80 47
32 92
