110
53 69
24 42
62 35
68 48
39 42
20 38
4 30
85 91
33 38
34 76
48 93
62 92
76 54
4 96
69 97
66 89
8 32
55 61
87 11
16 79
83 25
4 34
23 56
25 20
36 50
81 82
2 91
27 1
44 51
38 96
74 61
4 18
58 83
20 44
69 28
38 59
75 78
64 50
18 7
50 51
71 92
60 55
76 60
78 97
54 51
50 44
96 96
11 89
27 51
76 90
64 15
34 66
6 40
84 42
23 44
43 77
72 3
24 82
91 56
17 61
94 61
80 16
23 28
42 63
33 5
24 66
24 11
65 12
10 21
73 13
77 68
89 76
77 22
94 72
61 69
47 15
0 4
34 45
49 6
3 48
40 12
5 54
98 38
10 62
90 61
36 90
30 83
29 69
66 42
13 54
0 63
0 8
47 37
49 1
32 24
7 77
58 6
56 15
61 75
37 20
55 98
51 21
63 66
95 91
71 36
53 30
82 45
83 83
28 92
2 82
