110
96 40
67 68
41 49
7 81
21 80
90 97
47 7
35 97
48 36
63 89
74 64
85 27
16 77
55 59
33 47
71 31
76 45
81 41
5 3
94 69
77 83
32 23
8 32
48 40
50 95
72 6
96 92
99 51
30 61
55 47
64 4
90 87
5 46
11 41
51 52
22 89
37 87
15 59
58 39
18 55
27 97
53 6
45 57
46 22
79 34
76 99
36 63
95 66
25 42
11 61
64 36
79 0
82 60
71 60
1 80
33 30
2 24
66 27
63 74
31 69
94 52
89 10
11 54
24 48
98 15
30 24
6 17
29 83
89 12
19 8
69 91
79 68
42 92
40 12
63 78
57 92
12 14
58 66
77 79
58 11
19 1
99 0
47 26
98 74
34 38
93 32
61 18
20 41
37 54
78 27
55 25
33 4
2 53
70 23
61 84
83 17
94 26
0 83
19 96
26 10
13 22
26 28
16 27
28 65
91 78
37 77
62 42
88 61
75 15
98 83
