106
35 42
28 67
9 8
28 76
73 53
41 97
4 57
90 90
83 60
92 72
37 81
77 28
28 23
69 24
74 84
66 80
78 45
87 48
97 58
44 22
8 96
25 91
71 24
62 94
92 10
39 37
39 46
76 10
34 96
23 38
31 51
97 51
64 48
96 83
27 29
34 53
88 88
0 30
5 71
49 41
57 54
75 69
18 62
55 65
99 35
22 62
48 90
49 52
10 17
17 32
59 47
83 41
64 70
3 60
28 59
6 86
78 99
40 8
39 27
73 50
9 41
80 18
7 43
61 78
88 62
52 20
34 91
68 10
68 74
40 12
95 21
86 27
98 65
17 95
82 75
72 94
61 9
75 38
15 81
31 77
40 89
81 90
54 27
63 39
88 13
25 9
51 76
3 45
46 80
85 41
67 66
7 79
81 83
12 75
95 27
62 24
58 72
34 72
95 91
63 32
56 90
54 38
74 16
2 18
24 15
13 24
