113
64 78
56 83
31 29
67 34
68 75
46 75
0 87
60 37
51 34
26 78
44 93
80 3
30 48
44 47
0 44
53 89
37 90
13 10
78 45
14 51
44 95
13 37
16 33
7 30
59 68
62 30
30 77
29 63
51 93
7 14
93 56
22 14
73 96
29 93
65 3
57 54
0 66
43 64
50 79
89 95
4 91
60 89
94 27
23 49
62 62
8 45
99 44
2 38
8 54
94 2
43 2
23 33
84 49
15 59
90 62
96 78
43 20
3 5
22 18
2 49
59 22
33 67
24 64
73 48
18 2
87 56
85 40
86 5
80 7
58 16
78 83
10 3
43 70
33 5
93 19
45 34
10 76
59 97
68 17
37 48
73 77
85 60
3 73
12 85
92 84
23 94
67 94
93 76
27 85
8 99
52 13
59 92
31 20
52 52
84 87
99 48
88 2
47 28
47 37
74 21
40 62
13 29
58 61
81 90
26 99
95 98
30 14
30 96
95 64
16 18
56 8
70 80
0 21
