113
33 91
54 22
72 36
20 84
81 48
9 8
92 79
20 38
60 28
14 40
69 40
83 39
96 24
21 0
98 85
16 77
16 22
7 28
17 60
29 34
95 43
6 50
4 87
83 87
14 97
4 96
26 71
55 61
96 99
82 79
27 54
25 36
14 8
2 52
32 71
68 70
96 28
25 75
53 2
1 28
46 27
70 6
44 51
71 99
98 0
31 99
66 11
78 40
72 54
59 91
36 98
57 38
66 50
2 56
30 20
87 54
76 26
0 98
77 64
94 59
83 68
38 45
43 13
50 37
56 50
77 2
38 84
94 6
89 74
52 0
80 16
61 67
18 68
1 82
68 17
40 65
54 64
48 87
67 3
33 62
24 4
91 51
12 69
52 13
98 10
80 93
0 6
82 20
95 69
18 93
79 72
30 85
51 19
40 25
7 22
58 6
53 83
17 17
19 14
65 20
49 3
5 42
68 25
7 6
24 22
43 35
80 54
89 11
37 13
56 99
93 29
3 38
40 75
