99
44 91
64 5
64 69
28 67
37 15
7 99
51 62
74 18
9 17
26 60
40 59
28 94
42 32
85 48
73 92
10 63
83 78
37 90
96 90
96 35
8 96
99 31
8 41
2 98
90 46
37 83
43 7
25 75
41 37
25 20
67 1
35 30
28 46
99 97
29 84
99 51
4 18
23 40
49 4
43 18
12 49
16 83
68 47
11 4
57 56
59 20
3 30
13 16
43 77
55 42
18 2
33 21
77 11
88 69
0 84
73 77
18 25
58 9
89 21
87 88
78 85
10 60
50 23
79 4
19 17
71 55
98 81
54 66
12 69
33 46
70 65
21 90
52 13
19 74
12 7
4 3
28 6
18 47
0 8
28 24
83 88
17 33
5 95
94 97
51 92
65 91
12 0
50 48
61 57
38 37
70 69
13 77
32 99
19 7
22 24
16 54
31 36
56 35
22 97
