106
34 65
82 38
18 44
48 45
64 96
9 72
75 81
49 62
81 78
58 58
35 35
81 87
62 28
53 98
3 88
78 36
99 22
13 37
74 50
53 27
0 73
78 38
20 51
32 80
4 43
2 27
34 71
25 47
10 58
98 0
81 57
10 15
96 94
31 1
52 5
59 47
45 2
77 64
17 59
17 34
96 34
1 80
53 63
11 91
21 13
32 43
66 54
75 2
33 60
8 6
43 70
96 82
74 88
22 4
14 0
69 9
55 74
89 21
44 7
99 62
0 4
98 17
76 78
17 93
16 73
3 57
26 22
40 21
92 4
75 70
52 77
73 8
92 43
26 79
15 79
89 62
69 68
45 86
39 45
88 11
79 72
84 25
53 83
58 79
39 93
89 91
91 76
37 20
6 53
19 87
75 22
95 55
0 19
5 97
49 12
38 30
62 79
79 95
25 94
7 33
67 84
70 16
28 65
95 48
52 31
53 60
