113
52 40
73 17
81 85
90 33
54 13
90 97
18 26
34 19
24 51
56 19
34 28
92 79
22 90
39 51
94 30
21 46
83 39
27 43
2 96
81 96
7 37
37 72
14 33
51 91
41 90
99 22
8 96
0 37
30 59
56 96
22 94
5 23
34 53
16 26
20 17
48 51
98 0
7 44
60 89
16 56
59 36
50 33
32 27
2 29
99 44
38 25
52 5
43 66
84 57
1 60
85 29
42 95
45 57
45 2
75 46
3 5
4 68
80 14
80 87
36 93
1 80
77 57
36 65
66 45
52 0
75 2
99 78
91 49
86 71
70 8
58 73
64 31
98 63
19 8
19 72
62 52
82 0
79 68
48 62
71 64
66 22
31 0
22 61
67 78
61 80
52 77
33 73
30 37
82 75
40 14
12 62
12 80
53 81
58 13
19 12
19 76
76 82
80 43
21 76
18 86
26 99
50 66
53 28
62 58
8 87
4 53
67 2
70 53
95 82
34 8
12 41
0 21
69 38
