110
25 23
71 29
59 73
14 13
74 9
40 41
2 2
92 88
35 8
66 87
27 34
21 0
27 43
21 9
13 90
81 23
62 92
76 54
20 95
34 94
41 17
9 28
41 44
91 66
48 95
14 72
23 84
78 29
23 93
48 58
28 89
60 87
55 45
90 30
71 44
69 10
28 18
58 19
37 85
89 40
78 58
37 60
97 83
57 1
23 33
49 52
67 97
61 26
73 0
4 47
93 97
31 67
34 75
4 13
96 80
16 5
87 1
1 80
75 39
84 90
47 22
62 59
9 96
73 77
6 17
2 99
94 63
93 12
82 55
5 27
65 78
33 89
22 52
76 87
2 28
54 11
61 16
47 81
46 67
91 44
76 25
22 54
11 42
48 91
31 20
0 8
0 17
99 84
47 46
63 64
32 24
15 81
3 61
12 64
39 93
42 7
5 42
61 41
49 30
16 27
95 27
33 43
26 37
53 94
28 74
83 74
56 35
0 76
49 5
68 73
