114
86 72
62 81
26 39
34 83
42 66
23 25
39 51
37 88
68 66
50 54
82 22
37 63
70 75
73 46
82 58
43 5
0 16
92 35
97 67
16 97
11 46
2 52
37 28
57 61
60 96
80 44
59 43
64 2
42 36
24 94
53 75
46 45
78 95
18 53
1 67
42 20
86 10
99 53
57 1
98 2
92 32
78 42
67 51
4 47
55 49
28 96
91 54
24 55
43 13
53 45
98 22
73 57
32 43
32 52
46 51
84 35
85 67
55 81
18 41
24 2
99 78
51 31
45 70
2 99
70 8
27 85
98 81
63 5
84 3
74 99
3 11
3 75
73 36
18 45
33 9
30 19
46 3
60 29
31 57
84 78
58 59
67 16
28 70
11 63
46 60
49 74
49 19
68 32
21 67
12 73
38 37
89 27
39 93
9 4
42 71
82 52
30 23
14 91
5 33
40 0
63 75
16 82
16 27
70 71
17 10
53 94
28 74
14 20
56 35
30 25
74 25
9 24
74 89
60 44
