110
55 20
91 34
92 88
4 30
9 90
44 20
99 93
62 92
2 50
34 94
51 73
65 72
26 62
90 19
61 47
55 61
99 40
85 50
51 57
71 42
34 87
48 58
59 34
44 24
64 2
36 50
76 95
85 43
48 88
22 14
20 81
98 0
55 29
90 69
41 94
91 52
17 48
2 29
25 95
66 50
95 95
24 53
57 1
52 78
45 39
18 0
76 17
96 32
16 76
11 34
84 24
37 71
4 77
10 1
33 3
79 0
36 38
39 55
73 2
18 66
45 50
73 66
30 58
67 28
78 28
78 37
8 15
35 66
87 49
89 67
84 83
94 63
23 76
94 72
47 15
96 11
79 4
65 69
98 81
56 54
9 52
75 61
93 5
33 0
61 16
47 81
44 9
90 79
40 23
55 69
75 20
68 14
51 92
51 37
12 64
95 25
80 79
19 5
59 23
56 88
83 17
75 86
21 60
15 83
26 28
16 27
9 70
46 73
28 37
29 11
