201
25 23
42 39
4 0
71 20
90 33
71 29
90 97
90 42
76 43
16 93
30 0
1 49
7 99
29 32
34 83
20 20
19 0
54 95
56 37
21 37
93 86
6 48
51 16
23 98
0 78
50 91
27 34
13 81
99 29
78 61
13 35
76 36
0 44
33 56
62 37
37 72
92 72
54 88
31 86
86 95
11 16
5 30
37 99
21 48
97 58
99 22
25 18
99 86
17 44
42 43
16 88
2 34
34 14
2 98
76 47
7 94
30 59
57 43
47 75
5 69
19 68
56 32
22 94
48 58
92 92
64 57
21 4
71 17
55 8
0 94
85 43
30 52
44 51
71 44
14 74
2 54
98 0
61 15
92 30
6 54
15 2
35 78
78 58
33 35
85 36
50 51
61 51
54 67
99 44
48 35
99 53
14 67
30 63
57 1
67 88
4 84
49 61
16 58
50 99
27 42
37 44
65 26
16 21
99 37
16 30
76 99
66 98
71 39
3 14
16 51
79 0
44 67
84 51
43 77
82 60
99 76
73 2
85 31
30 95
29 8
14 7
46 42
77 75
33 5
25 56
93 19
85 88
0 29
91 49
19 42
71 80
77 4
84 74
20 16
86 16
4 63
7 34
42 1
80 82
44 7
93 76
98 72
98 17
82 0
1 20
63 60
49 6
63 5
68 74
1 84
86 9
40 21
6 19
66 58
0 6
0 70
19 83
82 66
49 72
21 65
58 59
21 74
32 49
89 16
70 12
72 94
44 57
56 22
28 70
28 79
36 92
74 21
49 1
51 28
57 78
5 40
63 73
58 52
35 29
81 81
79 29
93 9
47 21
37 20
42 71
5 79
65 20
65 93
61 41
40 18
77 67
49 85
62 79
93 57
93 2
98 62
20 27
68 64
57 73
57 18
43 28
