116
99 36
20 20
53 87
93 4
29 32
8 64
64 96
92 88
29 59
22 53
41 42
85 48
53 34
5 67
92 81
34 94
4 87
14 33
23 45
4 96
99 86
2 25
8 41
34 60
48 95
17 16
23 84
3 81
17 80
38 48
48 58
4 43
97 60
35 21
96 92
64 75
99 42
2 36
43 0
98 0
15 57
15 2
25 77
33 99
63 24
75 62
52 5
98 57
55 40
59 38
64 52
44 28
83 50
77 64
53 79
22 73
92 62
38 36
84 33
66 61
83 77
29 51
79 0
90 64
98 22
83 34
23 1
49 20
8 49
52 0
78 83
10 12
4 97
82 62
90 20
76 85
48 14
62 68
51 58
3 18
18 98
80 27
30 8
24 59
52 20
54 11
3 11
69 11
61 7
93 87
53 51
68 67
26 15
35 27
49 26
31 75
34 13
61 82
88 11
47 92
0 8
41 63
82 98
42 7
56 88
89 48
13 22
32 90
81 19
38 85
95 18
70 71
59 80
77 97
46 73
69 38
