117
26 30
32 46
35 97
7 35
88 63
9 72
19 82
9 26
28 94
0 87
46 84
18 10
99 38
81 96
16 40
62 37
51 0
37 17
53 98
28 23
51 27
4 96
38 64
70 50
59 59
27 54
2 34
62 85
62 94
37 83
20 97
49 48
80 35
7 51
81 64
42 45
76 95
76 40
56 71
25 47
34 25
43 55
78 22
23 40
1 67
78 49
18 7
42 93
16 74
53 4
11 32
14 21
6 56
87 54
73 0
73 64
64 6
2 49
66 61
38 54
10 10
73 57
55 51
34 50
3 7
52 55
80 16
87 49
65 12
37 39
46 17
82 80
31 16
3 82
61 69
42 1
52 20
24 68
98 17
11 77
66 22
31 0
12 69
87 90
61 16
88 73
94 31
65 80
73 8
38 8
21 56
82 20
21 1
83 40
95 14
23 16
67 71
28 6
42 69
45 40
82 68
53 83
14 91
68 89
87 5
68 98
59 7
95 91
26 37
28 65
70 80
56 35
22 33
28 83
94 83
66 30
94 46
