110
78 59
15 85
59 9
90 42
63 25
8 0
28 12
56 92
88 72
9 35
55 50
41 42
32 39
99 29
16 77
99 38
57 41
92 72
6 41
97 95
75 74
40 52
67 45
56 5
63 20
0 9
85 22
85 86
4 34
83 98
42 91
2 91
16 99
69 19
27 86
95 1
39 78
16 92
71 37
29 31
85 63
14 21
97 55
99 74
13 71
1 23
30 93
45 57
17 50
30 56
55 24
23 90
47 29
7 57
48 67
3 53
56 68
94 6
52 64
7 96
72 51
98 15
24 11
50 94
18 68
64 65
22 4
78 67
5 61
80 9
47 79
73 43
36 97
0 77
38 6
85 35
75 52
33 46
42 58
17 22
79 6
93 87
91 53
46 39
7 20
79 36
67 16
25 53
42 14
30 76
94 24
19 85
19 30
32 79
32 24
85 39
95 80
53 10
61 75
42 7
70 23
39 56
40 73
49 21
43 99
70 89
56 35
69 93
13 15
33 27
