97
79 88
54 31
56 92
80 40
42 96
62 83
54 24
76 54
37 81
37 90
76 72
75 19
37 99
58 97
55 43
7 67
25 36
81 98
9 3
31 33
95 36
40 54
46 70
4 98
78 47
75 30
13 76
23 56
64 2
91 50
55 8
27 65
12 13
23 86
94 57
85 54
20 92
98 2
54 51
66 43
66 52
15 43
68 58
43 77
16 78
84 17
23 65
75 2
80 80
38 56
52 57
93 12
33 7
19 17
49 6
26 22
40 21
68 37
4 10
87 90
42 67
52 77
65 7
2 3
79 6
33 18
5 20
95 78
58 59
33 39
60 1
70 67
72 94
70 21
89 34
45 31
28 79
82 59
45 40
38 1
49 10
65 91
68 32
89 27
21 51
63 66
51 94
46 25
14 54
3 54
26 46
93 20
60 26
28 92
94 92
35 15
60 44
