97
53 5
9 63
74 64
92 24
9 72
29 4
90 17
13 26
4 57
13 90
99 38
74 48
88 47
93 61
11 53
4 87
48 65
97 58
6 13
8 96
16 97
57 98
83 71
18 51
27 29
27 93
2 27
16 26
71 35
69 83
59 27
1 67
96 30
50 97
2 20
99 44
94 2
15 59
87 54
28 50
54 23
80 5
29 88
17 68
79 55
12 99
24 64
82 60
81 15
8 95
16 78
65 37
20 87
73 50
11 20
62 68
94 8
89 76
98 8
1 2
98 72
65 14
63 5
20 9
76 96
86 9
66 95
86 82
30 74
25 14
51 90
81 24
23 71
70 3
21 83
26 97
58 13
53 81
59 76
99 57
19 21
75 84
85 39
59 51
67 64
95 80
76 20
15 1
0 83
60 97
68 89
16 18
79 31
28 10
28 19
74 25
60 44
