114
17 67
34 83
20 29
16 47
29 41
46 57
20 38
37 33
50 27
80 95
74 91
83 39
69 40
42 32
75 99
4 57
88 93
99 38
55 68
73 37
2 50
17 14
83 14
26 7
86 3
99 22
69 51
61 47
82 79
44 40
30 50
2 43
30 4
34 87
60 87
92 37
5 96
60 96
36 41
64 2
28 55
20 81
49 4
26 75
71 83
11 96
4 20
61 81
6 1
73 55
59 38
59 47
25 24
57 31
3 5
98 4
38 54
55 97
90 64
87 47
41 89
87 56
7 11
36 47
64 8
31 69
6 79
97 78
75 57
3 80
52 64
50 12
10 21
85 88
3 0
86 16
94 63
58 9
60 61
19 8
75 77
98 8
5 27
82 9
12 69
80 84
99 18
46 67
66 79
35 27
43 40
72 30
34 13
42 60
70 21
79 63
63 18
49 83
38 83
88 41
98 51
26 99
87 30
56 24
28 26
51 76
29 18
51 48
64 67
7 88
23 32
12 32
94 92
13 15
