113
78 59
71 20
30 46
76 43
87 89
65 52
56 83
97 10
70 2
46 41
37 72
99 56
39 35
77 19
45 30
12 36
99 86
7 76
25 27
61 56
85 50
71 97
14 72
84 36
46 61
97 42
0 94
99 51
30 61
76 67
18 62
50 97
99 26
31 1
53 68
11 32
57 38
2 47
26 41
38 43
43 11
96 78
6 1
99 19
83 41
45 2
22 73
85 1
0 61
20 94
99 3
84 51
82 5
27 99
31 69
36 65
3 62
3 7
92 64
15 91
52 0
15 54
25 56
22 41
39 57
85 24
63 58
45 52
31 7
45 70
3 18
6 99
67 85
38 49
52 11
98 72
91 33
51 24
75 34
67 5
88 9
82 66
32 22
82 75
2 85
70 58
59 67
64 99
28 79
94 24
51 83
1 27
52 45
67 9
77 74
21 21
7 22
7 40
54 91
47 94
10 84
22 58
92 56
35 86
95 27
84 91
70 89
28 83
56 99
69 38
66 30
60 44
35 24
