111
44 91
87 16
58 65
45 28
0 60
99 72
51 25
14 40
98 21
61 36
46 84
61 45
99 29
95 77
70 57
2 32
1 97
2 50
19 66
92 72
35 1
75 28
97 58
35 74
96 35
64 64
96 99
21 75
18 85
9 49
73 94
62 94
9 3
97 60
96 92
25 29
44 42
98 43
16 35
25 47
19 61
78 86
59 27
2 93
51 52
66 50
29 95
33 65
84 49
78 42
61 44
45 2
64 70
29 15
34 11
22 9
30 56
5 66
61 1
11 61
20 94
29 51
44 12
59 95
16 5
15 70
73 66
73 11
92 46
52 0
75 2
98 6
79 57
36 31
87 58
76 85
9 32
31 71
87 97
36 42
65 78
75 43
53 15
4 65
30 1
6 46
61 80
65 80
87 10
81 24
78 71
12 80
56 22
28 24
47 37
5 95
75 38
26 81
81 81
15 99
5 15
60 88
51 85
62 15
90 31
52 56
34 17
34 81
19 25
74 25
51 41
