87
16 84
27 59
61 70
91 16
58 95
96 24
76 36
85 48
10 54
37 81
37 26
12 91
58 88
61 29
13 83
62 12
2 34
62 94
29 45
48 58
50 40
42 91
19 98
96 46
27 1
37 3
64 84
82 99
46 54
84 38
4 82
95 65
96 39
76 97
83 57
94 2
2 56
15 50
44 83
27 97
17 41
27 51
80 5
61 1
16 60
18 2
87 1
3 7
97 32
24 11
85 24
17 36
54 0
82 16
73 13
86 71
94 54
3 73
94 8
75 59
47 24
5 27
19 26
26 22
57 37
72 83
30 65
12 44
28 6
28 15
47 92
93 25
5 95
66 26
93 73
47 85
25 73
40 18
55 73
95 91
56 26
53 94
17 74
27 84
30 80
28 92
28 37
