116
21 71
82 29
36 71
62 90
36 80
82 47
11 60
11 23
9 90
41 33
44 84
49 16
7 74
2 41
39 35
28 14
56 30
94 23
78 45
14 51
79 74
99 86
71 15
8 96
1 35
2 89
25 36
62 39
94 71
47 84
92 37
97 51
89 1
71 26
61 58
64 84
29 84
23 86
60 16
60 25
19 45
27 58
16 92
29 22
68 38
97 19
4 20
40 49
43 11
30 29
15 77
30 93
96 41
9 37
45 2
66 98
3 60
43 41
69 5
75 0
79 55
84 51
54 53
56 50
79 91
77 11
52 0
33 51
61 67
18 4
58 9
24 50
44 16
26 65
1 75
2 83
75 98
3 11
36 8
58 75
33 0
42 67
63 53
85 83
97 57
71 84
95 14
72 76
70 58
70 67
10 46
80 22
83 15
47 92
93 89
12 0
62 22
61 2
72 41
46 62
86 61
29 73
33 98
53 21
56 72
42 55
0 49
28 65
88 6
14 20
56 35
93 29
51 78
46 18
35 15
60 99
