111
81 76
44 36
70 55
90 97
67 77
73 26
37 6
42 57
34 83
20 93
28 85
41 15
0 23
74 91
7 1
41 97
96 97
13 90
1 33
15 32
13 44
2 96
79 99
34 76
88 56
29 34
5 85
92 90
69 33
11 80
99 86
79 83
30 41
46 61
60 78
21 4
64 57
87 4
22 60
36 34
50 51
56 64
8 54
0 50
20 28
83 84
55 95
1 14
89 51
73 0
48 19
62 18
28 50
17 59
3 5
56 84
84 42
98 13
99 76
73 57
1 80
31 60
14 53
75 48
38 29
94 70
61 67
30 15
36 40
45 52
36 49
2 99
3 64
18 98
43 72
68 19
31 64
66 49
34 20
30 65
88 9
19 74
82 57
56 56
51 35
26 79
7 20
12 16
47 92
83 79
42 87
82 13
26 8
80 43
72 23
70 5
89 27
9 68
93 36
51 85
7 70
86 70
16 18
95 82
67 75
87 23
51 5
28 74
85 34
60 99
74 98
