106
25 23
89 4
16 84
2 39
74 55
47 89
92 24
23 98
74 82
80 40
46 20
95 4
99 93
34 76
4 23
37 90
92 90
68 68
58 88
83 32
36 48
8 96
99 31
8 41
41 10
96 10
51 20
23 56
26 73
50 40
36 50
2 91
16 90
27 1
44 51
31 81
30 61
9 60
2 54
76 67
31 44
87 98
16 56
81 11
16 74
94 48
79 96
76 97
85 54
67 88
7 55
80 69
66 61
79 55
10 10
18 75
33 5
34 34
54 46
27 37
66 38
80 64
60 6
55 74
84 92
41 2
78 85
47 15
99 62
24 4
5 27
51 24
94 38
45 63
94 56
13 34
70 1
86 18
94 65
75 6
23 87
50 80
26 15
31 20
96 79
19 21
94 97
63 73
54 70
86 68
89 82
39 93
70 23
94 17
66 19
22 49
38 67
74 32
72 16
68 98
49 30
88 52
53 94
37 86
46 73
32 92
