109
48 36
7 99
56 83
92 33
18 19
34 21
40 34
82 49
93 24
4 23
58 24
9 83
59 32
42 25
40 70
36 48
41 99
13 28
19 41
70 59
0 37
92 10
68 52
20 42
78 29
23 38
4 43
70 52
56 7
30 52
30 6
78 86
23 95
37 94
4 91
92 39
1 67
32 27
58 46
18 62
96 94
44 35
96 48
67 24
88 19
54 51
76 35
43 50
61 74
98 68
55 97
62 84
93 62
94 70
29 44
38 56
7 50
40 1
40 10
51 95
66 38
45 70
77 13
3 73
70 8
98 8
89 94
70 99
68 74
22 52
95 3
84 12
3 57
80 2
15 95
27 69
63 7
82 20
84 5
54 68
77 72
61 55
86 84
29 96
42 60
67 89
79 54
34 86
68 69
32 79
31 13
81 90
96 54
82 43
37 20
42 16
47 94
60 88
49 12
13 77
65 93
7 6
84 73
24 86
38 85
32 35
49 30
16 18
76 86
