113
26 85
42 48
45 74
54 22
56 83
39 97
82 47
48 54
6 48
31 47
66 32
13 26
80 58
64 71
25 34
22 10
81 96
25 43
88 47
9 56
56 30
61 20
4 87
80 33
96 90
32 32
25 18
13 92
99 95
20 79
28 62
40 36
31 97
76 10
4 98
89 1
8 34
99 33
71 26
14 65
74 61
56 89
43 55
13 51
20 44
72 45
59 36
49 68
1 12
7 71
27 49
96 48
47 6
11 41
71 92
66 50
92 87
35 62
18 0
95 67
33 83
47 45
90 16
62 9
79 25
18 73
85 38
31 67
61 1
75 0
97 30
66 61
96 7
13 55
24 64
15 6
33 5
24 2
33 23
73 77
86 71
91 67
40 28
80 9
89 21
80 18
42 1
78 85
93 76
63 51
98 81
65 78
82 73
82 2
17 31
93 32
25 78
4 76
42 69
70 85
51 37
95 16
94 60
56 15
64 46
0 19
12 11
27 57
5 17
37 86
75 15
19 25
11 30
