108
33 91
7 17
34 10
34 83
64 41
0 14
6 48
7 1
38 16
41 33
15 14
51 98
99 93
2 96
81 96
90 44
46 41
30 66
56 94
4 32
9 83
37 99
55 43
16 70
96 99
95 79
99 31
8 41
43 7
58 26
13 21
71 90
16 99
20 81
57 54
20 99
23 95
40 56
92 39
21 52
69 46
64 4
5 73
60 18
15 59
96 23
77 64
71 94
85 1
75 18
44 30
91 1
56 68
94 15
52 73
84 53
80 34
40 1
40 65
3 0
67 3
98 17
5 27
63 60
17 38
10 32
66 31
32 38
26 86
99 55
18 45
88 64
33 73
65 80
54 59
68 76
51 35
82 20
54 68
4 3
28 6
28 24
19 21
71 4
79 72
63 55
19 30
75 29
65 91
21 3
32 42
70 60
21 21
53 19
1 63
47 94
51 76
78 48
35 31
67 11
67 75
89 75
7 88
37 77
49 51
40 48
74 80
7 8
