103
16 29
42 57
37 24
54 49
23 98
14 95
67 43
38 71
44 29
42 96
50 63
91 64
23 27
20 40
31 40
92 35
92 99
55 43
32 32
13 83
10 29
96 99
7 76
88 31
13 37
30 59
76 56
48 49
66 9
28 89
87 41
92 92
6 52
51 20
6 61
72 61
50 40
0 30
55 63
36 77
52 85
41 39
36 61
10 51
2 47
98 57
58 21
44 65
78 97
15 4
78 42
21 54
94 41
66 34
38 45
59 77
40 51
84 51
79 0
12 99
98 13
7 66
70 49
17 43
40 8
6 15
89 10
80 7
85 67
23 83
64 93
55 35
11 11
77 22
44 16
8 81
62 61
82 18
91 51
54 66
70 1
69 66
80 75
30 10
82 75
70 58
71 41
61 82
74 76
0 90
81 90
24 47
65 75
49 3
43 81
66 83
73 15
95 82
95 27
22 79
19 62
60 99
14 56
