109
95 84
48 36
71 38
39 97
51 7
95 59
76 36
2 32
81 96
90 44
16 40
37 8
37 72
23 27
44 77
42 25
16 88
16 33
54 17
22 12
30 59
62 39
78 29
4 98
69 44
99 33
86 17
38 32
95 29
97 53
17 48
2 47
84 95
75 89
73 55
91 36
8 93
44 92
99 92
25 42
22 73
22 18
52 53
59 86
30 86
94 43
12 1
36 65
92 18
52 64
52 73
33 14
15 63
30 79
87 58
82 7
73 77
57 35
67 3
11 47
75 50
3 18
52 2
78 21
93 12
93 76
59 90
76 69
82 0
73 70
58 66
87 81
96 4
82 66
3 59
67 71
12 16
53 81
56 22
70 21
99 11
31 50
45 58
21 3
40 16
16 25
12 73
47 21
19 69
28 17
0 65
5 79
38 58
19 96
68 89
80 54
35 95
4 7
7 88
21 87
58 72
34 81
46 46
40 39
47 87
23 32
56 99
28 28
31 45
