113
42 39
7 17
85 0
92 79
27 34
61 36
90 17
44 84
13 35
81 96
72 93
13 65
37 99
46 77
11 37
4 89
6 52
49 2
43 25
25 84
90 85
13 30
22 69
63 22
39 85
99 51
2 45
76 67
4 82
50 79
58 92
58 46
50 97
29 13
22 7
27 58
66 41
30 54
1 14
36 45
54 60
27 51
99 46
29 33
97 85
84 33
48 46
85 65
13 55
10 1
82 5
54 53
82 14
96 98
55 60
94 43
52 0
58 16
96 0
1 73
76 76
22 50
68 17
75 41
3 0
67 3
91 3
58 64
42 1
10 69
39 59
8 44
60 54
92 68
33 64
98 10
59 37
10 25
98 31
29 23
70 58
36 10
88 57
61 82
99 66
56 31
19 85
65 91
11 99
35 84
24 93
13 93
21 21
53 74
86 22
26 99
39 93
61 75
46 7
40 64
15 10
49 21
35 31
81 28
21 78
70 25
28 74
47 32
83 19
56 99
28 37
35 79
7 8
