112
16 84
19 55
74 34
41 86
54 40
2 66
4 30
12 98
32 85
96 88
25 25
13 90
35 99
34 12
16 40
34 21
20 31
97 95
37 35
78 36
83 96
91 57
28 53
50 13
57 61
49 2
42 18
86 60
52 46
55 8
59 61
66 48
14 74
93 74
57 54
43 0
92 39
26 84
94 48
38 43
90 7
16 3
73 0
61 99
36 54
24 46
10 65
84 51
25 63
19 77
44 76
1 80
31 69
22 20
40 90
69 7
4 15
33 5
6 51
98 70
11 11
46 90
91 67
87 24
96 2
80 27
52 75
76 5
19 17
82 0
5 27
39 68
24 70
18 63
27 96
46 67
3 50
51 99
9 45
6 30
42 60
28 6
93 16
74 76
65 82
65 91
75 93
40 25
95 25
7 22
67 73
56 15
70 14
9 4
79 65
83 81
23 39
60 88
0 83
19 96
66 28
51 39
4 62
90 31
73 79
35 40
93 11
30 7
0 58
9 79
65 22
12 50
