111
95 84
7 99
56 92
28 30
65 79
14 49
24 81
27 43
25 25
99 38
44 47
28 14
23 27
92 35
9 28
23 45
87 57
50 38
99 31
72 77
19 41
48 86
71 51
96 10
78 38
41 37
64 2
8 43
0 39
62 96
78 95
36 34
23 49
6 63
91 43
96 94
8 91
91 52
57 29
25 95
22 71
11 4
15 4
6 1
18 55
17 32
36 63
75 46
85 1
43 68
1 16
73 66
45 4
39 82
49 93
69 16
80 80
26 63
78 46
1 73
51 31
80 27
87 97
47 24
13 59
41 20
82 9
3 48
68 83
21 63
86 73
20 18
86 18
42 58
36 99
40 5
21 1
2 30
2 94
3 59
50 64
75 63
56 22
11 63
65 64
10 18
63 9
68 96
95 80
7 77
7 86
21 85
73 31
30 5
79 1
46 53
83 17
58 36
65 84
17 99
67 48
61 50
89 66
73 24
59 71
7 33
53 94
19 16
56 44
14 38
69 38
