108
79 24
53 69
72 82
16 29
90 97
54 31
48 45
94 76
97 47
37 97
83 94
32 30
13 81
9 99
21 64
98 85
19 39
25 34
54 15
33 47
40 34
92 17
53 98
81 62
80 51
8 41
39 74
2 34
7 30
17 80
92 37
6 61
84 63
25 11
21 59
22 5
62 87
99 51
23 95
80 46
50 51
94 48
74 8
60 82
4 93
6 1
55 58
2 86
24 0
13 64
98 13
45 4
66 36
68 33
5 59
60 4
75 2
76 76
64 56
20 53
34 52
53 1
38 86
67 67
66 47
3 9
24 50
38 49
61 14
18 98
51 24
31 82
3 75
17 13
93 32
77 45
82 20
67 7
70 58
77 17
89 34
28 15
27 25
64 53
65 82
46 78
57 87
68 96
86 77
21 76
62 22
37 20
88 68
42 80
93 27
46 71
68 16
74 32
3 45
60 97
31 70
70 62
12 75
28 65
14 20
40 57
46 18
51 96
