107
69 56
35 88
69 1
58 65
76 43
7 90
67 77
27 4
17 67
58 31
97 47
74 27
25 52
34 30
97 40
24 1
49 9
10 20
13 28
99 95
11 37
30 59
71 42
60 69
6 52
18 51
41 92
33 97
11 48
99 51
38 96
84 93
21 89
92 30
23 40
70 91
45 46
37 60
74 63
20 37
10 8
55 40
6 1
67 42
52 32
45 2
83 50
3 60
3 5
61 1
9 64
87 1
83 34
57 15
94 6
32 52
94 15
16 53
72 60
24 75
97 62
12 67
14 73
94 72
47 24
54 48
82 64
54 66
26 22
55 76
33 64
44 9
24 6
92 98
32 22
75 91
87 19
23 80
89 89
70 21
32 79
46 78
60 49
1 27
95 25
7 86
97 86
90 47
39 38
65 57
22 95
86 43
0 19
0 83
60 97
16 18
51 48
62 15
34 8
64 21
44 61
0 58
56 90
83 74
74 71
0 76
66 30
