105
52 49
4 9
70 9
23 25
28 30
79 90
24 35
81 96
47 27
56 94
47 91
38 55
98 87
41 99
61 47
96 99
65 38
48 31
75 67
15 46
18 51
98 80
69 53
7 23
63 22
84 38
66 84
31 1
36 61
66 41
85 54
94 2
97 46
85 38
16 85
92 7
84 88
75 73
90 73
35 82
57 15
57 79
30 40
0 91
75 39
92 55
17 61
52 0
12 83
98 61
41 18
98 70
19 15
25 65
10 76
35 75
25 74
18 68
31 7
45 70
12 12
31 89
1 48
41 11
33 62
98 8
24 4
27 94
17 93
39 68
74 53
40 85
75 6
80 20
61 71
19 65
32 22
49 17
57 30
4 67
60 65
89 16
77 81
78 25
79 63
19 30
51 83
5 40
65 91
26 81
81 81
95 25
34 15
52 63
39 29
88 59
40 46
5 97
49 12
60 97
89 48
13 22
75 49
52 56
14 38
