110
66 39
21 71
44 36
26 85
79 42
33 54
53 87
36 71
42 66
9 63
60 74
73 53
74 27
74 91
75 35
26 14
26 78
35 90
25 34
2 96
42 68
0 62
83 78
14 33
9 83
37 99
68 77
43 32
96 99
2 25
71 24
37 1
85 50
17 80
92 83
94 25
89 93
49 11
89 65
0 39
39 85
66 48
43 0
12 86
38 50
84 38
87 34
85 79
15 57
99 17
34 64
94 48
53 77
94 2
83 11
11 4
48 53
70 20
90 62
4 47
99 83
30 38
52 53
96 62
43 77
82 60
18 66
40 8
66 91
30 58
22 20
33 5
57 26
3 18
75 4
33 53
59 90
68 10
81 74
90 86
39 22
1 4
68 3
0 70
65 25
63 7
51 35
71 84
52 43
53 17
77 81
75 63
60 40
80 52
7 77
13 47
82 98
89 27
11 19
53 67
67 66
58 63
79 95
53 21
70 71
7 33
20 27
22 42
26 67
11 94
