99
32 37
84 75
58 56
25 23
34 65
35 51
7 99
19 82
23 43
28 94
41 88
78 61
10 36
87 18
29 34
37 81
82 58
20 58
72 59
55 70
36 20
37 74
63 38
84 36
39 46
50 13
51 75
6 52
49 2
20 51
69 44
70 43
44 33
16 26
73 78
71 90
38 32
11 66
1 67
76 24
99 53
59 47
64 15
46 40
58 32
63 1
25 90
43 61
84 44
64 38
79 20
17 36
54 64
22 68
3 0
63 30
23 30
78 30
70 26
24 4
52 75
33 7
81 56
44 16
65 69
85 26
68 83
26 79
40 23
12 16
12 80
28 6
28 70
47 92
19 21
79 72
8 30
91 46
67 55
66 44
21 76
58 61
70 69
54 27
33 59
83 81
68 62
63 66
7 70
62 24
91 69
19 62
31 27
59 80
28 74
74 16
38 60
49 60
40 57
