112
72 73
70 0
71 29
81 94
36 71
48 45
63 98
20 93
83 12
92 24
67 98
50 91
32 85
41 97
32 39
99 38
2 32
54 15
97 31
92 35
55 43
98 78
7 3
96 99
7 21
27 54
18 30
20 15
31 15
37 10
83 71
5 87
12 47
64 48
70 43
25 84
16 26
39 30
93 74
78 22
84 38
78 86
92 85
57 18
18 7
53 59
11 4
44 74
45 2
3 51
42 49
84 88
11 61
58 23
86 48
42 24
98 22
1 16
73 2
87 1
56 50
18 66
45 59
77 66
91 65
22 75
75 57
80 80
89 28
43 6
88 5
98 15
3 73
98 17
68 19
40 67
2 37
84 85
70 65
18 45
62 63
12 71
16 96
64 26
88 57
47 28
83 15
19 30
32 24
4 42
49 19
40 16
7 77
26 99
28 8
0 56
54 36
9 68
45 33
82 6
74 32
95 0
83 53
68 34
55 64
49 94
58 8
26 46
70 80
5 17
11 85
72 9
