110
35 88
72 18
35 97
15 94
90 97
69 95
29 4
0 87
11 87
84 4
42 32
56 67
9 1
69 24
78 36
31 49
97 49
42 25
96 35
50 47
44 40
99 40
37 1
44 49
82 33
63 84
73 85
29 91
72 43
41 83
78 47
97 60
89 1
22 60
2 45
2 54
66 57
76 67
98 0
18 7
71 10
25 77
7 71
58 21
78 88
6 65
18 64
99 83
88 37
64 15
17 50
36 63
3 60
24 46
52 7
13 64
45 4
6 15
17 61
78 10
75 2
23 37
64 38
35 66
73 50
87 49
24 11
44 23
3 0
61 5
93 76
82 55
36 42
63 60
91 60
77 70
35 34
23 78
6 37
80 84
47 26
74 74
0 70
93 32
38 8
9 45
40 78
92 70
77 81
52 61
87 92
42 69
88 11
74 21
19 85
88 20
49 83
15 90
89 18
56 15
14 36
74 32
63 75
95 91
34 81
54 93
28 19
28 28
13 15
13 79
