108
16 84
21 80
90 97
9 63
34 28
5 74
23 98
55 50
43 30
96 33
41 97
80 3
79 53
9 1
37 17
58 15
4 23
75 74
9 28
14 42
41 90
51 36
99 86
96 99
25 27
64 91
50 95
26 73
64 2
25 29
28 55
57 36
99 51
17 64
37 76
2 54
15 48
96 48
42 56
29 31
76 60
78 88
42 13
97 55
27 88
1 14
89 51
76 17
70 47
63 8
91 54
5 48
14 5
22 18
94 4
50 1
98 13
49 63
18 66
73 66
17 98
87 65
86 5
71 32
3 62
80 71
33 60
60 22
52 18
98 70
40 65
6 8
45 70
48 32
58 64
89 76
27 12
33 7
78 39
30 81
12 69
38 42
52 77
4 92
0 6
63 44
0 70
17 40
40 5
49 26
67 16
86 29
83 15
73 56
54 70
35 84
56 79
49 3
68 25
32 35
49 85
95 18
95 27
33 52
7 33
18 42
14 20
41 22
