87
38 87
8 46
27 59
16 38
73 90
56 83
9 17
23 43
66 87
21 64
30 39
53 98
23 36
5 39
26 71
6 68
59 59
82 88
71 97
29 91
66 64
48 58
6 61
8 25
0 94
49 96
4 18
32 73
18 71
44 99
88 99
25 95
36 61
42 56
9 53
38 43
88 92
1 32
29 88
41 62
87 93
50 74
14 96
80 96
45 50
3 53
29 99
54 55
6 8
45 61
14 55
57 90
56 70
23 85
24 50
0 4
65 78
43 93
12 14
31 82
29 30
1 41
10 62
25 78
17 49
22 63
40 78
15 33
77 81
66 72
7 86
42 71
47 85
0 65
5 79
28 26
14 91
60 97
24 22
16 18
16 82
53 94
23 32
0 12
11 76
49 78
13 24
