111
81 76
55 2
70 55
70 0
71 29
2 39
90 42
5 1
34 28
20 93
69 22
74 73
65 79
41 97
16 77
99 29
13 90
99 93
99 38
24 99
44 47
81 96
17 60
22 83
34 94
37 90
69 88
51 27
72 13
25 27
56 5
57 34
22 30
56 96
32 62
83 98
38 75
8 43
48 33
98 0
46 63
20 44
51 86
23 49
50 42
64 13
36 61
38 98
48 53
10 8
27 88
73 64
62 18
85 47
22 18
50 10
15 52
73 48
1 71
28 43
48 21
56 68
3 62
91 65
83 61
4 79
42 8
33 5
98 15
34 43
16 71
8 33
86 71
12 67
24 41
24 59
33 80
1 20
65 32
40 12
48 80
66 40
84 21
86 18
87 81
60 72
44 55
52 77
95 69
33 57
42 69
5 86
93 34
58 43
80 43
69 15
80 79
10 57
0 56
0 10
10 75
40 0
60 97
89 48
58 54
28 74
85 7
66 67
9 24
41 22
16 11
