113
32 37
95 84
71 29
16 93
91 7
56 83
23 34
12 43
60 92
83 39
14 49
44 29
27 43
99 29
34 58
99 38
20 86
34 30
53 98
28 78
37 90
92 90
25 18
6 77
96 99
50 56
28 53
30 4
5 14
37 28
58 35
79 76
25 75
58 53
53 11
2 91
71 26
85 61
84 93
68 63
84 47
23 49
59 45
91 43
8 45
60 0
30 63
78 24
29 49
10 72
18 55
99 19
67 51
76 90
64 70
71 85
77 9
98 50
52 62
87 29
87 38
43 43
39 91
94 15
24 11
18 4
10 21
30 33
36 58
63 21
45 70
4 63
3 18
75 4
13 59
47 24
10 5
19 72
0 4
82 55
24 68
54 39
65 78
38 6
77 61
31 73
40 21
48 34
20 82
70 10
52 4
44 0
61 16
1 77
3 59
89 71
85 21
46 78
49 19
60 67
44 50
26 99
33 68
14 27
46 62
60 97
46 89
66 37
51 48
16 27
37 40
52 31
75 97
