103
25 32
35 42
3 13
37 15
20 93
23 25
20 38
42 75
28 85
17 30
46 66
2 75
43 85
15 23
13 90
13 35
1 33
30 48
22 10
30 2
5 67
2 50
10 63
40 43
37 35
3 97
20 58
35 83
2 25
33 49
40 27
3 81
35 67
41 92
13 85
16 81
22 5
28 55
37 3
25 47
12 95
15 57
12 40
15 2
1 67
27 95
25 77
27 40
3 3
30 63
27 15
45 57
45 2
17 50
20 67
8 47
2 40
30 22
10 28
18 75
3 53
23 1
12 10
22 20
35 57
43 70
30 33
2 90
38 95
3 18
45 27
10 78
20 82
3 11
10 53
42 3
18 45
45 93
45 38
45 47
2 85
35 27
8 3
28 70
17 15
2 60
25 62
33 75
10 18
40 53
40 62
37 20
28 81
42 80
27 91
5 33
32 90
45 17
10 68
43 10
32 10
15 67
3 47
