113
13 88
93 68
29 32
73 99
39 97
83 30
28 94
51 89
30 39
41 51
62 28
34 76
9 56
20 86
2 50
97 31
37 26
83 78
37 90
83 32
83 96
8 41
27 54
25 36
48 86
56 14
53 82
37 83
21 32
53 48
61 31
27 1
9 51
30 6
23 86
53 41
59 45
36 52
90 32
22 7
25 40
20 92
23 24
92 96
18 55
99 74
6 65
63 72
93 51
2 31
66 98
75 46
22 18
87 38
79 55
35 64
43 77
67 44
56 59
66 91
12 1
0 45
75 2
98 6
52 18
25 10
18 4
73 13
40 10
3 55
15 20
84 74
6 81
87 15
70 8
15 38
47 15
45 36
98 17
82 18
68 83
3 2
3 75
91 44
32 22
40 69
54 68
11 97
12 71
70 3
70 67
75 63
56 22
89 89
70 85
28 79
49 65
76 27
49 74
38 19
68 32
84 89
53 28
93 9
0 10
21 51
7 70
21 69
91 14
77 33
9 15
56 99
69 29
