105
68 91
72 73
90 97
16 93
7 99
60 92
25 89
16 86
47 64
85 48
28 69
46 50
74 66
97 31
39 53
92 90
13 10
9 92
6 68
55 52
69 51
2 98
16 42
75 58
25 54
69 81
34 96
69 35
96 83
41 92
36 50
2 27
99 97
53 84
85 52
71 44
32 55
84 93
58 19
15 2
90 69
44 26
54 58
8 54
34 73
71 37
4 84
18 0
32 84
50 99
50 44
76 35
4 4
85 1
15 34
99 3
18 11
92 46
48 76
45 4
31 69
32 34
57 97
94 6
52 0
87 31
39 57
61 14
47 79
43 72
0 4
24 68
98 17
12 60
58 66
31 48
2 12
79 15
72 21
61 55
38 35
12 16
79 8
65 18
68 87
67 0
84 16
35 29
84 25
23 73
12 82
34 15
56 15
70 14
80 79
29 9
32 90
52 38
49 30
67 66
53 30
63 32
32 10
78 50
75 97
