116
62 8
43 37
15 30
61 61
62 90
7 35
29 32
18 44
45 28
73 53
39 51
8 82
68 2
23 43
3 40
9 90
35 72
41 97
53 62
99 38
56 76
59 32
4 96
52 26
7 12
14 8
66 46
97 24
47 20
78 93
97 60
88 79
96 92
36 50
96 46
76 95
25 93
8 43
27 1
53 84
84 93
20 99
83 82
14 37
18 62
73 71
22 62
49 34
48 99
57 47
11 59
2 56
38 43
92 96
0 25
19 47
22 9
30 56
20 21
69 14
10 1
81 52
59 40
71 5
91 56
77 2
58 62
75 57
78 19
30 24
54 55
36 58
91 3
86 71
31 80
78 67
24 41
89 76
94 72
76 5
29 3
15 22
44 0
47 81
88 64
0 70
68 21
2 85
21 1
40 14
40 23
12 16
4 67
33 48
61 18
83 15
74 39
26 17
68 32
68 96
21 76
54 91
42 71
51 76
65 75
83 35
89 48
32 90
90 31
55 9
95 82
6 25
70 89
14 84
83 28
40 66
