110
68 91
71 20
44 45
16 93
15 39
83 3
62 35
68 48
28 85
85 27
74 27
1 88
99 93
76 36
35 99
89 79
20 22
70 75
2 50
53 34
20 86
54 97
9 74
27 54
25 36
81 98
0 55
86 42
84 54
80 44
97 60
55 54
0 30
25 29
8 43
96 46
34 16
30 61
78 95
92 94
15 2
4 36
18 53
49 68
78 58
18 16
99 35
10 97
98 2
50 17
78 88
59 29
36 27
65 26
11 34
77 0
64 15
76 44
62 91
10 65
98 68
23 44
43 77
50 92
11 82
18 75
46 97
66 54
64 93
42 72
41 18
58 0
52 48
75 4
24 59
52 75
98 8
98 17
51 24
45 54
22 6
86 18
98 74
63 62
0 24
41 34
94 49
12 16
47 10
61 9
79 63
0 8
54 43
66 72
49 1
19 30
94 33
57 23
12 0
84 71
21 67
49 83
56 15
94 90
79 22
67 11
14 20
37 86
65 77
81 12
