114
25 23
90 97
90 42
17 58
47 16
62 99
56 28
39 42
34 37
11 14
97 47
83 39
96 88
62 10
42 50
70 11
93 61
51 0
20 31
83 23
33 13
26 16
99 22
60 48
2 25
30 41
11 37
48 40
2 61
83 80
15 0
95 8
40 84
49 32
66 48
57 45
1 3
81 2
18 7
19 36
31 1
91 52
16 28
8 45
53 77
63 24
6 29
46 47
70 29
88 83
62 73
45 2
64 15
52 7
77 36
98 13
39 0
87 1
22 48
58 62
24 2
4 97
73 68
3 9
75 59
24 4
98 81
38 70
20 64
39 22
75 52
89 14
50 62
3 75
33 64
47 26
4 92
91 35
11 24
38 8
34 56
21 56
0 33
49 17
35 27
31 75
49 26
18 93
87 28
72 94
61 18
56 86
88 66
19 85
37 36
0 17
67 0
84 16
6 78
67 64
21 21
52 63
44 59
9 4
81 53
45 88
27 91
32 8
7 70
21 78
67 75
72 89
1 47
5 81
