107
90 33
6 91
91 71
28 76
20 38
38 53
83 39
52 88
96 24
96 88
55 50
62 10
99 29
16 95
47 9
59 32
83 96
69 42
78 45
60 48
44 40
11 37
96 53
81 34
57 34
2 43
16 42
10 56
80 90
42 18
64 2
25 38
46 36
44 51
38 41
98 0
68 72
13 78
19 91
12 70
85 8
97 46
99 10
7 0
1 14
18 9
47 54
77 9
85 1
28 68
11 61
63 99
96 71
30 22
87 56
94 43
2 33
32 98
80 80
64 38
98 15
10 21
40 1
2 81
39 75
58 64
52 57
70 81
82 55
17 84
96 29
82 73
92 50
22 70
86 73
77 70
21 81
42 67
28 13
61 80
52 77
0 70
90 15
51 35
49 72
35 27
61 55
24 54
74 21
5 95
35 38
50 11
56 24
70 23
37 20
83 17
47 94
5 24
32 90
16 27
70 7
56 72
33 52
73 97
53 94
19 25
78 41
