109
13 88
36 53
67 4
30 46
71 29
56 74
45 74
45 83
48 45
75 8
37 33
32 12
40 59
43 30
99 29
79 26
32 39
99 38
28 5
28 87
55 43
79 19
7 67
49 82
41 44
2 25
34 14
14 17
37 92
58 35
97 60
69 53
89 1
0 94
54 10
0 39
76 95
78 95
78 40
83 66
38 98
32 57
84 40
6 1
70 38
25 15
17 32
20 3
91 54
31 67
3 5
26 52
55 88
1 71
45 50
1 80
90 27
56 59
85 95
39 18
97 69
92 9
75 2
80 80
24 66
98 15
31 71
83 54
59 72
64 31
7 52
93 94
38 70
31 73
94 1
70 1
20 82
49 97
87 81
66 58
52 68
93 23
74 19
96 86
54 50
82 75
32 31
79 36
89 16
64 81
25 44
46 5
5 86
68 96
21 21
69 15
56 24
28 81
0 19
19 87
60 97
21 60
72 89
61 13
47 23
9 70
46 64
19 25
65 22
