108
32 37
16 20
62 17
90 33
10 98
16 93
45 74
7 35
37 15
60 19
28 85
50 36
16 77
99 38
1 42
25 43
2 59
32 60
17 23
56 39
51 73
92 26
23 91
71 97
93 8
84 36
70 34
40 63
7 60
64 57
1 19
73 78
85 43
27 1
88 51
65 3
23 49
34 46
31 19
37 23
43 57
10 8
78 97
27 33
44 28
17 96
44 92
19 47
68 31
30 47
22 64
8 56
22 18
92 16
98 13
73 48
1 80
59 49
74 49
85 58
23 83
80 80
41 9
59 88
1 73
31 71
60 61
89 76
78 21
65 78
68 83
50 53
13 34
77 15
99 55
98 65
80 93
87 74
36 1
53 81
50 9
74 67
16 4
63 0
63 64
5 40
12 82
87 85
19 69
79 1
33 68
25 9
66 74
94 99
46 80
34 8
15 37
98 62
59 25
37 77
92 22
37 86
47 96
83 28
94 92
76 86
26 67
35 15
