111
36 7
53 32
45 83
0 23
83 39
58 49
7 10
99 29
1 33
76 36
34 94
78 36
58 33
13 65
16 70
84 15
8 41
62 30
66 46
31 33
12 84
74 13
37 92
46 6
50 86
43 25
81 73
55 63
47 59
81 91
63 77
29 93
2 54
76 3
39 39
23 31
29 47
87 98
23 40
1 3
26 57
32 18
23 49
59 45
76 88
44 99
94 48
91 61
18 89
94 2
96 69
45 39
63 8
2 86
61 1
4 68
92 16
15 43
87 47
87 1
96 98
86 5
75 39
17 27
54 55
46 17
31 7
37 2
75 59
3 18
78 21
52 20
98 81
82 73
68 19
8 99
21 63
49 79
21 8
2 37
67 5
59 74
33 73
19 83
46 67
40 60
21 1
68 85
26 15
46 85
67 62
26 88
70 21
88 66
28 79
33 75
16 4
32 24
65 91
89 55
67 0
66 99
3 61
43 42
83 81
16 36
33 52
2 73
69 38
51 96
16 11
