105
30 46
16 93
93 68
16 47
1 58
54 40
19 18
28 30
41 97
95 86
54 15
85 48
92 8
39 44
56 94
9 28
14 42
78 45
33 13
14 51
35 83
6 77
98 96
35 37
56 5
62 39
73 39
97 33
32 7
2 91
28 55
14 65
94 18
4 82
69 83
43 64
83 27
87 43
96 21
23 49
69 46
99 81
94 48
25 95
25 40
56 82
36 91
17 32
71 12
62 9
48 19
64 15
15 61
53 54
87 1
59 49
45 4
31 69
91 65
61 67
24 2
24 11
81 8
10 21
31 62
45 61
12 67
77 77
23 21
89 21
83 72
78 30
98 63
46 1
43 29
72 83
3 11
72 28
6 37
52 68
5 20
79 15
47 10
64 26
34 22
27 71
56 22
89 34
85 76
6 14
67 73
73 95
9 4
28 81
34 97
46 71
18 6
51 48
49 85
62 79
84 91
42 9
0 58
13 79
87 62
