108
81 39
66 60
39 51
92 88
54 49
77 99
74 91
16 13
70 48
27 43
61 45
64 71
60 35
34 94
92 26
69 24
49 0
22 46
32 23
87 57
16 33
90 46
3 26
87 41
6 61
47 41
96 46
55 8
37 58
27 1
15 48
43 64
98 0
4 91
81 57
95 56
36 43
78 58
72 81
22 62
66 50
37 87
10 8
71 67
13 80
62 64
96 41
22 27
37 80
96 62
98 13
25 8
62 11
76 28
36 65
2 42
3 7
94 70
75 2
81 63
48 14
80 55
31 16
77 77
61 5
42 1
43 8
61 78
47 24
51 88
31 9
86 73
61 25
96 77
45 38
24 70
21 56
51 35
5 47
52 98
38 99
52 61
81 97
28 79
5 22
77 10
21 76
7 86
89 18
9 68
88 68
85 87
9 86
19 96
38 12
95 9
49 21
61 50
75 49
95 27
67 20
56 72
37 22
42 73
83 19
51 78
65 86
74 34
