113
32 37
61 6
56 74
54 22
34 83
33 63
99 63
5 19
20 38
9 72
75 72
51 80
60 92
74 91
7 1
90 81
30 48
8 48
16 95
81 41
34 94
4 96
31 58
99 22
2 89
16 42
40 54
4 34
44 97
96 46
57 36
71 99
14 74
43 0
95 38
50 88
1 67
11 32
22 7
17 11
78 33
89 97
59 38
13 80
70 56
3 51
66 34
3 5
85 56
68 49
98 68
73 48
6 58
50 37
20 14
38 29
98 15
54 55
40 10
99 96
3 0
58 64
77 77
61 69
99 7
24 68
5 27
54 2
38 15
94 1
77 15
42 58
33 55
52 68
41 68
47 26
28 77
93 87
90 70
19 28
32 22
85 92
82 20
49 17
26 24
66 42
89 7
75 54
72 30
70 12
70 76
41 70
88 66
5 86
82 68
88 84
22 47
65 91
86 13
67 64
96 54
82 52
9 13
28 81
17 90
12 48
20 61
42 37
35 40
28 1
70 16
92 22
45 44
