114
16 20
95 20
16 93
56 28
45 37
39 51
48 63
40 4
50 91
99 29
42 96
30 39
71 86
44 47
5 76
59 32
41 90
69 51
55 61
30 50
2 98
48 95
68 43
2 52
6 61
58 53
93 38
16 35
44 51
68 36
99 51
25 47
29 29
28 73
31 35
76 67
20 99
58 92
25 68
96 85
4 45
58 46
72 8
76 24
31 1
76 42
11 59
23 33
59 84
84 49
36 45
64 15
17 59
22 73
74 56
85 1
98 68
17 52
3 7
83 61
94 70
64 93
10 3
36 86
53 47
30 88
31 80
4 17
78 94
24 4
79 4
10 14
95 3
95 12
54 75
61 53
70 1
49 33
78 14
58 11
69 20
47 81
52 77
65 25
63 7
73 72
31 20
67 71
15 33
89 16
90 36
62 1
5 31
40 62
86 68
62 22
34 15
98 60
72 41
89 91
25 55
8 23
74 87
21 69
43 99
75 49
81 28
95 91
64 85
89 84
17 10
92 22
0 76
44 27
