114
37 6
83 3
53 96
94 12
0 78
14 49
79 17
7 65
4 48
44 93
26 87
25 34
16 31
14 88
39 53
92 35
75 83
96 99
28 53
16 97
73 30
67 38
59 98
1 19
8 43
45 7
81 91
40 29
23 77
30 6
20 35
76 67
51 13
87 98
49 4
16 1
23 49
7 62
91 43
76 88
31 1
19 54
94 57
94 2
38 43
57 56
66 4
78 97
34 39
14 5
22 18
87 38
40 35
60 13
43 79
52 27
0 11
5 34
18 68
90 20
23 3
48 87
3 64
31 80
1 57
98 8
0 4
62 61
65 78
64 58
77 61
1 41
70 10
58 75
54 32
98 65
63 44
37 89
74 19
51 35
15 15
68 85
67 53
94 49
7 20
70 67
73 93
42 14
88 75
5 86
65 18
45 49
46 78
51 92
80 6
12 82
34 15
48 41
88 4
61 84
93 82
80 45
86 61
13 22
95 73
21 69
1 93
88 52
33 61
59 25
9 6
44 70
54 47
9 79
