104
80 56
97 81
53 78
63 89
67 98
31 56
83 39
66 32
42 32
41 42
53 16
2 32
44 47
62 37
37 81
35 1
59 32
42 25
15 71
71 15
13 28
87 11
61 47
10 47
23 38
92 37
16 90
29 84
20 26
57 54
1 3
87 43
55 38
69 46
20 1
47 6
94 2
76 60
11 4
78 88
25 6
93 51
63 17
94 4
29 51
90 73
66 91
83 70
29 99
32 70
93 19
34 98
37 39
3 46
9 96
91 58
48 96
14 9
61 5
3 18
44 62
71 55
99 71
65 69
79 13
40 67
77 61
12 14
6 28
94 65
77 79
53 15
42 67
33 9
74 19
99 18
21 56
21 10
86 84
86 29
70 76
42 5
56 22
85 3
93 16
53 99
19 85
26 72
63 73
26 17
32 42
12 82
51 85
46 16
60 97
49 30
52 56
34 17
56 17
7 42
17 19
28 28
17 28
7 8
