107
72 73
53 23
62 35
7 99
65 52
20 93
22 90
91 89
88 72
28 85
4 30
82 65
52 33
55 50
86 65
16 77
95 77
70 2
28 51
81 32
25 34
54 15
53 98
67 27
77 92
83 87
69 51
99 31
10 38
35 37
54 72
90 37
71 97
27 72
84 36
29 45
24 58
70 34
14 44
80 44
43 25
97 60
36 50
55 8
0 39
43 0
69 83
48 17
33 99
25 31
22 7
48 53
67 88
45 39
16 3
55 67
57 40
92 16
24 0
1 16
87 1
1 80
76 28
73 11
18 75
3 53
5 68
10 76
96 27
40 1
11 29
40 10
15 20
87 79
47 15
19 17
26 65
87 51
74 53
50 53
78 14
98 10
46 67
31 66
2 94
87 10
15 42
43 58
41 70
33 11
16 59
93 25
68 69
51 92
41 45
39 29
22 86
14 91
68 16
51 39
84 73
94 53
12 66
67 66
54 84
85 98
94 46
