205
69 56
61 52
90 97
76 43
90 42
39 24
73 90
56 74
83 3
46 48
73 99
92 79
20 38
42 75
56 37
28 85
8 82
92 88
4 30
75 72
4 94
69 40
33 20
52 88
41 97
18 19
56 3
35 35
25 34
44 47
76 54
2 50
37 26
93 24
0 16
49 0
15 62
4 96
16 6
26 71
27 36
98 23
99 31
1 35
93 8
30 4
71 42
0 0
84 36
45 32
48 58
35 3
59 34
3 44
72 6
42 91
64 2
64 66
27 1
66 48
39 94
84 29
76 58
2 54
20 90
23 22
98 0
51 22
87 43
15 2
18 53
1 67
26 66
16 1
18 62
56 46
50 42
76 24
17 48
36 61
2 38
22 16
3 12
3 76
44 1
52 14
59 84
59 29
87 54
73 0
54 60
42 40
64 6
3 60
58 60
28 68
38 45
78 81
83 77
87 93
38 54
0 82
63 10
76 92
11 91
62 20
66 91
34 68
25 99
91 65
75 48
77 75
91 74
75 57
32 52
24 48
52 64
33 60
88 60
98 6
52 18
79 2
98 15
71 62
27 92
40 65
92 48
30 42
73 77
91 58
15 20
12 67
80 18
18 34
18 98
79 13
49 6
63 5
54 66
40 76
26 86
48 98
24 6
0 6
17 22
0 70
51 17
76 16
93 32
65 25
82 20
76 34
65 34
63 80
3 68
52 52
58 68
78 71
87 83
47 74
42 5
56 86
93 16
59 94
51 28
38 10
22 56
0 90
3 52
11 35
35 84
49 83
68 96
79 29
12 82
93 0
15 44
61 75
54 91
37 20
9 4
27 82
88 68
16 52
42 80
42 16
3 36
40 55
68 71
66 19
74 32
15 10
32 26
13 77
20 70
16 82
25 39
83 10
28 74
3 20
14 29
32 10
51 32
60 44
1 22
