115
34 10
62 35
34 28
34 37
41 15
74 27
9 26
1 24
25 25
44 38
53 71
15 32
99 38
47 64
18 92
62 92
76 54
2 50
17 78
32 60
92 81
60 30
97 58
44 86
28 53
87 20
2 43
49 39
56 96
28 89
6 61
71 81
39 76
82 26
57 45
43 55
57 54
20 35
69 19
23 49
66 84
41 85
88 81
43 48
74 63
57 56
4 20
78 97
92 96
18 64
17 50
3 5
66 43
4 68
61 1
92 16
79 0
84 51
4 95
36 93
25 17
85 40
94 52
33 51
87 86
10 12
43 79
10 76
40 65
54 64
45 6
77 68
98 17
2 10
10 23
63 60
40 21
52 50
43 1
17 13
80 93
74 74
28 31
68 67
57 85
58 13
82 41
56 22
98 67
88 66
10 18
5 86
57 78
17 42
70 5
69 70
12 82
39 29
19 69
0 65
73 49
82 61
92 38
19 96
43 90
68 34
26 83
95 82
8 53
92 22
31 45
29 2
26 67
60 99
96 31
