110
44 91
42 39
70 55
72 82
28 67
33 63
75 8
46 57
3 86
49 62
84 59
9 99
84 68
32 39
90 26
25 89
16 95
53 98
17 87
60 85
7 12
13 28
96 99
16 33
2 43
53 27
60 14
74 13
23 38
85 22
35 21
67 1
2 27
47 4
90 39
27 1
99 51
25 47
2 54
67 86
23 40
83 91
69 46
18 7
50 42
50 51
76 33
17 48
25 31
57 47
51 15
61 99
76 81
44 28
31 85
80 69
80 14
42 6
98 4
43 77
18 2
36 56
25 99
71 96
46 42
42 63
15 54
62 41
33 5
73 50
82 7
76 21
8 88
23 67
14 73
3 18
61 5
84 46
55 37
65 69
82 0
82 64
63 60
90 86
92 50
26 22
58 66
58 75
98 65
98 74
65 80
46 12
12 53
68 30
23 62
7 20
86 84
28 15
26 81
40 25
39 29
9 68
17 81
30 96
90 31
52 1
91 78
21 53
41 86
29 75
