111
62 8
49 23
81 85
55 11
1 49
81 48
5 74
23 34
77 35
81 14
44 29
18 74
63 27
56 21
47 82
2 4
51 73
21 48
83 96
97 58
35 74
2 89
2 34
83 71
60 14
29 45
9 85
39 3
99 97
44 51
68 54
28 82
6 54
33 99
7 80
30 54
71 37
38 34
30 63
43 48
27 15
1 60
87 45
73 55
87 54
76 81
72 74
45 57
2 40
77 9
95 24
66 61
24 0
61 83
43 77
7 11
80 62
51 65
58 25
10 3
79 2
91 31
10 21
17 91
44 87
16 16
31 80
64 22
10 60
15 56
24 4
53 40
98 72
19 72
65 69
35 13
82 18
90 86
40 12
21 8
26 86
70 1
47 8
53 88
96 4
64 97
28 49
72 30
28 70
85 3
27 25
10 18
58 43
68 96
95 80
81 90
52 63
65 57
85 23
92 38
13 13
5 42
57 80
63 75
32 90
21 69
51 48
98 44
73 97
41 22
5 99
