102
67 59
66 39
75 42
35 42
16 93
62 90
92 79
92 88
74 82
50 27
99 93
13 79
34 12
43 69
97 49
56 23
30 4
77 85
48 49
6 43
14 26
52 74
35 67
41 83
77 48
41 28
13 30
25 47
82 99
68 45
20 44
26 57
57 72
41 94
2 29
35 96
47 6
94 57
84 31
6 38
44 1
79 62
99 19
54 51
55 3
90 34
54 14
76 99
9 55
85 1
28 25
64 54
16 23
49 84
4 15
35 57
52 18
18 68
71 25
17 54
91 3
58 0
70 8
4 72
0 4
19 17
68 74
0 86
54 66
21 63
54 11
69 2
3 66
70 10
80 20
82 48
98 10
20 39
93 32
82 66
68 12
5 93
82 75
54 68
35 27
38 35
49 44
82 41
93 71
56 86
27 80
19 85
40 62
40 16
84 16
68 96
7 77
60 97
33 52
15 3
35 79
29 75
