116
13 42
39 24
51 16
60 28
83 39
46 84
96 33
32 39
44 93
42 41
81 32
54 15
89 15
28 60
37 72
31 86
39 99
5 76
30 75
68 4
9 19
4 96
89 63
16 24
44 49
2 43
78 93
81 73
41 37
64 2
90 85
49 41
43 55
96 76
78 49
96 30
28 48
94 48
14 58
56 18
83 2
99 53
32 57
78 33
6 1
18 64
81 13
99 83
17 50
85 47
67 90
26 6
74 86
16 23
91 1
8 49
58 62
74 58
0 54
95 99
23 92
79 57
98 15
18 59
54 0
45 70
31 80
70 8
50 5
33 53
52 66
19 8
46 1
17 84
1 20
60 54
88 55
98 65
52 77
0 6
74 19
65 25
75 27
95 69
31 20
67 71
86 29
41 6
70 76
73 47
33 11
79 63
65 82
5 40
84 71
40 16
18 13
66 99
67 9
72 41
70 23
63 39
11 10
60 97
51 48
81 92
95 91
33 52
37 13
92 22
23 32
56 99
83 83
9 24
60 90
2 82
