110
81 30
62 81
34 10
70 9
17 58
18 44
92 88
69 95
26 5
83 39
55 50
76 36
51 64
97 95
14 97
23 45
27 36
38 82
99 31
90 92
48 86
57 98
34 78
57 43
71 42
62 39
6 52
6 61
99 24
41 37
16 72
21 68
0 94
63 77
2 36
6 36
49 50
70 27
95 1
90 69
35 24
57 1
43 11
86 46
78 97
92 96
2 13
2 77
37 53
29 15
38 27
74 1
32 59
43 59
4 22
31 69
77 75
15 63
64 56
91 40
25 74
48 14
40 65
54 64
73 13
12 3
3 0
94 54
37 66
18 25
52 57
89 21
94 72
70 81
24 59
79 59
98 17
26 86
80 20
88 55
93 78
57 12
74 28
65 25
49 8
49 72
49 17
67 71
12 80
18 93
56 22
1 70
94 24
19 30
46 78
65 91
22 1
33 32
35 93
87 85
53 28
88 4
36 39
19 87
49 94
56 26
86 36
14 29
28 92
97 8
