110
44 36
34 1
34 10
34 74
20 84
42 11
28 30
0 87
44 84
18 74
34 67
42 50
28 60
2 50
34 94
9 74
0 71
14 88
46 68
16 15
36 48
2 98
20 24
30 4
6 43
20 42
24 3
16 81
30 98
0 39
20 72
30 52
16 99
4 18
22 32
4 36
24 69
18 53
42 29
30 91
2 29
38 89
14 67
38 98
10 8
16 3
6 65
6 95
10 1
6 58
30 86
30 31
2 79
20 60
34 59
40 81
4 6
6 88
38 38
24 39
20 96
24 57
8 15
34 34
10 76
28 36
8 33
44 96
32 45
4 72
12 30
36 24
46 1
10 23
40 3
12 60
26 22
40 21
20 18
44 18
10 16
26 79
14 59
0 63
10 82
38 65
26 17
42 44
24 93
8 51
42 62
34 79
0 56
28 72
22 86
12 48
26 10
20 6
16 27
42 55
34 17
26 46
16 45
0 3
42 73
0 12
12 96
0 21
14 38
35 24
