105
13 88
28 58
62 35
34 28
65 6
37 24
22 44
49 62
52 88
40 68
44 84
44 93
16 31
44 47
33 56
92 72
34 94
37 90
24 74
12 54
72 22
85 50
83 71
59 34
6 61
69 44
80 53
73 87
48 33
99 51
30 61
62 96
78 31
3 37
25 68
99 26
94 57
66 50
84 86
31 37
15 50
7 46
18 46
43 11
99 74
44 28
22 9
22 18
61 1
1 53
59 86
43 77
1 80
45 4
25 90
62 20
2 97
59 88
79 2
76 39
3 0
86 16
3 18
23 85
36 79
24 4
42 19
37 41
63 60
41 50
3 11
77 79
3 75
61 71
73 36
98 65
50 80
80 93
28 22
8 83
86 57
31 20
70 58
77 17
6 30
72 94
46 5
94 42
14 61
21 76
81 35
70 14
9 68
85 78
19 23
63 57
63 11
7 15
90 31
44 43
56 17
61 77
62 42
23 32
26 76
