106
2 39
62 90
25 50
29 32
59 82
53 96
28 21
11 87
0 87
16 13
25 89
39 81
85 48
61 63
74 57
62 37
46 50
31 40
37 35
23 45
45 60
56 5
46 43
10 56
88 58
39 46
4 25
51 20
59 34
64 2
78 1
87 13
96 46
40 29
84 29
91 86
75 96
76 88
99 99
20 74
10 51
48 35
48 44
91 79
98 2
3 14
75 64
96 62
41 71
44 67
99 67
44 21
33 94
45 77
13 48
78 92
88 5
71 53
65 12
35 75
18 68
40 1
76 30
38 13
3 64
3 73
14 73
70 8
89 21
27 67
24 59
46 1
98 81
82 64
18 27
55 30
83 95
10 9
32 15
31 59
12 0
95 25
77 74
80 70
4 69
89 82
39 93
82 43
20 34
33 68
17 90
0 19
46 16
19 96
32 90
58 54
21 14
64 67
53 21
88 70
69 29
74 25
69 93
26 3
41 86
60 44
