137
18 17
90 97
78 77
7 99
56 83
81 48
37 79
92 79
97 38
19 82
68 11
41 88
51 98
62 10
28 51
68 41
92 8
76 54
9 19
37 99
96 17
72 68
96 99
96 44
11 37
90 37
2 98
0 46
81 98
28 71
2 52
38 39
97 60
52 37
17 0
11 48
12 77
30 6
23 22
97 90
48 51
21 98
59 27
59 91
1 67
30 27
18 7
36 43
8 91
28 39
31 1
42 47
82 37
58 67
20 92
32 57
20 37
78 88
72 47
1 60
49 61
38 61
2 77
54 5
20 76
49 91
80 69
57 49
92 71
29 97
13 0
98 68
67 99
43 77
99 76
48 67
0 27
40 8
0 91
0 36
29 17
37 0
80 62
52 0
21 31
79 2
93 19
82 7
68 17
71 16
99 32
12 58
22 68
58 0
80 27
69 27
98 17
18 61
82 18
91 51
72 83
42 67
52 77
0 6
58 41
97 2
70 58
7 29
58 77
61 73
88 57
61 18
8 67
27 89
51 19
93 89
22 47
48 11
68 78
68 87
38 28
12 9
61 57
93 0
0 1
45 33
28 81
90 31
35 95
99 52
62 97
99 6
68 0
83 83
0 21
43 19
52 31
