104
25 23
25 32
10 43
20 93
28 85
96 33
13 90
81 32
30 48
71 86
2 50
95 43
4 87
13 65
90 46
28 80
5 78
49 2
7 60
70 43
13 85
22 60
22 5
28 55
25 47
49 32
2 45
5 7
0 57
12 95
15 57
15 2
25 13
27 95
30 27
27 40
72 72
10 33
33 35
30 63
49 43
70 93
10 17
1 14
73 0
15 13
22 0
17 50
20 12
2 95
2 40
73 50
70 33
68 17
2 90
2 35
3 0
91 3
7 25
70 8
30 8
47 24
8 8
17 20
30 17
98 17
2 65
82 18
95 12
20 82
10 53
33 0
18 45
0 6
17 40
49 8
22 54
2 30
49 17
70 58
80 4
12 80
28 70
17 70
33 75
0 72
80 43
22 65
89 18
70 78
10 2
70 23
28 90
17 35
0 83
7 70
15 28
12 75
23 75
20 27
2 55
5 17
68 64
0 21
