106
26 21
70 0
62 81
73 90
45 19
22 35
57 11
83 30
80 95
72 11
52 42
32 39
16 22
2 41
36 18
4 32
97 58
32 87
41 99
99 95
65 38
2 34
16 42
71 42
84 36
65 65
21 41
94 98
22 60
76 95
81 91
99 42
16 90
16 35
29 29
45 80
97 26
38 41
60 71
45 46
15 75
96 48
8 54
66 41
2 56
5 18
50 72
15 50
67 51
37 44
81 22
91 54
8 47
64 79
28 59
57 40
4 4
98 4
24 0
43 13
0 18
1 80
29 8
36 65
3 62
30 88
36 58
77 4
94 63
58 9
52 57
94 72
19 8
10 69
61 32
98 81
40 3
84 3
21 63
95 12
70 1
59 83
91 81
33 73
74 19
66 24
54 68
43 31
80 59
95 78
80 77
42 60
66 90
39 93
82 43
33 4
81 53
28 81
91 94
63 57
22 49
60 97
16 82
46 55
51 32
44 27
