88
71 20
16 93
2 39
90 42
93 68
34 28
99 72
24 26
15 23
30 39
9 10
32 14
69 51
25 27
16 33
0 46
34 96
31 42
37 92
41 28
0 30
99 97
53 20
21 89
59 45
11 32
17 48
36 61
46 38
94 2
97 28
52 60
85 8
98 2
18 55
54 51
36 63
3 60
66 43
91 8
20 21
85 56
32 77
7 2
99 21
9 30
18 75
37 0
86 14
3 7
80 80
35 11
36 40
28 45
45 6
67 3
11 47
84 28
14 18
88 62
46 1
72 62
74 26
14 39
51 24
3 2
61 53
58 75
33 55
90 70
40 14
40 78
12 16
86 84
44 48
70 67
70 76
47 74
56 86
20 41
39 54
49 10
29 25
63 11
21 5
6 16
0 21
35 24
