107
90 24
44 91
1 31
90 33
16 29
98 46
81 39
17 3
91 80
23 25
88 72
83 94
84 4
41 97
78 6
1 33
47 0
2 96
54 24
53 34
13 65
59 32
27 54
9 21
46 70
96 28
58 53
13 85
55 8
25 93
25 47
48 42
98 0
69 83
20 99
92 94
27 86
12 49
4 45
90 41
66 41
25 40
94 2
37 14
82 46
0 59
84 95
68 56
75 80
35 80
22 55
55 67
9 46
75 46
85 56
15 34
61 1
52 62
51 72
38 63
41 89
73 66
65 92
36 56
41 0
55 81
33 5
82 62
30 33
1 82
91 49
99 96
70 8
96 66
19 8
47 24
17 20
41 84
82 0
78 60
40 21
97 73
86 18
3 11
80 66
3 75
65 25
63 7
23 16
67 16
77 81
61 82
83 15
49 10
68 32
61 48
33 41
28 8
22 86
37 20
34 97
74 23
60 97
68 98
95 82
98 62
9 79
