106
26 30
30 46
70 9
7 99
28 67
62 99
48 45
37 24
83 21
37 33
54 49
81 5
41 97
71 86
2 50
73 46
47 27
92 81
78 36
14 42
96 81
35 92
16 88
91 66
96 28
10 49
99 51
56 80
35 5
44 72
1 67
18 7
19 36
70 63
2 93
36 70
65 60
11 4
48 53
24 53
87 54
30 84
96 96
18 73
55 58
77 0
30 56
51 63
27 35
48 12
64 29
61 21
27 19
10 67
61 85
50 85
30 24
63 12
51 95
45 6
77 68
77 22
98 54
75 77
79 59
49 6
63 5
60 36
43 93
46 37
66 49
80 11
3 75
79 43
0 6
5 20
73 72
89 80
73 29
5 31
38 10
89 0
35 84
86 86
89 18
56 15
26 99
19 60
89 91
64 46
51 21
13 13
13 22
95 73
80 54
58 63
91 5
34 17
42 64
45 81
85 62
62 51
56 99
9 79
9 88
0 85
