110
75 42
62 35
39 97
42 11
63 98
37 33
65 79
60 28
75 26
94 94
50 91
2 96
2 41
44 56
48 38
92 26
75 74
14 51
96 90
95 70
8 41
25 91
18 30
56 14
2 43
71 97
90 46
71 42
32 53
74 68
97 60
84 8
25 20
36 50
67 65
56 7
16 35
57 45
98 0
43 64
4 27
86 44
89 40
44 72
44 17
16 74
30 36
16 19
31 1
99 44
25 40
30 20
87 54
52 53
96 16
78 99
22 48
17 98
2 79
77 11
89 74
14 16
41 64
59 79
52 73
33 5
60 86
73 50
44 78
18 59
87 58
70 51
17 45
17 54
14 9
80 18
10 60
45 36
51 24
68 83
70 1
89 23
24 6
80 93
98 74
0 70
74 19
63 7
14 68
31 84
66 51
70 12
73 93
28 70
88 2
45 86
30 76
40 25
58 70
12 82
57 62
82 61
49 58
80 36
51 30
32 26
16 82
7 88
33 61
83 83
