113
35 97
98 46
71 29
34 83
57 48
30 9
63 98
20 93
12 98
23 98
14 40
46 20
41 97
99 93
99 38
56 12
81 41
39 53
37 35
59 32
35 10
78 45
98 78
51 36
87 57
69 51
81 80
27 54
78 72
30 50
20 24
65 56
29 36
92 37
4 43
71 8
43 34
2 36
36 68
71 99
49 96
4 82
75 23
91 52
94 2
84 49
97 55
2 13
64 70
14 5
0 61
72 40
13 55
50 74
87 93
60 84
43 68
10 1
59 86
32 77
72 58
16 69
18 75
31 69
58 62
57 42
97 23
5 68
94 70
75 2
54 46
28 91
67 3
94 63
24 50
46 1
42 83
81 10
95 12
72 92
88 9
40 60
3 50
78 62
18 84
89 25
61 18
17 15
50 82
63 46
28 24
22 38
17 33
32 15
49 10
43 24
12 9
38 92
70 60
58 70
56 15
53 28
71 43
70 23
0 65
26 10
66 37
53 67
67 84
91 23
14 84
84 2
29 75
