115
68 91
95 75
32 37
98 37
47 71
72 36
56 83
20 29
53 96
6 48
75 17
28 30
9 26
49 89
13 35
2 96
16 95
79 53
32 60
97 95
28 87
4 87
61 47
47 66
81 98
91 66
46 52
56 32
57 61
78 38
98 16
26 73
90 21
64 2
30 98
65 49
46 45
85 61
99 60
6 54
23 49
96 30
50 97
17 39
56 55
35 96
30 54
60 55
23 15
43 48
75 71
10 8
7 64
42 40
94 59
72 40
78 90
24 64
52 80
81 79
91 56
38 84
84 17
75 48
4 6
75 2
33 5
98 6
65 12
84 28
61 69
47 15
70 26
19 72
1 20
54 2
40 12
40 76
83 1
58 75
80 75
19 1
5 20
18 63
91 44
58 41
68 85
77 63
35 27
89 7
47 19
70 21
74 12
93 89
3 34
49 1
21 58
67 64
18 86
63 39
33 68
9 68
5 79
46 62
74 78
19 96
18 15
49 30
21 78
56 17
56 90
56 35
71 54
32 19
72 9
