103
64 5
81 21
35 97
7 26
17 3
23 25
14 22
64 41
38 62
80 95
83 39
50 91
35 90
2 41
34 76
9 65
34 94
20 40
37 26
28 23
52 26
96 99
61 56
81 98
56 78
92 74
50 95
12 56
50 40
96 92
64 2
22 5
27 56
85 61
20 35
49 4
4 36
50 97
18 7
31 1
37 5
52 60
95 95
2 56
49 43
6 56
50 35
45 57
45 2
4 4
84 24
64 36
79 0
24 64
99 76
82 5
36 56
3 7
75 57
78 37
19 42
3 0
77 77
52 57
66 56
77 22
34 36
66 22
63 78
67 60
40 76
79 43
93 78
64 42
82 57
63 7
21 56
84 78
78 7
47 74
61 73
70 76
64 99
5 40
7 22
21 21
77 74
62 22
47 21
28 72
34 42
46 7
51 21
32 8
19 96
49 76
66 92
35 40
81 92
64 94
37 22
0 21
68 27
