114
81 21
70 64
79 97
17 58
18 44
37 88
93 86
49 62
95 4
39 17
33 47
35 44
28 14
68 50
2 59
41 8
23 45
13 19
87 66
96 99
25 27
99 40
82 97
82 51
61 22
40 63
96 46
90 94
30 52
14 10
65 3
80 74
32 0
78 40
7 53
42 84
64 59
19 91
78 58
99 35
72 81
58 76
1 69
73 0
18 64
99 83
76 35
56 66
25 97
82 94
80 5
31 30
24 0
24 64
10 10
17 25
8 95
68 88
31 14
77 66
58 16
80 80
98 61
10 67
45 34
53 47
99 78
40 1
54 0
77 50
85 88
84 10
94 63
94 72
52 11
93 12
13 4
54 48
54 57
11 31
49 42
87 26
62 36
64 97
39 52
46 3
93 32
19 37
51 90
40 69
68 30
95 78
61 0
28 79
10 73
63 82
7 77
42 44
53 19
34 15
39 29
47 21
88 59
33 68
74 14
11 83
32 81
91 48
61 50
88 6
56 99
9 24
0 85
32 28
