115
95 20
71 20
1 95
81 39
61 70
83 3
63 43
9 17
92 88
23 98
41 33
32 30
13 81
41 42
25 25
33 38
25 89
71 31
16 95
57 41
76 54
49 46
92 35
96 81
67 63
96 99
44 95
13 37
2 34
45 69
54 17
62 94
40 91
28 71
97 24
15 46
96 10
76 74
7 51
44 79
82 8
64 2
25 47
31 44
69 92
15 2
17 39
63 6
47 52
56 18
4 11
77 25
96 5
78 97
6 1
80 39
18 64
89 60
0 89
66 34
0 43
71 39
11 61
16 60
47 93
1 80
75 57
87 86
80 80
87 95
87 49
85 33
36 58
90 50
32 63
1 20
21 8
72 83
70 10
1 50
33 0
88 64
0 6
42 76
46 12
11 88
54 68
89 7
58 77
32 58
56 86
8 67
98 67
47 37
30 85
30 94
82 77
63 18
40 16
47 3
0 65
74 78
19 23
49 3
95 0
68 25
81 19
78 11
52 56
78 84
54 93
56 35
93 29
94 46
44 27
