126
70 55
24 33
97 17
16 29
16 93
62 26
37 6
37 70
48 45
85 9
92 88
41 88
41 97
53 7
44 47
56 21
34 21
14 15
37 81
92 81
83 23
48 1
66 71
50 93
32 32
90 19
71 15
41 44
8 41
71 79
62 85
9 49
92 10
60 5
60 69
84 54
42 18
13 67
58 44
71 8
6 70
64 2
18 78
99 97
25 93
2 36
25 47
84 93
15 57
1 3
15 2
87 43
1 67
59 36
42 20
8 91
41 39
31 1
91 52
98 2
52 78
6 1
76 17
54 51
16 12
4 47
31 67
11 98
23 8
69 69
0 61
38 54
97 48
19 22
45 4
88 39
2 97
61 67
73 41
81 8
77 59
69 0
91 67
94 72
18 43
18 52
17 29
65 78
0 22
2 28
45 63
21 63
33 46
78 87
98 65
33 73
63 53
46 67
57 12
21 1
84 69
68 30
84 32
74 12
9 11
93 34
77 56
47 12
39 29
88 4
28 17
0 83
63 11
65 93
32 90
16 82
53 30
22 79
31 27
30 7
5 17
56 99
83 83
74 34
46 82
27 41
