109
12 4
32 37
16 20
55 2
25 23
95 84
43 46
54 77
63 25
34 83
6 48
9 81
83 30
27 34
9 99
41 97
95 22
47 0
87 18
99 38
62 83
62 37
42 68
45 30
75 10
40 61
10 20
99 22
60 48
1 90
27 54
48 22
37 10
48 40
14 72
76 1
3 81
0 64
32 62
45 96
15 0
83 98
35 76
96 92
96 46
36 59
9 42
81 91
83 55
73 32
19 6
32 0
14 28
78 95
69 46
25 40
1 14
79 80
63 17
42 49
24 0
59 31
18 57
18 66
73 66
2 33
31 14
3 62
23 74
2 8
46 8
42 90
91 67
31 80
75 50
45 54
48 16
75 43
77 15
12 14
87 26
13 52
47 90
63 7
49 72
48 82
95 78
4 67
33 2
56 86
68 60
21 67
31 77
7 77
89 9
40 25
26 99
39 93
88 4
65 66
57 62
74 87
60 97
89 48
68 98
34 17
70 80
77 24
37 31
