120
70 0
88 36
0 51
56 83
39 42
25 59
68 2
6 48
4 30
28 94
35 8
83 94
69 95
72 57
96 88
46 84
96 33
88 29
81 23
99 38
92 8
29 34
45 94
14 97
1 8
32 87
99 40
2 34
85 50
62 30
5 5
71 42
14 26
57 61
4 25
14 90
9 85
42 27
97 60
50 40
26 18
88 88
10 40
83 9
61 24
15 2
92 39
1 67
84 1
53 59
7 71
8 54
66 50
9 62
43 11
78 42
34 48
16 76
91 54
74 47
29 97
98 4
64 36
4 86
98 68
55 97
78 99
4 40
97 23
94 70
44 69
17 18
10 12
54 0
48 14
31 80
87 15
58 64
77 22
18 34
38 49
47 79
19 72
26 86
75 61
58 75
30 1
73 36
67 32
98 74
33 73
10 89
40 23
77 17
24 45
87 83
89 80
70 21
33 66
61 82
36 28
51 28
21 3
63 18
0 99
25 37
34 15
93 64
39 93
46 62
37 56
49 21
62 15
70 16
62 97
74 7
83 74
57 9
74 89
24 15
