109
49 87
98 37
64 78
62 26
2 39
8 55
56 19
56 83
70 82
96 67
39 42
83 94
83 39
96 33
67 61
62 19
26 96
35 44
85 57
92 72
4 32
69 42
42 25
99 86
81 25
2 89
50 56
44 49
48 31
60 5
12 20
89 38
6 61
41 92
64 57
71 26
25 38
16 99
99 51
38 32
14 74
59 91
18 53
41 85
21 61
61 42
64 68
45 0
36 61
30 63
84 86
2 56
6 1
96 23
4 47
50 99
2 22
22 18
23 35
1 80
18 11
76 46
75 57
0 75
82 7
22 50
48 78
37 66
57 99
4 8
62 34
98 17
17 84
33 80
40 76
59 1
58 11
33 9
30 74
33 73
19 83
46 67
32 22
89 62
26 24
26 88
88 66
19 76
47 46
85 94
72 69
72 14
61 48
84 80
78 73
70 78
42 7
87 94
83 17
94 81
46 16
70 53
78 66
58 63
68 98
28 1
53 30
55 91
46 55
