108
57 91
35 42
81 94
54 77
73 90
19 0
63 89
92 79
57 57
0 23
55 50
64 7
78 6
69 58
59 2
36 0
81 41
20 22
57 41
9 1
17 14
36 48
82 51
92 28
48 58
15 0
72 52
67 47
50 95
97 60
23 56
0 30
55 8
96 46
90 39
56 71
84 29
86 35
51 77
87 98
60 98
31 1
22 7
36 6
20 28
83 11
70 84
67 26
24 64
79 73
87 1
66 91
91 56
20 78
83 61
98 15
15 63
82 89
84 19
94 8
5 27
51 24
86 55
95 3
75 98
83 65
1 13
68 67
93 32
26 15
35 27
86 75
67 16
12 80
61 64
96 52
78 25
70 76
13 54
70 21
17 70
28 70
0 8
28 24
19 85
60 31
14 6
84 80
62 22
97 86
70 69
91 12
72 41
0 1
37 20
9 68
79 65
9 13
65 75
13 22
53 85
93 75
92 22
56 35
51 14
14 84
14 29
27 41
