102
79 24
89 68
32 46
45 65
34 83
92 15
93 77
20 93
28 76
43 3
23 98
77 44
24 72
99 29
35 44
50 84
5 39
41 26
97 58
41 90
84 70
33 86
96 99
11 37
30 59
20 33
95 36
44 33
72 79
56 62
25 38
77 14
47 77
76 58
11 66
75 69
46 63
55 29
37 94
80 92
15 2
97 53
78 49
99 90
99 44
8 54
37 78
63 42
24 53
15 4
36 36
11 89
63 17
36 63
29 79
94 59
23 17
43 4
79 0
22 57
47 56
3 53
14 80
24 2
59 33
76 76
29 1
94 8
33 53
1 48
84 46
28 20
39 4
65 23
84 3
11 31
75 34
53 15
55 76
28 13
0 6
98 74
26 88
43 49
67 16
61 82
51 92
7 22
61 57
78 73
81 90
89 91
85 32
31 70
70 71
64 94
56 90
37 22
29 39
54 47
46 18
63 68
