# Penalty:  35749.73764521128
110
58 1
45 30
39 99
14 51
50 86
61 72
81 50
3 14
14 23
1 62
36 56
71 32
60 8
50 89
54 41
32 40
67 25
28 6
93 0
69 79
39 47
19 78
32 8
84 73
53 67
35 40
44 84
58 51
98 87
88 24
14 83
30 36
96 5
33 74
96 41
9 0
25 74
49 13
57 26
3 55
5 6
98 45
26 38
94 56
72 46
85 92
86 57
22 63
97 66
68 39
20 4
56 42
15 28
78 34
52 8
9 74
58 88
21 66
14 17
2 38
78 15
63 17
48 28
42 70
78 10
4 88
67 46
82 25
6 35
74 26
39 77
86 9
28 22
99 73
54 52
62 65
85 39
4 78
79 1
16 61
65 93
18 97
7 97
30 89
43 28
35 51
46 66
71 95
20 31
35 19
99 22
19 52
66 2
33 72
13 14
33 81
44 99
25 95
82 67
0 52
53 45
34 41
71 62
0 20
24 4
72 53
46 10
11 42
50 2
64 3
